Vivado Simulator v2025.2
Copyright 1986-2022 Xilinx, Inc. All Rights Reserved.
Copyright 2022-2025 Advanced Micro Devices, Inc. All Rights Reserved.
Running: C:/AMDDesignTools/2025.2/Vivado/bin/unwrapped/win64.o/xelab.exe --incr --debug typical --relax --mt 2 -L xil_defaultlib -L uvm -L unisims_ver -L unimacro_ver -L secureip --snapshot tb_lockin_pipelined_plus5_firout_accbuf_energy62_fir29_behav xil_defaultlib.tb_lockin_pipelined_plus5_firout_accbuf_energy62_fir29 xil_defaultlib.glbl -log elaborate.log 
Using 2 slave threads.
Starting static elaboration
Pass Through NonSizing Optimizer
Completed static elaboration
Starting simulation data flow analysis
Completed simulation data flow analysis
Time Resolution for simulation is 1ps
Compiling module xil_defaultlib.nco_default
Compiling module xil_defaultlib.iq_mixer(MIX_WIDTH=32)
Compiling module xil_defaultlib.fir_filter_pipelined_outreg(OUT_...
Compiling module xil_defaultlib.magnitude_sq_narrow_pipelined(IN...
Compiling module xil_defaultlib.bin_accumulator(ENERGY_WIDTH=62)
Compiling module xil_defaultlib.resonance_tracker(ENERGY_WIDTH=6...
Compiling module xil_defaultlib.lockin_pipelined_boundary_top(MI...
Compiling module xil_defaultlib.lockin_pipelined_plus5_firout_ac...
Compiling module xil_defaultlib.tb_lockin_pipelined_plus5_firout...
Compiling module xil_defaultlib.glbl
Built simulation snapshot tb_lockin_pipelined_plus5_firout_accbuf_energy62_fir29_behav
