Copyright 1986-2022 Xilinx, Inc. All Rights Reserved. Copyright 2022-2025 Advanced Micro Devices, Inc. All Rights Reserved.
-------------------------------------------------------------------------------------------------------------------------------------------------------
| Tool Version : Vivado v.2025.2 (win64) Build 6299465 Fri Nov 14 19:35:11 GMT 2025
| Date         : Sun May  3 19:05:37 2026
| Host         : Navnil_Desktop running 64-bit major release  (build 9200)
| Command      : report_timing_summary -file C:/Users/CHOUDN3/Downloads/VLSI_project/reports/pipelined_plus5_firout_impl/post_route_timing_summary.rpt
| Design       : lockin_pipelined_plus5_firout_top
| Device       : 7a35t-fgg484
| Speed File   : -1  PRODUCTION 1.23 2018-06-13
| Design State : Routed
-------------------------------------------------------------------------------------------------------------------------------------------------------

Timing Summary Report

------------------------------------------------------------------------------------------------
| Timer Settings
| --------------
------------------------------------------------------------------------------------------------

  Enable Multi Corner Analysis               :  Yes
  Enable Pessimism Removal                   :  Yes
  Pessimism Removal Resolution               :  Nearest Common Node
  Enable Input Delay Default Clock           :  No
  Enable Preset / Clear Arcs                 :  No
  Disable Flight Delays                      :  No
  Ignore I/O Paths                           :  No
  Timing Early Launch at Borrowing Latches   :  No
  Borrow Time for Max Delay Exceptions       :  Yes
  Merge Timing Exceptions                    :  Yes
  Inter-SLR Compensation                     :  Conservative

  Corner  Analyze    Analyze    
  Name    Max Paths  Min Paths  
  ------  ---------  ---------  
  Slow    Yes        Yes        
  Fast    Yes        Yes        


------------------------------------------------------------------------------------------------
| Report Methodology
| ------------------
------------------------------------------------------------------------------------------------

No report available as report_methodology has not been run prior. Run report_methodology on the current design for the summary of methodology violations.



check_timing report

Table of Contents
-----------------
1. checking no_clock (0)
2. checking constant_clock (0)
3. checking pulse_width_clock (0)
4. checking unconstrained_internal_endpoints (0)
5. checking no_input_delay (18)
6. checking no_output_delay (132)
7. checking multiple_clock (0)
8. checking generated_clocks (0)
9. checking loops (0)
10. checking partial_input_delay (0)
11. checking partial_output_delay (0)
12. checking latch_loops (0)

1. checking no_clock (0)
------------------------
 There are 0 register/latch pins with no clock.


2. checking constant_clock (0)
------------------------------
 There are 0 register/latch pins with constant_clock.


3. checking pulse_width_clock (0)
---------------------------------
 There are 0 register/latch pins which need pulse_width check


4. checking unconstrained_internal_endpoints (0)
------------------------------------------------
 There are 0 pins that are not constrained for maximum delay.

 There are 0 pins that are not constrained for maximum delay due to constant clock.


5. checking no_input_delay (18)
-------------------------------
 There are 18 input ports with no input delay specified. (HIGH)

 There are 0 input ports with no input delay but user has a false path constraint.


6. checking no_output_delay (132)
---------------------------------
 There are 132 ports with no output delay specified. (HIGH)

 There are 0 ports with no output delay but user has a false path constraint

 There are 0 ports with no output delay but with a timing clock defined on it or propagating through it


7. checking multiple_clock (0)
------------------------------
 There are 0 register/latch pins with multiple clocks.


8. checking generated_clocks (0)
--------------------------------
 There are 0 generated clocks that are not connected to a clock source.


9. checking loops (0)
---------------------
 There are 0 combinational loops in the design.


10. checking partial_input_delay (0)
------------------------------------
 There are 0 input ports with partial input delay specified.


11. checking partial_output_delay (0)
-------------------------------------
 There are 0 ports with partial output delay specified.


12. checking latch_loops (0)
----------------------------
 There are 0 combinational latch loops in the design through latch input



------------------------------------------------------------------------------------------------
| Design Timing Summary
| ---------------------
------------------------------------------------------------------------------------------------

    WNS(ns)      TNS(ns)  TNS Failing Endpoints  TNS Total Endpoints      WHS(ns)      THS(ns)  THS Failing Endpoints  THS Total Endpoints     WPWS(ns)     TPWS(ns)  TPWS Failing Endpoints  TPWS Total Endpoints  
    -------      -------  ---------------------  -------------------      -------      -------  ---------------------  -------------------     --------     --------  ----------------------  --------------------  
      2.002        0.000                      0                 5582        0.028        0.000                      0                 5582        4.020        0.000                       0                  2361  


All user specified timing constraints are met.


------------------------------------------------------------------------------------------------
| Clock Summary
| -------------
------------------------------------------------------------------------------------------------

Clock  Waveform(ns)       Period(ns)      Frequency(MHz)
-----  ------------       ----------      --------------
clk    {0.000 5.000}      10.000          100.000         


------------------------------------------------------------------------------------------------
| Intra Clock Table
| -----------------
------------------------------------------------------------------------------------------------

Clock             WNS(ns)      TNS(ns)  TNS Failing Endpoints  TNS Total Endpoints      WHS(ns)      THS(ns)  THS Failing Endpoints  THS Total Endpoints     WPWS(ns)     TPWS(ns)  TPWS Failing Endpoints  TPWS Total Endpoints  
-----             -------      -------  ---------------------  -------------------      -------      -------  ---------------------  -------------------     --------     --------  ----------------------  --------------------  
clk                 2.002        0.000                      0                 5582        0.028        0.000                      0                 5582        4.020        0.000                       0                  2361  


------------------------------------------------------------------------------------------------
| Inter Clock Table
| -----------------
------------------------------------------------------------------------------------------------

From Clock    To Clock          WNS(ns)      TNS(ns)  TNS Failing Endpoints  TNS Total Endpoints      WHS(ns)      THS(ns)  THS Failing Endpoints  THS Total Endpoints  
----------    --------          -------      -------  ---------------------  -------------------      -------      -------  ---------------------  -------------------  


------------------------------------------------------------------------------------------------
| Other Path Groups Table
| -----------------------
------------------------------------------------------------------------------------------------

Path Group    From Clock    To Clock          WNS(ns)      TNS(ns)  TNS Failing Endpoints  TNS Total Endpoints      WHS(ns)      THS(ns)  THS Failing Endpoints  THS Total Endpoints  
----------    ----------    --------          -------      -------  ---------------------  -------------------      -------      -------  ---------------------  -------------------  


------------------------------------------------------------------------------------------------
| Timing Details
| --------------
------------------------------------------------------------------------------------------------


---------------------------------------------------------------------------------------------------
From Clock:  clk
  To Clock:  clk

Setup :            0  Failing Endpoints,  Worst Slack        2.002ns,  Total Violation        0.000ns
Hold  :            0  Failing Endpoints,  Worst Slack        0.028ns,  Total Violation        0.000ns
PW    :            0  Failing Endpoints,  Worst Slack        4.020ns,  Total Violation        0.000ns
---------------------------------------------------------------------------------------------------


Max Delay Paths
--------------------------------------------------------------------------------------
Slack (MET) :             2.002ns  (required time - arrival time)
  Source:                 u_impl/u_accumulator/bin_energy_reg[16]/C
                            (rising edge-triggered cell FDRE clocked by clk  {rise@0.000ns fall@5.000ns period=10.000ns})
  Destination:            u_impl/gen_regular_tracker.u_tracker/best_energy_reg[112]_lopt_replica/CE
                            (rising edge-triggered cell FDRE clocked by clk  {rise@0.000ns fall@5.000ns period=10.000ns})
  Path Group:             clk
  Path Type:              Setup (Max at Slow Process Corner)
  Requirement:            10.000ns  (clk rise@10.000ns - clk rise@0.000ns)
  Data Path Delay:        7.648ns  (logic 2.806ns (36.690%)  route 4.842ns (63.310%))
  Logic Levels:           16  (CARRY4=14 LUT4=1 LUT5=1)
  Clock Path Skew:        0.058ns (DCD - SCD + CPR)
    Destination Clock Delay (DCD):    4.420ns = ( 14.420 - 10.000 ) 
    Source Clock Delay      (SCD):    4.612ns
    Clock Pessimism Removal (CPR):    0.250ns
  Clock Uncertainty:      0.035ns  ((TSJ^2 + TIJ^2)^1/2 + DJ) / 2 + PE
    Total System Jitter     (TSJ):    0.071ns
    Total Input Jitter      (TIJ):    0.000ns
    Discrete Jitter          (DJ):    0.000ns
    Phase Error              (PE):    0.000ns

    Location             Delay type                Incr(ns)  Path(ns)    Netlist Resource(s)
  -------------------------------------------------------------------    -------------------
                         (clock clk rise edge)        0.000     0.000 r  
    Y4                                                0.000     0.000 r  clk (IN)
                         net (fo=0)                   0.000     0.000    clk
    Y4                   IBUF (Prop_ibuf_I_O)         0.993     0.993 r  clk_IBUF_inst/O
                         net (fo=1, routed)           1.967     2.959    clk_IBUF
    BUFGCTRL_X0Y0        BUFG (Prop_bufg_I_O)         0.096     3.055 r  clk_IBUF_BUFG_inst/O
                         net (fo=2360, routed)        1.557     4.612    u_impl/u_accumulator/clk_IBUF_BUFG
    SLICE_X14Y96         FDRE                                         r  u_impl/u_accumulator/bin_energy_reg[16]/C
  -------------------------------------------------------------------    -------------------
    SLICE_X14Y96         FDRE (Prop_fdre_C_Q)         0.518     5.130 r  u_impl/u_accumulator/bin_energy_reg[16]/Q
                         net (fo=4, routed)           1.801     6.931    u_impl/u_accumulator/bin_energy_reg[127]_0[16]
    SLICE_X16Y104        LUT4 (Prop_lut4_I0_O)        0.124     7.055 r  u_impl/u_accumulator/is_better0_carry__1_i_8/O
                         net (fo=1, routed)           0.000     7.055    u_impl/gen_regular_tracker.u_tracker/is_better0_carry__2_1[0]
    SLICE_X16Y104        CARRY4 (Prop_carry4_S[0]_CO[3])
                                                      0.532     7.587 r  u_impl/gen_regular_tracker.u_tracker/is_better0_carry__1/CO[3]
                         net (fo=1, routed)           0.000     7.587    u_impl/gen_regular_tracker.u_tracker/is_better0_carry__1_n_0
    SLICE_X16Y105        CARRY4 (Prop_carry4_CI_CO[3])
                                                      0.114     7.701 r  u_impl/gen_regular_tracker.u_tracker/is_better0_carry__2/CO[3]
                         net (fo=1, routed)           0.000     7.701    u_impl/gen_regular_tracker.u_tracker/is_better0_carry__2_n_0
    SLICE_X16Y106        CARRY4 (Prop_carry4_CI_CO[3])
                                                      0.114     7.815 r  u_impl/gen_regular_tracker.u_tracker/is_better0_carry__3/CO[3]
                         net (fo=1, routed)           0.000     7.815    u_impl/gen_regular_tracker.u_tracker/is_better0_carry__3_n_0
    SLICE_X16Y107        CARRY4 (Prop_carry4_CI_CO[3])
                                                      0.114     7.929 r  u_impl/gen_regular_tracker.u_tracker/is_better0_carry__4/CO[3]
                         net (fo=1, routed)           0.000     7.929    u_impl/gen_regular_tracker.u_tracker/is_better0_carry__4_n_0
    SLICE_X16Y108        CARRY4 (Prop_carry4_CI_CO[3])
                                                      0.114     8.043 r  u_impl/gen_regular_tracker.u_tracker/is_better0_carry__5/CO[3]
                         net (fo=1, routed)           0.000     8.043    u_impl/gen_regular_tracker.u_tracker/is_better0_carry__5_n_0
    SLICE_X16Y109        CARRY4 (Prop_carry4_CI_CO[3])
                                                      0.114     8.157 r  u_impl/gen_regular_tracker.u_tracker/is_better0_carry__6/CO[3]
                         net (fo=1, routed)           0.000     8.157    u_impl/gen_regular_tracker.u_tracker/is_better0_carry__6_n_0
    SLICE_X16Y110        CARRY4 (Prop_carry4_CI_CO[3])
                                                      0.114     8.271 r  u_impl/gen_regular_tracker.u_tracker/is_better0_carry__7/CO[3]
                         net (fo=1, routed)           0.000     8.271    u_impl/gen_regular_tracker.u_tracker/is_better0_carry__7_n_0
    SLICE_X16Y111        CARRY4 (Prop_carry4_CI_CO[3])
                                                      0.114     8.385 r  u_impl/gen_regular_tracker.u_tracker/is_better0_carry__8/CO[3]
                         net (fo=1, routed)           0.000     8.385    u_impl/gen_regular_tracker.u_tracker/is_better0_carry__8_n_0
    SLICE_X16Y112        CARRY4 (Prop_carry4_CI_CO[3])
                                                      0.114     8.499 r  u_impl/gen_regular_tracker.u_tracker/is_better0_carry__9/CO[3]
                         net (fo=1, routed)           0.000     8.499    u_impl/gen_regular_tracker.u_tracker/is_better0_carry__9_n_0
    SLICE_X16Y113        CARRY4 (Prop_carry4_CI_CO[3])
                                                      0.114     8.613 r  u_impl/gen_regular_tracker.u_tracker/is_better0_carry__10/CO[3]
                         net (fo=1, routed)           0.000     8.613    u_impl/gen_regular_tracker.u_tracker/is_better0_carry__10_n_0
    SLICE_X16Y114        CARRY4 (Prop_carry4_CI_CO[3])
                                                      0.114     8.727 r  u_impl/gen_regular_tracker.u_tracker/is_better0_carry__11/CO[3]
                         net (fo=1, routed)           0.000     8.727    u_impl/gen_regular_tracker.u_tracker/is_better0_carry__11_n_0
    SLICE_X16Y115        CARRY4 (Prop_carry4_CI_CO[3])
                                                      0.114     8.841 r  u_impl/gen_regular_tracker.u_tracker/is_better0_carry__12/CO[3]
                         net (fo=1, routed)           0.000     8.841    u_impl/gen_regular_tracker.u_tracker/is_better0_carry__12_n_0
    SLICE_X16Y116        CARRY4 (Prop_carry4_CI_CO[3])
                                                      0.114     8.955 r  u_impl/gen_regular_tracker.u_tracker/is_better0_carry__13/CO[3]
                         net (fo=1, routed)           0.000     8.955    u_impl/gen_regular_tracker.u_tracker/is_better0_carry__13_n_0
    SLICE_X16Y117        CARRY4 (Prop_carry4_CI_CO[3])
                                                      0.114     9.069 r  u_impl/gen_regular_tracker.u_tracker/is_better0_carry__14/CO[3]
                         net (fo=1, routed)           1.617    10.686    u_impl/u_accumulator/CO[0]
    SLICE_X12Y101        LUT5 (Prop_lut5_I4_O)        0.150    10.836 r  u_impl/u_accumulator/best_energy[127]_i_1/O
                         net (fo=251, routed)         1.424    12.260    u_impl/gen_regular_tracker.u_tracker/E[0]
    SLICE_X12Y116        FDRE                                         r  u_impl/gen_regular_tracker.u_tracker/best_energy_reg[112]_lopt_replica/CE
  -------------------------------------------------------------------    -------------------

                         (clock clk rise edge)       10.000    10.000 r  
    Y4                                                0.000    10.000 r  clk (IN)
                         net (fo=0)                   0.000    10.000    clk
    Y4                   IBUF (Prop_ibuf_I_O)         0.859    10.859 r  clk_IBUF_inst/O
                         net (fo=1, routed)           1.862    12.721    clk_IBUF
    BUFGCTRL_X0Y0        BUFG (Prop_bufg_I_O)         0.091    12.812 r  clk_IBUF_BUFG_inst/O
                         net (fo=2360, routed)        1.608    14.420    u_impl/gen_regular_tracker.u_tracker/clk_IBUF_BUFG
    SLICE_X12Y116        FDRE                                         r  u_impl/gen_regular_tracker.u_tracker/best_energy_reg[112]_lopt_replica/C
                         clock pessimism              0.250    14.670    
                         clock uncertainty           -0.035    14.635    
    SLICE_X12Y116        FDRE (Setup_fdre_C_CE)      -0.373    14.262    u_impl/gen_regular_tracker.u_tracker/best_energy_reg[112]_lopt_replica
  -------------------------------------------------------------------
                         required time                         14.262    
                         arrival time                         -12.260    
  -------------------------------------------------------------------
                         slack                                  2.002    





Min Delay Paths
--------------------------------------------------------------------------------------
Slack (MET) :             0.028ns  (arrival time - required time)
  Source:                 u_impl/u_mag/mag_sq_reg[30]/C
                            (rising edge-triggered cell FDRE clocked by clk  {rise@0.000ns fall@5.000ns period=10.000ns})
  Destination:            u_impl/u_accumulator/bin_energy_reg[32]/D
                            (rising edge-triggered cell FDRE clocked by clk  {rise@0.000ns fall@5.000ns period=10.000ns})
  Path Group:             clk
  Path Type:              Hold (Min at Fast Process Corner)
  Requirement:            0.000ns  (clk rise@0.000ns - clk rise@0.000ns)
  Data Path Delay:        0.513ns  (logic 0.350ns (68.200%)  route 0.163ns (31.800%))
  Logic Levels:           3  (CARRY4=2 LUT2=1)
  Clock Path Skew:        0.351ns (DCD - SCD - CPR)
    Destination Clock Delay (DCD):    2.045ns
    Source Clock Delay      (SCD):    1.443ns
    Clock Pessimism Removal (CPR):    0.251ns

    Location             Delay type                Incr(ns)  Path(ns)    Netlist Resource(s)
  -------------------------------------------------------------------    -------------------
                         (clock clk rise edge)        0.000     0.000 r  
    Y4                                                0.000     0.000 r  clk (IN)
                         net (fo=0)                   0.000     0.000    clk
    Y4                   IBUF (Prop_ibuf_I_O)         0.221     0.221 r  clk_IBUF_inst/O
                         net (fo=1, routed)           0.631     0.852    clk_IBUF
    BUFGCTRL_X0Y0        BUFG (Prop_bufg_I_O)         0.026     0.878 r  clk_IBUF_BUFG_inst/O
                         net (fo=2360, routed)        0.565     1.443    u_impl/u_mag/clk_IBUF_BUFG
    SLICE_X15Y99         FDRE                                         r  u_impl/u_mag/mag_sq_reg[30]/C
  -------------------------------------------------------------------    -------------------
    SLICE_X15Y99         FDRE (Prop_fdre_C_Q)         0.141     1.584 r  u_impl/u_mag/mag_sq_reg[30]/Q
                         net (fo=3, routed)           0.163     1.746    u_impl/u_accumulator/bin_energy_reg[99]_0[30]
    SLICE_X14Y99         LUT2 (Prop_lut2_I1_O)        0.045     1.791 r  u_impl/u_accumulator/bin_energy[31]_i_3/O
                         net (fo=1, routed)           0.000     1.791    u_impl/u_accumulator/bin_energy[31]_i_3_n_0
    SLICE_X14Y99         CARRY4 (Prop_carry4_S[2]_CO[3])
                                                      0.111     1.902 r  u_impl/u_accumulator/bin_energy_reg[31]_i_1/CO[3]
                         net (fo=1, routed)           0.001     1.903    u_impl/u_accumulator/bin_energy_reg[31]_i_1_n_0
    SLICE_X14Y100        CARRY4 (Prop_carry4_CI_O[0])
                                                      0.053     1.956 r  u_impl/u_accumulator/bin_energy_reg[35]_i_1/O[0]
                         net (fo=1, routed)           0.000     1.956    u_impl/u_accumulator/next_energy[32]
    SLICE_X14Y100        FDRE                                         r  u_impl/u_accumulator/bin_energy_reg[32]/D
  -------------------------------------------------------------------    -------------------

                         (clock clk rise edge)        0.000     0.000 r  
    Y4                                                0.000     0.000 r  clk (IN)
                         net (fo=0)                   0.000     0.000    clk
    Y4                   IBUF (Prop_ibuf_I_O)         0.410     0.410 r  clk_IBUF_inst/O
                         net (fo=1, routed)           0.685     1.095    clk_IBUF
    BUFGCTRL_X0Y0        BUFG (Prop_bufg_I_O)         0.029     1.124 r  clk_IBUF_BUFG_inst/O
                         net (fo=2360, routed)        0.921     2.045    u_impl/u_accumulator/clk_IBUF_BUFG
    SLICE_X14Y100        FDRE                                         r  u_impl/u_accumulator/bin_energy_reg[32]/C
                         clock pessimism             -0.251     1.794    
    SLICE_X14Y100        FDRE (Hold_fdre_C_D)         0.134     1.928    u_impl/u_accumulator/bin_energy_reg[32]
  -------------------------------------------------------------------
                         required time                         -1.928    
                         arrival time                           1.956    
  -------------------------------------------------------------------
                         slack                                  0.028    





Pulse Width Checks
--------------------------------------------------------------------------------------
Clock Name:         clk
Waveform(ns):       { 0.000 5.000 }
Period(ns):         10.000
Sources:            { clk }

Check Type        Corner  Lib Pin      Reference Pin  Required(ns)  Actual(ns)  Slack(ns)  Location      Pin
Min Period        n/a     DSP48E1/CLK  n/a            3.884         10.000      6.116      DSP48_X1Y46   u_impl/u_mag/i_square_reg/CLK
Low Pulse Width   Slow    SRL16E/CLK   n/a            0.980         5.000       4.020      SLICE_X30Y98  u_impl/bin_mag_p1_reg[0]_srl13___u_impl_bin_mag_p1_reg_r/CLK
High Pulse Width  Slow    SRL16E/CLK   n/a            0.980         5.000       4.020      SLICE_X30Y98  u_impl/bin_mag_p1_reg[0]_srl13___u_impl_bin_mag_p1_reg_r/CLK



