Copyright 1986-2022 Xilinx, Inc. All Rights Reserved. Copyright 2022-2025 Advanced Micro Devices, Inc. All Rights Reserved.
---------------------------------------------------------------------------------------------------------------------------------------------
| Tool Version : Vivado v.2025.2 (win64) Build 6299465 Fri Nov 14 19:35:11 GMT 2025
| Date         : Sun May  3 22:42:08 2026
| Host         : Navnil_Desktop running 64-bit major release  (build 9200)
| Command      : report_timing_summary -file C:/Users/CHOUDN3/Downloads/VLSI_project/reports/e62_fir29_fr_impl/post_route_timing_summary.rpt
| Design       : lockin_pipelined_plus5_firout_accbuf_energy62_fir29_fastround_top
| Device       : 7a35t-fgg484
| Speed File   : -1  PRODUCTION 1.23 2018-06-13
| Design State : Routed
---------------------------------------------------------------------------------------------------------------------------------------------

Timing Summary Report

------------------------------------------------------------------------------------------------
| Timer Settings
| --------------
------------------------------------------------------------------------------------------------

  Enable Multi Corner Analysis               :  Yes
  Enable Pessimism Removal                   :  Yes
  Pessimism Removal Resolution               :  Nearest Common Node
  Enable Input Delay Default Clock           :  No
  Enable Preset / Clear Arcs                 :  No
  Disable Flight Delays                      :  No
  Ignore I/O Paths                           :  No
  Timing Early Launch at Borrowing Latches   :  No
  Borrow Time for Max Delay Exceptions       :  Yes
  Merge Timing Exceptions                    :  Yes
  Inter-SLR Compensation                     :  Conservative

  Corner  Analyze    Analyze    
  Name    Max Paths  Min Paths  
  ------  ---------  ---------  
  Slow    Yes        Yes        
  Fast    Yes        Yes        


------------------------------------------------------------------------------------------------
| Report Methodology
| ------------------
------------------------------------------------------------------------------------------------

No report available as report_methodology has not been run prior. Run report_methodology on the current design for the summary of methodology violations.



check_timing report

Table of Contents
-----------------
1. checking no_clock (0)
2. checking constant_clock (0)
3. checking pulse_width_clock (0)
4. checking unconstrained_internal_endpoints (0)
5. checking no_input_delay (18)
6. checking no_output_delay (66)
7. checking multiple_clock (0)
8. checking generated_clocks (0)
9. checking loops (0)
10. checking partial_input_delay (0)
11. checking partial_output_delay (0)
12. checking latch_loops (0)

1. checking no_clock (0)
------------------------
 There are 0 register/latch pins with no clock.


2. checking constant_clock (0)
------------------------------
 There are 0 register/latch pins with constant_clock.


3. checking pulse_width_clock (0)
---------------------------------
 There are 0 register/latch pins which need pulse_width check


4. checking unconstrained_internal_endpoints (0)
------------------------------------------------
 There are 0 pins that are not constrained for maximum delay.

 There are 0 pins that are not constrained for maximum delay due to constant clock.


5. checking no_input_delay (18)
-------------------------------
 There are 18 input ports with no input delay specified. (HIGH)

 There are 0 input ports with no input delay but user has a false path constraint.


6. checking no_output_delay (66)
--------------------------------
 There are 66 ports with no output delay specified. (HIGH)

 There are 0 ports with no output delay but user has a false path constraint

 There are 0 ports with no output delay but with a timing clock defined on it or propagating through it


7. checking multiple_clock (0)
------------------------------
 There are 0 register/latch pins with multiple clocks.


8. checking generated_clocks (0)
--------------------------------
 There are 0 generated clocks that are not connected to a clock source.


9. checking loops (0)
---------------------
 There are 0 combinational loops in the design.


10. checking partial_input_delay (0)
------------------------------------
 There are 0 input ports with partial input delay specified.


11. checking partial_output_delay (0)
-------------------------------------
 There are 0 ports with partial output delay specified.


12. checking latch_loops (0)
----------------------------
 There are 0 combinational latch loops in the design through latch input



------------------------------------------------------------------------------------------------
| Design Timing Summary
| ---------------------
------------------------------------------------------------------------------------------------

    WNS(ns)      TNS(ns)  TNS Failing Endpoints  TNS Total Endpoints      WHS(ns)      THS(ns)  THS Failing Endpoints  THS Total Endpoints     WPWS(ns)     TPWS(ns)  TPWS Failing Endpoints  TPWS Total Endpoints  
    -------      -------  ---------------------  -------------------      -------      -------  ---------------------  -------------------     --------     --------  ----------------------  --------------------  
      3.885        0.000                      0                 4269        0.024        0.000                      0                 4269        4.020        0.000                       0                  1986  


All user specified timing constraints are met.


------------------------------------------------------------------------------------------------
| Clock Summary
| -------------
------------------------------------------------------------------------------------------------

Clock  Waveform(ns)       Period(ns)      Frequency(MHz)
-----  ------------       ----------      --------------
clk    {0.000 5.000}      10.000          100.000         


------------------------------------------------------------------------------------------------
| Intra Clock Table
| -----------------
------------------------------------------------------------------------------------------------

Clock             WNS(ns)      TNS(ns)  TNS Failing Endpoints  TNS Total Endpoints      WHS(ns)      THS(ns)  THS Failing Endpoints  THS Total Endpoints     WPWS(ns)     TPWS(ns)  TPWS Failing Endpoints  TPWS Total Endpoints  
-----             -------      -------  ---------------------  -------------------      -------      -------  ---------------------  -------------------     --------     --------  ----------------------  --------------------  
clk                 3.885        0.000                      0                 4269        0.024        0.000                      0                 4269        4.020        0.000                       0                  1986  


------------------------------------------------------------------------------------------------
| Inter Clock Table
| -----------------
------------------------------------------------------------------------------------------------

From Clock    To Clock          WNS(ns)      TNS(ns)  TNS Failing Endpoints  TNS Total Endpoints      WHS(ns)      THS(ns)  THS Failing Endpoints  THS Total Endpoints  
----------    --------          -------      -------  ---------------------  -------------------      -------      -------  ---------------------  -------------------  


------------------------------------------------------------------------------------------------
| Other Path Groups Table
| -----------------------
------------------------------------------------------------------------------------------------

Path Group    From Clock    To Clock          WNS(ns)      TNS(ns)  TNS Failing Endpoints  TNS Total Endpoints      WHS(ns)      THS(ns)  THS Failing Endpoints  THS Total Endpoints  
----------    ----------    --------          -------      -------  ---------------------  -------------------      -------      -------  ---------------------  -------------------  


------------------------------------------------------------------------------------------------
| Timing Details
| --------------
------------------------------------------------------------------------------------------------


---------------------------------------------------------------------------------------------------
From Clock:  clk
  To Clock:  clk

Setup :            0  Failing Endpoints,  Worst Slack        3.885ns,  Total Violation        0.000ns
Hold  :            0  Failing Endpoints,  Worst Slack        0.024ns,  Total Violation        0.000ns
PW    :            0  Failing Endpoints,  Worst Slack        4.020ns,  Total Violation        0.000ns
---------------------------------------------------------------------------------------------------


Max Delay Paths
--------------------------------------------------------------------------------------
Slack (MET) :             3.885ns  (required time - arrival time)
  Source:                 u_impl/gen_narrow_mag.u_mag/valid_out_reg/C
                            (rising edge-triggered cell FDRE clocked by clk  {rise@0.000ns fall@5.000ns period=10.000ns})
  Destination:            u_impl/u_accumulator/running_energy_reg[60]/R
                            (rising edge-triggered cell FDRE clocked by clk  {rise@0.000ns fall@5.000ns period=10.000ns})
  Path Group:             clk
  Path Type:              Setup (Max at Slow Process Corner)
  Requirement:            10.000ns  (clk rise@10.000ns - clk rise@0.000ns)
  Data Path Delay:        5.675ns  (logic 0.642ns (11.312%)  route 5.033ns (88.688%))
  Logic Levels:           1  (LUT3=1)
  Clock Path Skew:        0.025ns (DCD - SCD + CPR)
    Destination Clock Delay (DCD):    4.296ns = ( 14.296 - 10.000 ) 
    Source Clock Delay      (SCD):    4.593ns
    Clock Pessimism Removal (CPR):    0.321ns
  Clock Uncertainty:      0.035ns  ((TSJ^2 + TIJ^2)^1/2 + DJ) / 2 + PE
    Total System Jitter     (TSJ):    0.071ns
    Total Input Jitter      (TIJ):    0.000ns
    Discrete Jitter          (DJ):    0.000ns
    Phase Error              (PE):    0.000ns

    Location             Delay type                Incr(ns)  Path(ns)    Netlist Resource(s)
  -------------------------------------------------------------------    -------------------
                         (clock clk rise edge)        0.000     0.000 r  
    J20                                               0.000     0.000 r  clk (IN)
                         net (fo=0)                   0.000     0.000    clk
    J20                  IBUF (Prop_ibuf_I_O)         0.970     0.970 r  clk_IBUF_inst/O
                         net (fo=1, routed)           1.972     2.942    clk_IBUF
    BUFGCTRL_X0Y16       BUFG (Prop_bufg_I_O)         0.096     3.038 r  clk_IBUF_BUFG_inst/O
                         net (fo=1985, routed)        1.555     4.593    u_impl/gen_narrow_mag.u_mag/clk_IBUF_BUFG
    SLICE_X8Y54          FDRE                                         r  u_impl/gen_narrow_mag.u_mag/valid_out_reg/C
  -------------------------------------------------------------------    -------------------
    SLICE_X8Y54          FDRE (Prop_fdre_C_Q)         0.518     5.111 r  u_impl/gen_narrow_mag.u_mag/valid_out_reg/Q
                         net (fo=64, routed)          2.447     7.558    u_impl/gen_narrow_mag.u_mag/valid_s4
    SLICE_X2Y46          LUT3 (Prop_lut3_I1_O)        0.124     7.682 r  u_impl/gen_narrow_mag.u_mag/running_energy[0]_i_1/O
                         net (fo=62, routed)          2.586    10.268    u_impl/u_accumulator/running_energy_reg[61]_0
    SLICE_X5Y61          FDRE                                         r  u_impl/u_accumulator/running_energy_reg[60]/R
  -------------------------------------------------------------------    -------------------

                         (clock clk rise edge)       10.000    10.000 r  
    J20                                               0.000    10.000 r  clk (IN)
                         net (fo=0)                   0.000    10.000    clk
    J20                  IBUF (Prop_ibuf_I_O)         0.837    10.837 r  clk_IBUF_inst/O
                         net (fo=1, routed)           1.868    12.705    clk_IBUF
    BUFGCTRL_X0Y16       BUFG (Prop_bufg_I_O)         0.091    12.796 r  clk_IBUF_BUFG_inst/O
                         net (fo=1985, routed)        1.501    14.296    u_impl/u_accumulator/clk_IBUF_BUFG
    SLICE_X5Y61          FDRE                                         r  u_impl/u_accumulator/running_energy_reg[60]/C
                         clock pessimism              0.321    14.618    
                         clock uncertainty           -0.035    14.583    
    SLICE_X5Y61          FDRE (Setup_fdre_C_R)       -0.429    14.154    u_impl/u_accumulator/running_energy_reg[60]
  -------------------------------------------------------------------
                         required time                         14.154    
                         arrival time                         -10.268    
  -------------------------------------------------------------------
                         slack                                  3.885    





Min Delay Paths
--------------------------------------------------------------------------------------
Slack (MET) :             0.024ns  (arrival time - required time)
  Source:                 u_impl/gen_narrow_mag.u_mag/i_square_reg[12]__0/C
                            (rising edge-triggered cell FDRE clocked by clk  {rise@0.000ns fall@5.000ns period=10.000ns})
  Destination:            u_impl/gen_narrow_mag.u_mag/mag_sq_reg[13]/D
                            (rising edge-triggered cell FDRE clocked by clk  {rise@0.000ns fall@5.000ns period=10.000ns})
  Path Group:             clk
  Path Type:              Hold (Min at Fast Process Corner)
  Requirement:            0.000ns  (clk rise@0.000ns - clk rise@0.000ns)
  Data Path Delay:        0.434ns  (logic 0.270ns (62.273%)  route 0.164ns (37.727%))
  Logic Levels:           1  (CARRY4=1)
  Clock Path Skew:        0.276ns (DCD - SCD - CPR)
    Destination Clock Delay (DCD):    1.944ns
    Source Clock Delay      (SCD):    1.422ns
    Clock Pessimism Removal (CPR):    0.247ns

    Location             Delay type                Incr(ns)  Path(ns)    Netlist Resource(s)
  -------------------------------------------------------------------    -------------------
                         (clock clk rise edge)        0.000     0.000 r  
    J20                                               0.000     0.000 r  clk (IN)
                         net (fo=0)                   0.000     0.000    clk
    J20                  IBUF (Prop_ibuf_I_O)         0.199     0.199 r  clk_IBUF_inst/O
                         net (fo=1, routed)           0.634     0.833    clk_IBUF
    BUFGCTRL_X0Y16       BUFG (Prop_bufg_I_O)         0.026     0.859 r  clk_IBUF_BUFG_inst/O
                         net (fo=1985, routed)        0.563     1.422    u_impl/gen_narrow_mag.u_mag/clk_IBUF_BUFG
    SLICE_X13Y51         FDRE                                         r  u_impl/gen_narrow_mag.u_mag/i_square_reg[12]__0/C
  -------------------------------------------------------------------    -------------------
    SLICE_X13Y51         FDRE (Prop_fdre_C_Q)         0.141     1.563 r  u_impl/gen_narrow_mag.u_mag/i_square_reg[12]__0/Q
                         net (fo=2, routed)           0.164     1.727    u_impl/gen_narrow_mag.u_mag/p_1_in[12]
    SLICE_X14Y49         CARRY4 (Prop_carry4_DI[0]_O[1])
                                                      0.129     1.856 r  u_impl/gen_narrow_mag.u_mag/mag_sq_reg[15]_i_1/O[1]
                         net (fo=1, routed)           0.000     1.856    u_impl/gen_narrow_mag.u_mag/mag_resized[13]
    SLICE_X14Y49         FDRE                                         r  u_impl/gen_narrow_mag.u_mag/mag_sq_reg[13]/D
  -------------------------------------------------------------------    -------------------

                         (clock clk rise edge)        0.000     0.000 r  
    J20                                               0.000     0.000 r  clk (IN)
                         net (fo=0)                   0.000     0.000    clk
    J20                  IBUF (Prop_ibuf_I_O)         0.388     0.388 r  clk_IBUF_inst/O
                         net (fo=1, routed)           0.689     1.077    clk_IBUF
    BUFGCTRL_X0Y16       BUFG (Prop_bufg_I_O)         0.029     1.106 r  clk_IBUF_BUFG_inst/O
                         net (fo=1985, routed)        0.839     1.944    u_impl/gen_narrow_mag.u_mag/clk_IBUF_BUFG
    SLICE_X14Y49         FDRE                                         r  u_impl/gen_narrow_mag.u_mag/mag_sq_reg[13]/C
                         clock pessimism             -0.247     1.698    
    SLICE_X14Y49         FDRE (Hold_fdre_C_D)         0.134     1.832    u_impl/gen_narrow_mag.u_mag/mag_sq_reg[13]
  -------------------------------------------------------------------
                         required time                         -1.832    
                         arrival time                           1.856    
  -------------------------------------------------------------------
                         slack                                  0.024    





Pulse Width Checks
--------------------------------------------------------------------------------------
Clock Name:         clk
Waveform(ns):       { 0.000 5.000 }
Period(ns):         10.000
Sources:            { clk }

Check Type        Corner  Lib Pin      Reference Pin  Required(ns)  Actual(ns)  Slack(ns)  Location     Pin
Min Period        n/a     DSP48E1/CLK  n/a            3.884         10.000      6.116      DSP48_X0Y24  u_impl/gen_narrow_mag.u_mag/i_square_reg/CLK
Low Pulse Width   Slow    SRL16E/CLK   n/a            0.980         5.000       4.020      SLICE_X2Y44  u_impl/bin_mag_p1_reg[0]_srl13___u_impl_bin_mag_p1_reg_r/CLK
High Pulse Width  Slow    SRL16E/CLK   n/a            0.980         5.000       4.020      SLICE_X2Y44  u_impl/bin_mag_p1_reg[0]_srl13___u_impl_bin_mag_p1_reg_r/CLK



