Copyright 1986-2022 Xilinx, Inc. All Rights Reserved. Copyright 2022-2025 Advanced Micro Devices, Inc. All Rights Reserved.
---------------------------------------------------------------------------------------------------------------------------------------------
| Tool Version : Vivado v.2025.2 (win64) Build 6299465 Fri Nov 14 19:35:11 GMT 2025
| Date         : Sun May  3 16:01:27 2026
| Host         : Navnil_Desktop running 64-bit major release  (build 9200)
| Command      : report_timing_summary -file C:/Users/CHOUDN3/Downloads/VLSI_project/reports/pipelined_impl/post_route_timing_summary.rpt
| Design       : lockin_pipelined_top
| Device       : 7a35t-fgg484
| Speed File   : -1  PRODUCTION 1.23 2018-06-13
| Design State : Routed
---------------------------------------------------------------------------------------------------------------------------------------------

Timing Summary Report

------------------------------------------------------------------------------------------------
| Timer Settings
| --------------
------------------------------------------------------------------------------------------------

  Enable Multi Corner Analysis               :  Yes
  Enable Pessimism Removal                   :  Yes
  Pessimism Removal Resolution               :  Nearest Common Node
  Enable Input Delay Default Clock           :  No
  Enable Preset / Clear Arcs                 :  No
  Disable Flight Delays                      :  No
  Ignore I/O Paths                           :  No
  Timing Early Launch at Borrowing Latches   :  No
  Borrow Time for Max Delay Exceptions       :  Yes
  Merge Timing Exceptions                    :  Yes
  Inter-SLR Compensation                     :  Conservative

  Corner  Analyze    Analyze    
  Name    Max Paths  Min Paths  
  ------  ---------  ---------  
  Slow    Yes        Yes        
  Fast    Yes        Yes        


------------------------------------------------------------------------------------------------
| Report Methodology
| ------------------
------------------------------------------------------------------------------------------------

No report available as report_methodology has not been run prior. Run report_methodology on the current design for the summary of methodology violations.



check_timing report

Table of Contents
-----------------
1. checking no_clock (0)
2. checking constant_clock (0)
3. checking pulse_width_clock (0)
4. checking unconstrained_internal_endpoints (0)
5. checking no_input_delay (18)
6. checking no_output_delay (132)
7. checking multiple_clock (0)
8. checking generated_clocks (0)
9. checking loops (0)
10. checking partial_input_delay (0)
11. checking partial_output_delay (0)
12. checking latch_loops (0)

1. checking no_clock (0)
------------------------
 There are 0 register/latch pins with no clock.


2. checking constant_clock (0)
------------------------------
 There are 0 register/latch pins with constant_clock.


3. checking pulse_width_clock (0)
---------------------------------
 There are 0 register/latch pins which need pulse_width check


4. checking unconstrained_internal_endpoints (0)
------------------------------------------------
 There are 0 pins that are not constrained for maximum delay.

 There are 0 pins that are not constrained for maximum delay due to constant clock.


5. checking no_input_delay (18)
-------------------------------
 There are 18 input ports with no input delay specified. (HIGH)

 There are 0 input ports with no input delay but user has a false path constraint.


6. checking no_output_delay (132)
---------------------------------
 There are 132 ports with no output delay specified. (HIGH)

 There are 0 ports with no output delay but user has a false path constraint

 There are 0 ports with no output delay but with a timing clock defined on it or propagating through it


7. checking multiple_clock (0)
------------------------------
 There are 0 register/latch pins with multiple clocks.


8. checking generated_clocks (0)
--------------------------------
 There are 0 generated clocks that are not connected to a clock source.


9. checking loops (0)
---------------------
 There are 0 combinational loops in the design.


10. checking partial_input_delay (0)
------------------------------------
 There are 0 input ports with partial input delay specified.


11. checking partial_output_delay (0)
-------------------------------------
 There are 0 ports with partial output delay specified.


12. checking latch_loops (0)
----------------------------
 There are 0 combinational latch loops in the design through latch input



------------------------------------------------------------------------------------------------
| Design Timing Summary
| ---------------------
------------------------------------------------------------------------------------------------

    WNS(ns)      TNS(ns)  TNS Failing Endpoints  TNS Total Endpoints      WHS(ns)      THS(ns)  THS Failing Endpoints  THS Total Endpoints     WPWS(ns)     TPWS(ns)  TPWS Failing Endpoints  TPWS Total Endpoints  
    -------      -------  ---------------------  -------------------      -------      -------  ---------------------  -------------------     --------     --------  ----------------------  --------------------  
      0.692        0.000                      0                 5419        0.017        0.000                      0                 5419        4.020        0.000                       0                  2159  


All user specified timing constraints are met.


------------------------------------------------------------------------------------------------
| Clock Summary
| -------------
------------------------------------------------------------------------------------------------

Clock  Waveform(ns)       Period(ns)      Frequency(MHz)
-----  ------------       ----------      --------------
clk    {0.000 5.000}      10.000          100.000         


------------------------------------------------------------------------------------------------
| Intra Clock Table
| -----------------
------------------------------------------------------------------------------------------------

Clock             WNS(ns)      TNS(ns)  TNS Failing Endpoints  TNS Total Endpoints      WHS(ns)      THS(ns)  THS Failing Endpoints  THS Total Endpoints     WPWS(ns)     TPWS(ns)  TPWS Failing Endpoints  TPWS Total Endpoints  
-----             -------      -------  ---------------------  -------------------      -------      -------  ---------------------  -------------------     --------     --------  ----------------------  --------------------  
clk                 0.692        0.000                      0                 5419        0.017        0.000                      0                 5419        4.020        0.000                       0                  2159  


------------------------------------------------------------------------------------------------
| Inter Clock Table
| -----------------
------------------------------------------------------------------------------------------------

From Clock    To Clock          WNS(ns)      TNS(ns)  TNS Failing Endpoints  TNS Total Endpoints      WHS(ns)      THS(ns)  THS Failing Endpoints  THS Total Endpoints  
----------    --------          -------      -------  ---------------------  -------------------      -------      -------  ---------------------  -------------------  


------------------------------------------------------------------------------------------------
| Other Path Groups Table
| -----------------------
------------------------------------------------------------------------------------------------

Path Group    From Clock    To Clock          WNS(ns)      TNS(ns)  TNS Failing Endpoints  TNS Total Endpoints      WHS(ns)      THS(ns)  THS Failing Endpoints  THS Total Endpoints  
----------    ----------    --------          -------      -------  ---------------------  -------------------      -------      -------  ---------------------  -------------------  


------------------------------------------------------------------------------------------------
| Timing Details
| --------------
------------------------------------------------------------------------------------------------


---------------------------------------------------------------------------------------------------
From Clock:  clk
  To Clock:  clk

Setup :            0  Failing Endpoints,  Worst Slack        0.692ns,  Total Violation        0.000ns
Hold  :            0  Failing Endpoints,  Worst Slack        0.017ns,  Total Violation        0.000ns
PW    :            0  Failing Endpoints,  Worst Slack        4.020ns,  Total Violation        0.000ns
---------------------------------------------------------------------------------------------------


Max Delay Paths
--------------------------------------------------------------------------------------
Slack (MET) :             0.692ns  (required time - arrival time)
  Source:                 u_fir_i/sum4567_reg[0]/C
                            (rising edge-triggered cell FDRE clocked by clk  {rise@0.000ns fall@5.000ns period=10.000ns})
  Destination:            u_mag/i_square0__0/B[12]
                            (rising edge-triggered cell DSP48E1 clocked by clk  {rise@0.000ns fall@5.000ns period=10.000ns})
  Path Group:             clk
  Path Type:              Setup (Max at Slow Process Corner)
  Requirement:            10.000ns  (clk rise@10.000ns - clk rise@0.000ns)
  Data Path Delay:        8.778ns  (logic 4.847ns (55.219%)  route 3.931ns (44.781%))
  Logic Levels:           18  (CARRY4=14 LUT1=2 LUT2=1 LUT3=1)
  Clock Path Skew:        0.158ns (DCD - SCD + CPR)
    Destination Clock Delay (DCD):    4.514ns = ( 14.514 - 10.000 ) 
    Source Clock Delay      (SCD):    4.607ns
    Clock Pessimism Removal (CPR):    0.250ns
  Clock Uncertainty:      0.035ns  ((TSJ^2 + TIJ^2)^1/2 + DJ) / 2 + PE
    Total System Jitter     (TSJ):    0.071ns
    Total Input Jitter      (TIJ):    0.000ns
    Discrete Jitter          (DJ):    0.000ns
    Phase Error              (PE):    0.000ns

    Location             Delay type                Incr(ns)  Path(ns)    Netlist Resource(s)
  -------------------------------------------------------------------    -------------------
                         (clock clk rise edge)        0.000     0.000 r  
    Y4                                                0.000     0.000 r  clk (IN)
                         net (fo=0)                   0.000     0.000    clk
    Y4                   IBUF (Prop_ibuf_I_O)         0.993     0.993 r  clk_IBUF_inst/O
                         net (fo=1, routed)           1.967     2.959    clk_IBUF
    BUFGCTRL_X0Y0        BUFG (Prop_bufg_I_O)         0.096     3.055 r  clk_IBUF_BUFG_inst/O
                         net (fo=2160, routed)        1.552     4.607    u_fir_i/clk_IBUF_BUFG
    SLICE_X35Y96         FDRE                                         r  u_fir_i/sum4567_reg[0]/C
  -------------------------------------------------------------------    -------------------
    SLICE_X35Y96         FDRE (Prop_fdre_C_Q)         0.456     5.063 r  u_fir_i/sum4567_reg[0]/Q
                         net (fo=1, routed)           0.718     5.781    u_fir_i/sum4567[0]
    SLICE_X39Y96         LUT2 (Prop_lut2_I1_O)        0.124     5.905 r  u_fir_i/final_sum_carry_i_4/O
                         net (fo=1, routed)           0.000     5.905    u_fir_i/final_sum_carry_i_4_n_0
    SLICE_X39Y96         CARRY4 (Prop_carry4_S[0]_O[3])
                                                      0.606     6.511 f  u_fir_i/final_sum_carry/O[3]
                         net (fo=4, routed)           1.013     7.524    u_fir_i/value[3]
    SLICE_X48Y97         LUT1 (Prop_lut1_I0_O)        0.335     7.859 r  u_fir_i/i_square0__1_i_46/O
                         net (fo=1, routed)           0.000     7.859    u_fir_i/i_square0__1_i_46_n_0
    SLICE_X48Y97         CARRY4 (Prop_carry4_DI[2]_O[3])
                                                      0.401     8.260 f  u_fir_i/i_square0__1_i_26/O[3]
                         net (fo=2, routed)           0.415     8.676    u_fir_i/round_shift2[4]
    SLICE_X51Y97         LUT1 (Prop_lut1_I0_O)        0.300     8.976 r  u_fir_i/i_square0__1_i_39/O
                         net (fo=1, routed)           0.334     9.309    u_fir_i/i_square0__1_i_39_n_0
    SLICE_X50Y98         CARRY4 (Prop_carry4_CYINIT_CO[3])
                                                      0.797    10.106 r  u_fir_i/i_square0__1_i_24/CO[3]
                         net (fo=1, routed)           0.000    10.106    u_fir_i/i_square0__1_i_24_n_0
    SLICE_X50Y99         CARRY4 (Prop_carry4_CI_CO[3])
                                                      0.117    10.223 r  u_fir_i/i_square0__1_i_22/CO[3]
                         net (fo=1, routed)           0.001    10.224    u_fir_i/i_square0__1_i_22_n_0
    SLICE_X50Y100        CARRY4 (Prop_carry4_CI_CO[3])
                                                      0.117    10.341 r  u_fir_i/i_square0__1_i_20/CO[3]
                         net (fo=1, routed)           0.000    10.341    u_fir_i/i_square0__1_i_20_n_0
    SLICE_X50Y101        CARRY4 (Prop_carry4_CI_CO[3])
                                                      0.117    10.458 r  u_fir_i/i_square0__1_i_18/CO[3]
                         net (fo=1, routed)           0.000    10.458    u_fir_i/i_square0__1_i_18_n_0
    SLICE_X50Y102        CARRY4 (Prop_carry4_CI_CO[3])
                                                      0.117    10.575 r  u_fir_i/i_square0_i_47/CO[3]
                         net (fo=1, routed)           0.000    10.575    u_fir_i/i_square0_i_47_n_0
    SLICE_X50Y103        CARRY4 (Prop_carry4_CI_CO[3])
                                                      0.117    10.692 r  u_fir_i/i_square0_i_45/CO[3]
                         net (fo=1, routed)           0.000    10.692    u_fir_i/i_square0_i_45_n_0
    SLICE_X50Y104        CARRY4 (Prop_carry4_CI_CO[3])
                                                      0.117    10.809 r  u_fir_i/i_square0_i_43/CO[3]
                         net (fo=1, routed)           0.000    10.809    u_fir_i/i_square0_i_43_n_0
    SLICE_X50Y105        CARRY4 (Prop_carry4_CI_CO[3])
                                                      0.117    10.926 r  u_fir_i/i_square0_i_41/CO[3]
                         net (fo=1, routed)           0.000    10.926    u_fir_i/i_square0_i_41_n_0
    SLICE_X50Y106        CARRY4 (Prop_carry4_CI_CO[3])
                                                      0.117    11.043 r  u_fir_i/i_square0_i_39/CO[3]
                         net (fo=1, routed)           0.000    11.043    u_fir_i/i_square0_i_39_n_0
    SLICE_X50Y107        CARRY4 (Prop_carry4_CI_CO[3])
                                                      0.117    11.160 r  u_fir_i/i_square0_i_37/CO[3]
                         net (fo=1, routed)           0.000    11.160    u_fir_i/i_square0_i_37_n_0
    SLICE_X50Y108        CARRY4 (Prop_carry4_CI_CO[3])
                                                      0.117    11.277 r  u_fir_i/i_square0_i_35/CO[3]
                         net (fo=1, routed)           0.000    11.277    u_fir_i/i_square0_i_35_n_0
    SLICE_X50Y109        CARRY4 (Prop_carry4_CI_O[1])
                                                      0.323    11.600 r  u_fir_i/i_square0_i_32/O[1]
                         net (fo=1, routed)           0.623    12.223    u_fir_i/round_shift0[46]
    SLICE_X51Y109        LUT3 (Prop_lut3_I0_O)        0.335    12.558 r  u_fir_i/i_square0_i_2/O
                         net (fo=6, routed)           0.827    13.385    u_mag/i_in[46]
    DSP48_X1Y41          DSP48E1                                      r  u_mag/i_square0__0/B[12]
  -------------------------------------------------------------------    -------------------

                         (clock clk rise edge)       10.000    10.000 r  
    Y4                                                0.000    10.000 r  clk (IN)
                         net (fo=0)                   0.000    10.000    clk
    Y4                   IBUF (Prop_ibuf_I_O)         0.859    10.859 r  clk_IBUF_inst/O
                         net (fo=1, routed)           1.862    12.721    clk_IBUF
    BUFGCTRL_X0Y0        BUFG (Prop_bufg_I_O)         0.091    12.812 r  clk_IBUF_BUFG_inst/O
                         net (fo=2160, routed)        1.703    14.514    u_mag/clk_IBUF_BUFG
    DSP48_X1Y41          DSP48E1                                      r  u_mag/i_square0__0/CLK
                         clock pessimism              0.250    14.765    
                         clock uncertainty           -0.035    14.729    
    DSP48_X1Y41          DSP48E1 (Setup_dsp48e1_CLK_B[12])
                                                     -0.653    14.076    u_mag/i_square0__0
  -------------------------------------------------------------------
                         required time                         14.076    
                         arrival time                         -13.385    
  -------------------------------------------------------------------
                         slack                                  0.692    





Min Delay Paths
--------------------------------------------------------------------------------------
Slack (MET) :             0.017ns  (arrival time - required time)
  Source:                 u_mag/mag_sq_reg[19]/C
                            (rising edge-triggered cell FDRE clocked by clk  {rise@0.000ns fall@5.000ns period=10.000ns})
  Destination:            u_accumulator/bin_energy_reg[20]/D
                            (rising edge-triggered cell FDRE clocked by clk  {rise@0.000ns fall@5.000ns period=10.000ns})
  Path Group:             clk
  Path Type:              Hold (Min at Fast Process Corner)
  Requirement:            0.000ns  (clk rise@0.000ns - clk rise@0.000ns)
  Data Path Delay:        0.473ns  (logic 0.378ns (79.927%)  route 0.095ns (20.073%))
  Logic Levels:           3  (CARRY4=2 LUT2=1)
  Clock Path Skew:        0.351ns (DCD - SCD - CPR)
    Destination Clock Delay (DCD):    2.045ns
    Source Clock Delay      (SCD):    1.443ns
    Clock Pessimism Removal (CPR):    0.251ns

    Location             Delay type                Incr(ns)  Path(ns)    Netlist Resource(s)
  -------------------------------------------------------------------    -------------------
                         (clock clk rise edge)        0.000     0.000 r  
    Y4                                                0.000     0.000 r  clk (IN)
                         net (fo=0)                   0.000     0.000    clk
    Y4                   IBUF (Prop_ibuf_I_O)         0.221     0.221 r  clk_IBUF_inst/O
                         net (fo=1, routed)           0.631     0.852    clk_IBUF
    BUFGCTRL_X0Y0        BUFG (Prop_bufg_I_O)         0.026     0.878 r  clk_IBUF_BUFG_inst/O
                         net (fo=2160, routed)        0.565     1.443    u_mag/clk_IBUF_BUFG
    SLICE_X12Y99         FDRE                                         r  u_mag/mag_sq_reg[19]/C
  -------------------------------------------------------------------    -------------------
    SLICE_X12Y99         FDRE (Prop_fdre_C_Q)         0.164     1.607 r  u_mag/mag_sq_reg[19]/Q
                         net (fo=3, routed)           0.094     1.701    u_accumulator/mag_sq[19]
    SLICE_X13Y99         LUT2 (Prop_lut2_I1_O)        0.045     1.746 r  u_accumulator/bin_energy[19]_i_2/O
                         net (fo=1, routed)           0.000     1.746    u_accumulator/bin_energy[19]_i_2_n_0
    SLICE_X13Y99         CARRY4 (Prop_carry4_S[3]_CO[3])
                                                      0.115     1.861 r  u_accumulator/bin_energy_reg[19]_i_1/CO[3]
                         net (fo=1, routed)           0.001     1.862    u_accumulator/bin_energy_reg[19]_i_1_n_0
    SLICE_X13Y100        CARRY4 (Prop_carry4_CI_O[0])
                                                      0.054     1.916 r  u_accumulator/bin_energy_reg[23]_i_1/O[0]
                         net (fo=1, routed)           0.000     1.916    u_accumulator/next_energy[20]
    SLICE_X13Y100        FDRE                                         r  u_accumulator/bin_energy_reg[20]/D
  -------------------------------------------------------------------    -------------------

                         (clock clk rise edge)        0.000     0.000 r  
    Y4                                                0.000     0.000 r  clk (IN)
                         net (fo=0)                   0.000     0.000    clk
    Y4                   IBUF (Prop_ibuf_I_O)         0.410     0.410 r  clk_IBUF_inst/O
                         net (fo=1, routed)           0.685     1.095    clk_IBUF
    BUFGCTRL_X0Y0        BUFG (Prop_bufg_I_O)         0.029     1.124 r  clk_IBUF_BUFG_inst/O
                         net (fo=2160, routed)        0.921     2.045    u_accumulator/clk_IBUF_BUFG
    SLICE_X13Y100        FDRE                                         r  u_accumulator/bin_energy_reg[20]/C
                         clock pessimism             -0.251     1.794    
    SLICE_X13Y100        FDRE (Hold_fdre_C_D)         0.105     1.899    u_accumulator/bin_energy_reg[20]
  -------------------------------------------------------------------
                         required time                         -1.899    
                         arrival time                           1.916    
  -------------------------------------------------------------------
                         slack                                  0.017    





Pulse Width Checks
--------------------------------------------------------------------------------------
Clock Name:         clk
Waveform(ns):       { 0.000 5.000 }
Period(ns):         10.000
Sources:            { clk }

Check Type        Corner  Lib Pin      Reference Pin  Required(ns)  Actual(ns)  Slack(ns)  Location       Pin
Min Period        n/a     DSP48E1/CLK  n/a            3.884         10.000      6.116      DSP48_X1Y42    u_mag/i_square_reg/CLK
Low Pulse Width   Slow    SRL16E/CLK   n/a            0.980         5.000       4.020      SLICE_X34Y101  bin_mag_p1_reg[0]_srl7___bin_mag_p1_reg_r/CLK
High Pulse Width  Slow    SRL16E/CLK   n/a            0.980         5.000       4.020      SLICE_X34Y101  bin_mag_p1_reg[0]_srl7___bin_mag_p1_reg_r/CLK



