INFO: [VRFC 10-2263] Analyzing SystemVerilog file "C:/Users/CHOUDN3/Downloads/VLSI_project/rtl/bin_accumulator.sv" into library xil_defaultlib
INFO: [VRFC 10-311] analyzing module bin_accumulator
INFO: [VRFC 10-2263] Analyzing SystemVerilog file "C:/Users/CHOUDN3/Downloads/VLSI_project/rtl/fir_filter_pipelined.sv" into library xil_defaultlib
INFO: [VRFC 10-311] analyzing module fir_filter_pipelined
INFO: [VRFC 10-2263] Analyzing SystemVerilog file "C:/Users/CHOUDN3/Downloads/VLSI_project/rtl/iq_mixer.sv" into library xil_defaultlib
INFO: [VRFC 10-311] analyzing module iq_mixer
INFO: [VRFC 10-2263] Analyzing SystemVerilog file "C:/Users/CHOUDN3/Downloads/VLSI_project/rtl/lockin_pipelined_boundary_top.sv" into library xil_defaultlib
INFO: [VRFC 10-311] analyzing module lockin_pipelined_boundary_top
INFO: [VRFC 10-2263] Analyzing SystemVerilog file "C:/Users/CHOUDN3/Downloads/VLSI_project/rtl/lockin_pipelined_plus1_top.sv" into library xil_defaultlib
INFO: [VRFC 10-311] analyzing module lockin_pipelined_plus1_top
INFO: [VRFC 10-2263] Analyzing SystemVerilog file "C:/Users/CHOUDN3/Downloads/VLSI_project/rtl/magnitude_sq_pipelined.sv" into library xil_defaultlib
INFO: [VRFC 10-311] analyzing module magnitude_sq_pipelined
INFO: [VRFC 10-2263] Analyzing SystemVerilog file "C:/Users/CHOUDN3/Downloads/VLSI_project/rtl/nco.sv" into library xil_defaultlib
INFO: [VRFC 10-311] analyzing module nco
INFO: [VRFC 10-2263] Analyzing SystemVerilog file "C:/Users/CHOUDN3/Downloads/VLSI_project/rtl/resonance_tracker.sv" into library xil_defaultlib
INFO: [VRFC 10-311] analyzing module resonance_tracker
INFO: [VRFC 10-2263] Analyzing SystemVerilog file "C:/Users/CHOUDN3/Downloads/VLSI_project/tb/tb_lockin_pipelined_plus1.sv" into library xil_defaultlib
INFO: [VRFC 10-311] analyzing module tb_lockin_pipelined_plus1
INFO: [VRFC 10-2263] Analyzing Verilog file "C:/Users/CHOUDN3/Downloads/VLSI_project/reports/pipelined_plus1/vivado_sim/lockin_pipelined_plus1_sim.sim/sim_1/behav/xsim/glbl.v" into library xil_defaultlib
INFO: [VRFC 10-311] analyzing module glbl
