Copyright 1986-2022 Xilinx, Inc. All Rights Reserved. Copyright 2022-2025 Advanced Micro Devices, Inc. All Rights Reserved.
------------------------------------------------------------------------------------------------------------------------------------------------------
| Tool Version : Vivado v.2025.2 (win64) Build 6299465 Fri Nov 14 19:35:11 GMT 2025
| Date         : Sun May  3 16:34:05 2026
| Host         : Navnil_Desktop running 64-bit major release  (build 9200)
| Command      : report_timing -max_paths 10 -file C:/Users/CHOUDN3/Downloads/VLSI_project/reports/pipelined_plus5_impl/post_route_critical_paths.rpt
| Design       : lockin_pipelined_plus5_top
| Device       : 7a35t-fgg484
| Speed File   : -1  PRODUCTION 1.23 2018-06-13
| Design State : Routed
------------------------------------------------------------------------------------------------------------------------------------------------------

Timing Report

Slack (MET) :             1.854ns  (required time - arrival time)
  Source:                 u_impl/u_accumulator/bin_energy_reg[2]/C
                            (rising edge-triggered cell FDRE clocked by clk  {rise@0.000ns fall@5.000ns period=10.000ns})
  Destination:            u_impl/u_tracker/best_energy_reg[2]_lopt_replica/CE
                            (rising edge-triggered cell FDRE clocked by clk  {rise@0.000ns fall@5.000ns period=10.000ns})
  Path Group:             clk
  Path Type:              Setup (Max at Slow Process Corner)
  Requirement:            10.000ns  (clk rise@10.000ns - clk rise@0.000ns)
  Data Path Delay:        7.697ns  (logic 3.052ns (39.650%)  route 4.645ns (60.350%))
  Logic Levels:           18  (CARRY4=16 LUT4=1 LUT5=1)
  Clock Path Skew:        -0.040ns (DCD - SCD + CPR)
    Destination Clock Delay (DCD):    4.243ns = ( 14.243 - 10.000 ) 
    Source Clock Delay      (SCD):    4.605ns
    Clock Pessimism Removal (CPR):    0.322ns
  Clock Uncertainty:      0.035ns  ((TSJ^2 + TIJ^2)^1/2 + DJ) / 2 + PE
    Total System Jitter     (TSJ):    0.071ns
    Total Input Jitter      (TIJ):    0.000ns
    Discrete Jitter          (DJ):    0.000ns
    Phase Error              (PE):    0.000ns

    Location             Delay type                Incr(ns)  Path(ns)    Netlist Resource(s)
  -------------------------------------------------------------------    -------------------
                         (clock clk rise edge)        0.000     0.000 r  
    Y4                                                0.000     0.000 r  clk (IN)
                         net (fo=0)                   0.000     0.000    clk
    Y4                   IBUF (Prop_ibuf_I_O)         0.993     0.993 r  clk_IBUF_inst/O
                         net (fo=1, routed)           1.967     2.959    clk_IBUF
    BUFGCTRL_X0Y0        BUFG (Prop_bufg_I_O)         0.096     3.055 r  clk_IBUF_BUFG_inst/O
                         net (fo=2252, routed)        1.550     4.605    u_impl/u_accumulator/clk_IBUF_BUFG
    SLICE_X12Y84         FDRE                                         r  u_impl/u_accumulator/bin_energy_reg[2]/C
  -------------------------------------------------------------------    -------------------
    SLICE_X12Y84         FDRE (Prop_fdre_C_Q)         0.518     5.123 r  u_impl/u_accumulator/bin_energy_reg[2]/Q
                         net (fo=4, routed)           1.751     6.875    u_impl/u_accumulator/bin_energy_reg[127]_0[2]
    SLICE_X13Y98         LUT4 (Prop_lut4_I0_O)        0.124     6.999 r  u_impl/u_accumulator/is_better0_carry_i_7/O
                         net (fo=1, routed)           0.000     6.999    u_impl/u_tracker/S[1]
    SLICE_X13Y98         CARRY4 (Prop_carry4_S[1]_CO[3])
                                                      0.550     7.549 r  u_impl/u_tracker/is_better0_carry/CO[3]
                         net (fo=1, routed)           0.000     7.549    u_impl/u_tracker/is_better0_carry_n_0
    SLICE_X13Y99         CARRY4 (Prop_carry4_CI_CO[3])
                                                      0.114     7.663 r  u_impl/u_tracker/is_better0_carry__0/CO[3]
                         net (fo=1, routed)           0.001     7.663    u_impl/u_tracker/is_better0_carry__0_n_0
    SLICE_X13Y100        CARRY4 (Prop_carry4_CI_CO[3])
                                                      0.114     7.777 r  u_impl/u_tracker/is_better0_carry__1/CO[3]
                         net (fo=1, routed)           0.000     7.777    u_impl/u_tracker/is_better0_carry__1_n_0
    SLICE_X13Y101        CARRY4 (Prop_carry4_CI_CO[3])
                                                      0.114     7.891 r  u_impl/u_tracker/is_better0_carry__2/CO[3]
                         net (fo=1, routed)           0.000     7.891    u_impl/u_tracker/is_better0_carry__2_n_0
    SLICE_X13Y102        CARRY4 (Prop_carry4_CI_CO[3])
                                                      0.114     8.005 r  u_impl/u_tracker/is_better0_carry__3/CO[3]
                         net (fo=1, routed)           0.000     8.005    u_impl/u_tracker/is_better0_carry__3_n_0
    SLICE_X13Y103        CARRY4 (Prop_carry4_CI_CO[3])
                                                      0.114     8.119 r  u_impl/u_tracker/is_better0_carry__4/CO[3]
                         net (fo=1, routed)           0.000     8.119    u_impl/u_tracker/is_better0_carry__4_n_0
    SLICE_X13Y104        CARRY4 (Prop_carry4_CI_CO[3])
                                                      0.114     8.233 r  u_impl/u_tracker/is_better0_carry__5/CO[3]
                         net (fo=1, routed)           0.000     8.233    u_impl/u_tracker/is_better0_carry__5_n_0
    SLICE_X13Y105        CARRY4 (Prop_carry4_CI_CO[3])
                                                      0.114     8.347 r  u_impl/u_tracker/is_better0_carry__6/CO[3]
                         net (fo=1, routed)           0.000     8.347    u_impl/u_tracker/is_better0_carry__6_n_0
    SLICE_X13Y106        CARRY4 (Prop_carry4_CI_CO[3])
                                                      0.114     8.461 r  u_impl/u_tracker/is_better0_carry__7/CO[3]
                         net (fo=1, routed)           0.000     8.461    u_impl/u_tracker/is_better0_carry__7_n_0
    SLICE_X13Y107        CARRY4 (Prop_carry4_CI_CO[3])
                                                      0.114     8.575 r  u_impl/u_tracker/is_better0_carry__8/CO[3]
                         net (fo=1, routed)           0.000     8.575    u_impl/u_tracker/is_better0_carry__8_n_0
    SLICE_X13Y108        CARRY4 (Prop_carry4_CI_CO[3])
                                                      0.114     8.689 r  u_impl/u_tracker/is_better0_carry__9/CO[3]
                         net (fo=1, routed)           0.000     8.689    u_impl/u_tracker/is_better0_carry__9_n_0
    SLICE_X13Y109        CARRY4 (Prop_carry4_CI_CO[3])
                                                      0.114     8.803 r  u_impl/u_tracker/is_better0_carry__10/CO[3]
                         net (fo=1, routed)           0.000     8.803    u_impl/u_tracker/is_better0_carry__10_n_0
    SLICE_X13Y110        CARRY4 (Prop_carry4_CI_CO[3])
                                                      0.114     8.917 r  u_impl/u_tracker/is_better0_carry__11/CO[3]
                         net (fo=1, routed)           0.000     8.917    u_impl/u_tracker/is_better0_carry__11_n_0
    SLICE_X13Y111        CARRY4 (Prop_carry4_CI_CO[3])
                                                      0.114     9.031 r  u_impl/u_tracker/is_better0_carry__12/CO[3]
                         net (fo=1, routed)           0.000     9.031    u_impl/u_tracker/is_better0_carry__12_n_0
    SLICE_X13Y112        CARRY4 (Prop_carry4_CI_CO[3])
                                                      0.114     9.145 r  u_impl/u_tracker/is_better0_carry__13/CO[3]
                         net (fo=1, routed)           0.000     9.145    u_impl/u_tracker/is_better0_carry__13_n_0
    SLICE_X13Y113        CARRY4 (Prop_carry4_CI_CO[3])
                                                      0.114     9.259 r  u_impl/u_tracker/is_better0_carry__14/CO[3]
                         net (fo=1, routed)           1.346    10.605    u_impl/u_accumulator/CO[0]
    SLICE_X8Y104         LUT5 (Prop_lut5_I4_O)        0.150    10.755 r  u_impl/u_accumulator/best_energy[127]_i_1/O
                         net (fo=251, routed)         1.547    12.302    u_impl/u_tracker/E[0]
    SLICE_X8Y82          FDRE                                         r  u_impl/u_tracker/best_energy_reg[2]_lopt_replica/CE
  -------------------------------------------------------------------    -------------------

                         (clock clk rise edge)       10.000    10.000 r  
    Y4                                                0.000    10.000 r  clk (IN)
                         net (fo=0)                   0.000    10.000    clk
    Y4                   IBUF (Prop_ibuf_I_O)         0.859    10.859 r  clk_IBUF_inst/O
                         net (fo=1, routed)           1.862    12.721    clk_IBUF
    BUFGCTRL_X0Y0        BUFG (Prop_bufg_I_O)         0.091    12.812 r  clk_IBUF_BUFG_inst/O
                         net (fo=2252, routed)        1.432    14.243    u_impl/u_tracker/clk_IBUF_BUFG
    SLICE_X8Y82          FDRE                                         r  u_impl/u_tracker/best_energy_reg[2]_lopt_replica/C
                         clock pessimism              0.322    14.565    
                         clock uncertainty           -0.035    14.530    
    SLICE_X8Y82          FDRE (Setup_fdre_C_CE)      -0.373    14.157    u_impl/u_tracker/best_energy_reg[2]_lopt_replica
  -------------------------------------------------------------------
                         required time                         14.157    
                         arrival time                         -12.302    
  -------------------------------------------------------------------
                         slack                                  1.854    

Slack (MET) :             1.854ns  (required time - arrival time)
  Source:                 u_impl/u_accumulator/bin_energy_reg[2]/C
                            (rising edge-triggered cell FDRE clocked by clk  {rise@0.000ns fall@5.000ns period=10.000ns})
  Destination:            u_impl/u_tracker/best_energy_reg[7]_lopt_replica/CE
                            (rising edge-triggered cell FDRE clocked by clk  {rise@0.000ns fall@5.000ns period=10.000ns})
  Path Group:             clk
  Path Type:              Setup (Max at Slow Process Corner)
  Requirement:            10.000ns  (clk rise@10.000ns - clk rise@0.000ns)
  Data Path Delay:        7.697ns  (logic 3.052ns (39.650%)  route 4.645ns (60.350%))
  Logic Levels:           18  (CARRY4=16 LUT4=1 LUT5=1)
  Clock Path Skew:        -0.040ns (DCD - SCD + CPR)
    Destination Clock Delay (DCD):    4.243ns = ( 14.243 - 10.000 ) 
    Source Clock Delay      (SCD):    4.605ns
    Clock Pessimism Removal (CPR):    0.322ns
  Clock Uncertainty:      0.035ns  ((TSJ^2 + TIJ^2)^1/2 + DJ) / 2 + PE
    Total System Jitter     (TSJ):    0.071ns
    Total Input Jitter      (TIJ):    0.000ns
    Discrete Jitter          (DJ):    0.000ns
    Phase Error              (PE):    0.000ns

    Location             Delay type                Incr(ns)  Path(ns)    Netlist Resource(s)
  -------------------------------------------------------------------    -------------------
                         (clock clk rise edge)        0.000     0.000 r  
    Y4                                                0.000     0.000 r  clk (IN)
                         net (fo=0)                   0.000     0.000    clk
    Y4                   IBUF (Prop_ibuf_I_O)         0.993     0.993 r  clk_IBUF_inst/O
                         net (fo=1, routed)           1.967     2.959    clk_IBUF
    BUFGCTRL_X0Y0        BUFG (Prop_bufg_I_O)         0.096     3.055 r  clk_IBUF_BUFG_inst/O
                         net (fo=2252, routed)        1.550     4.605    u_impl/u_accumulator/clk_IBUF_BUFG
    SLICE_X12Y84         FDRE                                         r  u_impl/u_accumulator/bin_energy_reg[2]/C
  -------------------------------------------------------------------    -------------------
    SLICE_X12Y84         FDRE (Prop_fdre_C_Q)         0.518     5.123 r  u_impl/u_accumulator/bin_energy_reg[2]/Q
                         net (fo=4, routed)           1.751     6.875    u_impl/u_accumulator/bin_energy_reg[127]_0[2]
    SLICE_X13Y98         LUT4 (Prop_lut4_I0_O)        0.124     6.999 r  u_impl/u_accumulator/is_better0_carry_i_7/O
                         net (fo=1, routed)           0.000     6.999    u_impl/u_tracker/S[1]
    SLICE_X13Y98         CARRY4 (Prop_carry4_S[1]_CO[3])
                                                      0.550     7.549 r  u_impl/u_tracker/is_better0_carry/CO[3]
                         net (fo=1, routed)           0.000     7.549    u_impl/u_tracker/is_better0_carry_n_0
    SLICE_X13Y99         CARRY4 (Prop_carry4_CI_CO[3])
                                                      0.114     7.663 r  u_impl/u_tracker/is_better0_carry__0/CO[3]
                         net (fo=1, routed)           0.001     7.663    u_impl/u_tracker/is_better0_carry__0_n_0
    SLICE_X13Y100        CARRY4 (Prop_carry4_CI_CO[3])
                                                      0.114     7.777 r  u_impl/u_tracker/is_better0_carry__1/CO[3]
                         net (fo=1, routed)           0.000     7.777    u_impl/u_tracker/is_better0_carry__1_n_0
    SLICE_X13Y101        CARRY4 (Prop_carry4_CI_CO[3])
                                                      0.114     7.891 r  u_impl/u_tracker/is_better0_carry__2/CO[3]
                         net (fo=1, routed)           0.000     7.891    u_impl/u_tracker/is_better0_carry__2_n_0
    SLICE_X13Y102        CARRY4 (Prop_carry4_CI_CO[3])
                                                      0.114     8.005 r  u_impl/u_tracker/is_better0_carry__3/CO[3]
                         net (fo=1, routed)           0.000     8.005    u_impl/u_tracker/is_better0_carry__3_n_0
    SLICE_X13Y103        CARRY4 (Prop_carry4_CI_CO[3])
                                                      0.114     8.119 r  u_impl/u_tracker/is_better0_carry__4/CO[3]
                         net (fo=1, routed)           0.000     8.119    u_impl/u_tracker/is_better0_carry__4_n_0
    SLICE_X13Y104        CARRY4 (Prop_carry4_CI_CO[3])
                                                      0.114     8.233 r  u_impl/u_tracker/is_better0_carry__5/CO[3]
                         net (fo=1, routed)           0.000     8.233    u_impl/u_tracker/is_better0_carry__5_n_0
    SLICE_X13Y105        CARRY4 (Prop_carry4_CI_CO[3])
                                                      0.114     8.347 r  u_impl/u_tracker/is_better0_carry__6/CO[3]
                         net (fo=1, routed)           0.000     8.347    u_impl/u_tracker/is_better0_carry__6_n_0
    SLICE_X13Y106        CARRY4 (Prop_carry4_CI_CO[3])
                                                      0.114     8.461 r  u_impl/u_tracker/is_better0_carry__7/CO[3]
                         net (fo=1, routed)           0.000     8.461    u_impl/u_tracker/is_better0_carry__7_n_0
    SLICE_X13Y107        CARRY4 (Prop_carry4_CI_CO[3])
                                                      0.114     8.575 r  u_impl/u_tracker/is_better0_carry__8/CO[3]
                         net (fo=1, routed)           0.000     8.575    u_impl/u_tracker/is_better0_carry__8_n_0
    SLICE_X13Y108        CARRY4 (Prop_carry4_CI_CO[3])
                                                      0.114     8.689 r  u_impl/u_tracker/is_better0_carry__9/CO[3]
                         net (fo=1, routed)           0.000     8.689    u_impl/u_tracker/is_better0_carry__9_n_0
    SLICE_X13Y109        CARRY4 (Prop_carry4_CI_CO[3])
                                                      0.114     8.803 r  u_impl/u_tracker/is_better0_carry__10/CO[3]
                         net (fo=1, routed)           0.000     8.803    u_impl/u_tracker/is_better0_carry__10_n_0
    SLICE_X13Y110        CARRY4 (Prop_carry4_CI_CO[3])
                                                      0.114     8.917 r  u_impl/u_tracker/is_better0_carry__11/CO[3]
                         net (fo=1, routed)           0.000     8.917    u_impl/u_tracker/is_better0_carry__11_n_0
    SLICE_X13Y111        CARRY4 (Prop_carry4_CI_CO[3])
                                                      0.114     9.031 r  u_impl/u_tracker/is_better0_carry__12/CO[3]
                         net (fo=1, routed)           0.000     9.031    u_impl/u_tracker/is_better0_carry__12_n_0
    SLICE_X13Y112        CARRY4 (Prop_carry4_CI_CO[3])
                                                      0.114     9.145 r  u_impl/u_tracker/is_better0_carry__13/CO[3]
                         net (fo=1, routed)           0.000     9.145    u_impl/u_tracker/is_better0_carry__13_n_0
    SLICE_X13Y113        CARRY4 (Prop_carry4_CI_CO[3])
                                                      0.114     9.259 r  u_impl/u_tracker/is_better0_carry__14/CO[3]
                         net (fo=1, routed)           1.346    10.605    u_impl/u_accumulator/CO[0]
    SLICE_X8Y104         LUT5 (Prop_lut5_I4_O)        0.150    10.755 r  u_impl/u_accumulator/best_energy[127]_i_1/O
                         net (fo=251, routed)         1.547    12.302    u_impl/u_tracker/E[0]
    SLICE_X8Y82          FDRE                                         r  u_impl/u_tracker/best_energy_reg[7]_lopt_replica/CE
  -------------------------------------------------------------------    -------------------

                         (clock clk rise edge)       10.000    10.000 r  
    Y4                                                0.000    10.000 r  clk (IN)
                         net (fo=0)                   0.000    10.000    clk
    Y4                   IBUF (Prop_ibuf_I_O)         0.859    10.859 r  clk_IBUF_inst/O
                         net (fo=1, routed)           1.862    12.721    clk_IBUF
    BUFGCTRL_X0Y0        BUFG (Prop_bufg_I_O)         0.091    12.812 r  clk_IBUF_BUFG_inst/O
                         net (fo=2252, routed)        1.432    14.243    u_impl/u_tracker/clk_IBUF_BUFG
    SLICE_X8Y82          FDRE                                         r  u_impl/u_tracker/best_energy_reg[7]_lopt_replica/C
                         clock pessimism              0.322    14.565    
                         clock uncertainty           -0.035    14.530    
    SLICE_X8Y82          FDRE (Setup_fdre_C_CE)      -0.373    14.157    u_impl/u_tracker/best_energy_reg[7]_lopt_replica
  -------------------------------------------------------------------
                         required time                         14.157    
                         arrival time                         -12.302    
  -------------------------------------------------------------------
                         slack                                  1.854    

Slack (MET) :             1.956ns  (required time - arrival time)
  Source:                 u_impl/u_accumulator/bin_energy_reg[2]/C
                            (rising edge-triggered cell FDRE clocked by clk  {rise@0.000ns fall@5.000ns period=10.000ns})
  Destination:            u_impl/u_tracker/best_energy_reg[15]_lopt_replica/CE
                            (rising edge-triggered cell FDRE clocked by clk  {rise@0.000ns fall@5.000ns period=10.000ns})
  Path Group:             clk
  Path Type:              Setup (Max at Slow Process Corner)
  Requirement:            10.000ns  (clk rise@10.000ns - clk rise@0.000ns)
  Data Path Delay:        7.610ns  (logic 3.052ns (40.107%)  route 4.558ns (59.893%))
  Logic Levels:           18  (CARRY4=16 LUT4=1 LUT5=1)
  Clock Path Skew:        -0.026ns (DCD - SCD + CPR)
    Destination Clock Delay (DCD):    4.243ns = ( 14.243 - 10.000 ) 
    Source Clock Delay      (SCD):    4.605ns
    Clock Pessimism Removal (CPR):    0.336ns
  Clock Uncertainty:      0.035ns  ((TSJ^2 + TIJ^2)^1/2 + DJ) / 2 + PE
    Total System Jitter     (TSJ):    0.071ns
    Total Input Jitter      (TIJ):    0.000ns
    Discrete Jitter          (DJ):    0.000ns
    Phase Error              (PE):    0.000ns

    Location             Delay type                Incr(ns)  Path(ns)    Netlist Resource(s)
  -------------------------------------------------------------------    -------------------
                         (clock clk rise edge)        0.000     0.000 r  
    Y4                                                0.000     0.000 r  clk (IN)
                         net (fo=0)                   0.000     0.000    clk
    Y4                   IBUF (Prop_ibuf_I_O)         0.993     0.993 r  clk_IBUF_inst/O
                         net (fo=1, routed)           1.967     2.959    clk_IBUF
    BUFGCTRL_X0Y0        BUFG (Prop_bufg_I_O)         0.096     3.055 r  clk_IBUF_BUFG_inst/O
                         net (fo=2252, routed)        1.550     4.605    u_impl/u_accumulator/clk_IBUF_BUFG
    SLICE_X12Y84         FDRE                                         r  u_impl/u_accumulator/bin_energy_reg[2]/C
  -------------------------------------------------------------------    -------------------
    SLICE_X12Y84         FDRE (Prop_fdre_C_Q)         0.518     5.123 r  u_impl/u_accumulator/bin_energy_reg[2]/Q
                         net (fo=4, routed)           1.751     6.875    u_impl/u_accumulator/bin_energy_reg[127]_0[2]
    SLICE_X13Y98         LUT4 (Prop_lut4_I0_O)        0.124     6.999 r  u_impl/u_accumulator/is_better0_carry_i_7/O
                         net (fo=1, routed)           0.000     6.999    u_impl/u_tracker/S[1]
    SLICE_X13Y98         CARRY4 (Prop_carry4_S[1]_CO[3])
                                                      0.550     7.549 r  u_impl/u_tracker/is_better0_carry/CO[3]
                         net (fo=1, routed)           0.000     7.549    u_impl/u_tracker/is_better0_carry_n_0
    SLICE_X13Y99         CARRY4 (Prop_carry4_CI_CO[3])
                                                      0.114     7.663 r  u_impl/u_tracker/is_better0_carry__0/CO[3]
                         net (fo=1, routed)           0.001     7.663    u_impl/u_tracker/is_better0_carry__0_n_0
    SLICE_X13Y100        CARRY4 (Prop_carry4_CI_CO[3])
                                                      0.114     7.777 r  u_impl/u_tracker/is_better0_carry__1/CO[3]
                         net (fo=1, routed)           0.000     7.777    u_impl/u_tracker/is_better0_carry__1_n_0
    SLICE_X13Y101        CARRY4 (Prop_carry4_CI_CO[3])
                                                      0.114     7.891 r  u_impl/u_tracker/is_better0_carry__2/CO[3]
                         net (fo=1, routed)           0.000     7.891    u_impl/u_tracker/is_better0_carry__2_n_0
    SLICE_X13Y102        CARRY4 (Prop_carry4_CI_CO[3])
                                                      0.114     8.005 r  u_impl/u_tracker/is_better0_carry__3/CO[3]
                         net (fo=1, routed)           0.000     8.005    u_impl/u_tracker/is_better0_carry__3_n_0
    SLICE_X13Y103        CARRY4 (Prop_carry4_CI_CO[3])
                                                      0.114     8.119 r  u_impl/u_tracker/is_better0_carry__4/CO[3]
                         net (fo=1, routed)           0.000     8.119    u_impl/u_tracker/is_better0_carry__4_n_0
    SLICE_X13Y104        CARRY4 (Prop_carry4_CI_CO[3])
                                                      0.114     8.233 r  u_impl/u_tracker/is_better0_carry__5/CO[3]
                         net (fo=1, routed)           0.000     8.233    u_impl/u_tracker/is_better0_carry__5_n_0
    SLICE_X13Y105        CARRY4 (Prop_carry4_CI_CO[3])
                                                      0.114     8.347 r  u_impl/u_tracker/is_better0_carry__6/CO[3]
                         net (fo=1, routed)           0.000     8.347    u_impl/u_tracker/is_better0_carry__6_n_0
    SLICE_X13Y106        CARRY4 (Prop_carry4_CI_CO[3])
                                                      0.114     8.461 r  u_impl/u_tracker/is_better0_carry__7/CO[3]
                         net (fo=1, routed)           0.000     8.461    u_impl/u_tracker/is_better0_carry__7_n_0
    SLICE_X13Y107        CARRY4 (Prop_carry4_CI_CO[3])
                                                      0.114     8.575 r  u_impl/u_tracker/is_better0_carry__8/CO[3]
                         net (fo=1, routed)           0.000     8.575    u_impl/u_tracker/is_better0_carry__8_n_0
    SLICE_X13Y108        CARRY4 (Prop_carry4_CI_CO[3])
                                                      0.114     8.689 r  u_impl/u_tracker/is_better0_carry__9/CO[3]
                         net (fo=1, routed)           0.000     8.689    u_impl/u_tracker/is_better0_carry__9_n_0
    SLICE_X13Y109        CARRY4 (Prop_carry4_CI_CO[3])
                                                      0.114     8.803 r  u_impl/u_tracker/is_better0_carry__10/CO[3]
                         net (fo=1, routed)           0.000     8.803    u_impl/u_tracker/is_better0_carry__10_n_0
    SLICE_X13Y110        CARRY4 (Prop_carry4_CI_CO[3])
                                                      0.114     8.917 r  u_impl/u_tracker/is_better0_carry__11/CO[3]
                         net (fo=1, routed)           0.000     8.917    u_impl/u_tracker/is_better0_carry__11_n_0
    SLICE_X13Y111        CARRY4 (Prop_carry4_CI_CO[3])
                                                      0.114     9.031 r  u_impl/u_tracker/is_better0_carry__12/CO[3]
                         net (fo=1, routed)           0.000     9.031    u_impl/u_tracker/is_better0_carry__12_n_0
    SLICE_X13Y112        CARRY4 (Prop_carry4_CI_CO[3])
                                                      0.114     9.145 r  u_impl/u_tracker/is_better0_carry__13/CO[3]
                         net (fo=1, routed)           0.000     9.145    u_impl/u_tracker/is_better0_carry__13_n_0
    SLICE_X13Y113        CARRY4 (Prop_carry4_CI_CO[3])
                                                      0.114     9.259 r  u_impl/u_tracker/is_better0_carry__14/CO[3]
                         net (fo=1, routed)           1.346    10.605    u_impl/u_accumulator/CO[0]
    SLICE_X8Y104         LUT5 (Prop_lut5_I4_O)        0.150    10.755 r  u_impl/u_accumulator/best_energy[127]_i_1/O
                         net (fo=251, routed)         1.460    12.215    u_impl/u_tracker/E[0]
    SLICE_X12Y82         FDRE                                         r  u_impl/u_tracker/best_energy_reg[15]_lopt_replica/CE
  -------------------------------------------------------------------    -------------------

                         (clock clk rise edge)       10.000    10.000 r  
    Y4                                                0.000    10.000 r  clk (IN)
                         net (fo=0)                   0.000    10.000    clk
    Y4                   IBUF (Prop_ibuf_I_O)         0.859    10.859 r  clk_IBUF_inst/O
                         net (fo=1, routed)           1.862    12.721    clk_IBUF
    BUFGCTRL_X0Y0        BUFG (Prop_bufg_I_O)         0.091    12.812 r  clk_IBUF_BUFG_inst/O
                         net (fo=2252, routed)        1.432    14.243    u_impl/u_tracker/clk_IBUF_BUFG
    SLICE_X12Y82         FDRE                                         r  u_impl/u_tracker/best_energy_reg[15]_lopt_replica/C
                         clock pessimism              0.336    14.579    
                         clock uncertainty           -0.035    14.544    
    SLICE_X12Y82         FDRE (Setup_fdre_C_CE)      -0.373    14.171    u_impl/u_tracker/best_energy_reg[15]_lopt_replica
  -------------------------------------------------------------------
                         required time                         14.171    
                         arrival time                         -12.215    
  -------------------------------------------------------------------
                         slack                                  1.956    

Slack (MET) :             1.956ns  (required time - arrival time)
  Source:                 u_impl/u_accumulator/bin_energy_reg[2]/C
                            (rising edge-triggered cell FDRE clocked by clk  {rise@0.000ns fall@5.000ns period=10.000ns})
  Destination:            u_impl/u_tracker/best_energy_reg[8]_lopt_replica/CE
                            (rising edge-triggered cell FDRE clocked by clk  {rise@0.000ns fall@5.000ns period=10.000ns})
  Path Group:             clk
  Path Type:              Setup (Max at Slow Process Corner)
  Requirement:            10.000ns  (clk rise@10.000ns - clk rise@0.000ns)
  Data Path Delay:        7.610ns  (logic 3.052ns (40.107%)  route 4.558ns (59.893%))
  Logic Levels:           18  (CARRY4=16 LUT4=1 LUT5=1)
  Clock Path Skew:        -0.026ns (DCD - SCD + CPR)
    Destination Clock Delay (DCD):    4.243ns = ( 14.243 - 10.000 ) 
    Source Clock Delay      (SCD):    4.605ns
    Clock Pessimism Removal (CPR):    0.336ns
  Clock Uncertainty:      0.035ns  ((TSJ^2 + TIJ^2)^1/2 + DJ) / 2 + PE
    Total System Jitter     (TSJ):    0.071ns
    Total Input Jitter      (TIJ):    0.000ns
    Discrete Jitter          (DJ):    0.000ns
    Phase Error              (PE):    0.000ns

    Location             Delay type                Incr(ns)  Path(ns)    Netlist Resource(s)
  -------------------------------------------------------------------    -------------------
                         (clock clk rise edge)        0.000     0.000 r  
    Y4                                                0.000     0.000 r  clk (IN)
                         net (fo=0)                   0.000     0.000    clk
    Y4                   IBUF (Prop_ibuf_I_O)         0.993     0.993 r  clk_IBUF_inst/O
                         net (fo=1, routed)           1.967     2.959    clk_IBUF
    BUFGCTRL_X0Y0        BUFG (Prop_bufg_I_O)         0.096     3.055 r  clk_IBUF_BUFG_inst/O
                         net (fo=2252, routed)        1.550     4.605    u_impl/u_accumulator/clk_IBUF_BUFG
    SLICE_X12Y84         FDRE                                         r  u_impl/u_accumulator/bin_energy_reg[2]/C
  -------------------------------------------------------------------    -------------------
    SLICE_X12Y84         FDRE (Prop_fdre_C_Q)         0.518     5.123 r  u_impl/u_accumulator/bin_energy_reg[2]/Q
                         net (fo=4, routed)           1.751     6.875    u_impl/u_accumulator/bin_energy_reg[127]_0[2]
    SLICE_X13Y98         LUT4 (Prop_lut4_I0_O)        0.124     6.999 r  u_impl/u_accumulator/is_better0_carry_i_7/O
                         net (fo=1, routed)           0.000     6.999    u_impl/u_tracker/S[1]
    SLICE_X13Y98         CARRY4 (Prop_carry4_S[1]_CO[3])
                                                      0.550     7.549 r  u_impl/u_tracker/is_better0_carry/CO[3]
                         net (fo=1, routed)           0.000     7.549    u_impl/u_tracker/is_better0_carry_n_0
    SLICE_X13Y99         CARRY4 (Prop_carry4_CI_CO[3])
                                                      0.114     7.663 r  u_impl/u_tracker/is_better0_carry__0/CO[3]
                         net (fo=1, routed)           0.001     7.663    u_impl/u_tracker/is_better0_carry__0_n_0
    SLICE_X13Y100        CARRY4 (Prop_carry4_CI_CO[3])
                                                      0.114     7.777 r  u_impl/u_tracker/is_better0_carry__1/CO[3]
                         net (fo=1, routed)           0.000     7.777    u_impl/u_tracker/is_better0_carry__1_n_0
    SLICE_X13Y101        CARRY4 (Prop_carry4_CI_CO[3])
                                                      0.114     7.891 r  u_impl/u_tracker/is_better0_carry__2/CO[3]
                         net (fo=1, routed)           0.000     7.891    u_impl/u_tracker/is_better0_carry__2_n_0
    SLICE_X13Y102        CARRY4 (Prop_carry4_CI_CO[3])
                                                      0.114     8.005 r  u_impl/u_tracker/is_better0_carry__3/CO[3]
                         net (fo=1, routed)           0.000     8.005    u_impl/u_tracker/is_better0_carry__3_n_0
    SLICE_X13Y103        CARRY4 (Prop_carry4_CI_CO[3])
                                                      0.114     8.119 r  u_impl/u_tracker/is_better0_carry__4/CO[3]
                         net (fo=1, routed)           0.000     8.119    u_impl/u_tracker/is_better0_carry__4_n_0
    SLICE_X13Y104        CARRY4 (Prop_carry4_CI_CO[3])
                                                      0.114     8.233 r  u_impl/u_tracker/is_better0_carry__5/CO[3]
                         net (fo=1, routed)           0.000     8.233    u_impl/u_tracker/is_better0_carry__5_n_0
    SLICE_X13Y105        CARRY4 (Prop_carry4_CI_CO[3])
                                                      0.114     8.347 r  u_impl/u_tracker/is_better0_carry__6/CO[3]
                         net (fo=1, routed)           0.000     8.347    u_impl/u_tracker/is_better0_carry__6_n_0
    SLICE_X13Y106        CARRY4 (Prop_carry4_CI_CO[3])
                                                      0.114     8.461 r  u_impl/u_tracker/is_better0_carry__7/CO[3]
                         net (fo=1, routed)           0.000     8.461    u_impl/u_tracker/is_better0_carry__7_n_0
    SLICE_X13Y107        CARRY4 (Prop_carry4_CI_CO[3])
                                                      0.114     8.575 r  u_impl/u_tracker/is_better0_carry__8/CO[3]
                         net (fo=1, routed)           0.000     8.575    u_impl/u_tracker/is_better0_carry__8_n_0
    SLICE_X13Y108        CARRY4 (Prop_carry4_CI_CO[3])
                                                      0.114     8.689 r  u_impl/u_tracker/is_better0_carry__9/CO[3]
                         net (fo=1, routed)           0.000     8.689    u_impl/u_tracker/is_better0_carry__9_n_0
    SLICE_X13Y109        CARRY4 (Prop_carry4_CI_CO[3])
                                                      0.114     8.803 r  u_impl/u_tracker/is_better0_carry__10/CO[3]
                         net (fo=1, routed)           0.000     8.803    u_impl/u_tracker/is_better0_carry__10_n_0
    SLICE_X13Y110        CARRY4 (Prop_carry4_CI_CO[3])
                                                      0.114     8.917 r  u_impl/u_tracker/is_better0_carry__11/CO[3]
                         net (fo=1, routed)           0.000     8.917    u_impl/u_tracker/is_better0_carry__11_n_0
    SLICE_X13Y111        CARRY4 (Prop_carry4_CI_CO[3])
                                                      0.114     9.031 r  u_impl/u_tracker/is_better0_carry__12/CO[3]
                         net (fo=1, routed)           0.000     9.031    u_impl/u_tracker/is_better0_carry__12_n_0
    SLICE_X13Y112        CARRY4 (Prop_carry4_CI_CO[3])
                                                      0.114     9.145 r  u_impl/u_tracker/is_better0_carry__13/CO[3]
                         net (fo=1, routed)           0.000     9.145    u_impl/u_tracker/is_better0_carry__13_n_0
    SLICE_X13Y113        CARRY4 (Prop_carry4_CI_CO[3])
                                                      0.114     9.259 r  u_impl/u_tracker/is_better0_carry__14/CO[3]
                         net (fo=1, routed)           1.346    10.605    u_impl/u_accumulator/CO[0]
    SLICE_X8Y104         LUT5 (Prop_lut5_I4_O)        0.150    10.755 r  u_impl/u_accumulator/best_energy[127]_i_1/O
                         net (fo=251, routed)         1.460    12.215    u_impl/u_tracker/E[0]
    SLICE_X12Y82         FDRE                                         r  u_impl/u_tracker/best_energy_reg[8]_lopt_replica/CE
  -------------------------------------------------------------------    -------------------

                         (clock clk rise edge)       10.000    10.000 r  
    Y4                                                0.000    10.000 r  clk (IN)
                         net (fo=0)                   0.000    10.000    clk
    Y4                   IBUF (Prop_ibuf_I_O)         0.859    10.859 r  clk_IBUF_inst/O
                         net (fo=1, routed)           1.862    12.721    clk_IBUF
    BUFGCTRL_X0Y0        BUFG (Prop_bufg_I_O)         0.091    12.812 r  clk_IBUF_BUFG_inst/O
                         net (fo=2252, routed)        1.432    14.243    u_impl/u_tracker/clk_IBUF_BUFG
    SLICE_X12Y82         FDRE                                         r  u_impl/u_tracker/best_energy_reg[8]_lopt_replica/C
                         clock pessimism              0.336    14.579    
                         clock uncertainty           -0.035    14.544    
    SLICE_X12Y82         FDRE (Setup_fdre_C_CE)      -0.373    14.171    u_impl/u_tracker/best_energy_reg[8]_lopt_replica
  -------------------------------------------------------------------
                         required time                         14.171    
                         arrival time                         -12.215    
  -------------------------------------------------------------------
                         slack                                  1.956    

Slack (MET) :             1.995ns  (required time - arrival time)
  Source:                 u_impl/u_accumulator/bin_energy_reg[2]/C
                            (rising edge-triggered cell FDRE clocked by clk  {rise@0.000ns fall@5.000ns period=10.000ns})
  Destination:            u_impl/u_tracker/best_energy_reg[0]_lopt_replica/CE
                            (rising edge-triggered cell FDRE clocked by clk  {rise@0.000ns fall@5.000ns period=10.000ns})
  Path Group:             clk
  Path Type:              Setup (Max at Slow Process Corner)
  Requirement:            10.000ns  (clk rise@10.000ns - clk rise@0.000ns)
  Data Path Delay:        7.557ns  (logic 3.052ns (40.384%)  route 4.505ns (59.616%))
  Logic Levels:           18  (CARRY4=16 LUT4=1 LUT5=1)
  Clock Path Skew:        -0.039ns (DCD - SCD + CPR)
    Destination Clock Delay (DCD):    4.244ns = ( 14.244 - 10.000 ) 
    Source Clock Delay      (SCD):    4.605ns
    Clock Pessimism Removal (CPR):    0.322ns
  Clock Uncertainty:      0.035ns  ((TSJ^2 + TIJ^2)^1/2 + DJ) / 2 + PE
    Total System Jitter     (TSJ):    0.071ns
    Total Input Jitter      (TIJ):    0.000ns
    Discrete Jitter          (DJ):    0.000ns
    Phase Error              (PE):    0.000ns

    Location             Delay type                Incr(ns)  Path(ns)    Netlist Resource(s)
  -------------------------------------------------------------------    -------------------
                         (clock clk rise edge)        0.000     0.000 r  
    Y4                                                0.000     0.000 r  clk (IN)
                         net (fo=0)                   0.000     0.000    clk
    Y4                   IBUF (Prop_ibuf_I_O)         0.993     0.993 r  clk_IBUF_inst/O
                         net (fo=1, routed)           1.967     2.959    clk_IBUF
    BUFGCTRL_X0Y0        BUFG (Prop_bufg_I_O)         0.096     3.055 r  clk_IBUF_BUFG_inst/O
                         net (fo=2252, routed)        1.550     4.605    u_impl/u_accumulator/clk_IBUF_BUFG
    SLICE_X12Y84         FDRE                                         r  u_impl/u_accumulator/bin_energy_reg[2]/C
  -------------------------------------------------------------------    -------------------
    SLICE_X12Y84         FDRE (Prop_fdre_C_Q)         0.518     5.123 r  u_impl/u_accumulator/bin_energy_reg[2]/Q
                         net (fo=4, routed)           1.751     6.875    u_impl/u_accumulator/bin_energy_reg[127]_0[2]
    SLICE_X13Y98         LUT4 (Prop_lut4_I0_O)        0.124     6.999 r  u_impl/u_accumulator/is_better0_carry_i_7/O
                         net (fo=1, routed)           0.000     6.999    u_impl/u_tracker/S[1]
    SLICE_X13Y98         CARRY4 (Prop_carry4_S[1]_CO[3])
                                                      0.550     7.549 r  u_impl/u_tracker/is_better0_carry/CO[3]
                         net (fo=1, routed)           0.000     7.549    u_impl/u_tracker/is_better0_carry_n_0
    SLICE_X13Y99         CARRY4 (Prop_carry4_CI_CO[3])
                                                      0.114     7.663 r  u_impl/u_tracker/is_better0_carry__0/CO[3]
                         net (fo=1, routed)           0.001     7.663    u_impl/u_tracker/is_better0_carry__0_n_0
    SLICE_X13Y100        CARRY4 (Prop_carry4_CI_CO[3])
                                                      0.114     7.777 r  u_impl/u_tracker/is_better0_carry__1/CO[3]
                         net (fo=1, routed)           0.000     7.777    u_impl/u_tracker/is_better0_carry__1_n_0
    SLICE_X13Y101        CARRY4 (Prop_carry4_CI_CO[3])
                                                      0.114     7.891 r  u_impl/u_tracker/is_better0_carry__2/CO[3]
                         net (fo=1, routed)           0.000     7.891    u_impl/u_tracker/is_better0_carry__2_n_0
    SLICE_X13Y102        CARRY4 (Prop_carry4_CI_CO[3])
                                                      0.114     8.005 r  u_impl/u_tracker/is_better0_carry__3/CO[3]
                         net (fo=1, routed)           0.000     8.005    u_impl/u_tracker/is_better0_carry__3_n_0
    SLICE_X13Y103        CARRY4 (Prop_carry4_CI_CO[3])
                                                      0.114     8.119 r  u_impl/u_tracker/is_better0_carry__4/CO[3]
                         net (fo=1, routed)           0.000     8.119    u_impl/u_tracker/is_better0_carry__4_n_0
    SLICE_X13Y104        CARRY4 (Prop_carry4_CI_CO[3])
                                                      0.114     8.233 r  u_impl/u_tracker/is_better0_carry__5/CO[3]
                         net (fo=1, routed)           0.000     8.233    u_impl/u_tracker/is_better0_carry__5_n_0
    SLICE_X13Y105        CARRY4 (Prop_carry4_CI_CO[3])
                                                      0.114     8.347 r  u_impl/u_tracker/is_better0_carry__6/CO[3]
                         net (fo=1, routed)           0.000     8.347    u_impl/u_tracker/is_better0_carry__6_n_0
    SLICE_X13Y106        CARRY4 (Prop_carry4_CI_CO[3])
                                                      0.114     8.461 r  u_impl/u_tracker/is_better0_carry__7/CO[3]
                         net (fo=1, routed)           0.000     8.461    u_impl/u_tracker/is_better0_carry__7_n_0
    SLICE_X13Y107        CARRY4 (Prop_carry4_CI_CO[3])
                                                      0.114     8.575 r  u_impl/u_tracker/is_better0_carry__8/CO[3]
                         net (fo=1, routed)           0.000     8.575    u_impl/u_tracker/is_better0_carry__8_n_0
    SLICE_X13Y108        CARRY4 (Prop_carry4_CI_CO[3])
                                                      0.114     8.689 r  u_impl/u_tracker/is_better0_carry__9/CO[3]
                         net (fo=1, routed)           0.000     8.689    u_impl/u_tracker/is_better0_carry__9_n_0
    SLICE_X13Y109        CARRY4 (Prop_carry4_CI_CO[3])
                                                      0.114     8.803 r  u_impl/u_tracker/is_better0_carry__10/CO[3]
                         net (fo=1, routed)           0.000     8.803    u_impl/u_tracker/is_better0_carry__10_n_0
    SLICE_X13Y110        CARRY4 (Prop_carry4_CI_CO[3])
                                                      0.114     8.917 r  u_impl/u_tracker/is_better0_carry__11/CO[3]
                         net (fo=1, routed)           0.000     8.917    u_impl/u_tracker/is_better0_carry__11_n_0
    SLICE_X13Y111        CARRY4 (Prop_carry4_CI_CO[3])
                                                      0.114     9.031 r  u_impl/u_tracker/is_better0_carry__12/CO[3]
                         net (fo=1, routed)           0.000     9.031    u_impl/u_tracker/is_better0_carry__12_n_0
    SLICE_X13Y112        CARRY4 (Prop_carry4_CI_CO[3])
                                                      0.114     9.145 r  u_impl/u_tracker/is_better0_carry__13/CO[3]
                         net (fo=1, routed)           0.000     9.145    u_impl/u_tracker/is_better0_carry__13_n_0
    SLICE_X13Y113        CARRY4 (Prop_carry4_CI_CO[3])
                                                      0.114     9.259 r  u_impl/u_tracker/is_better0_carry__14/CO[3]
                         net (fo=1, routed)           1.346    10.605    u_impl/u_accumulator/CO[0]
    SLICE_X8Y104         LUT5 (Prop_lut5_I4_O)        0.150    10.755 r  u_impl/u_accumulator/best_energy[127]_i_1/O
                         net (fo=251, routed)         1.407    12.163    u_impl/u_tracker/E[0]
    SLICE_X8Y83          FDRE                                         r  u_impl/u_tracker/best_energy_reg[0]_lopt_replica/CE
  -------------------------------------------------------------------    -------------------

                         (clock clk rise edge)       10.000    10.000 r  
    Y4                                                0.000    10.000 r  clk (IN)
                         net (fo=0)                   0.000    10.000    clk
    Y4                   IBUF (Prop_ibuf_I_O)         0.859    10.859 r  clk_IBUF_inst/O
                         net (fo=1, routed)           1.862    12.721    clk_IBUF
    BUFGCTRL_X0Y0        BUFG (Prop_bufg_I_O)         0.091    12.812 r  clk_IBUF_BUFG_inst/O
                         net (fo=2252, routed)        1.433    14.244    u_impl/u_tracker/clk_IBUF_BUFG
    SLICE_X8Y83          FDRE                                         r  u_impl/u_tracker/best_energy_reg[0]_lopt_replica/C
                         clock pessimism              0.322    14.566    
                         clock uncertainty           -0.035    14.531    
    SLICE_X8Y83          FDRE (Setup_fdre_C_CE)      -0.373    14.158    u_impl/u_tracker/best_energy_reg[0]_lopt_replica
  -------------------------------------------------------------------
                         required time                         14.158    
                         arrival time                         -12.163    
  -------------------------------------------------------------------
                         slack                                  1.995    

Slack (MET) :             1.995ns  (required time - arrival time)
  Source:                 u_impl/u_accumulator/bin_energy_reg[2]/C
                            (rising edge-triggered cell FDRE clocked by clk  {rise@0.000ns fall@5.000ns period=10.000ns})
  Destination:            u_impl/u_tracker/best_energy_reg[1]_lopt_replica/CE
                            (rising edge-triggered cell FDRE clocked by clk  {rise@0.000ns fall@5.000ns period=10.000ns})
  Path Group:             clk
  Path Type:              Setup (Max at Slow Process Corner)
  Requirement:            10.000ns  (clk rise@10.000ns - clk rise@0.000ns)
  Data Path Delay:        7.557ns  (logic 3.052ns (40.384%)  route 4.505ns (59.616%))
  Logic Levels:           18  (CARRY4=16 LUT4=1 LUT5=1)
  Clock Path Skew:        -0.039ns (DCD - SCD + CPR)
    Destination Clock Delay (DCD):    4.244ns = ( 14.244 - 10.000 ) 
    Source Clock Delay      (SCD):    4.605ns
    Clock Pessimism Removal (CPR):    0.322ns
  Clock Uncertainty:      0.035ns  ((TSJ^2 + TIJ^2)^1/2 + DJ) / 2 + PE
    Total System Jitter     (TSJ):    0.071ns
    Total Input Jitter      (TIJ):    0.000ns
    Discrete Jitter          (DJ):    0.000ns
    Phase Error              (PE):    0.000ns

    Location             Delay type                Incr(ns)  Path(ns)    Netlist Resource(s)
  -------------------------------------------------------------------    -------------------
                         (clock clk rise edge)        0.000     0.000 r  
    Y4                                                0.000     0.000 r  clk (IN)
                         net (fo=0)                   0.000     0.000    clk
    Y4                   IBUF (Prop_ibuf_I_O)         0.993     0.993 r  clk_IBUF_inst/O
                         net (fo=1, routed)           1.967     2.959    clk_IBUF
    BUFGCTRL_X0Y0        BUFG (Prop_bufg_I_O)         0.096     3.055 r  clk_IBUF_BUFG_inst/O
                         net (fo=2252, routed)        1.550     4.605    u_impl/u_accumulator/clk_IBUF_BUFG
    SLICE_X12Y84         FDRE                                         r  u_impl/u_accumulator/bin_energy_reg[2]/C
  -------------------------------------------------------------------    -------------------
    SLICE_X12Y84         FDRE (Prop_fdre_C_Q)         0.518     5.123 r  u_impl/u_accumulator/bin_energy_reg[2]/Q
                         net (fo=4, routed)           1.751     6.875    u_impl/u_accumulator/bin_energy_reg[127]_0[2]
    SLICE_X13Y98         LUT4 (Prop_lut4_I0_O)        0.124     6.999 r  u_impl/u_accumulator/is_better0_carry_i_7/O
                         net (fo=1, routed)           0.000     6.999    u_impl/u_tracker/S[1]
    SLICE_X13Y98         CARRY4 (Prop_carry4_S[1]_CO[3])
                                                      0.550     7.549 r  u_impl/u_tracker/is_better0_carry/CO[3]
                         net (fo=1, routed)           0.000     7.549    u_impl/u_tracker/is_better0_carry_n_0
    SLICE_X13Y99         CARRY4 (Prop_carry4_CI_CO[3])
                                                      0.114     7.663 r  u_impl/u_tracker/is_better0_carry__0/CO[3]
                         net (fo=1, routed)           0.001     7.663    u_impl/u_tracker/is_better0_carry__0_n_0
    SLICE_X13Y100        CARRY4 (Prop_carry4_CI_CO[3])
                                                      0.114     7.777 r  u_impl/u_tracker/is_better0_carry__1/CO[3]
                         net (fo=1, routed)           0.000     7.777    u_impl/u_tracker/is_better0_carry__1_n_0
    SLICE_X13Y101        CARRY4 (Prop_carry4_CI_CO[3])
                                                      0.114     7.891 r  u_impl/u_tracker/is_better0_carry__2/CO[3]
                         net (fo=1, routed)           0.000     7.891    u_impl/u_tracker/is_better0_carry__2_n_0
    SLICE_X13Y102        CARRY4 (Prop_carry4_CI_CO[3])
                                                      0.114     8.005 r  u_impl/u_tracker/is_better0_carry__3/CO[3]
                         net (fo=1, routed)           0.000     8.005    u_impl/u_tracker/is_better0_carry__3_n_0
    SLICE_X13Y103        CARRY4 (Prop_carry4_CI_CO[3])
                                                      0.114     8.119 r  u_impl/u_tracker/is_better0_carry__4/CO[3]
                         net (fo=1, routed)           0.000     8.119    u_impl/u_tracker/is_better0_carry__4_n_0
    SLICE_X13Y104        CARRY4 (Prop_carry4_CI_CO[3])
                                                      0.114     8.233 r  u_impl/u_tracker/is_better0_carry__5/CO[3]
                         net (fo=1, routed)           0.000     8.233    u_impl/u_tracker/is_better0_carry__5_n_0
    SLICE_X13Y105        CARRY4 (Prop_carry4_CI_CO[3])
                                                      0.114     8.347 r  u_impl/u_tracker/is_better0_carry__6/CO[3]
                         net (fo=1, routed)           0.000     8.347    u_impl/u_tracker/is_better0_carry__6_n_0
    SLICE_X13Y106        CARRY4 (Prop_carry4_CI_CO[3])
                                                      0.114     8.461 r  u_impl/u_tracker/is_better0_carry__7/CO[3]
                         net (fo=1, routed)           0.000     8.461    u_impl/u_tracker/is_better0_carry__7_n_0
    SLICE_X13Y107        CARRY4 (Prop_carry4_CI_CO[3])
                                                      0.114     8.575 r  u_impl/u_tracker/is_better0_carry__8/CO[3]
                         net (fo=1, routed)           0.000     8.575    u_impl/u_tracker/is_better0_carry__8_n_0
    SLICE_X13Y108        CARRY4 (Prop_carry4_CI_CO[3])
                                                      0.114     8.689 r  u_impl/u_tracker/is_better0_carry__9/CO[3]
                         net (fo=1, routed)           0.000     8.689    u_impl/u_tracker/is_better0_carry__9_n_0
    SLICE_X13Y109        CARRY4 (Prop_carry4_CI_CO[3])
                                                      0.114     8.803 r  u_impl/u_tracker/is_better0_carry__10/CO[3]
                         net (fo=1, routed)           0.000     8.803    u_impl/u_tracker/is_better0_carry__10_n_0
    SLICE_X13Y110        CARRY4 (Prop_carry4_CI_CO[3])
                                                      0.114     8.917 r  u_impl/u_tracker/is_better0_carry__11/CO[3]
                         net (fo=1, routed)           0.000     8.917    u_impl/u_tracker/is_better0_carry__11_n_0
    SLICE_X13Y111        CARRY4 (Prop_carry4_CI_CO[3])
                                                      0.114     9.031 r  u_impl/u_tracker/is_better0_carry__12/CO[3]
                         net (fo=1, routed)           0.000     9.031    u_impl/u_tracker/is_better0_carry__12_n_0
    SLICE_X13Y112        CARRY4 (Prop_carry4_CI_CO[3])
                                                      0.114     9.145 r  u_impl/u_tracker/is_better0_carry__13/CO[3]
                         net (fo=1, routed)           0.000     9.145    u_impl/u_tracker/is_better0_carry__13_n_0
    SLICE_X13Y113        CARRY4 (Prop_carry4_CI_CO[3])
                                                      0.114     9.259 r  u_impl/u_tracker/is_better0_carry__14/CO[3]
                         net (fo=1, routed)           1.346    10.605    u_impl/u_accumulator/CO[0]
    SLICE_X8Y104         LUT5 (Prop_lut5_I4_O)        0.150    10.755 r  u_impl/u_accumulator/best_energy[127]_i_1/O
                         net (fo=251, routed)         1.407    12.163    u_impl/u_tracker/E[0]
    SLICE_X8Y83          FDRE                                         r  u_impl/u_tracker/best_energy_reg[1]_lopt_replica/CE
  -------------------------------------------------------------------    -------------------

                         (clock clk rise edge)       10.000    10.000 r  
    Y4                                                0.000    10.000 r  clk (IN)
                         net (fo=0)                   0.000    10.000    clk
    Y4                   IBUF (Prop_ibuf_I_O)         0.859    10.859 r  clk_IBUF_inst/O
                         net (fo=1, routed)           1.862    12.721    clk_IBUF
    BUFGCTRL_X0Y0        BUFG (Prop_bufg_I_O)         0.091    12.812 r  clk_IBUF_BUFG_inst/O
                         net (fo=2252, routed)        1.433    14.244    u_impl/u_tracker/clk_IBUF_BUFG
    SLICE_X8Y83          FDRE                                         r  u_impl/u_tracker/best_energy_reg[1]_lopt_replica/C
                         clock pessimism              0.322    14.566    
                         clock uncertainty           -0.035    14.531    
    SLICE_X8Y83          FDRE (Setup_fdre_C_CE)      -0.373    14.158    u_impl/u_tracker/best_energy_reg[1]_lopt_replica
  -------------------------------------------------------------------
                         required time                         14.158    
                         arrival time                         -12.163    
  -------------------------------------------------------------------
                         slack                                  1.995    

Slack (MET) :             1.995ns  (required time - arrival time)
  Source:                 u_impl/u_accumulator/bin_energy_reg[2]/C
                            (rising edge-triggered cell FDRE clocked by clk  {rise@0.000ns fall@5.000ns period=10.000ns})
  Destination:            u_impl/u_tracker/best_energy_reg[3]_lopt_replica/CE
                            (rising edge-triggered cell FDRE clocked by clk  {rise@0.000ns fall@5.000ns period=10.000ns})
  Path Group:             clk
  Path Type:              Setup (Max at Slow Process Corner)
  Requirement:            10.000ns  (clk rise@10.000ns - clk rise@0.000ns)
  Data Path Delay:        7.557ns  (logic 3.052ns (40.384%)  route 4.505ns (59.616%))
  Logic Levels:           18  (CARRY4=16 LUT4=1 LUT5=1)
  Clock Path Skew:        -0.039ns (DCD - SCD + CPR)
    Destination Clock Delay (DCD):    4.244ns = ( 14.244 - 10.000 ) 
    Source Clock Delay      (SCD):    4.605ns
    Clock Pessimism Removal (CPR):    0.322ns
  Clock Uncertainty:      0.035ns  ((TSJ^2 + TIJ^2)^1/2 + DJ) / 2 + PE
    Total System Jitter     (TSJ):    0.071ns
    Total Input Jitter      (TIJ):    0.000ns
    Discrete Jitter          (DJ):    0.000ns
    Phase Error              (PE):    0.000ns

    Location             Delay type                Incr(ns)  Path(ns)    Netlist Resource(s)
  -------------------------------------------------------------------    -------------------
                         (clock clk rise edge)        0.000     0.000 r  
    Y4                                                0.000     0.000 r  clk (IN)
                         net (fo=0)                   0.000     0.000    clk
    Y4                   IBUF (Prop_ibuf_I_O)         0.993     0.993 r  clk_IBUF_inst/O
                         net (fo=1, routed)           1.967     2.959    clk_IBUF
    BUFGCTRL_X0Y0        BUFG (Prop_bufg_I_O)         0.096     3.055 r  clk_IBUF_BUFG_inst/O
                         net (fo=2252, routed)        1.550     4.605    u_impl/u_accumulator/clk_IBUF_BUFG
    SLICE_X12Y84         FDRE                                         r  u_impl/u_accumulator/bin_energy_reg[2]/C
  -------------------------------------------------------------------    -------------------
    SLICE_X12Y84         FDRE (Prop_fdre_C_Q)         0.518     5.123 r  u_impl/u_accumulator/bin_energy_reg[2]/Q
                         net (fo=4, routed)           1.751     6.875    u_impl/u_accumulator/bin_energy_reg[127]_0[2]
    SLICE_X13Y98         LUT4 (Prop_lut4_I0_O)        0.124     6.999 r  u_impl/u_accumulator/is_better0_carry_i_7/O
                         net (fo=1, routed)           0.000     6.999    u_impl/u_tracker/S[1]
    SLICE_X13Y98         CARRY4 (Prop_carry4_S[1]_CO[3])
                                                      0.550     7.549 r  u_impl/u_tracker/is_better0_carry/CO[3]
                         net (fo=1, routed)           0.000     7.549    u_impl/u_tracker/is_better0_carry_n_0
    SLICE_X13Y99         CARRY4 (Prop_carry4_CI_CO[3])
                                                      0.114     7.663 r  u_impl/u_tracker/is_better0_carry__0/CO[3]
                         net (fo=1, routed)           0.001     7.663    u_impl/u_tracker/is_better0_carry__0_n_0
    SLICE_X13Y100        CARRY4 (Prop_carry4_CI_CO[3])
                                                      0.114     7.777 r  u_impl/u_tracker/is_better0_carry__1/CO[3]
                         net (fo=1, routed)           0.000     7.777    u_impl/u_tracker/is_better0_carry__1_n_0
    SLICE_X13Y101        CARRY4 (Prop_carry4_CI_CO[3])
                                                      0.114     7.891 r  u_impl/u_tracker/is_better0_carry__2/CO[3]
                         net (fo=1, routed)           0.000     7.891    u_impl/u_tracker/is_better0_carry__2_n_0
    SLICE_X13Y102        CARRY4 (Prop_carry4_CI_CO[3])
                                                      0.114     8.005 r  u_impl/u_tracker/is_better0_carry__3/CO[3]
                         net (fo=1, routed)           0.000     8.005    u_impl/u_tracker/is_better0_carry__3_n_0
    SLICE_X13Y103        CARRY4 (Prop_carry4_CI_CO[3])
                                                      0.114     8.119 r  u_impl/u_tracker/is_better0_carry__4/CO[3]
                         net (fo=1, routed)           0.000     8.119    u_impl/u_tracker/is_better0_carry__4_n_0
    SLICE_X13Y104        CARRY4 (Prop_carry4_CI_CO[3])
                                                      0.114     8.233 r  u_impl/u_tracker/is_better0_carry__5/CO[3]
                         net (fo=1, routed)           0.000     8.233    u_impl/u_tracker/is_better0_carry__5_n_0
    SLICE_X13Y105        CARRY4 (Prop_carry4_CI_CO[3])
                                                      0.114     8.347 r  u_impl/u_tracker/is_better0_carry__6/CO[3]
                         net (fo=1, routed)           0.000     8.347    u_impl/u_tracker/is_better0_carry__6_n_0
    SLICE_X13Y106        CARRY4 (Prop_carry4_CI_CO[3])
                                                      0.114     8.461 r  u_impl/u_tracker/is_better0_carry__7/CO[3]
                         net (fo=1, routed)           0.000     8.461    u_impl/u_tracker/is_better0_carry__7_n_0
    SLICE_X13Y107        CARRY4 (Prop_carry4_CI_CO[3])
                                                      0.114     8.575 r  u_impl/u_tracker/is_better0_carry__8/CO[3]
                         net (fo=1, routed)           0.000     8.575    u_impl/u_tracker/is_better0_carry__8_n_0
    SLICE_X13Y108        CARRY4 (Prop_carry4_CI_CO[3])
                                                      0.114     8.689 r  u_impl/u_tracker/is_better0_carry__9/CO[3]
                         net (fo=1, routed)           0.000     8.689    u_impl/u_tracker/is_better0_carry__9_n_0
    SLICE_X13Y109        CARRY4 (Prop_carry4_CI_CO[3])
                                                      0.114     8.803 r  u_impl/u_tracker/is_better0_carry__10/CO[3]
                         net (fo=1, routed)           0.000     8.803    u_impl/u_tracker/is_better0_carry__10_n_0
    SLICE_X13Y110        CARRY4 (Prop_carry4_CI_CO[3])
                                                      0.114     8.917 r  u_impl/u_tracker/is_better0_carry__11/CO[3]
                         net (fo=1, routed)           0.000     8.917    u_impl/u_tracker/is_better0_carry__11_n_0
    SLICE_X13Y111        CARRY4 (Prop_carry4_CI_CO[3])
                                                      0.114     9.031 r  u_impl/u_tracker/is_better0_carry__12/CO[3]
                         net (fo=1, routed)           0.000     9.031    u_impl/u_tracker/is_better0_carry__12_n_0
    SLICE_X13Y112        CARRY4 (Prop_carry4_CI_CO[3])
                                                      0.114     9.145 r  u_impl/u_tracker/is_better0_carry__13/CO[3]
                         net (fo=1, routed)           0.000     9.145    u_impl/u_tracker/is_better0_carry__13_n_0
    SLICE_X13Y113        CARRY4 (Prop_carry4_CI_CO[3])
                                                      0.114     9.259 r  u_impl/u_tracker/is_better0_carry__14/CO[3]
                         net (fo=1, routed)           1.346    10.605    u_impl/u_accumulator/CO[0]
    SLICE_X8Y104         LUT5 (Prop_lut5_I4_O)        0.150    10.755 r  u_impl/u_accumulator/best_energy[127]_i_1/O
                         net (fo=251, routed)         1.407    12.163    u_impl/u_tracker/E[0]
    SLICE_X8Y83          FDRE                                         r  u_impl/u_tracker/best_energy_reg[3]_lopt_replica/CE
  -------------------------------------------------------------------    -------------------

                         (clock clk rise edge)       10.000    10.000 r  
    Y4                                                0.000    10.000 r  clk (IN)
                         net (fo=0)                   0.000    10.000    clk
    Y4                   IBUF (Prop_ibuf_I_O)         0.859    10.859 r  clk_IBUF_inst/O
                         net (fo=1, routed)           1.862    12.721    clk_IBUF
    BUFGCTRL_X0Y0        BUFG (Prop_bufg_I_O)         0.091    12.812 r  clk_IBUF_BUFG_inst/O
                         net (fo=2252, routed)        1.433    14.244    u_impl/u_tracker/clk_IBUF_BUFG
    SLICE_X8Y83          FDRE                                         r  u_impl/u_tracker/best_energy_reg[3]_lopt_replica/C
                         clock pessimism              0.322    14.566    
                         clock uncertainty           -0.035    14.531    
    SLICE_X8Y83          FDRE (Setup_fdre_C_CE)      -0.373    14.158    u_impl/u_tracker/best_energy_reg[3]_lopt_replica
  -------------------------------------------------------------------
                         required time                         14.158    
                         arrival time                         -12.163    
  -------------------------------------------------------------------
                         slack                                  1.995    

Slack (MET) :             2.020ns  (required time - arrival time)
  Source:                 u_impl/u_accumulator/bin_energy_reg[2]/C
                            (rising edge-triggered cell FDRE clocked by clk  {rise@0.000ns fall@5.000ns period=10.000ns})
  Destination:            u_impl/u_tracker/best_energy_reg[18]_lopt_replica/CE
                            (rising edge-triggered cell FDRE clocked by clk  {rise@0.000ns fall@5.000ns period=10.000ns})
  Path Group:             clk
  Path Type:              Setup (Max at Slow Process Corner)
  Requirement:            10.000ns  (clk rise@10.000ns - clk rise@0.000ns)
  Data Path Delay:        7.537ns  (logic 3.052ns (40.496%)  route 4.485ns (59.504%))
  Logic Levels:           18  (CARRY4=16 LUT4=1 LUT5=1)
  Clock Path Skew:        -0.035ns (DCD - SCD + CPR)
    Destination Clock Delay (DCD):    4.248ns = ( 14.248 - 10.000 ) 
    Source Clock Delay      (SCD):    4.605ns
    Clock Pessimism Removal (CPR):    0.322ns
  Clock Uncertainty:      0.035ns  ((TSJ^2 + TIJ^2)^1/2 + DJ) / 2 + PE
    Total System Jitter     (TSJ):    0.071ns
    Total Input Jitter      (TIJ):    0.000ns
    Discrete Jitter          (DJ):    0.000ns
    Phase Error              (PE):    0.000ns

    Location             Delay type                Incr(ns)  Path(ns)    Netlist Resource(s)
  -------------------------------------------------------------------    -------------------
                         (clock clk rise edge)        0.000     0.000 r  
    Y4                                                0.000     0.000 r  clk (IN)
                         net (fo=0)                   0.000     0.000    clk
    Y4                   IBUF (Prop_ibuf_I_O)         0.993     0.993 r  clk_IBUF_inst/O
                         net (fo=1, routed)           1.967     2.959    clk_IBUF
    BUFGCTRL_X0Y0        BUFG (Prop_bufg_I_O)         0.096     3.055 r  clk_IBUF_BUFG_inst/O
                         net (fo=2252, routed)        1.550     4.605    u_impl/u_accumulator/clk_IBUF_BUFG
    SLICE_X12Y84         FDRE                                         r  u_impl/u_accumulator/bin_energy_reg[2]/C
  -------------------------------------------------------------------    -------------------
    SLICE_X12Y84         FDRE (Prop_fdre_C_Q)         0.518     5.123 r  u_impl/u_accumulator/bin_energy_reg[2]/Q
                         net (fo=4, routed)           1.751     6.875    u_impl/u_accumulator/bin_energy_reg[127]_0[2]
    SLICE_X13Y98         LUT4 (Prop_lut4_I0_O)        0.124     6.999 r  u_impl/u_accumulator/is_better0_carry_i_7/O
                         net (fo=1, routed)           0.000     6.999    u_impl/u_tracker/S[1]
    SLICE_X13Y98         CARRY4 (Prop_carry4_S[1]_CO[3])
                                                      0.550     7.549 r  u_impl/u_tracker/is_better0_carry/CO[3]
                         net (fo=1, routed)           0.000     7.549    u_impl/u_tracker/is_better0_carry_n_0
    SLICE_X13Y99         CARRY4 (Prop_carry4_CI_CO[3])
                                                      0.114     7.663 r  u_impl/u_tracker/is_better0_carry__0/CO[3]
                         net (fo=1, routed)           0.001     7.663    u_impl/u_tracker/is_better0_carry__0_n_0
    SLICE_X13Y100        CARRY4 (Prop_carry4_CI_CO[3])
                                                      0.114     7.777 r  u_impl/u_tracker/is_better0_carry__1/CO[3]
                         net (fo=1, routed)           0.000     7.777    u_impl/u_tracker/is_better0_carry__1_n_0
    SLICE_X13Y101        CARRY4 (Prop_carry4_CI_CO[3])
                                                      0.114     7.891 r  u_impl/u_tracker/is_better0_carry__2/CO[3]
                         net (fo=1, routed)           0.000     7.891    u_impl/u_tracker/is_better0_carry__2_n_0
    SLICE_X13Y102        CARRY4 (Prop_carry4_CI_CO[3])
                                                      0.114     8.005 r  u_impl/u_tracker/is_better0_carry__3/CO[3]
                         net (fo=1, routed)           0.000     8.005    u_impl/u_tracker/is_better0_carry__3_n_0
    SLICE_X13Y103        CARRY4 (Prop_carry4_CI_CO[3])
                                                      0.114     8.119 r  u_impl/u_tracker/is_better0_carry__4/CO[3]
                         net (fo=1, routed)           0.000     8.119    u_impl/u_tracker/is_better0_carry__4_n_0
    SLICE_X13Y104        CARRY4 (Prop_carry4_CI_CO[3])
                                                      0.114     8.233 r  u_impl/u_tracker/is_better0_carry__5/CO[3]
                         net (fo=1, routed)           0.000     8.233    u_impl/u_tracker/is_better0_carry__5_n_0
    SLICE_X13Y105        CARRY4 (Prop_carry4_CI_CO[3])
                                                      0.114     8.347 r  u_impl/u_tracker/is_better0_carry__6/CO[3]
                         net (fo=1, routed)           0.000     8.347    u_impl/u_tracker/is_better0_carry__6_n_0
    SLICE_X13Y106        CARRY4 (Prop_carry4_CI_CO[3])
                                                      0.114     8.461 r  u_impl/u_tracker/is_better0_carry__7/CO[3]
                         net (fo=1, routed)           0.000     8.461    u_impl/u_tracker/is_better0_carry__7_n_0
    SLICE_X13Y107        CARRY4 (Prop_carry4_CI_CO[3])
                                                      0.114     8.575 r  u_impl/u_tracker/is_better0_carry__8/CO[3]
                         net (fo=1, routed)           0.000     8.575    u_impl/u_tracker/is_better0_carry__8_n_0
    SLICE_X13Y108        CARRY4 (Prop_carry4_CI_CO[3])
                                                      0.114     8.689 r  u_impl/u_tracker/is_better0_carry__9/CO[3]
                         net (fo=1, routed)           0.000     8.689    u_impl/u_tracker/is_better0_carry__9_n_0
    SLICE_X13Y109        CARRY4 (Prop_carry4_CI_CO[3])
                                                      0.114     8.803 r  u_impl/u_tracker/is_better0_carry__10/CO[3]
                         net (fo=1, routed)           0.000     8.803    u_impl/u_tracker/is_better0_carry__10_n_0
    SLICE_X13Y110        CARRY4 (Prop_carry4_CI_CO[3])
                                                      0.114     8.917 r  u_impl/u_tracker/is_better0_carry__11/CO[3]
                         net (fo=1, routed)           0.000     8.917    u_impl/u_tracker/is_better0_carry__11_n_0
    SLICE_X13Y111        CARRY4 (Prop_carry4_CI_CO[3])
                                                      0.114     9.031 r  u_impl/u_tracker/is_better0_carry__12/CO[3]
                         net (fo=1, routed)           0.000     9.031    u_impl/u_tracker/is_better0_carry__12_n_0
    SLICE_X13Y112        CARRY4 (Prop_carry4_CI_CO[3])
                                                      0.114     9.145 r  u_impl/u_tracker/is_better0_carry__13/CO[3]
                         net (fo=1, routed)           0.000     9.145    u_impl/u_tracker/is_better0_carry__13_n_0
    SLICE_X13Y113        CARRY4 (Prop_carry4_CI_CO[3])
                                                      0.114     9.259 r  u_impl/u_tracker/is_better0_carry__14/CO[3]
                         net (fo=1, routed)           1.346    10.605    u_impl/u_accumulator/CO[0]
    SLICE_X8Y104         LUT5 (Prop_lut5_I4_O)        0.150    10.755 r  u_impl/u_accumulator/best_energy[127]_i_1/O
                         net (fo=251, routed)         1.387    12.142    u_impl/u_tracker/E[0]
    SLICE_X8Y88          FDRE                                         r  u_impl/u_tracker/best_energy_reg[18]_lopt_replica/CE
  -------------------------------------------------------------------    -------------------

                         (clock clk rise edge)       10.000    10.000 r  
    Y4                                                0.000    10.000 r  clk (IN)
                         net (fo=0)                   0.000    10.000    clk
    Y4                   IBUF (Prop_ibuf_I_O)         0.859    10.859 r  clk_IBUF_inst/O
                         net (fo=1, routed)           1.862    12.721    clk_IBUF
    BUFGCTRL_X0Y0        BUFG (Prop_bufg_I_O)         0.091    12.812 r  clk_IBUF_BUFG_inst/O
                         net (fo=2252, routed)        1.437    14.248    u_impl/u_tracker/clk_IBUF_BUFG
    SLICE_X8Y88          FDRE                                         r  u_impl/u_tracker/best_energy_reg[18]_lopt_replica/C
                         clock pessimism              0.322    14.570    
                         clock uncertainty           -0.035    14.535    
    SLICE_X8Y88          FDRE (Setup_fdre_C_CE)      -0.373    14.162    u_impl/u_tracker/best_energy_reg[18]_lopt_replica
  -------------------------------------------------------------------
                         required time                         14.162    
                         arrival time                         -12.142    
  -------------------------------------------------------------------
                         slack                                  2.020    

Slack (MET) :             2.020ns  (required time - arrival time)
  Source:                 u_impl/u_accumulator/bin_energy_reg[2]/C
                            (rising edge-triggered cell FDRE clocked by clk  {rise@0.000ns fall@5.000ns period=10.000ns})
  Destination:            u_impl/u_tracker/best_energy_reg[21]_lopt_replica/CE
                            (rising edge-triggered cell FDRE clocked by clk  {rise@0.000ns fall@5.000ns period=10.000ns})
  Path Group:             clk
  Path Type:              Setup (Max at Slow Process Corner)
  Requirement:            10.000ns  (clk rise@10.000ns - clk rise@0.000ns)
  Data Path Delay:        7.537ns  (logic 3.052ns (40.496%)  route 4.485ns (59.504%))
  Logic Levels:           18  (CARRY4=16 LUT4=1 LUT5=1)
  Clock Path Skew:        -0.035ns (DCD - SCD + CPR)
    Destination Clock Delay (DCD):    4.248ns = ( 14.248 - 10.000 ) 
    Source Clock Delay      (SCD):    4.605ns
    Clock Pessimism Removal (CPR):    0.322ns
  Clock Uncertainty:      0.035ns  ((TSJ^2 + TIJ^2)^1/2 + DJ) / 2 + PE
    Total System Jitter     (TSJ):    0.071ns
    Total Input Jitter      (TIJ):    0.000ns
    Discrete Jitter          (DJ):    0.000ns
    Phase Error              (PE):    0.000ns

    Location             Delay type                Incr(ns)  Path(ns)    Netlist Resource(s)
  -------------------------------------------------------------------    -------------------
                         (clock clk rise edge)        0.000     0.000 r  
    Y4                                                0.000     0.000 r  clk (IN)
                         net (fo=0)                   0.000     0.000    clk
    Y4                   IBUF (Prop_ibuf_I_O)         0.993     0.993 r  clk_IBUF_inst/O
                         net (fo=1, routed)           1.967     2.959    clk_IBUF
    BUFGCTRL_X0Y0        BUFG (Prop_bufg_I_O)         0.096     3.055 r  clk_IBUF_BUFG_inst/O
                         net (fo=2252, routed)        1.550     4.605    u_impl/u_accumulator/clk_IBUF_BUFG
    SLICE_X12Y84         FDRE                                         r  u_impl/u_accumulator/bin_energy_reg[2]/C
  -------------------------------------------------------------------    -------------------
    SLICE_X12Y84         FDRE (Prop_fdre_C_Q)         0.518     5.123 r  u_impl/u_accumulator/bin_energy_reg[2]/Q
                         net (fo=4, routed)           1.751     6.875    u_impl/u_accumulator/bin_energy_reg[127]_0[2]
    SLICE_X13Y98         LUT4 (Prop_lut4_I0_O)        0.124     6.999 r  u_impl/u_accumulator/is_better0_carry_i_7/O
                         net (fo=1, routed)           0.000     6.999    u_impl/u_tracker/S[1]
    SLICE_X13Y98         CARRY4 (Prop_carry4_S[1]_CO[3])
                                                      0.550     7.549 r  u_impl/u_tracker/is_better0_carry/CO[3]
                         net (fo=1, routed)           0.000     7.549    u_impl/u_tracker/is_better0_carry_n_0
    SLICE_X13Y99         CARRY4 (Prop_carry4_CI_CO[3])
                                                      0.114     7.663 r  u_impl/u_tracker/is_better0_carry__0/CO[3]
                         net (fo=1, routed)           0.001     7.663    u_impl/u_tracker/is_better0_carry__0_n_0
    SLICE_X13Y100        CARRY4 (Prop_carry4_CI_CO[3])
                                                      0.114     7.777 r  u_impl/u_tracker/is_better0_carry__1/CO[3]
                         net (fo=1, routed)           0.000     7.777    u_impl/u_tracker/is_better0_carry__1_n_0
    SLICE_X13Y101        CARRY4 (Prop_carry4_CI_CO[3])
                                                      0.114     7.891 r  u_impl/u_tracker/is_better0_carry__2/CO[3]
                         net (fo=1, routed)           0.000     7.891    u_impl/u_tracker/is_better0_carry__2_n_0
    SLICE_X13Y102        CARRY4 (Prop_carry4_CI_CO[3])
                                                      0.114     8.005 r  u_impl/u_tracker/is_better0_carry__3/CO[3]
                         net (fo=1, routed)           0.000     8.005    u_impl/u_tracker/is_better0_carry__3_n_0
    SLICE_X13Y103        CARRY4 (Prop_carry4_CI_CO[3])
                                                      0.114     8.119 r  u_impl/u_tracker/is_better0_carry__4/CO[3]
                         net (fo=1, routed)           0.000     8.119    u_impl/u_tracker/is_better0_carry__4_n_0
    SLICE_X13Y104        CARRY4 (Prop_carry4_CI_CO[3])
                                                      0.114     8.233 r  u_impl/u_tracker/is_better0_carry__5/CO[3]
                         net (fo=1, routed)           0.000     8.233    u_impl/u_tracker/is_better0_carry__5_n_0
    SLICE_X13Y105        CARRY4 (Prop_carry4_CI_CO[3])
                                                      0.114     8.347 r  u_impl/u_tracker/is_better0_carry__6/CO[3]
                         net (fo=1, routed)           0.000     8.347    u_impl/u_tracker/is_better0_carry__6_n_0
    SLICE_X13Y106        CARRY4 (Prop_carry4_CI_CO[3])
                                                      0.114     8.461 r  u_impl/u_tracker/is_better0_carry__7/CO[3]
                         net (fo=1, routed)           0.000     8.461    u_impl/u_tracker/is_better0_carry__7_n_0
    SLICE_X13Y107        CARRY4 (Prop_carry4_CI_CO[3])
                                                      0.114     8.575 r  u_impl/u_tracker/is_better0_carry__8/CO[3]
                         net (fo=1, routed)           0.000     8.575    u_impl/u_tracker/is_better0_carry__8_n_0
    SLICE_X13Y108        CARRY4 (Prop_carry4_CI_CO[3])
                                                      0.114     8.689 r  u_impl/u_tracker/is_better0_carry__9/CO[3]
                         net (fo=1, routed)           0.000     8.689    u_impl/u_tracker/is_better0_carry__9_n_0
    SLICE_X13Y109        CARRY4 (Prop_carry4_CI_CO[3])
                                                      0.114     8.803 r  u_impl/u_tracker/is_better0_carry__10/CO[3]
                         net (fo=1, routed)           0.000     8.803    u_impl/u_tracker/is_better0_carry__10_n_0
    SLICE_X13Y110        CARRY4 (Prop_carry4_CI_CO[3])
                                                      0.114     8.917 r  u_impl/u_tracker/is_better0_carry__11/CO[3]
                         net (fo=1, routed)           0.000     8.917    u_impl/u_tracker/is_better0_carry__11_n_0
    SLICE_X13Y111        CARRY4 (Prop_carry4_CI_CO[3])
                                                      0.114     9.031 r  u_impl/u_tracker/is_better0_carry__12/CO[3]
                         net (fo=1, routed)           0.000     9.031    u_impl/u_tracker/is_better0_carry__12_n_0
    SLICE_X13Y112        CARRY4 (Prop_carry4_CI_CO[3])
                                                      0.114     9.145 r  u_impl/u_tracker/is_better0_carry__13/CO[3]
                         net (fo=1, routed)           0.000     9.145    u_impl/u_tracker/is_better0_carry__13_n_0
    SLICE_X13Y113        CARRY4 (Prop_carry4_CI_CO[3])
                                                      0.114     9.259 r  u_impl/u_tracker/is_better0_carry__14/CO[3]
                         net (fo=1, routed)           1.346    10.605    u_impl/u_accumulator/CO[0]
    SLICE_X8Y104         LUT5 (Prop_lut5_I4_O)        0.150    10.755 r  u_impl/u_accumulator/best_energy[127]_i_1/O
                         net (fo=251, routed)         1.387    12.142    u_impl/u_tracker/E[0]
    SLICE_X8Y88          FDRE                                         r  u_impl/u_tracker/best_energy_reg[21]_lopt_replica/CE
  -------------------------------------------------------------------    -------------------

                         (clock clk rise edge)       10.000    10.000 r  
    Y4                                                0.000    10.000 r  clk (IN)
                         net (fo=0)                   0.000    10.000    clk
    Y4                   IBUF (Prop_ibuf_I_O)         0.859    10.859 r  clk_IBUF_inst/O
                         net (fo=1, routed)           1.862    12.721    clk_IBUF
    BUFGCTRL_X0Y0        BUFG (Prop_bufg_I_O)         0.091    12.812 r  clk_IBUF_BUFG_inst/O
                         net (fo=2252, routed)        1.437    14.248    u_impl/u_tracker/clk_IBUF_BUFG
    SLICE_X8Y88          FDRE                                         r  u_impl/u_tracker/best_energy_reg[21]_lopt_replica/C
                         clock pessimism              0.322    14.570    
                         clock uncertainty           -0.035    14.535    
    SLICE_X8Y88          FDRE (Setup_fdre_C_CE)      -0.373    14.162    u_impl/u_tracker/best_energy_reg[21]_lopt_replica
  -------------------------------------------------------------------
                         required time                         14.162    
                         arrival time                         -12.142    
  -------------------------------------------------------------------
                         slack                                  2.020    

Slack (MET) :             2.020ns  (required time - arrival time)
  Source:                 u_impl/u_accumulator/bin_energy_reg[2]/C
                            (rising edge-triggered cell FDRE clocked by clk  {rise@0.000ns fall@5.000ns period=10.000ns})
  Destination:            u_impl/u_tracker/best_energy_reg[22]_lopt_replica/CE
                            (rising edge-triggered cell FDRE clocked by clk  {rise@0.000ns fall@5.000ns period=10.000ns})
  Path Group:             clk
  Path Type:              Setup (Max at Slow Process Corner)
  Requirement:            10.000ns  (clk rise@10.000ns - clk rise@0.000ns)
  Data Path Delay:        7.537ns  (logic 3.052ns (40.496%)  route 4.485ns (59.504%))
  Logic Levels:           18  (CARRY4=16 LUT4=1 LUT5=1)
  Clock Path Skew:        -0.035ns (DCD - SCD + CPR)
    Destination Clock Delay (DCD):    4.248ns = ( 14.248 - 10.000 ) 
    Source Clock Delay      (SCD):    4.605ns
    Clock Pessimism Removal (CPR):    0.322ns
  Clock Uncertainty:      0.035ns  ((TSJ^2 + TIJ^2)^1/2 + DJ) / 2 + PE
    Total System Jitter     (TSJ):    0.071ns
    Total Input Jitter      (TIJ):    0.000ns
    Discrete Jitter          (DJ):    0.000ns
    Phase Error              (PE):    0.000ns

    Location             Delay type                Incr(ns)  Path(ns)    Netlist Resource(s)
  -------------------------------------------------------------------    -------------------
                         (clock clk rise edge)        0.000     0.000 r  
    Y4                                                0.000     0.000 r  clk (IN)
                         net (fo=0)                   0.000     0.000    clk
    Y4                   IBUF (Prop_ibuf_I_O)         0.993     0.993 r  clk_IBUF_inst/O
                         net (fo=1, routed)           1.967     2.959    clk_IBUF
    BUFGCTRL_X0Y0        BUFG (Prop_bufg_I_O)         0.096     3.055 r  clk_IBUF_BUFG_inst/O
                         net (fo=2252, routed)        1.550     4.605    u_impl/u_accumulator/clk_IBUF_BUFG
    SLICE_X12Y84         FDRE                                         r  u_impl/u_accumulator/bin_energy_reg[2]/C
  -------------------------------------------------------------------    -------------------
    SLICE_X12Y84         FDRE (Prop_fdre_C_Q)         0.518     5.123 r  u_impl/u_accumulator/bin_energy_reg[2]/Q
                         net (fo=4, routed)           1.751     6.875    u_impl/u_accumulator/bin_energy_reg[127]_0[2]
    SLICE_X13Y98         LUT4 (Prop_lut4_I0_O)        0.124     6.999 r  u_impl/u_accumulator/is_better0_carry_i_7/O
                         net (fo=1, routed)           0.000     6.999    u_impl/u_tracker/S[1]
    SLICE_X13Y98         CARRY4 (Prop_carry4_S[1]_CO[3])
                                                      0.550     7.549 r  u_impl/u_tracker/is_better0_carry/CO[3]
                         net (fo=1, routed)           0.000     7.549    u_impl/u_tracker/is_better0_carry_n_0
    SLICE_X13Y99         CARRY4 (Prop_carry4_CI_CO[3])
                                                      0.114     7.663 r  u_impl/u_tracker/is_better0_carry__0/CO[3]
                         net (fo=1, routed)           0.001     7.663    u_impl/u_tracker/is_better0_carry__0_n_0
    SLICE_X13Y100        CARRY4 (Prop_carry4_CI_CO[3])
                                                      0.114     7.777 r  u_impl/u_tracker/is_better0_carry__1/CO[3]
                         net (fo=1, routed)           0.000     7.777    u_impl/u_tracker/is_better0_carry__1_n_0
    SLICE_X13Y101        CARRY4 (Prop_carry4_CI_CO[3])
                                                      0.114     7.891 r  u_impl/u_tracker/is_better0_carry__2/CO[3]
                         net (fo=1, routed)           0.000     7.891    u_impl/u_tracker/is_better0_carry__2_n_0
    SLICE_X13Y102        CARRY4 (Prop_carry4_CI_CO[3])
                                                      0.114     8.005 r  u_impl/u_tracker/is_better0_carry__3/CO[3]
                         net (fo=1, routed)           0.000     8.005    u_impl/u_tracker/is_better0_carry__3_n_0
    SLICE_X13Y103        CARRY4 (Prop_carry4_CI_CO[3])
                                                      0.114     8.119 r  u_impl/u_tracker/is_better0_carry__4/CO[3]
                         net (fo=1, routed)           0.000     8.119    u_impl/u_tracker/is_better0_carry__4_n_0
    SLICE_X13Y104        CARRY4 (Prop_carry4_CI_CO[3])
                                                      0.114     8.233 r  u_impl/u_tracker/is_better0_carry__5/CO[3]
                         net (fo=1, routed)           0.000     8.233    u_impl/u_tracker/is_better0_carry__5_n_0
    SLICE_X13Y105        CARRY4 (Prop_carry4_CI_CO[3])
                                                      0.114     8.347 r  u_impl/u_tracker/is_better0_carry__6/CO[3]
                         net (fo=1, routed)           0.000     8.347    u_impl/u_tracker/is_better0_carry__6_n_0
    SLICE_X13Y106        CARRY4 (Prop_carry4_CI_CO[3])
                                                      0.114     8.461 r  u_impl/u_tracker/is_better0_carry__7/CO[3]
                         net (fo=1, routed)           0.000     8.461    u_impl/u_tracker/is_better0_carry__7_n_0
    SLICE_X13Y107        CARRY4 (Prop_carry4_CI_CO[3])
                                                      0.114     8.575 r  u_impl/u_tracker/is_better0_carry__8/CO[3]
                         net (fo=1, routed)           0.000     8.575    u_impl/u_tracker/is_better0_carry__8_n_0
    SLICE_X13Y108        CARRY4 (Prop_carry4_CI_CO[3])
                                                      0.114     8.689 r  u_impl/u_tracker/is_better0_carry__9/CO[3]
                         net (fo=1, routed)           0.000     8.689    u_impl/u_tracker/is_better0_carry__9_n_0
    SLICE_X13Y109        CARRY4 (Prop_carry4_CI_CO[3])
                                                      0.114     8.803 r  u_impl/u_tracker/is_better0_carry__10/CO[3]
                         net (fo=1, routed)           0.000     8.803    u_impl/u_tracker/is_better0_carry__10_n_0
    SLICE_X13Y110        CARRY4 (Prop_carry4_CI_CO[3])
                                                      0.114     8.917 r  u_impl/u_tracker/is_better0_carry__11/CO[3]
                         net (fo=1, routed)           0.000     8.917    u_impl/u_tracker/is_better0_carry__11_n_0
    SLICE_X13Y111        CARRY4 (Prop_carry4_CI_CO[3])
                                                      0.114     9.031 r  u_impl/u_tracker/is_better0_carry__12/CO[3]
                         net (fo=1, routed)           0.000     9.031    u_impl/u_tracker/is_better0_carry__12_n_0
    SLICE_X13Y112        CARRY4 (Prop_carry4_CI_CO[3])
                                                      0.114     9.145 r  u_impl/u_tracker/is_better0_carry__13/CO[3]
                         net (fo=1, routed)           0.000     9.145    u_impl/u_tracker/is_better0_carry__13_n_0
    SLICE_X13Y113        CARRY4 (Prop_carry4_CI_CO[3])
                                                      0.114     9.259 r  u_impl/u_tracker/is_better0_carry__14/CO[3]
                         net (fo=1, routed)           1.346    10.605    u_impl/u_accumulator/CO[0]
    SLICE_X8Y104         LUT5 (Prop_lut5_I4_O)        0.150    10.755 r  u_impl/u_accumulator/best_energy[127]_i_1/O
                         net (fo=251, routed)         1.387    12.142    u_impl/u_tracker/E[0]
    SLICE_X8Y88          FDRE                                         r  u_impl/u_tracker/best_energy_reg[22]_lopt_replica/CE
  -------------------------------------------------------------------    -------------------

                         (clock clk rise edge)       10.000    10.000 r  
    Y4                                                0.000    10.000 r  clk (IN)
                         net (fo=0)                   0.000    10.000    clk
    Y4                   IBUF (Prop_ibuf_I_O)         0.859    10.859 r  clk_IBUF_inst/O
                         net (fo=1, routed)           1.862    12.721    clk_IBUF
    BUFGCTRL_X0Y0        BUFG (Prop_bufg_I_O)         0.091    12.812 r  clk_IBUF_BUFG_inst/O
                         net (fo=2252, routed)        1.437    14.248    u_impl/u_tracker/clk_IBUF_BUFG
    SLICE_X8Y88          FDRE                                         r  u_impl/u_tracker/best_energy_reg[22]_lopt_replica/C
                         clock pessimism              0.322    14.570    
                         clock uncertainty           -0.035    14.535    
    SLICE_X8Y88          FDRE (Setup_fdre_C_CE)      -0.373    14.162    u_impl/u_tracker/best_energy_reg[22]_lopt_replica
  -------------------------------------------------------------------
                         required time                         14.162    
                         arrival time                         -12.142    
  -------------------------------------------------------------------
                         slack                                  2.020    




