Copyright 1986-2022 Xilinx, Inc. All Rights Reserved. Copyright 2022-2025 Advanced Micro Devices, Inc. All Rights Reserved.
-----------------------------------------------------------------------------------------------------------------------------------------------------------------------------
| Tool Version : Vivado v.2025.2 (win64) Build 6299465 Fri Nov 14 19:35:11 GMT 2025
| Date         : Sun May  3 21:06:22 2026
| Host         : Navnil_Desktop running 64-bit major release  (build 9200)
| Command      : report_timing -max_paths 10 -file C:/Users/CHOUDN3/Downloads/VLSI_project/reports/pipelined_plus5_firout_accbuf_energy64_impl/post_route_critical_paths.rpt
| Design       : lockin_pipelined_plus5_firout_accbuf_energy64_top
| Device       : 7a35t-fgg484
| Speed File   : -1  PRODUCTION 1.23 2018-06-13
| Design State : Routed
-----------------------------------------------------------------------------------------------------------------------------------------------------------------------------

Timing Report

Slack (MET) :             2.548ns  (required time - arrival time)
  Source:                 u_impl/gen_narrow_mag.u_mag/q_square0__3/CLK
                            (rising edge-triggered cell DSP48E1 clocked by clk  {rise@0.000ns fall@5.000ns period=10.000ns})
  Destination:            u_impl/gen_narrow_mag.u_mag/q_square_reg__0/PCIN[0]
                            (rising edge-triggered cell DSP48E1 clocked by clk  {rise@0.000ns fall@5.000ns period=10.000ns})
  Path Group:             clk
  Path Type:              Setup (Max at Slow Process Corner)
  Requirement:            10.000ns  (clk rise@10.000ns - clk rise@0.000ns)
  Data Path Delay:        5.977ns  (logic 5.919ns (99.033%)  route 0.058ns (0.967%))
  Logic Levels:           1  (DSP48E1=1)
  Clock Path Skew:        -0.040ns (DCD - SCD + CPR)
    Destination Clock Delay (DCD):    4.326ns = ( 14.326 - 10.000 ) 
    Source Clock Delay      (SCD):    4.687ns
    Clock Pessimism Removal (CPR):    0.321ns
  Clock Uncertainty:      0.035ns  ((TSJ^2 + TIJ^2)^1/2 + DJ) / 2 + PE
    Total System Jitter     (TSJ):    0.071ns
    Total Input Jitter      (TIJ):    0.000ns
    Discrete Jitter          (DJ):    0.000ns
    Phase Error              (PE):    0.000ns

    Location             Delay type                Incr(ns)  Path(ns)    Netlist Resource(s)
  -------------------------------------------------------------------    -------------------
                         (clock clk rise edge)        0.000     0.000 r  
    J20                                               0.000     0.000 r  clk (IN)
                         net (fo=0)                   0.000     0.000    clk
    J20                  IBUF (Prop_ibuf_I_O)         0.970     0.970 r  clk_IBUF_inst/O
                         net (fo=1, routed)           1.972     2.942    clk_IBUF
    BUFGCTRL_X0Y16       BUFG (Prop_bufg_I_O)         0.096     3.038 r  clk_IBUF_BUFG_inst/O
                         net (fo=2162, routed)        1.649     4.687    u_impl/gen_narrow_mag.u_mag/clk_IBUF_BUFG
    DSP48_X1Y8           DSP48E1                                      r  u_impl/gen_narrow_mag.u_mag/q_square0__3/CLK
  -------------------------------------------------------------------    -------------------
    DSP48_X1Y8           DSP48E1 (Prop_dsp48e1_CLK_PCOUT[47])
                                                      4.206     8.893 r  u_impl/gen_narrow_mag.u_mag/q_square0__3/PCOUT[47]
                         net (fo=1, routed)           0.002     8.895    u_impl/gen_narrow_mag.u_mag/q_square0__3_n_106
    DSP48_X1Y9           DSP48E1 (Prop_dsp48e1_PCIN[47]_PCOUT[0])
                                                      1.713    10.608 r  u_impl/gen_narrow_mag.u_mag/q_square0__4/PCOUT[0]
                         net (fo=1, routed)           0.056    10.664    u_impl/gen_narrow_mag.u_mag/q_square0__4_n_153
    DSP48_X1Y10          DSP48E1                                      r  u_impl/gen_narrow_mag.u_mag/q_square_reg__0/PCIN[0]
  -------------------------------------------------------------------    -------------------

                         (clock clk rise edge)       10.000    10.000 r  
    J20                                               0.000    10.000 r  clk (IN)
                         net (fo=0)                   0.000    10.000    clk
    J20                  IBUF (Prop_ibuf_I_O)         0.837    10.837 r  clk_IBUF_inst/O
                         net (fo=1, routed)           1.868    12.705    clk_IBUF
    BUFGCTRL_X0Y16       BUFG (Prop_bufg_I_O)         0.091    12.796 r  clk_IBUF_BUFG_inst/O
                         net (fo=2162, routed)        1.530    14.326    u_impl/gen_narrow_mag.u_mag/clk_IBUF_BUFG
    DSP48_X1Y10          DSP48E1                                      r  u_impl/gen_narrow_mag.u_mag/q_square_reg__0/CLK
                         clock pessimism              0.321    14.647    
                         clock uncertainty           -0.035    14.611    
    DSP48_X1Y10          DSP48E1 (Setup_dsp48e1_CLK_PCIN[0])
                                                     -1.400    13.211    u_impl/gen_narrow_mag.u_mag/q_square_reg__0
  -------------------------------------------------------------------
                         required time                         13.211    
                         arrival time                         -10.664    
  -------------------------------------------------------------------
                         slack                                  2.548    

Slack (MET) :             2.548ns  (required time - arrival time)
  Source:                 u_impl/gen_narrow_mag.u_mag/q_square0__3/CLK
                            (rising edge-triggered cell DSP48E1 clocked by clk  {rise@0.000ns fall@5.000ns period=10.000ns})
  Destination:            u_impl/gen_narrow_mag.u_mag/q_square_reg__0/PCIN[10]
                            (rising edge-triggered cell DSP48E1 clocked by clk  {rise@0.000ns fall@5.000ns period=10.000ns})
  Path Group:             clk
  Path Type:              Setup (Max at Slow Process Corner)
  Requirement:            10.000ns  (clk rise@10.000ns - clk rise@0.000ns)
  Data Path Delay:        5.977ns  (logic 5.919ns (99.033%)  route 0.058ns (0.967%))
  Logic Levels:           1  (DSP48E1=1)
  Clock Path Skew:        -0.040ns (DCD - SCD + CPR)
    Destination Clock Delay (DCD):    4.326ns = ( 14.326 - 10.000 ) 
    Source Clock Delay      (SCD):    4.687ns
    Clock Pessimism Removal (CPR):    0.321ns
  Clock Uncertainty:      0.035ns  ((TSJ^2 + TIJ^2)^1/2 + DJ) / 2 + PE
    Total System Jitter     (TSJ):    0.071ns
    Total Input Jitter      (TIJ):    0.000ns
    Discrete Jitter          (DJ):    0.000ns
    Phase Error              (PE):    0.000ns

    Location             Delay type                Incr(ns)  Path(ns)    Netlist Resource(s)
  -------------------------------------------------------------------    -------------------
                         (clock clk rise edge)        0.000     0.000 r  
    J20                                               0.000     0.000 r  clk (IN)
                         net (fo=0)                   0.000     0.000    clk
    J20                  IBUF (Prop_ibuf_I_O)         0.970     0.970 r  clk_IBUF_inst/O
                         net (fo=1, routed)           1.972     2.942    clk_IBUF
    BUFGCTRL_X0Y16       BUFG (Prop_bufg_I_O)         0.096     3.038 r  clk_IBUF_BUFG_inst/O
                         net (fo=2162, routed)        1.649     4.687    u_impl/gen_narrow_mag.u_mag/clk_IBUF_BUFG
    DSP48_X1Y8           DSP48E1                                      r  u_impl/gen_narrow_mag.u_mag/q_square0__3/CLK
  -------------------------------------------------------------------    -------------------
    DSP48_X1Y8           DSP48E1 (Prop_dsp48e1_CLK_PCOUT[47])
                                                      4.206     8.893 r  u_impl/gen_narrow_mag.u_mag/q_square0__3/PCOUT[47]
                         net (fo=1, routed)           0.002     8.895    u_impl/gen_narrow_mag.u_mag/q_square0__3_n_106
    DSP48_X1Y9           DSP48E1 (Prop_dsp48e1_PCIN[47]_PCOUT[10])
                                                      1.713    10.608 r  u_impl/gen_narrow_mag.u_mag/q_square0__4/PCOUT[10]
                         net (fo=1, routed)           0.056    10.664    u_impl/gen_narrow_mag.u_mag/q_square0__4_n_143
    DSP48_X1Y10          DSP48E1                                      r  u_impl/gen_narrow_mag.u_mag/q_square_reg__0/PCIN[10]
  -------------------------------------------------------------------    -------------------

                         (clock clk rise edge)       10.000    10.000 r  
    J20                                               0.000    10.000 r  clk (IN)
                         net (fo=0)                   0.000    10.000    clk
    J20                  IBUF (Prop_ibuf_I_O)         0.837    10.837 r  clk_IBUF_inst/O
                         net (fo=1, routed)           1.868    12.705    clk_IBUF
    BUFGCTRL_X0Y16       BUFG (Prop_bufg_I_O)         0.091    12.796 r  clk_IBUF_BUFG_inst/O
                         net (fo=2162, routed)        1.530    14.326    u_impl/gen_narrow_mag.u_mag/clk_IBUF_BUFG
    DSP48_X1Y10          DSP48E1                                      r  u_impl/gen_narrow_mag.u_mag/q_square_reg__0/CLK
                         clock pessimism              0.321    14.647    
                         clock uncertainty           -0.035    14.611    
    DSP48_X1Y10          DSP48E1 (Setup_dsp48e1_CLK_PCIN[10])
                                                     -1.400    13.211    u_impl/gen_narrow_mag.u_mag/q_square_reg__0
  -------------------------------------------------------------------
                         required time                         13.211    
                         arrival time                         -10.664    
  -------------------------------------------------------------------
                         slack                                  2.548    

Slack (MET) :             2.548ns  (required time - arrival time)
  Source:                 u_impl/gen_narrow_mag.u_mag/q_square0__3/CLK
                            (rising edge-triggered cell DSP48E1 clocked by clk  {rise@0.000ns fall@5.000ns period=10.000ns})
  Destination:            u_impl/gen_narrow_mag.u_mag/q_square_reg__0/PCIN[11]
                            (rising edge-triggered cell DSP48E1 clocked by clk  {rise@0.000ns fall@5.000ns period=10.000ns})
  Path Group:             clk
  Path Type:              Setup (Max at Slow Process Corner)
  Requirement:            10.000ns  (clk rise@10.000ns - clk rise@0.000ns)
  Data Path Delay:        5.977ns  (logic 5.919ns (99.033%)  route 0.058ns (0.967%))
  Logic Levels:           1  (DSP48E1=1)
  Clock Path Skew:        -0.040ns (DCD - SCD + CPR)
    Destination Clock Delay (DCD):    4.326ns = ( 14.326 - 10.000 ) 
    Source Clock Delay      (SCD):    4.687ns
    Clock Pessimism Removal (CPR):    0.321ns
  Clock Uncertainty:      0.035ns  ((TSJ^2 + TIJ^2)^1/2 + DJ) / 2 + PE
    Total System Jitter     (TSJ):    0.071ns
    Total Input Jitter      (TIJ):    0.000ns
    Discrete Jitter          (DJ):    0.000ns
    Phase Error              (PE):    0.000ns

    Location             Delay type                Incr(ns)  Path(ns)    Netlist Resource(s)
  -------------------------------------------------------------------    -------------------
                         (clock clk rise edge)        0.000     0.000 r  
    J20                                               0.000     0.000 r  clk (IN)
                         net (fo=0)                   0.000     0.000    clk
    J20                  IBUF (Prop_ibuf_I_O)         0.970     0.970 r  clk_IBUF_inst/O
                         net (fo=1, routed)           1.972     2.942    clk_IBUF
    BUFGCTRL_X0Y16       BUFG (Prop_bufg_I_O)         0.096     3.038 r  clk_IBUF_BUFG_inst/O
                         net (fo=2162, routed)        1.649     4.687    u_impl/gen_narrow_mag.u_mag/clk_IBUF_BUFG
    DSP48_X1Y8           DSP48E1                                      r  u_impl/gen_narrow_mag.u_mag/q_square0__3/CLK
  -------------------------------------------------------------------    -------------------
    DSP48_X1Y8           DSP48E1 (Prop_dsp48e1_CLK_PCOUT[47])
                                                      4.206     8.893 r  u_impl/gen_narrow_mag.u_mag/q_square0__3/PCOUT[47]
                         net (fo=1, routed)           0.002     8.895    u_impl/gen_narrow_mag.u_mag/q_square0__3_n_106
    DSP48_X1Y9           DSP48E1 (Prop_dsp48e1_PCIN[47]_PCOUT[11])
                                                      1.713    10.608 r  u_impl/gen_narrow_mag.u_mag/q_square0__4/PCOUT[11]
                         net (fo=1, routed)           0.056    10.664    u_impl/gen_narrow_mag.u_mag/q_square0__4_n_142
    DSP48_X1Y10          DSP48E1                                      r  u_impl/gen_narrow_mag.u_mag/q_square_reg__0/PCIN[11]
  -------------------------------------------------------------------    -------------------

                         (clock clk rise edge)       10.000    10.000 r  
    J20                                               0.000    10.000 r  clk (IN)
                         net (fo=0)                   0.000    10.000    clk
    J20                  IBUF (Prop_ibuf_I_O)         0.837    10.837 r  clk_IBUF_inst/O
                         net (fo=1, routed)           1.868    12.705    clk_IBUF
    BUFGCTRL_X0Y16       BUFG (Prop_bufg_I_O)         0.091    12.796 r  clk_IBUF_BUFG_inst/O
                         net (fo=2162, routed)        1.530    14.326    u_impl/gen_narrow_mag.u_mag/clk_IBUF_BUFG
    DSP48_X1Y10          DSP48E1                                      r  u_impl/gen_narrow_mag.u_mag/q_square_reg__0/CLK
                         clock pessimism              0.321    14.647    
                         clock uncertainty           -0.035    14.611    
    DSP48_X1Y10          DSP48E1 (Setup_dsp48e1_CLK_PCIN[11])
                                                     -1.400    13.211    u_impl/gen_narrow_mag.u_mag/q_square_reg__0
  -------------------------------------------------------------------
                         required time                         13.211    
                         arrival time                         -10.664    
  -------------------------------------------------------------------
                         slack                                  2.548    

Slack (MET) :             2.548ns  (required time - arrival time)
  Source:                 u_impl/gen_narrow_mag.u_mag/q_square0__3/CLK
                            (rising edge-triggered cell DSP48E1 clocked by clk  {rise@0.000ns fall@5.000ns period=10.000ns})
  Destination:            u_impl/gen_narrow_mag.u_mag/q_square_reg__0/PCIN[12]
                            (rising edge-triggered cell DSP48E1 clocked by clk  {rise@0.000ns fall@5.000ns period=10.000ns})
  Path Group:             clk
  Path Type:              Setup (Max at Slow Process Corner)
  Requirement:            10.000ns  (clk rise@10.000ns - clk rise@0.000ns)
  Data Path Delay:        5.977ns  (logic 5.919ns (99.033%)  route 0.058ns (0.967%))
  Logic Levels:           1  (DSP48E1=1)
  Clock Path Skew:        -0.040ns (DCD - SCD + CPR)
    Destination Clock Delay (DCD):    4.326ns = ( 14.326 - 10.000 ) 
    Source Clock Delay      (SCD):    4.687ns
    Clock Pessimism Removal (CPR):    0.321ns
  Clock Uncertainty:      0.035ns  ((TSJ^2 + TIJ^2)^1/2 + DJ) / 2 + PE
    Total System Jitter     (TSJ):    0.071ns
    Total Input Jitter      (TIJ):    0.000ns
    Discrete Jitter          (DJ):    0.000ns
    Phase Error              (PE):    0.000ns

    Location             Delay type                Incr(ns)  Path(ns)    Netlist Resource(s)
  -------------------------------------------------------------------    -------------------
                         (clock clk rise edge)        0.000     0.000 r  
    J20                                               0.000     0.000 r  clk (IN)
                         net (fo=0)                   0.000     0.000    clk
    J20                  IBUF (Prop_ibuf_I_O)         0.970     0.970 r  clk_IBUF_inst/O
                         net (fo=1, routed)           1.972     2.942    clk_IBUF
    BUFGCTRL_X0Y16       BUFG (Prop_bufg_I_O)         0.096     3.038 r  clk_IBUF_BUFG_inst/O
                         net (fo=2162, routed)        1.649     4.687    u_impl/gen_narrow_mag.u_mag/clk_IBUF_BUFG
    DSP48_X1Y8           DSP48E1                                      r  u_impl/gen_narrow_mag.u_mag/q_square0__3/CLK
  -------------------------------------------------------------------    -------------------
    DSP48_X1Y8           DSP48E1 (Prop_dsp48e1_CLK_PCOUT[47])
                                                      4.206     8.893 r  u_impl/gen_narrow_mag.u_mag/q_square0__3/PCOUT[47]
                         net (fo=1, routed)           0.002     8.895    u_impl/gen_narrow_mag.u_mag/q_square0__3_n_106
    DSP48_X1Y9           DSP48E1 (Prop_dsp48e1_PCIN[47]_PCOUT[12])
                                                      1.713    10.608 r  u_impl/gen_narrow_mag.u_mag/q_square0__4/PCOUT[12]
                         net (fo=1, routed)           0.056    10.664    u_impl/gen_narrow_mag.u_mag/q_square0__4_n_141
    DSP48_X1Y10          DSP48E1                                      r  u_impl/gen_narrow_mag.u_mag/q_square_reg__0/PCIN[12]
  -------------------------------------------------------------------    -------------------

                         (clock clk rise edge)       10.000    10.000 r  
    J20                                               0.000    10.000 r  clk (IN)
                         net (fo=0)                   0.000    10.000    clk
    J20                  IBUF (Prop_ibuf_I_O)         0.837    10.837 r  clk_IBUF_inst/O
                         net (fo=1, routed)           1.868    12.705    clk_IBUF
    BUFGCTRL_X0Y16       BUFG (Prop_bufg_I_O)         0.091    12.796 r  clk_IBUF_BUFG_inst/O
                         net (fo=2162, routed)        1.530    14.326    u_impl/gen_narrow_mag.u_mag/clk_IBUF_BUFG
    DSP48_X1Y10          DSP48E1                                      r  u_impl/gen_narrow_mag.u_mag/q_square_reg__0/CLK
                         clock pessimism              0.321    14.647    
                         clock uncertainty           -0.035    14.611    
    DSP48_X1Y10          DSP48E1 (Setup_dsp48e1_CLK_PCIN[12])
                                                     -1.400    13.211    u_impl/gen_narrow_mag.u_mag/q_square_reg__0
  -------------------------------------------------------------------
                         required time                         13.211    
                         arrival time                         -10.664    
  -------------------------------------------------------------------
                         slack                                  2.548    

Slack (MET) :             2.548ns  (required time - arrival time)
  Source:                 u_impl/gen_narrow_mag.u_mag/q_square0__3/CLK
                            (rising edge-triggered cell DSP48E1 clocked by clk  {rise@0.000ns fall@5.000ns period=10.000ns})
  Destination:            u_impl/gen_narrow_mag.u_mag/q_square_reg__0/PCIN[13]
                            (rising edge-triggered cell DSP48E1 clocked by clk  {rise@0.000ns fall@5.000ns period=10.000ns})
  Path Group:             clk
  Path Type:              Setup (Max at Slow Process Corner)
  Requirement:            10.000ns  (clk rise@10.000ns - clk rise@0.000ns)
  Data Path Delay:        5.977ns  (logic 5.919ns (99.033%)  route 0.058ns (0.967%))
  Logic Levels:           1  (DSP48E1=1)
  Clock Path Skew:        -0.040ns (DCD - SCD + CPR)
    Destination Clock Delay (DCD):    4.326ns = ( 14.326 - 10.000 ) 
    Source Clock Delay      (SCD):    4.687ns
    Clock Pessimism Removal (CPR):    0.321ns
  Clock Uncertainty:      0.035ns  ((TSJ^2 + TIJ^2)^1/2 + DJ) / 2 + PE
    Total System Jitter     (TSJ):    0.071ns
    Total Input Jitter      (TIJ):    0.000ns
    Discrete Jitter          (DJ):    0.000ns
    Phase Error              (PE):    0.000ns

    Location             Delay type                Incr(ns)  Path(ns)    Netlist Resource(s)
  -------------------------------------------------------------------    -------------------
                         (clock clk rise edge)        0.000     0.000 r  
    J20                                               0.000     0.000 r  clk (IN)
                         net (fo=0)                   0.000     0.000    clk
    J20                  IBUF (Prop_ibuf_I_O)         0.970     0.970 r  clk_IBUF_inst/O
                         net (fo=1, routed)           1.972     2.942    clk_IBUF
    BUFGCTRL_X0Y16       BUFG (Prop_bufg_I_O)         0.096     3.038 r  clk_IBUF_BUFG_inst/O
                         net (fo=2162, routed)        1.649     4.687    u_impl/gen_narrow_mag.u_mag/clk_IBUF_BUFG
    DSP48_X1Y8           DSP48E1                                      r  u_impl/gen_narrow_mag.u_mag/q_square0__3/CLK
  -------------------------------------------------------------------    -------------------
    DSP48_X1Y8           DSP48E1 (Prop_dsp48e1_CLK_PCOUT[47])
                                                      4.206     8.893 r  u_impl/gen_narrow_mag.u_mag/q_square0__3/PCOUT[47]
                         net (fo=1, routed)           0.002     8.895    u_impl/gen_narrow_mag.u_mag/q_square0__3_n_106
    DSP48_X1Y9           DSP48E1 (Prop_dsp48e1_PCIN[47]_PCOUT[13])
                                                      1.713    10.608 r  u_impl/gen_narrow_mag.u_mag/q_square0__4/PCOUT[13]
                         net (fo=1, routed)           0.056    10.664    u_impl/gen_narrow_mag.u_mag/q_square0__4_n_140
    DSP48_X1Y10          DSP48E1                                      r  u_impl/gen_narrow_mag.u_mag/q_square_reg__0/PCIN[13]
  -------------------------------------------------------------------    -------------------

                         (clock clk rise edge)       10.000    10.000 r  
    J20                                               0.000    10.000 r  clk (IN)
                         net (fo=0)                   0.000    10.000    clk
    J20                  IBUF (Prop_ibuf_I_O)         0.837    10.837 r  clk_IBUF_inst/O
                         net (fo=1, routed)           1.868    12.705    clk_IBUF
    BUFGCTRL_X0Y16       BUFG (Prop_bufg_I_O)         0.091    12.796 r  clk_IBUF_BUFG_inst/O
                         net (fo=2162, routed)        1.530    14.326    u_impl/gen_narrow_mag.u_mag/clk_IBUF_BUFG
    DSP48_X1Y10          DSP48E1                                      r  u_impl/gen_narrow_mag.u_mag/q_square_reg__0/CLK
                         clock pessimism              0.321    14.647    
                         clock uncertainty           -0.035    14.611    
    DSP48_X1Y10          DSP48E1 (Setup_dsp48e1_CLK_PCIN[13])
                                                     -1.400    13.211    u_impl/gen_narrow_mag.u_mag/q_square_reg__0
  -------------------------------------------------------------------
                         required time                         13.211    
                         arrival time                         -10.664    
  -------------------------------------------------------------------
                         slack                                  2.548    

Slack (MET) :             2.548ns  (required time - arrival time)
  Source:                 u_impl/gen_narrow_mag.u_mag/q_square0__3/CLK
                            (rising edge-triggered cell DSP48E1 clocked by clk  {rise@0.000ns fall@5.000ns period=10.000ns})
  Destination:            u_impl/gen_narrow_mag.u_mag/q_square_reg__0/PCIN[14]
                            (rising edge-triggered cell DSP48E1 clocked by clk  {rise@0.000ns fall@5.000ns period=10.000ns})
  Path Group:             clk
  Path Type:              Setup (Max at Slow Process Corner)
  Requirement:            10.000ns  (clk rise@10.000ns - clk rise@0.000ns)
  Data Path Delay:        5.977ns  (logic 5.919ns (99.033%)  route 0.058ns (0.967%))
  Logic Levels:           1  (DSP48E1=1)
  Clock Path Skew:        -0.040ns (DCD - SCD + CPR)
    Destination Clock Delay (DCD):    4.326ns = ( 14.326 - 10.000 ) 
    Source Clock Delay      (SCD):    4.687ns
    Clock Pessimism Removal (CPR):    0.321ns
  Clock Uncertainty:      0.035ns  ((TSJ^2 + TIJ^2)^1/2 + DJ) / 2 + PE
    Total System Jitter     (TSJ):    0.071ns
    Total Input Jitter      (TIJ):    0.000ns
    Discrete Jitter          (DJ):    0.000ns
    Phase Error              (PE):    0.000ns

    Location             Delay type                Incr(ns)  Path(ns)    Netlist Resource(s)
  -------------------------------------------------------------------    -------------------
                         (clock clk rise edge)        0.000     0.000 r  
    J20                                               0.000     0.000 r  clk (IN)
                         net (fo=0)                   0.000     0.000    clk
    J20                  IBUF (Prop_ibuf_I_O)         0.970     0.970 r  clk_IBUF_inst/O
                         net (fo=1, routed)           1.972     2.942    clk_IBUF
    BUFGCTRL_X0Y16       BUFG (Prop_bufg_I_O)         0.096     3.038 r  clk_IBUF_BUFG_inst/O
                         net (fo=2162, routed)        1.649     4.687    u_impl/gen_narrow_mag.u_mag/clk_IBUF_BUFG
    DSP48_X1Y8           DSP48E1                                      r  u_impl/gen_narrow_mag.u_mag/q_square0__3/CLK
  -------------------------------------------------------------------    -------------------
    DSP48_X1Y8           DSP48E1 (Prop_dsp48e1_CLK_PCOUT[47])
                                                      4.206     8.893 r  u_impl/gen_narrow_mag.u_mag/q_square0__3/PCOUT[47]
                         net (fo=1, routed)           0.002     8.895    u_impl/gen_narrow_mag.u_mag/q_square0__3_n_106
    DSP48_X1Y9           DSP48E1 (Prop_dsp48e1_PCIN[47]_PCOUT[14])
                                                      1.713    10.608 r  u_impl/gen_narrow_mag.u_mag/q_square0__4/PCOUT[14]
                         net (fo=1, routed)           0.056    10.664    u_impl/gen_narrow_mag.u_mag/q_square0__4_n_139
    DSP48_X1Y10          DSP48E1                                      r  u_impl/gen_narrow_mag.u_mag/q_square_reg__0/PCIN[14]
  -------------------------------------------------------------------    -------------------

                         (clock clk rise edge)       10.000    10.000 r  
    J20                                               0.000    10.000 r  clk (IN)
                         net (fo=0)                   0.000    10.000    clk
    J20                  IBUF (Prop_ibuf_I_O)         0.837    10.837 r  clk_IBUF_inst/O
                         net (fo=1, routed)           1.868    12.705    clk_IBUF
    BUFGCTRL_X0Y16       BUFG (Prop_bufg_I_O)         0.091    12.796 r  clk_IBUF_BUFG_inst/O
                         net (fo=2162, routed)        1.530    14.326    u_impl/gen_narrow_mag.u_mag/clk_IBUF_BUFG
    DSP48_X1Y10          DSP48E1                                      r  u_impl/gen_narrow_mag.u_mag/q_square_reg__0/CLK
                         clock pessimism              0.321    14.647    
                         clock uncertainty           -0.035    14.611    
    DSP48_X1Y10          DSP48E1 (Setup_dsp48e1_CLK_PCIN[14])
                                                     -1.400    13.211    u_impl/gen_narrow_mag.u_mag/q_square_reg__0
  -------------------------------------------------------------------
                         required time                         13.211    
                         arrival time                         -10.664    
  -------------------------------------------------------------------
                         slack                                  2.548    

Slack (MET) :             2.548ns  (required time - arrival time)
  Source:                 u_impl/gen_narrow_mag.u_mag/q_square0__3/CLK
                            (rising edge-triggered cell DSP48E1 clocked by clk  {rise@0.000ns fall@5.000ns period=10.000ns})
  Destination:            u_impl/gen_narrow_mag.u_mag/q_square_reg__0/PCIN[15]
                            (rising edge-triggered cell DSP48E1 clocked by clk  {rise@0.000ns fall@5.000ns period=10.000ns})
  Path Group:             clk
  Path Type:              Setup (Max at Slow Process Corner)
  Requirement:            10.000ns  (clk rise@10.000ns - clk rise@0.000ns)
  Data Path Delay:        5.977ns  (logic 5.919ns (99.033%)  route 0.058ns (0.967%))
  Logic Levels:           1  (DSP48E1=1)
  Clock Path Skew:        -0.040ns (DCD - SCD + CPR)
    Destination Clock Delay (DCD):    4.326ns = ( 14.326 - 10.000 ) 
    Source Clock Delay      (SCD):    4.687ns
    Clock Pessimism Removal (CPR):    0.321ns
  Clock Uncertainty:      0.035ns  ((TSJ^2 + TIJ^2)^1/2 + DJ) / 2 + PE
    Total System Jitter     (TSJ):    0.071ns
    Total Input Jitter      (TIJ):    0.000ns
    Discrete Jitter          (DJ):    0.000ns
    Phase Error              (PE):    0.000ns

    Location             Delay type                Incr(ns)  Path(ns)    Netlist Resource(s)
  -------------------------------------------------------------------    -------------------
                         (clock clk rise edge)        0.000     0.000 r  
    J20                                               0.000     0.000 r  clk (IN)
                         net (fo=0)                   0.000     0.000    clk
    J20                  IBUF (Prop_ibuf_I_O)         0.970     0.970 r  clk_IBUF_inst/O
                         net (fo=1, routed)           1.972     2.942    clk_IBUF
    BUFGCTRL_X0Y16       BUFG (Prop_bufg_I_O)         0.096     3.038 r  clk_IBUF_BUFG_inst/O
                         net (fo=2162, routed)        1.649     4.687    u_impl/gen_narrow_mag.u_mag/clk_IBUF_BUFG
    DSP48_X1Y8           DSP48E1                                      r  u_impl/gen_narrow_mag.u_mag/q_square0__3/CLK
  -------------------------------------------------------------------    -------------------
    DSP48_X1Y8           DSP48E1 (Prop_dsp48e1_CLK_PCOUT[47])
                                                      4.206     8.893 r  u_impl/gen_narrow_mag.u_mag/q_square0__3/PCOUT[47]
                         net (fo=1, routed)           0.002     8.895    u_impl/gen_narrow_mag.u_mag/q_square0__3_n_106
    DSP48_X1Y9           DSP48E1 (Prop_dsp48e1_PCIN[47]_PCOUT[15])
                                                      1.713    10.608 r  u_impl/gen_narrow_mag.u_mag/q_square0__4/PCOUT[15]
                         net (fo=1, routed)           0.056    10.664    u_impl/gen_narrow_mag.u_mag/q_square0__4_n_138
    DSP48_X1Y10          DSP48E1                                      r  u_impl/gen_narrow_mag.u_mag/q_square_reg__0/PCIN[15]
  -------------------------------------------------------------------    -------------------

                         (clock clk rise edge)       10.000    10.000 r  
    J20                                               0.000    10.000 r  clk (IN)
                         net (fo=0)                   0.000    10.000    clk
    J20                  IBUF (Prop_ibuf_I_O)         0.837    10.837 r  clk_IBUF_inst/O
                         net (fo=1, routed)           1.868    12.705    clk_IBUF
    BUFGCTRL_X0Y16       BUFG (Prop_bufg_I_O)         0.091    12.796 r  clk_IBUF_BUFG_inst/O
                         net (fo=2162, routed)        1.530    14.326    u_impl/gen_narrow_mag.u_mag/clk_IBUF_BUFG
    DSP48_X1Y10          DSP48E1                                      r  u_impl/gen_narrow_mag.u_mag/q_square_reg__0/CLK
                         clock pessimism              0.321    14.647    
                         clock uncertainty           -0.035    14.611    
    DSP48_X1Y10          DSP48E1 (Setup_dsp48e1_CLK_PCIN[15])
                                                     -1.400    13.211    u_impl/gen_narrow_mag.u_mag/q_square_reg__0
  -------------------------------------------------------------------
                         required time                         13.211    
                         arrival time                         -10.664    
  -------------------------------------------------------------------
                         slack                                  2.548    

Slack (MET) :             2.548ns  (required time - arrival time)
  Source:                 u_impl/gen_narrow_mag.u_mag/q_square0__3/CLK
                            (rising edge-triggered cell DSP48E1 clocked by clk  {rise@0.000ns fall@5.000ns period=10.000ns})
  Destination:            u_impl/gen_narrow_mag.u_mag/q_square_reg__0/PCIN[16]
                            (rising edge-triggered cell DSP48E1 clocked by clk  {rise@0.000ns fall@5.000ns period=10.000ns})
  Path Group:             clk
  Path Type:              Setup (Max at Slow Process Corner)
  Requirement:            10.000ns  (clk rise@10.000ns - clk rise@0.000ns)
  Data Path Delay:        5.977ns  (logic 5.919ns (99.033%)  route 0.058ns (0.967%))
  Logic Levels:           1  (DSP48E1=1)
  Clock Path Skew:        -0.040ns (DCD - SCD + CPR)
    Destination Clock Delay (DCD):    4.326ns = ( 14.326 - 10.000 ) 
    Source Clock Delay      (SCD):    4.687ns
    Clock Pessimism Removal (CPR):    0.321ns
  Clock Uncertainty:      0.035ns  ((TSJ^2 + TIJ^2)^1/2 + DJ) / 2 + PE
    Total System Jitter     (TSJ):    0.071ns
    Total Input Jitter      (TIJ):    0.000ns
    Discrete Jitter          (DJ):    0.000ns
    Phase Error              (PE):    0.000ns

    Location             Delay type                Incr(ns)  Path(ns)    Netlist Resource(s)
  -------------------------------------------------------------------    -------------------
                         (clock clk rise edge)        0.000     0.000 r  
    J20                                               0.000     0.000 r  clk (IN)
                         net (fo=0)                   0.000     0.000    clk
    J20                  IBUF (Prop_ibuf_I_O)         0.970     0.970 r  clk_IBUF_inst/O
                         net (fo=1, routed)           1.972     2.942    clk_IBUF
    BUFGCTRL_X0Y16       BUFG (Prop_bufg_I_O)         0.096     3.038 r  clk_IBUF_BUFG_inst/O
                         net (fo=2162, routed)        1.649     4.687    u_impl/gen_narrow_mag.u_mag/clk_IBUF_BUFG
    DSP48_X1Y8           DSP48E1                                      r  u_impl/gen_narrow_mag.u_mag/q_square0__3/CLK
  -------------------------------------------------------------------    -------------------
    DSP48_X1Y8           DSP48E1 (Prop_dsp48e1_CLK_PCOUT[47])
                                                      4.206     8.893 r  u_impl/gen_narrow_mag.u_mag/q_square0__3/PCOUT[47]
                         net (fo=1, routed)           0.002     8.895    u_impl/gen_narrow_mag.u_mag/q_square0__3_n_106
    DSP48_X1Y9           DSP48E1 (Prop_dsp48e1_PCIN[47]_PCOUT[16])
                                                      1.713    10.608 r  u_impl/gen_narrow_mag.u_mag/q_square0__4/PCOUT[16]
                         net (fo=1, routed)           0.056    10.664    u_impl/gen_narrow_mag.u_mag/q_square0__4_n_137
    DSP48_X1Y10          DSP48E1                                      r  u_impl/gen_narrow_mag.u_mag/q_square_reg__0/PCIN[16]
  -------------------------------------------------------------------    -------------------

                         (clock clk rise edge)       10.000    10.000 r  
    J20                                               0.000    10.000 r  clk (IN)
                         net (fo=0)                   0.000    10.000    clk
    J20                  IBUF (Prop_ibuf_I_O)         0.837    10.837 r  clk_IBUF_inst/O
                         net (fo=1, routed)           1.868    12.705    clk_IBUF
    BUFGCTRL_X0Y16       BUFG (Prop_bufg_I_O)         0.091    12.796 r  clk_IBUF_BUFG_inst/O
                         net (fo=2162, routed)        1.530    14.326    u_impl/gen_narrow_mag.u_mag/clk_IBUF_BUFG
    DSP48_X1Y10          DSP48E1                                      r  u_impl/gen_narrow_mag.u_mag/q_square_reg__0/CLK
                         clock pessimism              0.321    14.647    
                         clock uncertainty           -0.035    14.611    
    DSP48_X1Y10          DSP48E1 (Setup_dsp48e1_CLK_PCIN[16])
                                                     -1.400    13.211    u_impl/gen_narrow_mag.u_mag/q_square_reg__0
  -------------------------------------------------------------------
                         required time                         13.211    
                         arrival time                         -10.664    
  -------------------------------------------------------------------
                         slack                                  2.548    

Slack (MET) :             2.548ns  (required time - arrival time)
  Source:                 u_impl/gen_narrow_mag.u_mag/q_square0__3/CLK
                            (rising edge-triggered cell DSP48E1 clocked by clk  {rise@0.000ns fall@5.000ns period=10.000ns})
  Destination:            u_impl/gen_narrow_mag.u_mag/q_square_reg__0/PCIN[17]
                            (rising edge-triggered cell DSP48E1 clocked by clk  {rise@0.000ns fall@5.000ns period=10.000ns})
  Path Group:             clk
  Path Type:              Setup (Max at Slow Process Corner)
  Requirement:            10.000ns  (clk rise@10.000ns - clk rise@0.000ns)
  Data Path Delay:        5.977ns  (logic 5.919ns (99.033%)  route 0.058ns (0.967%))
  Logic Levels:           1  (DSP48E1=1)
  Clock Path Skew:        -0.040ns (DCD - SCD + CPR)
    Destination Clock Delay (DCD):    4.326ns = ( 14.326 - 10.000 ) 
    Source Clock Delay      (SCD):    4.687ns
    Clock Pessimism Removal (CPR):    0.321ns
  Clock Uncertainty:      0.035ns  ((TSJ^2 + TIJ^2)^1/2 + DJ) / 2 + PE
    Total System Jitter     (TSJ):    0.071ns
    Total Input Jitter      (TIJ):    0.000ns
    Discrete Jitter          (DJ):    0.000ns
    Phase Error              (PE):    0.000ns

    Location             Delay type                Incr(ns)  Path(ns)    Netlist Resource(s)
  -------------------------------------------------------------------    -------------------
                         (clock clk rise edge)        0.000     0.000 r  
    J20                                               0.000     0.000 r  clk (IN)
                         net (fo=0)                   0.000     0.000    clk
    J20                  IBUF (Prop_ibuf_I_O)         0.970     0.970 r  clk_IBUF_inst/O
                         net (fo=1, routed)           1.972     2.942    clk_IBUF
    BUFGCTRL_X0Y16       BUFG (Prop_bufg_I_O)         0.096     3.038 r  clk_IBUF_BUFG_inst/O
                         net (fo=2162, routed)        1.649     4.687    u_impl/gen_narrow_mag.u_mag/clk_IBUF_BUFG
    DSP48_X1Y8           DSP48E1                                      r  u_impl/gen_narrow_mag.u_mag/q_square0__3/CLK
  -------------------------------------------------------------------    -------------------
    DSP48_X1Y8           DSP48E1 (Prop_dsp48e1_CLK_PCOUT[47])
                                                      4.206     8.893 r  u_impl/gen_narrow_mag.u_mag/q_square0__3/PCOUT[47]
                         net (fo=1, routed)           0.002     8.895    u_impl/gen_narrow_mag.u_mag/q_square0__3_n_106
    DSP48_X1Y9           DSP48E1 (Prop_dsp48e1_PCIN[47]_PCOUT[17])
                                                      1.713    10.608 r  u_impl/gen_narrow_mag.u_mag/q_square0__4/PCOUT[17]
                         net (fo=1, routed)           0.056    10.664    u_impl/gen_narrow_mag.u_mag/q_square0__4_n_136
    DSP48_X1Y10          DSP48E1                                      r  u_impl/gen_narrow_mag.u_mag/q_square_reg__0/PCIN[17]
  -------------------------------------------------------------------    -------------------

                         (clock clk rise edge)       10.000    10.000 r  
    J20                                               0.000    10.000 r  clk (IN)
                         net (fo=0)                   0.000    10.000    clk
    J20                  IBUF (Prop_ibuf_I_O)         0.837    10.837 r  clk_IBUF_inst/O
                         net (fo=1, routed)           1.868    12.705    clk_IBUF
    BUFGCTRL_X0Y16       BUFG (Prop_bufg_I_O)         0.091    12.796 r  clk_IBUF_BUFG_inst/O
                         net (fo=2162, routed)        1.530    14.326    u_impl/gen_narrow_mag.u_mag/clk_IBUF_BUFG
    DSP48_X1Y10          DSP48E1                                      r  u_impl/gen_narrow_mag.u_mag/q_square_reg__0/CLK
                         clock pessimism              0.321    14.647    
                         clock uncertainty           -0.035    14.611    
    DSP48_X1Y10          DSP48E1 (Setup_dsp48e1_CLK_PCIN[17])
                                                     -1.400    13.211    u_impl/gen_narrow_mag.u_mag/q_square_reg__0
  -------------------------------------------------------------------
                         required time                         13.211    
                         arrival time                         -10.664    
  -------------------------------------------------------------------
                         slack                                  2.548    

Slack (MET) :             2.548ns  (required time - arrival time)
  Source:                 u_impl/gen_narrow_mag.u_mag/q_square0__3/CLK
                            (rising edge-triggered cell DSP48E1 clocked by clk  {rise@0.000ns fall@5.000ns period=10.000ns})
  Destination:            u_impl/gen_narrow_mag.u_mag/q_square_reg__0/PCIN[18]
                            (rising edge-triggered cell DSP48E1 clocked by clk  {rise@0.000ns fall@5.000ns period=10.000ns})
  Path Group:             clk
  Path Type:              Setup (Max at Slow Process Corner)
  Requirement:            10.000ns  (clk rise@10.000ns - clk rise@0.000ns)
  Data Path Delay:        5.977ns  (logic 5.919ns (99.033%)  route 0.058ns (0.967%))
  Logic Levels:           1  (DSP48E1=1)
  Clock Path Skew:        -0.040ns (DCD - SCD + CPR)
    Destination Clock Delay (DCD):    4.326ns = ( 14.326 - 10.000 ) 
    Source Clock Delay      (SCD):    4.687ns
    Clock Pessimism Removal (CPR):    0.321ns
  Clock Uncertainty:      0.035ns  ((TSJ^2 + TIJ^2)^1/2 + DJ) / 2 + PE
    Total System Jitter     (TSJ):    0.071ns
    Total Input Jitter      (TIJ):    0.000ns
    Discrete Jitter          (DJ):    0.000ns
    Phase Error              (PE):    0.000ns

    Location             Delay type                Incr(ns)  Path(ns)    Netlist Resource(s)
  -------------------------------------------------------------------    -------------------
                         (clock clk rise edge)        0.000     0.000 r  
    J20                                               0.000     0.000 r  clk (IN)
                         net (fo=0)                   0.000     0.000    clk
    J20                  IBUF (Prop_ibuf_I_O)         0.970     0.970 r  clk_IBUF_inst/O
                         net (fo=1, routed)           1.972     2.942    clk_IBUF
    BUFGCTRL_X0Y16       BUFG (Prop_bufg_I_O)         0.096     3.038 r  clk_IBUF_BUFG_inst/O
                         net (fo=2162, routed)        1.649     4.687    u_impl/gen_narrow_mag.u_mag/clk_IBUF_BUFG
    DSP48_X1Y8           DSP48E1                                      r  u_impl/gen_narrow_mag.u_mag/q_square0__3/CLK
  -------------------------------------------------------------------    -------------------
    DSP48_X1Y8           DSP48E1 (Prop_dsp48e1_CLK_PCOUT[47])
                                                      4.206     8.893 r  u_impl/gen_narrow_mag.u_mag/q_square0__3/PCOUT[47]
                         net (fo=1, routed)           0.002     8.895    u_impl/gen_narrow_mag.u_mag/q_square0__3_n_106
    DSP48_X1Y9           DSP48E1 (Prop_dsp48e1_PCIN[47]_PCOUT[18])
                                                      1.713    10.608 r  u_impl/gen_narrow_mag.u_mag/q_square0__4/PCOUT[18]
                         net (fo=1, routed)           0.056    10.664    u_impl/gen_narrow_mag.u_mag/q_square0__4_n_135
    DSP48_X1Y10          DSP48E1                                      r  u_impl/gen_narrow_mag.u_mag/q_square_reg__0/PCIN[18]
  -------------------------------------------------------------------    -------------------

                         (clock clk rise edge)       10.000    10.000 r  
    J20                                               0.000    10.000 r  clk (IN)
                         net (fo=0)                   0.000    10.000    clk
    J20                  IBUF (Prop_ibuf_I_O)         0.837    10.837 r  clk_IBUF_inst/O
                         net (fo=1, routed)           1.868    12.705    clk_IBUF
    BUFGCTRL_X0Y16       BUFG (Prop_bufg_I_O)         0.091    12.796 r  clk_IBUF_BUFG_inst/O
                         net (fo=2162, routed)        1.530    14.326    u_impl/gen_narrow_mag.u_mag/clk_IBUF_BUFG
    DSP48_X1Y10          DSP48E1                                      r  u_impl/gen_narrow_mag.u_mag/q_square_reg__0/CLK
                         clock pessimism              0.321    14.647    
                         clock uncertainty           -0.035    14.611    
    DSP48_X1Y10          DSP48E1 (Setup_dsp48e1_CLK_PCIN[18])
                                                     -1.400    13.211    u_impl/gen_narrow_mag.u_mag/q_square_reg__0
  -------------------------------------------------------------------
                         required time                         13.211    
                         arrival time                         -10.664    
  -------------------------------------------------------------------
                         slack                                  2.548    




