Copyright 1986-2022 Xilinx, Inc. All Rights Reserved. Copyright 2022-2025 Advanced Micro Devices, Inc. All Rights Reserved.
-----------------------------------------------------------------------------------------------------------------------------------------------------------------------
| Tool Version : Vivado v.2025.2 (win64) Build 6299465 Fri Nov 14 19:35:11 GMT 2025
| Date         : Sun May  3 21:06:22 2026
| Host         : Navnil_Desktop running 64-bit major release  (build 9200)
| Command      : report_timing_summary -file C:/Users/CHOUDN3/Downloads/VLSI_project/reports/pipelined_plus5_firout_accbuf_energy64_impl/post_route_timing_summary.rpt
| Design       : lockin_pipelined_plus5_firout_accbuf_energy64_top
| Device       : 7a35t-fgg484
| Speed File   : -1  PRODUCTION 1.23 2018-06-13
| Design State : Routed
-----------------------------------------------------------------------------------------------------------------------------------------------------------------------

Timing Summary Report

------------------------------------------------------------------------------------------------
| Timer Settings
| --------------
------------------------------------------------------------------------------------------------

  Enable Multi Corner Analysis               :  Yes
  Enable Pessimism Removal                   :  Yes
  Pessimism Removal Resolution               :  Nearest Common Node
  Enable Input Delay Default Clock           :  No
  Enable Preset / Clear Arcs                 :  No
  Disable Flight Delays                      :  No
  Ignore I/O Paths                           :  No
  Timing Early Launch at Borrowing Latches   :  No
  Borrow Time for Max Delay Exceptions       :  Yes
  Merge Timing Exceptions                    :  Yes
  Inter-SLR Compensation                     :  Conservative

  Corner  Analyze    Analyze    
  Name    Max Paths  Min Paths  
  ------  ---------  ---------  
  Slow    Yes        Yes        
  Fast    Yes        Yes        


------------------------------------------------------------------------------------------------
| Report Methodology
| ------------------
------------------------------------------------------------------------------------------------

No report available as report_methodology has not been run prior. Run report_methodology on the current design for the summary of methodology violations.



check_timing report

Table of Contents
-----------------
1. checking no_clock (0)
2. checking constant_clock (0)
3. checking pulse_width_clock (0)
4. checking unconstrained_internal_endpoints (0)
5. checking no_input_delay (18)
6. checking no_output_delay (68)
7. checking multiple_clock (0)
8. checking generated_clocks (0)
9. checking loops (0)
10. checking partial_input_delay (0)
11. checking partial_output_delay (0)
12. checking latch_loops (0)

1. checking no_clock (0)
------------------------
 There are 0 register/latch pins with no clock.


2. checking constant_clock (0)
------------------------------
 There are 0 register/latch pins with constant_clock.


3. checking pulse_width_clock (0)
---------------------------------
 There are 0 register/latch pins which need pulse_width check


4. checking unconstrained_internal_endpoints (0)
------------------------------------------------
 There are 0 pins that are not constrained for maximum delay.

 There are 0 pins that are not constrained for maximum delay due to constant clock.


5. checking no_input_delay (18)
-------------------------------
 There are 18 input ports with no input delay specified. (HIGH)

 There are 0 input ports with no input delay but user has a false path constraint.


6. checking no_output_delay (68)
--------------------------------
 There are 68 ports with no output delay specified. (HIGH)

 There are 0 ports with no output delay but user has a false path constraint

 There are 0 ports with no output delay but with a timing clock defined on it or propagating through it


7. checking multiple_clock (0)
------------------------------
 There are 0 register/latch pins with multiple clocks.


8. checking generated_clocks (0)
--------------------------------
 There are 0 generated clocks that are not connected to a clock source.


9. checking loops (0)
---------------------
 There are 0 combinational loops in the design.


10. checking partial_input_delay (0)
------------------------------------
 There are 0 input ports with partial input delay specified.


11. checking partial_output_delay (0)
-------------------------------------
 There are 0 ports with partial output delay specified.


12. checking latch_loops (0)
----------------------------
 There are 0 combinational latch loops in the design through latch input



------------------------------------------------------------------------------------------------
| Design Timing Summary
| ---------------------
------------------------------------------------------------------------------------------------

    WNS(ns)      TNS(ns)  TNS Failing Endpoints  TNS Total Endpoints      WHS(ns)      THS(ns)  THS Failing Endpoints  THS Total Endpoints     WPWS(ns)     TPWS(ns)  TPWS Failing Endpoints  TPWS Total Endpoints  
    -------      -------  ---------------------  -------------------      -------      -------  ---------------------  -------------------     --------     --------  ----------------------  --------------------  
      2.548        0.000                      0                 4855        0.085        0.000                      0                 4855        4.020        0.000                       0                  2163  


All user specified timing constraints are met.


------------------------------------------------------------------------------------------------
| Clock Summary
| -------------
------------------------------------------------------------------------------------------------

Clock  Waveform(ns)       Period(ns)      Frequency(MHz)
-----  ------------       ----------      --------------
clk    {0.000 5.000}      10.000          100.000         


------------------------------------------------------------------------------------------------
| Intra Clock Table
| -----------------
------------------------------------------------------------------------------------------------

Clock             WNS(ns)      TNS(ns)  TNS Failing Endpoints  TNS Total Endpoints      WHS(ns)      THS(ns)  THS Failing Endpoints  THS Total Endpoints     WPWS(ns)     TPWS(ns)  TPWS Failing Endpoints  TPWS Total Endpoints  
-----             -------      -------  ---------------------  -------------------      -------      -------  ---------------------  -------------------     --------     --------  ----------------------  --------------------  
clk                 2.548        0.000                      0                 4855        0.085        0.000                      0                 4855        4.020        0.000                       0                  2163  


------------------------------------------------------------------------------------------------
| Inter Clock Table
| -----------------
------------------------------------------------------------------------------------------------

From Clock    To Clock          WNS(ns)      TNS(ns)  TNS Failing Endpoints  TNS Total Endpoints      WHS(ns)      THS(ns)  THS Failing Endpoints  THS Total Endpoints  
----------    --------          -------      -------  ---------------------  -------------------      -------      -------  ---------------------  -------------------  


------------------------------------------------------------------------------------------------
| Other Path Groups Table
| -----------------------
------------------------------------------------------------------------------------------------

Path Group    From Clock    To Clock          WNS(ns)      TNS(ns)  TNS Failing Endpoints  TNS Total Endpoints      WHS(ns)      THS(ns)  THS Failing Endpoints  THS Total Endpoints  
----------    ----------    --------          -------      -------  ---------------------  -------------------      -------      -------  ---------------------  -------------------  


------------------------------------------------------------------------------------------------
| Timing Details
| --------------
------------------------------------------------------------------------------------------------


---------------------------------------------------------------------------------------------------
From Clock:  clk
  To Clock:  clk

Setup :            0  Failing Endpoints,  Worst Slack        2.548ns,  Total Violation        0.000ns
Hold  :            0  Failing Endpoints,  Worst Slack        0.085ns,  Total Violation        0.000ns
PW    :            0  Failing Endpoints,  Worst Slack        4.020ns,  Total Violation        0.000ns
---------------------------------------------------------------------------------------------------


Max Delay Paths
--------------------------------------------------------------------------------------
Slack (MET) :             2.548ns  (required time - arrival time)
  Source:                 u_impl/gen_narrow_mag.u_mag/q_square0__3/CLK
                            (rising edge-triggered cell DSP48E1 clocked by clk  {rise@0.000ns fall@5.000ns period=10.000ns})
  Destination:            u_impl/gen_narrow_mag.u_mag/q_square_reg__0/PCIN[0]
                            (rising edge-triggered cell DSP48E1 clocked by clk  {rise@0.000ns fall@5.000ns period=10.000ns})
  Path Group:             clk
  Path Type:              Setup (Max at Slow Process Corner)
  Requirement:            10.000ns  (clk rise@10.000ns - clk rise@0.000ns)
  Data Path Delay:        5.977ns  (logic 5.919ns (99.033%)  route 0.058ns (0.967%))
  Logic Levels:           1  (DSP48E1=1)
  Clock Path Skew:        -0.040ns (DCD - SCD + CPR)
    Destination Clock Delay (DCD):    4.326ns = ( 14.326 - 10.000 ) 
    Source Clock Delay      (SCD):    4.687ns
    Clock Pessimism Removal (CPR):    0.321ns
  Clock Uncertainty:      0.035ns  ((TSJ^2 + TIJ^2)^1/2 + DJ) / 2 + PE
    Total System Jitter     (TSJ):    0.071ns
    Total Input Jitter      (TIJ):    0.000ns
    Discrete Jitter          (DJ):    0.000ns
    Phase Error              (PE):    0.000ns

    Location             Delay type                Incr(ns)  Path(ns)    Netlist Resource(s)
  -------------------------------------------------------------------    -------------------
                         (clock clk rise edge)        0.000     0.000 r  
    J20                                               0.000     0.000 r  clk (IN)
                         net (fo=0)                   0.000     0.000    clk
    J20                  IBUF (Prop_ibuf_I_O)         0.970     0.970 r  clk_IBUF_inst/O
                         net (fo=1, routed)           1.972     2.942    clk_IBUF
    BUFGCTRL_X0Y16       BUFG (Prop_bufg_I_O)         0.096     3.038 r  clk_IBUF_BUFG_inst/O
                         net (fo=2162, routed)        1.649     4.687    u_impl/gen_narrow_mag.u_mag/clk_IBUF_BUFG
    DSP48_X1Y8           DSP48E1                                      r  u_impl/gen_narrow_mag.u_mag/q_square0__3/CLK
  -------------------------------------------------------------------    -------------------
    DSP48_X1Y8           DSP48E1 (Prop_dsp48e1_CLK_PCOUT[47])
                                                      4.206     8.893 r  u_impl/gen_narrow_mag.u_mag/q_square0__3/PCOUT[47]
                         net (fo=1, routed)           0.002     8.895    u_impl/gen_narrow_mag.u_mag/q_square0__3_n_106
    DSP48_X1Y9           DSP48E1 (Prop_dsp48e1_PCIN[47]_PCOUT[0])
                                                      1.713    10.608 r  u_impl/gen_narrow_mag.u_mag/q_square0__4/PCOUT[0]
                         net (fo=1, routed)           0.056    10.664    u_impl/gen_narrow_mag.u_mag/q_square0__4_n_153
    DSP48_X1Y10          DSP48E1                                      r  u_impl/gen_narrow_mag.u_mag/q_square_reg__0/PCIN[0]
  -------------------------------------------------------------------    -------------------

                         (clock clk rise edge)       10.000    10.000 r  
    J20                                               0.000    10.000 r  clk (IN)
                         net (fo=0)                   0.000    10.000    clk
    J20                  IBUF (Prop_ibuf_I_O)         0.837    10.837 r  clk_IBUF_inst/O
                         net (fo=1, routed)           1.868    12.705    clk_IBUF
    BUFGCTRL_X0Y16       BUFG (Prop_bufg_I_O)         0.091    12.796 r  clk_IBUF_BUFG_inst/O
                         net (fo=2162, routed)        1.530    14.326    u_impl/gen_narrow_mag.u_mag/clk_IBUF_BUFG
    DSP48_X1Y10          DSP48E1                                      r  u_impl/gen_narrow_mag.u_mag/q_square_reg__0/CLK
                         clock pessimism              0.321    14.647    
                         clock uncertainty           -0.035    14.611    
    DSP48_X1Y10          DSP48E1 (Setup_dsp48e1_CLK_PCIN[0])
                                                     -1.400    13.211    u_impl/gen_narrow_mag.u_mag/q_square_reg__0
  -------------------------------------------------------------------
                         required time                         13.211    
                         arrival time                         -10.664    
  -------------------------------------------------------------------
                         slack                                  2.548    





Min Delay Paths
--------------------------------------------------------------------------------------
Slack (MET) :             0.085ns  (arrival time - required time)
  Source:                 u_impl/gen_fir_outreg.u_fir_i/sample_out_reg[31]/C
                            (rising edge-triggered cell FDRE clocked by clk  {rise@0.000ns fall@5.000ns period=10.000ns})
  Destination:            u_impl/i_boundary_reg[1][31]_srl2___u_impl_bin_s2_reg_r/D
                            (rising edge-triggered cell SRL16E clocked by clk  {rise@0.000ns fall@5.000ns period=10.000ns})
  Path Group:             clk
  Path Type:              Hold (Min at Fast Process Corner)
  Requirement:            0.000ns  (clk rise@0.000ns - clk rise@0.000ns)
  Data Path Delay:        0.280ns  (logic 0.164ns (58.537%)  route 0.116ns (41.463%))
  Logic Levels:           0  
  Clock Path Skew:        0.012ns (DCD - SCD - CPR)
    Destination Clock Delay (DCD):    1.927ns
    Source Clock Delay      (SCD):    1.415ns
    Clock Pessimism Removal (CPR):    0.501ns

    Location             Delay type                Incr(ns)  Path(ns)    Netlist Resource(s)
  -------------------------------------------------------------------    -------------------
                         (clock clk rise edge)        0.000     0.000 r  
    J20                                               0.000     0.000 r  clk (IN)
                         net (fo=0)                   0.000     0.000    clk
    J20                  IBUF (Prop_ibuf_I_O)         0.199     0.199 r  clk_IBUF_inst/O
                         net (fo=1, routed)           0.634     0.833    clk_IBUF
    BUFGCTRL_X0Y16       BUFG (Prop_bufg_I_O)         0.026     0.859 r  clk_IBUF_BUFG_inst/O
                         net (fo=2162, routed)        0.556     1.415    u_impl/gen_fir_outreg.u_fir_i/clk_IBUF_BUFG
    SLICE_X8Y26          FDRE                                         r  u_impl/gen_fir_outreg.u_fir_i/sample_out_reg[31]/C
  -------------------------------------------------------------------    -------------------
    SLICE_X8Y26          FDRE (Prop_fdre_C_Q)         0.164     1.579 r  u_impl/gen_fir_outreg.u_fir_i/sample_out_reg[31]/Q
                         net (fo=1, routed)           0.116     1.695    u_impl/sample_out[31]
    SLICE_X8Y25          SRL16E                                       r  u_impl/i_boundary_reg[1][31]_srl2___u_impl_bin_s2_reg_r/D
  -------------------------------------------------------------------    -------------------

                         (clock clk rise edge)        0.000     0.000 r  
    J20                                               0.000     0.000 r  clk (IN)
                         net (fo=0)                   0.000     0.000    clk
    J20                  IBUF (Prop_ibuf_I_O)         0.388     0.388 r  clk_IBUF_inst/O
                         net (fo=1, routed)           0.689     1.077    clk_IBUF
    BUFGCTRL_X0Y16       BUFG (Prop_bufg_I_O)         0.029     1.106 r  clk_IBUF_BUFG_inst/O
                         net (fo=2162, routed)        0.822     1.927    u_impl/clk_IBUF_BUFG
    SLICE_X8Y25          SRL16E                                       r  u_impl/i_boundary_reg[1][31]_srl2___u_impl_bin_s2_reg_r/CLK
                         clock pessimism             -0.501     1.427    
    SLICE_X8Y25          SRL16E (Hold_srl16e_CLK_D)
                                                      0.183     1.610    u_impl/i_boundary_reg[1][31]_srl2___u_impl_bin_s2_reg_r
  -------------------------------------------------------------------
                         required time                         -1.610    
                         arrival time                           1.695    
  -------------------------------------------------------------------
                         slack                                  0.085    





Pulse Width Checks
--------------------------------------------------------------------------------------
Clock Name:         clk
Waveform(ns):       { 0.000 5.000 }
Period(ns):         10.000
Sources:            { clk }

Check Type        Corner  Lib Pin      Reference Pin  Required(ns)  Actual(ns)  Slack(ns)  Location     Pin
Min Period        n/a     DSP48E1/CLK  n/a            3.884         10.000      6.116      DSP48_X0Y15  u_impl/gen_narrow_mag.u_mag/i_square0__0/CLK
Low Pulse Width   Slow    SRL16E/CLK   n/a            0.980         5.000       4.020      SLICE_X2Y12  u_impl/bin_mag_p1_reg[0]_srl13___u_impl_bin_mag_p1_reg_r/CLK
High Pulse Width  Slow    SRL16E/CLK   n/a            0.980         5.000       4.020      SLICE_X2Y12  u_impl/bin_mag_p1_reg[0]_srl13___u_impl_bin_mag_p1_reg_r/CLK



