Copyright 1986-2022 Xilinx, Inc. All Rights Reserved. Copyright 2022-2025 Advanced Micro Devices, Inc. All Rights Reserved.
---------------------------------------------------------------------------------------------------------------------------------------------
| Tool Version : Vivado v.2025.2 (win64) Build 6299465 Fri Nov 14 19:35:11 GMT 2025
| Date         : Sun May  3 15:39:06 2026
| Host         : Navnil_Desktop running 64-bit major release  (build 9200)
| Command      : report_timing -max_paths 10 -file C:/Users/CHOUDN3/Downloads/VLSI_project/reports/pipelined/critical_paths.rpt
| Design       : lockin_pipelined_top
| Device       : 7a35t-cpg236
| Speed File   : -1  PRODUCTION 1.23 2018-06-13
| Design State : Synthesized
---------------------------------------------------------------------------------------------------------------------------------------------

Timing Report

Slack (MET) :             1.004ns  (required time - arrival time)
  Source:                 u_fir_i/sum0123_reg[1]/C
                            (rising edge-triggered cell FDRE clocked by clk  {rise@0.000ns fall@5.000ns period=10.000ns})
  Destination:            u_mag/i_square0/B[10]
                            (rising edge-triggered cell DSP48E1 clocked by clk  {rise@0.000ns fall@5.000ns period=10.000ns})
  Path Group:             clk
  Path Type:              Setup (Max at Slow Process Corner)
  Requirement:            10.000ns  (clk rise@10.000ns - clk rise@0.000ns)
  Data Path Delay:        8.366ns  (logic 4.668ns (55.799%)  route 3.698ns (44.201%))
  Logic Levels:           16  (CARRY4=13 LUT1=1 LUT2=1 LUT3=1)
  Clock Path Skew:        -0.145ns (DCD - SCD + CPR)
    Destination Clock Delay (DCD):    2.079ns = ( 12.079 - 10.000 ) 
    Source Clock Delay      (SCD):    2.402ns
    Clock Pessimism Removal (CPR):    0.178ns
  Clock Uncertainty:      0.035ns  ((TSJ^2 + TIJ^2)^1/2 + DJ) / 2 + PE
    Total System Jitter     (TSJ):    0.071ns
    Total Input Jitter      (TIJ):    0.000ns
    Discrete Jitter          (DJ):    0.000ns
    Phase Error              (PE):    0.000ns

    Location             Delay type                Incr(ns)  Path(ns)    Netlist Resource(s)
  -------------------------------------------------------------------    -------------------
                         (clock clk rise edge)        0.000     0.000 r  
                                                      0.000     0.000 r  clk (IN)
                         net (fo=0)                   0.000     0.000    clk
                         IBUF (Prop_ibuf_I_O)         0.923     0.923 r  clk_IBUF_inst/O
                         net (fo=1, unplaced)         0.800     1.722    clk_IBUF
                         BUFG (Prop_bufg_I_O)         0.096     1.818 r  clk_IBUF_BUFG_inst/O
                         net (fo=1837, unplaced)      0.584     2.402    u_fir_i/clk_IBUF_BUFG
                         FDRE                                         r  u_fir_i/sum0123_reg[1]/C
  -------------------------------------------------------------------    -------------------
                         FDRE (Prop_fdre_C_Q)         0.478     2.880 r  u_fir_i/sum0123_reg[1]/Q
                         net (fo=2, unplaced)         0.481     3.361    u_fir_i/sum0123[1]
                         LUT2 (Prop_lut2_I0_O)        0.295     3.656 r  u_fir_i/final_sum_carry_i_3/O
                         net (fo=1, unplaced)         0.000     3.656    u_fir_i/final_sum_carry_i_3_n_0
                         CARRY4 (Prop_carry4_S[1]_O[3])
                                                      0.643     4.299 r  u_fir_i/final_sum_carry/O[3]
                         net (fo=4, unplaced)         0.828     5.127    u_fir_i/value[3]
                         CARRY4 (Prop_carry4_S[2]_O[3])
                                                      0.659     5.786 f  u_fir_i/i_square0__1_i_26/O[3]
                         net (fo=2, unplaced)         0.629     6.415    u_fir_i/round_shift2[4]
                         LUT1 (Prop_lut1_I0_O)        0.307     6.722 r  u_fir_i/i_square0__1_i_39/O
                         net (fo=1, unplaced)         0.333     7.055    u_fir_i/i_square0__1_i_39_n_0
                         CARRY4 (Prop_carry4_CYINIT_CO[3])
                                                      0.595     7.650 r  u_fir_i/i_square0__1_i_24/CO[3]
                         net (fo=1, unplaced)         0.009     7.659    u_fir_i/i_square0__1_i_24_n_0
                         CARRY4 (Prop_carry4_CI_CO[3])
                                                      0.117     7.776 r  u_fir_i/i_square0__1_i_22/CO[3]
                         net (fo=1, unplaced)         0.000     7.776    u_fir_i/i_square0__1_i_22_n_0
                         CARRY4 (Prop_carry4_CI_CO[3])
                                                      0.117     7.893 r  u_fir_i/i_square0__1_i_20/CO[3]
                         net (fo=1, unplaced)         0.000     7.893    u_fir_i/i_square0__1_i_20_n_0
                         CARRY4 (Prop_carry4_CI_CO[3])
                                                      0.117     8.010 r  u_fir_i/i_square0__1_i_18/CO[3]
                         net (fo=1, unplaced)         0.000     8.010    u_fir_i/i_square0__1_i_18_n_0
                         CARRY4 (Prop_carry4_CI_CO[3])
                                                      0.117     8.127 r  u_fir_i/i_square0_i_47/CO[3]
                         net (fo=1, unplaced)         0.000     8.127    u_fir_i/i_square0_i_47_n_0
                         CARRY4 (Prop_carry4_CI_CO[3])
                                                      0.117     8.244 r  u_fir_i/i_square0_i_45/CO[3]
                         net (fo=1, unplaced)         0.000     8.244    u_fir_i/i_square0_i_45_n_0
                         CARRY4 (Prop_carry4_CI_CO[3])
                                                      0.117     8.361 r  u_fir_i/i_square0_i_43/CO[3]
                         net (fo=1, unplaced)         0.000     8.361    u_fir_i/i_square0_i_43_n_0
                         CARRY4 (Prop_carry4_CI_CO[3])
                                                      0.117     8.478 r  u_fir_i/i_square0_i_41/CO[3]
                         net (fo=1, unplaced)         0.000     8.478    u_fir_i/i_square0_i_41_n_0
                         CARRY4 (Prop_carry4_CI_CO[3])
                                                      0.117     8.595 r  u_fir_i/i_square0_i_39/CO[3]
                         net (fo=1, unplaced)         0.000     8.595    u_fir_i/i_square0_i_39_n_0
                         CARRY4 (Prop_carry4_CI_CO[3])
                                                      0.117     8.712 r  u_fir_i/i_square0_i_37/CO[3]
                         net (fo=1, unplaced)         0.000     8.712    u_fir_i/i_square0_i_37_n_0
                         CARRY4 (Prop_carry4_CI_O[3])
                                                      0.331     9.043 r  u_fir_i/i_square0_i_35/O[3]
                         net (fo=1, unplaced)         0.618     9.661    u_fir_i/round_shift0[44]
                         LUT3 (Prop_lut3_I0_O)        0.307     9.968 r  u_fir_i/i_square0_i_4/O
                         net (fo=6, unplaced)         0.800    10.768    u_mag/i_in[44]
                         DSP48E1                                      r  u_mag/i_square0/B[10]
  -------------------------------------------------------------------    -------------------

                         (clock clk rise edge)       10.000    10.000 r  
                                                      0.000    10.000 r  clk (IN)
                         net (fo=0)                   0.000    10.000    clk
                         IBUF (Prop_ibuf_I_O)         0.789    10.789 r  clk_IBUF_inst/O
                         net (fo=1, unplaced)         0.760    11.549    clk_IBUF
                         BUFG (Prop_bufg_I_O)         0.091    11.640 r  clk_IBUF_BUFG_inst/O
                         net (fo=1837, unplaced)      0.439    12.079    u_mag/clk_IBUF_BUFG
                         DSP48E1                                      r  u_mag/i_square0/CLK
                         clock pessimism              0.178    12.257    
                         clock uncertainty           -0.035    12.222    
                         DSP48E1 (Setup_dsp48e1_CLK_B[10])
                                                     -0.450    11.772    u_mag/i_square0
  -------------------------------------------------------------------
                         required time                         11.772    
                         arrival time                         -10.768    
  -------------------------------------------------------------------
                         slack                                  1.004    

Slack (MET) :             1.004ns  (required time - arrival time)
  Source:                 u_fir_i/sum0123_reg[1]/C
                            (rising edge-triggered cell FDRE clocked by clk  {rise@0.000ns fall@5.000ns period=10.000ns})
  Destination:            u_mag/i_square0__0/B[10]
                            (rising edge-triggered cell DSP48E1 clocked by clk  {rise@0.000ns fall@5.000ns period=10.000ns})
  Path Group:             clk
  Path Type:              Setup (Max at Slow Process Corner)
  Requirement:            10.000ns  (clk rise@10.000ns - clk rise@0.000ns)
  Data Path Delay:        8.366ns  (logic 4.668ns (55.799%)  route 3.698ns (44.201%))
  Logic Levels:           16  (CARRY4=13 LUT1=1 LUT2=1 LUT3=1)
  Clock Path Skew:        -0.145ns (DCD - SCD + CPR)
    Destination Clock Delay (DCD):    2.079ns = ( 12.079 - 10.000 ) 
    Source Clock Delay      (SCD):    2.402ns
    Clock Pessimism Removal (CPR):    0.178ns
  Clock Uncertainty:      0.035ns  ((TSJ^2 + TIJ^2)^1/2 + DJ) / 2 + PE
    Total System Jitter     (TSJ):    0.071ns
    Total Input Jitter      (TIJ):    0.000ns
    Discrete Jitter          (DJ):    0.000ns
    Phase Error              (PE):    0.000ns

    Location             Delay type                Incr(ns)  Path(ns)    Netlist Resource(s)
  -------------------------------------------------------------------    -------------------
                         (clock clk rise edge)        0.000     0.000 r  
                                                      0.000     0.000 r  clk (IN)
                         net (fo=0)                   0.000     0.000    clk
                         IBUF (Prop_ibuf_I_O)         0.923     0.923 r  clk_IBUF_inst/O
                         net (fo=1, unplaced)         0.800     1.722    clk_IBUF
                         BUFG (Prop_bufg_I_O)         0.096     1.818 r  clk_IBUF_BUFG_inst/O
                         net (fo=1837, unplaced)      0.584     2.402    u_fir_i/clk_IBUF_BUFG
                         FDRE                                         r  u_fir_i/sum0123_reg[1]/C
  -------------------------------------------------------------------    -------------------
                         FDRE (Prop_fdre_C_Q)         0.478     2.880 r  u_fir_i/sum0123_reg[1]/Q
                         net (fo=2, unplaced)         0.481     3.361    u_fir_i/sum0123[1]
                         LUT2 (Prop_lut2_I0_O)        0.295     3.656 r  u_fir_i/final_sum_carry_i_3/O
                         net (fo=1, unplaced)         0.000     3.656    u_fir_i/final_sum_carry_i_3_n_0
                         CARRY4 (Prop_carry4_S[1]_O[3])
                                                      0.643     4.299 r  u_fir_i/final_sum_carry/O[3]
                         net (fo=4, unplaced)         0.828     5.127    u_fir_i/value[3]
                         CARRY4 (Prop_carry4_S[2]_O[3])
                                                      0.659     5.786 f  u_fir_i/i_square0__1_i_26/O[3]
                         net (fo=2, unplaced)         0.629     6.415    u_fir_i/round_shift2[4]
                         LUT1 (Prop_lut1_I0_O)        0.307     6.722 r  u_fir_i/i_square0__1_i_39/O
                         net (fo=1, unplaced)         0.333     7.055    u_fir_i/i_square0__1_i_39_n_0
                         CARRY4 (Prop_carry4_CYINIT_CO[3])
                                                      0.595     7.650 r  u_fir_i/i_square0__1_i_24/CO[3]
                         net (fo=1, unplaced)         0.009     7.659    u_fir_i/i_square0__1_i_24_n_0
                         CARRY4 (Prop_carry4_CI_CO[3])
                                                      0.117     7.776 r  u_fir_i/i_square0__1_i_22/CO[3]
                         net (fo=1, unplaced)         0.000     7.776    u_fir_i/i_square0__1_i_22_n_0
                         CARRY4 (Prop_carry4_CI_CO[3])
                                                      0.117     7.893 r  u_fir_i/i_square0__1_i_20/CO[3]
                         net (fo=1, unplaced)         0.000     7.893    u_fir_i/i_square0__1_i_20_n_0
                         CARRY4 (Prop_carry4_CI_CO[3])
                                                      0.117     8.010 r  u_fir_i/i_square0__1_i_18/CO[3]
                         net (fo=1, unplaced)         0.000     8.010    u_fir_i/i_square0__1_i_18_n_0
                         CARRY4 (Prop_carry4_CI_CO[3])
                                                      0.117     8.127 r  u_fir_i/i_square0_i_47/CO[3]
                         net (fo=1, unplaced)         0.000     8.127    u_fir_i/i_square0_i_47_n_0
                         CARRY4 (Prop_carry4_CI_CO[3])
                                                      0.117     8.244 r  u_fir_i/i_square0_i_45/CO[3]
                         net (fo=1, unplaced)         0.000     8.244    u_fir_i/i_square0_i_45_n_0
                         CARRY4 (Prop_carry4_CI_CO[3])
                                                      0.117     8.361 r  u_fir_i/i_square0_i_43/CO[3]
                         net (fo=1, unplaced)         0.000     8.361    u_fir_i/i_square0_i_43_n_0
                         CARRY4 (Prop_carry4_CI_CO[3])
                                                      0.117     8.478 r  u_fir_i/i_square0_i_41/CO[3]
                         net (fo=1, unplaced)         0.000     8.478    u_fir_i/i_square0_i_41_n_0
                         CARRY4 (Prop_carry4_CI_CO[3])
                                                      0.117     8.595 r  u_fir_i/i_square0_i_39/CO[3]
                         net (fo=1, unplaced)         0.000     8.595    u_fir_i/i_square0_i_39_n_0
                         CARRY4 (Prop_carry4_CI_CO[3])
                                                      0.117     8.712 r  u_fir_i/i_square0_i_37/CO[3]
                         net (fo=1, unplaced)         0.000     8.712    u_fir_i/i_square0_i_37_n_0
                         CARRY4 (Prop_carry4_CI_O[3])
                                                      0.331     9.043 r  u_fir_i/i_square0_i_35/O[3]
                         net (fo=1, unplaced)         0.618     9.661    u_fir_i/round_shift0[44]
                         LUT3 (Prop_lut3_I0_O)        0.307     9.968 r  u_fir_i/i_square0_i_4/O
                         net (fo=6, unplaced)         0.800    10.768    u_mag/i_in[44]
                         DSP48E1                                      r  u_mag/i_square0__0/B[10]
  -------------------------------------------------------------------    -------------------

                         (clock clk rise edge)       10.000    10.000 r  
                                                      0.000    10.000 r  clk (IN)
                         net (fo=0)                   0.000    10.000    clk
                         IBUF (Prop_ibuf_I_O)         0.789    10.789 r  clk_IBUF_inst/O
                         net (fo=1, unplaced)         0.760    11.549    clk_IBUF
                         BUFG (Prop_bufg_I_O)         0.091    11.640 r  clk_IBUF_BUFG_inst/O
                         net (fo=1837, unplaced)      0.439    12.079    u_mag/clk_IBUF_BUFG
                         DSP48E1                                      r  u_mag/i_square0__0/CLK
                         clock pessimism              0.178    12.257    
                         clock uncertainty           -0.035    12.222    
                         DSP48E1 (Setup_dsp48e1_CLK_B[10])
                                                     -0.450    11.772    u_mag/i_square0__0
  -------------------------------------------------------------------
                         required time                         11.772    
                         arrival time                         -10.768    
  -------------------------------------------------------------------
                         slack                                  1.004    

Slack (MET) :             1.004ns  (required time - arrival time)
  Source:                 u_fir_i/sum0123_reg[1]/C
                            (rising edge-triggered cell FDRE clocked by clk  {rise@0.000ns fall@5.000ns period=10.000ns})
  Destination:            u_mag/i_square0__1/B[10]
                            (rising edge-triggered cell DSP48E1 clocked by clk  {rise@0.000ns fall@5.000ns period=10.000ns})
  Path Group:             clk
  Path Type:              Setup (Max at Slow Process Corner)
  Requirement:            10.000ns  (clk rise@10.000ns - clk rise@0.000ns)
  Data Path Delay:        8.366ns  (logic 4.668ns (55.799%)  route 3.698ns (44.201%))
  Logic Levels:           16  (CARRY4=13 LUT1=1 LUT2=1 LUT3=1)
  Clock Path Skew:        -0.145ns (DCD - SCD + CPR)
    Destination Clock Delay (DCD):    2.079ns = ( 12.079 - 10.000 ) 
    Source Clock Delay      (SCD):    2.402ns
    Clock Pessimism Removal (CPR):    0.178ns
  Clock Uncertainty:      0.035ns  ((TSJ^2 + TIJ^2)^1/2 + DJ) / 2 + PE
    Total System Jitter     (TSJ):    0.071ns
    Total Input Jitter      (TIJ):    0.000ns
    Discrete Jitter          (DJ):    0.000ns
    Phase Error              (PE):    0.000ns

    Location             Delay type                Incr(ns)  Path(ns)    Netlist Resource(s)
  -------------------------------------------------------------------    -------------------
                         (clock clk rise edge)        0.000     0.000 r  
                                                      0.000     0.000 r  clk (IN)
                         net (fo=0)                   0.000     0.000    clk
                         IBUF (Prop_ibuf_I_O)         0.923     0.923 r  clk_IBUF_inst/O
                         net (fo=1, unplaced)         0.800     1.722    clk_IBUF
                         BUFG (Prop_bufg_I_O)         0.096     1.818 r  clk_IBUF_BUFG_inst/O
                         net (fo=1837, unplaced)      0.584     2.402    u_fir_i/clk_IBUF_BUFG
                         FDRE                                         r  u_fir_i/sum0123_reg[1]/C
  -------------------------------------------------------------------    -------------------
                         FDRE (Prop_fdre_C_Q)         0.478     2.880 r  u_fir_i/sum0123_reg[1]/Q
                         net (fo=2, unplaced)         0.481     3.361    u_fir_i/sum0123[1]
                         LUT2 (Prop_lut2_I0_O)        0.295     3.656 r  u_fir_i/final_sum_carry_i_3/O
                         net (fo=1, unplaced)         0.000     3.656    u_fir_i/final_sum_carry_i_3_n_0
                         CARRY4 (Prop_carry4_S[1]_O[3])
                                                      0.643     4.299 r  u_fir_i/final_sum_carry/O[3]
                         net (fo=4, unplaced)         0.828     5.127    u_fir_i/value[3]
                         CARRY4 (Prop_carry4_S[2]_O[3])
                                                      0.659     5.786 f  u_fir_i/i_square0__1_i_26/O[3]
                         net (fo=2, unplaced)         0.629     6.415    u_fir_i/round_shift2[4]
                         LUT1 (Prop_lut1_I0_O)        0.307     6.722 r  u_fir_i/i_square0__1_i_39/O
                         net (fo=1, unplaced)         0.333     7.055    u_fir_i/i_square0__1_i_39_n_0
                         CARRY4 (Prop_carry4_CYINIT_CO[3])
                                                      0.595     7.650 r  u_fir_i/i_square0__1_i_24/CO[3]
                         net (fo=1, unplaced)         0.009     7.659    u_fir_i/i_square0__1_i_24_n_0
                         CARRY4 (Prop_carry4_CI_CO[3])
                                                      0.117     7.776 r  u_fir_i/i_square0__1_i_22/CO[3]
                         net (fo=1, unplaced)         0.000     7.776    u_fir_i/i_square0__1_i_22_n_0
                         CARRY4 (Prop_carry4_CI_CO[3])
                                                      0.117     7.893 r  u_fir_i/i_square0__1_i_20/CO[3]
                         net (fo=1, unplaced)         0.000     7.893    u_fir_i/i_square0__1_i_20_n_0
                         CARRY4 (Prop_carry4_CI_CO[3])
                                                      0.117     8.010 r  u_fir_i/i_square0__1_i_18/CO[3]
                         net (fo=1, unplaced)         0.000     8.010    u_fir_i/i_square0__1_i_18_n_0
                         CARRY4 (Prop_carry4_CI_CO[3])
                                                      0.117     8.127 r  u_fir_i/i_square0_i_47/CO[3]
                         net (fo=1, unplaced)         0.000     8.127    u_fir_i/i_square0_i_47_n_0
                         CARRY4 (Prop_carry4_CI_CO[3])
                                                      0.117     8.244 r  u_fir_i/i_square0_i_45/CO[3]
                         net (fo=1, unplaced)         0.000     8.244    u_fir_i/i_square0_i_45_n_0
                         CARRY4 (Prop_carry4_CI_CO[3])
                                                      0.117     8.361 r  u_fir_i/i_square0_i_43/CO[3]
                         net (fo=1, unplaced)         0.000     8.361    u_fir_i/i_square0_i_43_n_0
                         CARRY4 (Prop_carry4_CI_CO[3])
                                                      0.117     8.478 r  u_fir_i/i_square0_i_41/CO[3]
                         net (fo=1, unplaced)         0.000     8.478    u_fir_i/i_square0_i_41_n_0
                         CARRY4 (Prop_carry4_CI_CO[3])
                                                      0.117     8.595 r  u_fir_i/i_square0_i_39/CO[3]
                         net (fo=1, unplaced)         0.000     8.595    u_fir_i/i_square0_i_39_n_0
                         CARRY4 (Prop_carry4_CI_CO[3])
                                                      0.117     8.712 r  u_fir_i/i_square0_i_37/CO[3]
                         net (fo=1, unplaced)         0.000     8.712    u_fir_i/i_square0_i_37_n_0
                         CARRY4 (Prop_carry4_CI_O[3])
                                                      0.331     9.043 r  u_fir_i/i_square0_i_35/O[3]
                         net (fo=1, unplaced)         0.618     9.661    u_fir_i/round_shift0[44]
                         LUT3 (Prop_lut3_I0_O)        0.307     9.968 r  u_fir_i/i_square0_i_4/O
                         net (fo=6, unplaced)         0.800    10.768    u_mag/i_in[44]
                         DSP48E1                                      r  u_mag/i_square0__1/B[10]
  -------------------------------------------------------------------    -------------------

                         (clock clk rise edge)       10.000    10.000 r  
                                                      0.000    10.000 r  clk (IN)
                         net (fo=0)                   0.000    10.000    clk
                         IBUF (Prop_ibuf_I_O)         0.789    10.789 r  clk_IBUF_inst/O
                         net (fo=1, unplaced)         0.760    11.549    clk_IBUF
                         BUFG (Prop_bufg_I_O)         0.091    11.640 r  clk_IBUF_BUFG_inst/O
                         net (fo=1837, unplaced)      0.439    12.079    u_mag/clk_IBUF_BUFG
                         DSP48E1                                      r  u_mag/i_square0__1/CLK
                         clock pessimism              0.178    12.257    
                         clock uncertainty           -0.035    12.222    
                         DSP48E1 (Setup_dsp48e1_CLK_B[10])
                                                     -0.450    11.772    u_mag/i_square0__1
  -------------------------------------------------------------------
                         required time                         11.772    
                         arrival time                         -10.768    
  -------------------------------------------------------------------
                         slack                                  1.004    

Slack (MET) :             1.004ns  (required time - arrival time)
  Source:                 u_fir_i/sum0123_reg[1]/C
                            (rising edge-triggered cell FDRE clocked by clk  {rise@0.000ns fall@5.000ns period=10.000ns})
  Destination:            u_mag/i_square_reg/B[10]
                            (rising edge-triggered cell DSP48E1 clocked by clk  {rise@0.000ns fall@5.000ns period=10.000ns})
  Path Group:             clk
  Path Type:              Setup (Max at Slow Process Corner)
  Requirement:            10.000ns  (clk rise@10.000ns - clk rise@0.000ns)
  Data Path Delay:        8.366ns  (logic 4.668ns (55.799%)  route 3.698ns (44.201%))
  Logic Levels:           16  (CARRY4=13 LUT1=1 LUT2=1 LUT3=1)
  Clock Path Skew:        -0.145ns (DCD - SCD + CPR)
    Destination Clock Delay (DCD):    2.079ns = ( 12.079 - 10.000 ) 
    Source Clock Delay      (SCD):    2.402ns
    Clock Pessimism Removal (CPR):    0.178ns
  Clock Uncertainty:      0.035ns  ((TSJ^2 + TIJ^2)^1/2 + DJ) / 2 + PE
    Total System Jitter     (TSJ):    0.071ns
    Total Input Jitter      (TIJ):    0.000ns
    Discrete Jitter          (DJ):    0.000ns
    Phase Error              (PE):    0.000ns

    Location             Delay type                Incr(ns)  Path(ns)    Netlist Resource(s)
  -------------------------------------------------------------------    -------------------
                         (clock clk rise edge)        0.000     0.000 r  
                                                      0.000     0.000 r  clk (IN)
                         net (fo=0)                   0.000     0.000    clk
                         IBUF (Prop_ibuf_I_O)         0.923     0.923 r  clk_IBUF_inst/O
                         net (fo=1, unplaced)         0.800     1.722    clk_IBUF
                         BUFG (Prop_bufg_I_O)         0.096     1.818 r  clk_IBUF_BUFG_inst/O
                         net (fo=1837, unplaced)      0.584     2.402    u_fir_i/clk_IBUF_BUFG
                         FDRE                                         r  u_fir_i/sum0123_reg[1]/C
  -------------------------------------------------------------------    -------------------
                         FDRE (Prop_fdre_C_Q)         0.478     2.880 r  u_fir_i/sum0123_reg[1]/Q
                         net (fo=2, unplaced)         0.481     3.361    u_fir_i/sum0123[1]
                         LUT2 (Prop_lut2_I0_O)        0.295     3.656 r  u_fir_i/final_sum_carry_i_3/O
                         net (fo=1, unplaced)         0.000     3.656    u_fir_i/final_sum_carry_i_3_n_0
                         CARRY4 (Prop_carry4_S[1]_O[3])
                                                      0.643     4.299 r  u_fir_i/final_sum_carry/O[3]
                         net (fo=4, unplaced)         0.828     5.127    u_fir_i/value[3]
                         CARRY4 (Prop_carry4_S[2]_O[3])
                                                      0.659     5.786 f  u_fir_i/i_square0__1_i_26/O[3]
                         net (fo=2, unplaced)         0.629     6.415    u_fir_i/round_shift2[4]
                         LUT1 (Prop_lut1_I0_O)        0.307     6.722 r  u_fir_i/i_square0__1_i_39/O
                         net (fo=1, unplaced)         0.333     7.055    u_fir_i/i_square0__1_i_39_n_0
                         CARRY4 (Prop_carry4_CYINIT_CO[3])
                                                      0.595     7.650 r  u_fir_i/i_square0__1_i_24/CO[3]
                         net (fo=1, unplaced)         0.009     7.659    u_fir_i/i_square0__1_i_24_n_0
                         CARRY4 (Prop_carry4_CI_CO[3])
                                                      0.117     7.776 r  u_fir_i/i_square0__1_i_22/CO[3]
                         net (fo=1, unplaced)         0.000     7.776    u_fir_i/i_square0__1_i_22_n_0
                         CARRY4 (Prop_carry4_CI_CO[3])
                                                      0.117     7.893 r  u_fir_i/i_square0__1_i_20/CO[3]
                         net (fo=1, unplaced)         0.000     7.893    u_fir_i/i_square0__1_i_20_n_0
                         CARRY4 (Prop_carry4_CI_CO[3])
                                                      0.117     8.010 r  u_fir_i/i_square0__1_i_18/CO[3]
                         net (fo=1, unplaced)         0.000     8.010    u_fir_i/i_square0__1_i_18_n_0
                         CARRY4 (Prop_carry4_CI_CO[3])
                                                      0.117     8.127 r  u_fir_i/i_square0_i_47/CO[3]
                         net (fo=1, unplaced)         0.000     8.127    u_fir_i/i_square0_i_47_n_0
                         CARRY4 (Prop_carry4_CI_CO[3])
                                                      0.117     8.244 r  u_fir_i/i_square0_i_45/CO[3]
                         net (fo=1, unplaced)         0.000     8.244    u_fir_i/i_square0_i_45_n_0
                         CARRY4 (Prop_carry4_CI_CO[3])
                                                      0.117     8.361 r  u_fir_i/i_square0_i_43/CO[3]
                         net (fo=1, unplaced)         0.000     8.361    u_fir_i/i_square0_i_43_n_0
                         CARRY4 (Prop_carry4_CI_CO[3])
                                                      0.117     8.478 r  u_fir_i/i_square0_i_41/CO[3]
                         net (fo=1, unplaced)         0.000     8.478    u_fir_i/i_square0_i_41_n_0
                         CARRY4 (Prop_carry4_CI_CO[3])
                                                      0.117     8.595 r  u_fir_i/i_square0_i_39/CO[3]
                         net (fo=1, unplaced)         0.000     8.595    u_fir_i/i_square0_i_39_n_0
                         CARRY4 (Prop_carry4_CI_CO[3])
                                                      0.117     8.712 r  u_fir_i/i_square0_i_37/CO[3]
                         net (fo=1, unplaced)         0.000     8.712    u_fir_i/i_square0_i_37_n_0
                         CARRY4 (Prop_carry4_CI_O[3])
                                                      0.331     9.043 r  u_fir_i/i_square0_i_35/O[3]
                         net (fo=1, unplaced)         0.618     9.661    u_fir_i/round_shift0[44]
                         LUT3 (Prop_lut3_I0_O)        0.307     9.968 r  u_fir_i/i_square0_i_4/O
                         net (fo=6, unplaced)         0.800    10.768    u_mag/i_in[44]
                         DSP48E1                                      r  u_mag/i_square_reg/B[10]
  -------------------------------------------------------------------    -------------------

                         (clock clk rise edge)       10.000    10.000 r  
                                                      0.000    10.000 r  clk (IN)
                         net (fo=0)                   0.000    10.000    clk
                         IBUF (Prop_ibuf_I_O)         0.789    10.789 r  clk_IBUF_inst/O
                         net (fo=1, unplaced)         0.760    11.549    clk_IBUF
                         BUFG (Prop_bufg_I_O)         0.091    11.640 r  clk_IBUF_BUFG_inst/O
                         net (fo=1837, unplaced)      0.439    12.079    u_mag/clk_IBUF_BUFG
                         DSP48E1                                      r  u_mag/i_square_reg/CLK
                         clock pessimism              0.178    12.257    
                         clock uncertainty           -0.035    12.222    
                         DSP48E1 (Setup_dsp48e1_CLK_B[10])
                                                     -0.450    11.772    u_mag/i_square_reg
  -------------------------------------------------------------------
                         required time                         11.772    
                         arrival time                         -10.768    
  -------------------------------------------------------------------
                         slack                                  1.004    

Slack (MET) :             1.004ns  (required time - arrival time)
  Source:                 u_fir_i/sum0123_reg[1]/C
                            (rising edge-triggered cell FDRE clocked by clk  {rise@0.000ns fall@5.000ns period=10.000ns})
  Destination:            u_mag/i_square_reg__0/B[10]
                            (rising edge-triggered cell DSP48E1 clocked by clk  {rise@0.000ns fall@5.000ns period=10.000ns})
  Path Group:             clk
  Path Type:              Setup (Max at Slow Process Corner)
  Requirement:            10.000ns  (clk rise@10.000ns - clk rise@0.000ns)
  Data Path Delay:        8.366ns  (logic 4.668ns (55.799%)  route 3.698ns (44.201%))
  Logic Levels:           16  (CARRY4=13 LUT1=1 LUT2=1 LUT3=1)
  Clock Path Skew:        -0.145ns (DCD - SCD + CPR)
    Destination Clock Delay (DCD):    2.079ns = ( 12.079 - 10.000 ) 
    Source Clock Delay      (SCD):    2.402ns
    Clock Pessimism Removal (CPR):    0.178ns
  Clock Uncertainty:      0.035ns  ((TSJ^2 + TIJ^2)^1/2 + DJ) / 2 + PE
    Total System Jitter     (TSJ):    0.071ns
    Total Input Jitter      (TIJ):    0.000ns
    Discrete Jitter          (DJ):    0.000ns
    Phase Error              (PE):    0.000ns

    Location             Delay type                Incr(ns)  Path(ns)    Netlist Resource(s)
  -------------------------------------------------------------------    -------------------
                         (clock clk rise edge)        0.000     0.000 r  
                                                      0.000     0.000 r  clk (IN)
                         net (fo=0)                   0.000     0.000    clk
                         IBUF (Prop_ibuf_I_O)         0.923     0.923 r  clk_IBUF_inst/O
                         net (fo=1, unplaced)         0.800     1.722    clk_IBUF
                         BUFG (Prop_bufg_I_O)         0.096     1.818 r  clk_IBUF_BUFG_inst/O
                         net (fo=1837, unplaced)      0.584     2.402    u_fir_i/clk_IBUF_BUFG
                         FDRE                                         r  u_fir_i/sum0123_reg[1]/C
  -------------------------------------------------------------------    -------------------
                         FDRE (Prop_fdre_C_Q)         0.478     2.880 r  u_fir_i/sum0123_reg[1]/Q
                         net (fo=2, unplaced)         0.481     3.361    u_fir_i/sum0123[1]
                         LUT2 (Prop_lut2_I0_O)        0.295     3.656 r  u_fir_i/final_sum_carry_i_3/O
                         net (fo=1, unplaced)         0.000     3.656    u_fir_i/final_sum_carry_i_3_n_0
                         CARRY4 (Prop_carry4_S[1]_O[3])
                                                      0.643     4.299 r  u_fir_i/final_sum_carry/O[3]
                         net (fo=4, unplaced)         0.828     5.127    u_fir_i/value[3]
                         CARRY4 (Prop_carry4_S[2]_O[3])
                                                      0.659     5.786 f  u_fir_i/i_square0__1_i_26/O[3]
                         net (fo=2, unplaced)         0.629     6.415    u_fir_i/round_shift2[4]
                         LUT1 (Prop_lut1_I0_O)        0.307     6.722 r  u_fir_i/i_square0__1_i_39/O
                         net (fo=1, unplaced)         0.333     7.055    u_fir_i/i_square0__1_i_39_n_0
                         CARRY4 (Prop_carry4_CYINIT_CO[3])
                                                      0.595     7.650 r  u_fir_i/i_square0__1_i_24/CO[3]
                         net (fo=1, unplaced)         0.009     7.659    u_fir_i/i_square0__1_i_24_n_0
                         CARRY4 (Prop_carry4_CI_CO[3])
                                                      0.117     7.776 r  u_fir_i/i_square0__1_i_22/CO[3]
                         net (fo=1, unplaced)         0.000     7.776    u_fir_i/i_square0__1_i_22_n_0
                         CARRY4 (Prop_carry4_CI_CO[3])
                                                      0.117     7.893 r  u_fir_i/i_square0__1_i_20/CO[3]
                         net (fo=1, unplaced)         0.000     7.893    u_fir_i/i_square0__1_i_20_n_0
                         CARRY4 (Prop_carry4_CI_CO[3])
                                                      0.117     8.010 r  u_fir_i/i_square0__1_i_18/CO[3]
                         net (fo=1, unplaced)         0.000     8.010    u_fir_i/i_square0__1_i_18_n_0
                         CARRY4 (Prop_carry4_CI_CO[3])
                                                      0.117     8.127 r  u_fir_i/i_square0_i_47/CO[3]
                         net (fo=1, unplaced)         0.000     8.127    u_fir_i/i_square0_i_47_n_0
                         CARRY4 (Prop_carry4_CI_CO[3])
                                                      0.117     8.244 r  u_fir_i/i_square0_i_45/CO[3]
                         net (fo=1, unplaced)         0.000     8.244    u_fir_i/i_square0_i_45_n_0
                         CARRY4 (Prop_carry4_CI_CO[3])
                                                      0.117     8.361 r  u_fir_i/i_square0_i_43/CO[3]
                         net (fo=1, unplaced)         0.000     8.361    u_fir_i/i_square0_i_43_n_0
                         CARRY4 (Prop_carry4_CI_CO[3])
                                                      0.117     8.478 r  u_fir_i/i_square0_i_41/CO[3]
                         net (fo=1, unplaced)         0.000     8.478    u_fir_i/i_square0_i_41_n_0
                         CARRY4 (Prop_carry4_CI_CO[3])
                                                      0.117     8.595 r  u_fir_i/i_square0_i_39/CO[3]
                         net (fo=1, unplaced)         0.000     8.595    u_fir_i/i_square0_i_39_n_0
                         CARRY4 (Prop_carry4_CI_CO[3])
                                                      0.117     8.712 r  u_fir_i/i_square0_i_37/CO[3]
                         net (fo=1, unplaced)         0.000     8.712    u_fir_i/i_square0_i_37_n_0
                         CARRY4 (Prop_carry4_CI_O[3])
                                                      0.331     9.043 r  u_fir_i/i_square0_i_35/O[3]
                         net (fo=1, unplaced)         0.618     9.661    u_fir_i/round_shift0[44]
                         LUT3 (Prop_lut3_I0_O)        0.307     9.968 r  u_fir_i/i_square0_i_4/O
                         net (fo=6, unplaced)         0.800    10.768    u_mag/i_in[44]
                         DSP48E1                                      r  u_mag/i_square_reg__0/B[10]
  -------------------------------------------------------------------    -------------------

                         (clock clk rise edge)       10.000    10.000 r  
                                                      0.000    10.000 r  clk (IN)
                         net (fo=0)                   0.000    10.000    clk
                         IBUF (Prop_ibuf_I_O)         0.789    10.789 r  clk_IBUF_inst/O
                         net (fo=1, unplaced)         0.760    11.549    clk_IBUF
                         BUFG (Prop_bufg_I_O)         0.091    11.640 r  clk_IBUF_BUFG_inst/O
                         net (fo=1837, unplaced)      0.439    12.079    u_mag/clk_IBUF_BUFG
                         DSP48E1                                      r  u_mag/i_square_reg__0/CLK
                         clock pessimism              0.178    12.257    
                         clock uncertainty           -0.035    12.222    
                         DSP48E1 (Setup_dsp48e1_CLK_B[10])
                                                     -0.450    11.772    u_mag/i_square_reg__0
  -------------------------------------------------------------------
                         required time                         11.772    
                         arrival time                         -10.768    
  -------------------------------------------------------------------
                         slack                                  1.004    

Slack (MET) :             1.004ns  (required time - arrival time)
  Source:                 u_fir_q/sum0123_reg[1]/C
                            (rising edge-triggered cell FDRE clocked by clk  {rise@0.000ns fall@5.000ns period=10.000ns})
  Destination:            u_mag/q_square0/B[10]
                            (rising edge-triggered cell DSP48E1 clocked by clk  {rise@0.000ns fall@5.000ns period=10.000ns})
  Path Group:             clk
  Path Type:              Setup (Max at Slow Process Corner)
  Requirement:            10.000ns  (clk rise@10.000ns - clk rise@0.000ns)
  Data Path Delay:        8.366ns  (logic 4.668ns (55.799%)  route 3.698ns (44.201%))
  Logic Levels:           16  (CARRY4=13 LUT1=1 LUT2=1 LUT3=1)
  Clock Path Skew:        -0.145ns (DCD - SCD + CPR)
    Destination Clock Delay (DCD):    2.079ns = ( 12.079 - 10.000 ) 
    Source Clock Delay      (SCD):    2.402ns
    Clock Pessimism Removal (CPR):    0.178ns
  Clock Uncertainty:      0.035ns  ((TSJ^2 + TIJ^2)^1/2 + DJ) / 2 + PE
    Total System Jitter     (TSJ):    0.071ns
    Total Input Jitter      (TIJ):    0.000ns
    Discrete Jitter          (DJ):    0.000ns
    Phase Error              (PE):    0.000ns

    Location             Delay type                Incr(ns)  Path(ns)    Netlist Resource(s)
  -------------------------------------------------------------------    -------------------
                         (clock clk rise edge)        0.000     0.000 r  
                                                      0.000     0.000 r  clk (IN)
                         net (fo=0)                   0.000     0.000    clk
                         IBUF (Prop_ibuf_I_O)         0.923     0.923 r  clk_IBUF_inst/O
                         net (fo=1, unplaced)         0.800     1.722    clk_IBUF
                         BUFG (Prop_bufg_I_O)         0.096     1.818 r  clk_IBUF_BUFG_inst/O
                         net (fo=1837, unplaced)      0.584     2.402    u_fir_q/clk_IBUF_BUFG
                         FDRE                                         r  u_fir_q/sum0123_reg[1]/C
  -------------------------------------------------------------------    -------------------
                         FDRE (Prop_fdre_C_Q)         0.478     2.880 r  u_fir_q/sum0123_reg[1]/Q
                         net (fo=2, unplaced)         0.481     3.361    u_fir_q/sum0123[1]
                         LUT2 (Prop_lut2_I0_O)        0.295     3.656 r  u_fir_q/final_sum_carry_i_3__0/O
                         net (fo=1, unplaced)         0.000     3.656    u_fir_q/final_sum_carry_i_3__0_n_0
                         CARRY4 (Prop_carry4_S[1]_O[3])
                                                      0.643     4.299 r  u_fir_q/final_sum_carry/O[3]
                         net (fo=4, unplaced)         0.828     5.127    u_fir_q/value[3]
                         CARRY4 (Prop_carry4_S[2]_O[3])
                                                      0.659     5.786 f  u_fir_q/q_square0__1_i_26/O[3]
                         net (fo=2, unplaced)         0.629     6.415    u_fir_q/round_shift2[4]
                         LUT1 (Prop_lut1_I0_O)        0.307     6.722 r  u_fir_q/q_square0__1_i_39/O
                         net (fo=1, unplaced)         0.333     7.055    u_fir_q/q_square0__1_i_39_n_0
                         CARRY4 (Prop_carry4_CYINIT_CO[3])
                                                      0.595     7.650 r  u_fir_q/q_square0__1_i_24/CO[3]
                         net (fo=1, unplaced)         0.009     7.659    u_fir_q/q_square0__1_i_24_n_0
                         CARRY4 (Prop_carry4_CI_CO[3])
                                                      0.117     7.776 r  u_fir_q/q_square0__1_i_22/CO[3]
                         net (fo=1, unplaced)         0.000     7.776    u_fir_q/q_square0__1_i_22_n_0
                         CARRY4 (Prop_carry4_CI_CO[3])
                                                      0.117     7.893 r  u_fir_q/q_square0__1_i_20/CO[3]
                         net (fo=1, unplaced)         0.000     7.893    u_fir_q/q_square0__1_i_20_n_0
                         CARRY4 (Prop_carry4_CI_CO[3])
                                                      0.117     8.010 r  u_fir_q/q_square0__1_i_18/CO[3]
                         net (fo=1, unplaced)         0.000     8.010    u_fir_q/q_square0__1_i_18_n_0
                         CARRY4 (Prop_carry4_CI_CO[3])
                                                      0.117     8.127 r  u_fir_q/q_square0_i_47/CO[3]
                         net (fo=1, unplaced)         0.000     8.127    u_fir_q/q_square0_i_47_n_0
                         CARRY4 (Prop_carry4_CI_CO[3])
                                                      0.117     8.244 r  u_fir_q/q_square0_i_45/CO[3]
                         net (fo=1, unplaced)         0.000     8.244    u_fir_q/q_square0_i_45_n_0
                         CARRY4 (Prop_carry4_CI_CO[3])
                                                      0.117     8.361 r  u_fir_q/q_square0_i_43/CO[3]
                         net (fo=1, unplaced)         0.000     8.361    u_fir_q/q_square0_i_43_n_0
                         CARRY4 (Prop_carry4_CI_CO[3])
                                                      0.117     8.478 r  u_fir_q/q_square0_i_41/CO[3]
                         net (fo=1, unplaced)         0.000     8.478    u_fir_q/q_square0_i_41_n_0
                         CARRY4 (Prop_carry4_CI_CO[3])
                                                      0.117     8.595 r  u_fir_q/q_square0_i_39/CO[3]
                         net (fo=1, unplaced)         0.000     8.595    u_fir_q/q_square0_i_39_n_0
                         CARRY4 (Prop_carry4_CI_CO[3])
                                                      0.117     8.712 r  u_fir_q/q_square0_i_37/CO[3]
                         net (fo=1, unplaced)         0.000     8.712    u_fir_q/q_square0_i_37_n_0
                         CARRY4 (Prop_carry4_CI_O[3])
                                                      0.331     9.043 r  u_fir_q/q_square0_i_35/O[3]
                         net (fo=1, unplaced)         0.618     9.661    u_fir_q/round_shift0[44]
                         LUT3 (Prop_lut3_I0_O)        0.307     9.968 r  u_fir_q/q_square0_i_4/O
                         net (fo=6, unplaced)         0.800    10.768    u_mag/q_in[44]
                         DSP48E1                                      r  u_mag/q_square0/B[10]
  -------------------------------------------------------------------    -------------------

                         (clock clk rise edge)       10.000    10.000 r  
                                                      0.000    10.000 r  clk (IN)
                         net (fo=0)                   0.000    10.000    clk
                         IBUF (Prop_ibuf_I_O)         0.789    10.789 r  clk_IBUF_inst/O
                         net (fo=1, unplaced)         0.760    11.549    clk_IBUF
                         BUFG (Prop_bufg_I_O)         0.091    11.640 r  clk_IBUF_BUFG_inst/O
                         net (fo=1837, unplaced)      0.439    12.079    u_mag/clk_IBUF_BUFG
                         DSP48E1                                      r  u_mag/q_square0/CLK
                         clock pessimism              0.178    12.257    
                         clock uncertainty           -0.035    12.222    
                         DSP48E1 (Setup_dsp48e1_CLK_B[10])
                                                     -0.450    11.772    u_mag/q_square0
  -------------------------------------------------------------------
                         required time                         11.772    
                         arrival time                         -10.768    
  -------------------------------------------------------------------
                         slack                                  1.004    

Slack (MET) :             1.004ns  (required time - arrival time)
  Source:                 u_fir_q/sum0123_reg[1]/C
                            (rising edge-triggered cell FDRE clocked by clk  {rise@0.000ns fall@5.000ns period=10.000ns})
  Destination:            u_mag/q_square0__0/B[10]
                            (rising edge-triggered cell DSP48E1 clocked by clk  {rise@0.000ns fall@5.000ns period=10.000ns})
  Path Group:             clk
  Path Type:              Setup (Max at Slow Process Corner)
  Requirement:            10.000ns  (clk rise@10.000ns - clk rise@0.000ns)
  Data Path Delay:        8.366ns  (logic 4.668ns (55.799%)  route 3.698ns (44.201%))
  Logic Levels:           16  (CARRY4=13 LUT1=1 LUT2=1 LUT3=1)
  Clock Path Skew:        -0.145ns (DCD - SCD + CPR)
    Destination Clock Delay (DCD):    2.079ns = ( 12.079 - 10.000 ) 
    Source Clock Delay      (SCD):    2.402ns
    Clock Pessimism Removal (CPR):    0.178ns
  Clock Uncertainty:      0.035ns  ((TSJ^2 + TIJ^2)^1/2 + DJ) / 2 + PE
    Total System Jitter     (TSJ):    0.071ns
    Total Input Jitter      (TIJ):    0.000ns
    Discrete Jitter          (DJ):    0.000ns
    Phase Error              (PE):    0.000ns

    Location             Delay type                Incr(ns)  Path(ns)    Netlist Resource(s)
  -------------------------------------------------------------------    -------------------
                         (clock clk rise edge)        0.000     0.000 r  
                                                      0.000     0.000 r  clk (IN)
                         net (fo=0)                   0.000     0.000    clk
                         IBUF (Prop_ibuf_I_O)         0.923     0.923 r  clk_IBUF_inst/O
                         net (fo=1, unplaced)         0.800     1.722    clk_IBUF
                         BUFG (Prop_bufg_I_O)         0.096     1.818 r  clk_IBUF_BUFG_inst/O
                         net (fo=1837, unplaced)      0.584     2.402    u_fir_q/clk_IBUF_BUFG
                         FDRE                                         r  u_fir_q/sum0123_reg[1]/C
  -------------------------------------------------------------------    -------------------
                         FDRE (Prop_fdre_C_Q)         0.478     2.880 r  u_fir_q/sum0123_reg[1]/Q
                         net (fo=2, unplaced)         0.481     3.361    u_fir_q/sum0123[1]
                         LUT2 (Prop_lut2_I0_O)        0.295     3.656 r  u_fir_q/final_sum_carry_i_3__0/O
                         net (fo=1, unplaced)         0.000     3.656    u_fir_q/final_sum_carry_i_3__0_n_0
                         CARRY4 (Prop_carry4_S[1]_O[3])
                                                      0.643     4.299 r  u_fir_q/final_sum_carry/O[3]
                         net (fo=4, unplaced)         0.828     5.127    u_fir_q/value[3]
                         CARRY4 (Prop_carry4_S[2]_O[3])
                                                      0.659     5.786 f  u_fir_q/q_square0__1_i_26/O[3]
                         net (fo=2, unplaced)         0.629     6.415    u_fir_q/round_shift2[4]
                         LUT1 (Prop_lut1_I0_O)        0.307     6.722 r  u_fir_q/q_square0__1_i_39/O
                         net (fo=1, unplaced)         0.333     7.055    u_fir_q/q_square0__1_i_39_n_0
                         CARRY4 (Prop_carry4_CYINIT_CO[3])
                                                      0.595     7.650 r  u_fir_q/q_square0__1_i_24/CO[3]
                         net (fo=1, unplaced)         0.009     7.659    u_fir_q/q_square0__1_i_24_n_0
                         CARRY4 (Prop_carry4_CI_CO[3])
                                                      0.117     7.776 r  u_fir_q/q_square0__1_i_22/CO[3]
                         net (fo=1, unplaced)         0.000     7.776    u_fir_q/q_square0__1_i_22_n_0
                         CARRY4 (Prop_carry4_CI_CO[3])
                                                      0.117     7.893 r  u_fir_q/q_square0__1_i_20/CO[3]
                         net (fo=1, unplaced)         0.000     7.893    u_fir_q/q_square0__1_i_20_n_0
                         CARRY4 (Prop_carry4_CI_CO[3])
                                                      0.117     8.010 r  u_fir_q/q_square0__1_i_18/CO[3]
                         net (fo=1, unplaced)         0.000     8.010    u_fir_q/q_square0__1_i_18_n_0
                         CARRY4 (Prop_carry4_CI_CO[3])
                                                      0.117     8.127 r  u_fir_q/q_square0_i_47/CO[3]
                         net (fo=1, unplaced)         0.000     8.127    u_fir_q/q_square0_i_47_n_0
                         CARRY4 (Prop_carry4_CI_CO[3])
                                                      0.117     8.244 r  u_fir_q/q_square0_i_45/CO[3]
                         net (fo=1, unplaced)         0.000     8.244    u_fir_q/q_square0_i_45_n_0
                         CARRY4 (Prop_carry4_CI_CO[3])
                                                      0.117     8.361 r  u_fir_q/q_square0_i_43/CO[3]
                         net (fo=1, unplaced)         0.000     8.361    u_fir_q/q_square0_i_43_n_0
                         CARRY4 (Prop_carry4_CI_CO[3])
                                                      0.117     8.478 r  u_fir_q/q_square0_i_41/CO[3]
                         net (fo=1, unplaced)         0.000     8.478    u_fir_q/q_square0_i_41_n_0
                         CARRY4 (Prop_carry4_CI_CO[3])
                                                      0.117     8.595 r  u_fir_q/q_square0_i_39/CO[3]
                         net (fo=1, unplaced)         0.000     8.595    u_fir_q/q_square0_i_39_n_0
                         CARRY4 (Prop_carry4_CI_CO[3])
                                                      0.117     8.712 r  u_fir_q/q_square0_i_37/CO[3]
                         net (fo=1, unplaced)         0.000     8.712    u_fir_q/q_square0_i_37_n_0
                         CARRY4 (Prop_carry4_CI_O[3])
                                                      0.331     9.043 r  u_fir_q/q_square0_i_35/O[3]
                         net (fo=1, unplaced)         0.618     9.661    u_fir_q/round_shift0[44]
                         LUT3 (Prop_lut3_I0_O)        0.307     9.968 r  u_fir_q/q_square0_i_4/O
                         net (fo=6, unplaced)         0.800    10.768    u_mag/q_in[44]
                         DSP48E1                                      r  u_mag/q_square0__0/B[10]
  -------------------------------------------------------------------    -------------------

                         (clock clk rise edge)       10.000    10.000 r  
                                                      0.000    10.000 r  clk (IN)
                         net (fo=0)                   0.000    10.000    clk
                         IBUF (Prop_ibuf_I_O)         0.789    10.789 r  clk_IBUF_inst/O
                         net (fo=1, unplaced)         0.760    11.549    clk_IBUF
                         BUFG (Prop_bufg_I_O)         0.091    11.640 r  clk_IBUF_BUFG_inst/O
                         net (fo=1837, unplaced)      0.439    12.079    u_mag/clk_IBUF_BUFG
                         DSP48E1                                      r  u_mag/q_square0__0/CLK
                         clock pessimism              0.178    12.257    
                         clock uncertainty           -0.035    12.222    
                         DSP48E1 (Setup_dsp48e1_CLK_B[10])
                                                     -0.450    11.772    u_mag/q_square0__0
  -------------------------------------------------------------------
                         required time                         11.772    
                         arrival time                         -10.768    
  -------------------------------------------------------------------
                         slack                                  1.004    

Slack (MET) :             1.004ns  (required time - arrival time)
  Source:                 u_fir_q/sum0123_reg[1]/C
                            (rising edge-triggered cell FDRE clocked by clk  {rise@0.000ns fall@5.000ns period=10.000ns})
  Destination:            u_mag/q_square0__1/B[10]
                            (rising edge-triggered cell DSP48E1 clocked by clk  {rise@0.000ns fall@5.000ns period=10.000ns})
  Path Group:             clk
  Path Type:              Setup (Max at Slow Process Corner)
  Requirement:            10.000ns  (clk rise@10.000ns - clk rise@0.000ns)
  Data Path Delay:        8.366ns  (logic 4.668ns (55.799%)  route 3.698ns (44.201%))
  Logic Levels:           16  (CARRY4=13 LUT1=1 LUT2=1 LUT3=1)
  Clock Path Skew:        -0.145ns (DCD - SCD + CPR)
    Destination Clock Delay (DCD):    2.079ns = ( 12.079 - 10.000 ) 
    Source Clock Delay      (SCD):    2.402ns
    Clock Pessimism Removal (CPR):    0.178ns
  Clock Uncertainty:      0.035ns  ((TSJ^2 + TIJ^2)^1/2 + DJ) / 2 + PE
    Total System Jitter     (TSJ):    0.071ns
    Total Input Jitter      (TIJ):    0.000ns
    Discrete Jitter          (DJ):    0.000ns
    Phase Error              (PE):    0.000ns

    Location             Delay type                Incr(ns)  Path(ns)    Netlist Resource(s)
  -------------------------------------------------------------------    -------------------
                         (clock clk rise edge)        0.000     0.000 r  
                                                      0.000     0.000 r  clk (IN)
                         net (fo=0)                   0.000     0.000    clk
                         IBUF (Prop_ibuf_I_O)         0.923     0.923 r  clk_IBUF_inst/O
                         net (fo=1, unplaced)         0.800     1.722    clk_IBUF
                         BUFG (Prop_bufg_I_O)         0.096     1.818 r  clk_IBUF_BUFG_inst/O
                         net (fo=1837, unplaced)      0.584     2.402    u_fir_q/clk_IBUF_BUFG
                         FDRE                                         r  u_fir_q/sum0123_reg[1]/C
  -------------------------------------------------------------------    -------------------
                         FDRE (Prop_fdre_C_Q)         0.478     2.880 r  u_fir_q/sum0123_reg[1]/Q
                         net (fo=2, unplaced)         0.481     3.361    u_fir_q/sum0123[1]
                         LUT2 (Prop_lut2_I0_O)        0.295     3.656 r  u_fir_q/final_sum_carry_i_3__0/O
                         net (fo=1, unplaced)         0.000     3.656    u_fir_q/final_sum_carry_i_3__0_n_0
                         CARRY4 (Prop_carry4_S[1]_O[3])
                                                      0.643     4.299 r  u_fir_q/final_sum_carry/O[3]
                         net (fo=4, unplaced)         0.828     5.127    u_fir_q/value[3]
                         CARRY4 (Prop_carry4_S[2]_O[3])
                                                      0.659     5.786 f  u_fir_q/q_square0__1_i_26/O[3]
                         net (fo=2, unplaced)         0.629     6.415    u_fir_q/round_shift2[4]
                         LUT1 (Prop_lut1_I0_O)        0.307     6.722 r  u_fir_q/q_square0__1_i_39/O
                         net (fo=1, unplaced)         0.333     7.055    u_fir_q/q_square0__1_i_39_n_0
                         CARRY4 (Prop_carry4_CYINIT_CO[3])
                                                      0.595     7.650 r  u_fir_q/q_square0__1_i_24/CO[3]
                         net (fo=1, unplaced)         0.009     7.659    u_fir_q/q_square0__1_i_24_n_0
                         CARRY4 (Prop_carry4_CI_CO[3])
                                                      0.117     7.776 r  u_fir_q/q_square0__1_i_22/CO[3]
                         net (fo=1, unplaced)         0.000     7.776    u_fir_q/q_square0__1_i_22_n_0
                         CARRY4 (Prop_carry4_CI_CO[3])
                                                      0.117     7.893 r  u_fir_q/q_square0__1_i_20/CO[3]
                         net (fo=1, unplaced)         0.000     7.893    u_fir_q/q_square0__1_i_20_n_0
                         CARRY4 (Prop_carry4_CI_CO[3])
                                                      0.117     8.010 r  u_fir_q/q_square0__1_i_18/CO[3]
                         net (fo=1, unplaced)         0.000     8.010    u_fir_q/q_square0__1_i_18_n_0
                         CARRY4 (Prop_carry4_CI_CO[3])
                                                      0.117     8.127 r  u_fir_q/q_square0_i_47/CO[3]
                         net (fo=1, unplaced)         0.000     8.127    u_fir_q/q_square0_i_47_n_0
                         CARRY4 (Prop_carry4_CI_CO[3])
                                                      0.117     8.244 r  u_fir_q/q_square0_i_45/CO[3]
                         net (fo=1, unplaced)         0.000     8.244    u_fir_q/q_square0_i_45_n_0
                         CARRY4 (Prop_carry4_CI_CO[3])
                                                      0.117     8.361 r  u_fir_q/q_square0_i_43/CO[3]
                         net (fo=1, unplaced)         0.000     8.361    u_fir_q/q_square0_i_43_n_0
                         CARRY4 (Prop_carry4_CI_CO[3])
                                                      0.117     8.478 r  u_fir_q/q_square0_i_41/CO[3]
                         net (fo=1, unplaced)         0.000     8.478    u_fir_q/q_square0_i_41_n_0
                         CARRY4 (Prop_carry4_CI_CO[3])
                                                      0.117     8.595 r  u_fir_q/q_square0_i_39/CO[3]
                         net (fo=1, unplaced)         0.000     8.595    u_fir_q/q_square0_i_39_n_0
                         CARRY4 (Prop_carry4_CI_CO[3])
                                                      0.117     8.712 r  u_fir_q/q_square0_i_37/CO[3]
                         net (fo=1, unplaced)         0.000     8.712    u_fir_q/q_square0_i_37_n_0
                         CARRY4 (Prop_carry4_CI_O[3])
                                                      0.331     9.043 r  u_fir_q/q_square0_i_35/O[3]
                         net (fo=1, unplaced)         0.618     9.661    u_fir_q/round_shift0[44]
                         LUT3 (Prop_lut3_I0_O)        0.307     9.968 r  u_fir_q/q_square0_i_4/O
                         net (fo=6, unplaced)         0.800    10.768    u_mag/q_in[44]
                         DSP48E1                                      r  u_mag/q_square0__1/B[10]
  -------------------------------------------------------------------    -------------------

                         (clock clk rise edge)       10.000    10.000 r  
                                                      0.000    10.000 r  clk (IN)
                         net (fo=0)                   0.000    10.000    clk
                         IBUF (Prop_ibuf_I_O)         0.789    10.789 r  clk_IBUF_inst/O
                         net (fo=1, unplaced)         0.760    11.549    clk_IBUF
                         BUFG (Prop_bufg_I_O)         0.091    11.640 r  clk_IBUF_BUFG_inst/O
                         net (fo=1837, unplaced)      0.439    12.079    u_mag/clk_IBUF_BUFG
                         DSP48E1                                      r  u_mag/q_square0__1/CLK
                         clock pessimism              0.178    12.257    
                         clock uncertainty           -0.035    12.222    
                         DSP48E1 (Setup_dsp48e1_CLK_B[10])
                                                     -0.450    11.772    u_mag/q_square0__1
  -------------------------------------------------------------------
                         required time                         11.772    
                         arrival time                         -10.768    
  -------------------------------------------------------------------
                         slack                                  1.004    

Slack (MET) :             1.004ns  (required time - arrival time)
  Source:                 u_fir_q/sum0123_reg[1]/C
                            (rising edge-triggered cell FDRE clocked by clk  {rise@0.000ns fall@5.000ns period=10.000ns})
  Destination:            u_mag/q_square_reg/B[10]
                            (rising edge-triggered cell DSP48E1 clocked by clk  {rise@0.000ns fall@5.000ns period=10.000ns})
  Path Group:             clk
  Path Type:              Setup (Max at Slow Process Corner)
  Requirement:            10.000ns  (clk rise@10.000ns - clk rise@0.000ns)
  Data Path Delay:        8.366ns  (logic 4.668ns (55.799%)  route 3.698ns (44.201%))
  Logic Levels:           16  (CARRY4=13 LUT1=1 LUT2=1 LUT3=1)
  Clock Path Skew:        -0.145ns (DCD - SCD + CPR)
    Destination Clock Delay (DCD):    2.079ns = ( 12.079 - 10.000 ) 
    Source Clock Delay      (SCD):    2.402ns
    Clock Pessimism Removal (CPR):    0.178ns
  Clock Uncertainty:      0.035ns  ((TSJ^2 + TIJ^2)^1/2 + DJ) / 2 + PE
    Total System Jitter     (TSJ):    0.071ns
    Total Input Jitter      (TIJ):    0.000ns
    Discrete Jitter          (DJ):    0.000ns
    Phase Error              (PE):    0.000ns

    Location             Delay type                Incr(ns)  Path(ns)    Netlist Resource(s)
  -------------------------------------------------------------------    -------------------
                         (clock clk rise edge)        0.000     0.000 r  
                                                      0.000     0.000 r  clk (IN)
                         net (fo=0)                   0.000     0.000    clk
                         IBUF (Prop_ibuf_I_O)         0.923     0.923 r  clk_IBUF_inst/O
                         net (fo=1, unplaced)         0.800     1.722    clk_IBUF
                         BUFG (Prop_bufg_I_O)         0.096     1.818 r  clk_IBUF_BUFG_inst/O
                         net (fo=1837, unplaced)      0.584     2.402    u_fir_q/clk_IBUF_BUFG
                         FDRE                                         r  u_fir_q/sum0123_reg[1]/C
  -------------------------------------------------------------------    -------------------
                         FDRE (Prop_fdre_C_Q)         0.478     2.880 r  u_fir_q/sum0123_reg[1]/Q
                         net (fo=2, unplaced)         0.481     3.361    u_fir_q/sum0123[1]
                         LUT2 (Prop_lut2_I0_O)        0.295     3.656 r  u_fir_q/final_sum_carry_i_3__0/O
                         net (fo=1, unplaced)         0.000     3.656    u_fir_q/final_sum_carry_i_3__0_n_0
                         CARRY4 (Prop_carry4_S[1]_O[3])
                                                      0.643     4.299 r  u_fir_q/final_sum_carry/O[3]
                         net (fo=4, unplaced)         0.828     5.127    u_fir_q/value[3]
                         CARRY4 (Prop_carry4_S[2]_O[3])
                                                      0.659     5.786 f  u_fir_q/q_square0__1_i_26/O[3]
                         net (fo=2, unplaced)         0.629     6.415    u_fir_q/round_shift2[4]
                         LUT1 (Prop_lut1_I0_O)        0.307     6.722 r  u_fir_q/q_square0__1_i_39/O
                         net (fo=1, unplaced)         0.333     7.055    u_fir_q/q_square0__1_i_39_n_0
                         CARRY4 (Prop_carry4_CYINIT_CO[3])
                                                      0.595     7.650 r  u_fir_q/q_square0__1_i_24/CO[3]
                         net (fo=1, unplaced)         0.009     7.659    u_fir_q/q_square0__1_i_24_n_0
                         CARRY4 (Prop_carry4_CI_CO[3])
                                                      0.117     7.776 r  u_fir_q/q_square0__1_i_22/CO[3]
                         net (fo=1, unplaced)         0.000     7.776    u_fir_q/q_square0__1_i_22_n_0
                         CARRY4 (Prop_carry4_CI_CO[3])
                                                      0.117     7.893 r  u_fir_q/q_square0__1_i_20/CO[3]
                         net (fo=1, unplaced)         0.000     7.893    u_fir_q/q_square0__1_i_20_n_0
                         CARRY4 (Prop_carry4_CI_CO[3])
                                                      0.117     8.010 r  u_fir_q/q_square0__1_i_18/CO[3]
                         net (fo=1, unplaced)         0.000     8.010    u_fir_q/q_square0__1_i_18_n_0
                         CARRY4 (Prop_carry4_CI_CO[3])
                                                      0.117     8.127 r  u_fir_q/q_square0_i_47/CO[3]
                         net (fo=1, unplaced)         0.000     8.127    u_fir_q/q_square0_i_47_n_0
                         CARRY4 (Prop_carry4_CI_CO[3])
                                                      0.117     8.244 r  u_fir_q/q_square0_i_45/CO[3]
                         net (fo=1, unplaced)         0.000     8.244    u_fir_q/q_square0_i_45_n_0
                         CARRY4 (Prop_carry4_CI_CO[3])
                                                      0.117     8.361 r  u_fir_q/q_square0_i_43/CO[3]
                         net (fo=1, unplaced)         0.000     8.361    u_fir_q/q_square0_i_43_n_0
                         CARRY4 (Prop_carry4_CI_CO[3])
                                                      0.117     8.478 r  u_fir_q/q_square0_i_41/CO[3]
                         net (fo=1, unplaced)         0.000     8.478    u_fir_q/q_square0_i_41_n_0
                         CARRY4 (Prop_carry4_CI_CO[3])
                                                      0.117     8.595 r  u_fir_q/q_square0_i_39/CO[3]
                         net (fo=1, unplaced)         0.000     8.595    u_fir_q/q_square0_i_39_n_0
                         CARRY4 (Prop_carry4_CI_CO[3])
                                                      0.117     8.712 r  u_fir_q/q_square0_i_37/CO[3]
                         net (fo=1, unplaced)         0.000     8.712    u_fir_q/q_square0_i_37_n_0
                         CARRY4 (Prop_carry4_CI_O[3])
                                                      0.331     9.043 r  u_fir_q/q_square0_i_35/O[3]
                         net (fo=1, unplaced)         0.618     9.661    u_fir_q/round_shift0[44]
                         LUT3 (Prop_lut3_I0_O)        0.307     9.968 r  u_fir_q/q_square0_i_4/O
                         net (fo=6, unplaced)         0.800    10.768    u_mag/q_in[44]
                         DSP48E1                                      r  u_mag/q_square_reg/B[10]
  -------------------------------------------------------------------    -------------------

                         (clock clk rise edge)       10.000    10.000 r  
                                                      0.000    10.000 r  clk (IN)
                         net (fo=0)                   0.000    10.000    clk
                         IBUF (Prop_ibuf_I_O)         0.789    10.789 r  clk_IBUF_inst/O
                         net (fo=1, unplaced)         0.760    11.549    clk_IBUF
                         BUFG (Prop_bufg_I_O)         0.091    11.640 r  clk_IBUF_BUFG_inst/O
                         net (fo=1837, unplaced)      0.439    12.079    u_mag/clk_IBUF_BUFG
                         DSP48E1                                      r  u_mag/q_square_reg/CLK
                         clock pessimism              0.178    12.257    
                         clock uncertainty           -0.035    12.222    
                         DSP48E1 (Setup_dsp48e1_CLK_B[10])
                                                     -0.450    11.772    u_mag/q_square_reg
  -------------------------------------------------------------------
                         required time                         11.772    
                         arrival time                         -10.768    
  -------------------------------------------------------------------
                         slack                                  1.004    

Slack (MET) :             1.004ns  (required time - arrival time)
  Source:                 u_fir_q/sum0123_reg[1]/C
                            (rising edge-triggered cell FDRE clocked by clk  {rise@0.000ns fall@5.000ns period=10.000ns})
  Destination:            u_mag/q_square_reg__0/B[10]
                            (rising edge-triggered cell DSP48E1 clocked by clk  {rise@0.000ns fall@5.000ns period=10.000ns})
  Path Group:             clk
  Path Type:              Setup (Max at Slow Process Corner)
  Requirement:            10.000ns  (clk rise@10.000ns - clk rise@0.000ns)
  Data Path Delay:        8.366ns  (logic 4.668ns (55.799%)  route 3.698ns (44.201%))
  Logic Levels:           16  (CARRY4=13 LUT1=1 LUT2=1 LUT3=1)
  Clock Path Skew:        -0.145ns (DCD - SCD + CPR)
    Destination Clock Delay (DCD):    2.079ns = ( 12.079 - 10.000 ) 
    Source Clock Delay      (SCD):    2.402ns
    Clock Pessimism Removal (CPR):    0.178ns
  Clock Uncertainty:      0.035ns  ((TSJ^2 + TIJ^2)^1/2 + DJ) / 2 + PE
    Total System Jitter     (TSJ):    0.071ns
    Total Input Jitter      (TIJ):    0.000ns
    Discrete Jitter          (DJ):    0.000ns
    Phase Error              (PE):    0.000ns

    Location             Delay type                Incr(ns)  Path(ns)    Netlist Resource(s)
  -------------------------------------------------------------------    -------------------
                         (clock clk rise edge)        0.000     0.000 r  
                                                      0.000     0.000 r  clk (IN)
                         net (fo=0)                   0.000     0.000    clk
                         IBUF (Prop_ibuf_I_O)         0.923     0.923 r  clk_IBUF_inst/O
                         net (fo=1, unplaced)         0.800     1.722    clk_IBUF
                         BUFG (Prop_bufg_I_O)         0.096     1.818 r  clk_IBUF_BUFG_inst/O
                         net (fo=1837, unplaced)      0.584     2.402    u_fir_q/clk_IBUF_BUFG
                         FDRE                                         r  u_fir_q/sum0123_reg[1]/C
  -------------------------------------------------------------------    -------------------
                         FDRE (Prop_fdre_C_Q)         0.478     2.880 r  u_fir_q/sum0123_reg[1]/Q
                         net (fo=2, unplaced)         0.481     3.361    u_fir_q/sum0123[1]
                         LUT2 (Prop_lut2_I0_O)        0.295     3.656 r  u_fir_q/final_sum_carry_i_3__0/O
                         net (fo=1, unplaced)         0.000     3.656    u_fir_q/final_sum_carry_i_3__0_n_0
                         CARRY4 (Prop_carry4_S[1]_O[3])
                                                      0.643     4.299 r  u_fir_q/final_sum_carry/O[3]
                         net (fo=4, unplaced)         0.828     5.127    u_fir_q/value[3]
                         CARRY4 (Prop_carry4_S[2]_O[3])
                                                      0.659     5.786 f  u_fir_q/q_square0__1_i_26/O[3]
                         net (fo=2, unplaced)         0.629     6.415    u_fir_q/round_shift2[4]
                         LUT1 (Prop_lut1_I0_O)        0.307     6.722 r  u_fir_q/q_square0__1_i_39/O
                         net (fo=1, unplaced)         0.333     7.055    u_fir_q/q_square0__1_i_39_n_0
                         CARRY4 (Prop_carry4_CYINIT_CO[3])
                                                      0.595     7.650 r  u_fir_q/q_square0__1_i_24/CO[3]
                         net (fo=1, unplaced)         0.009     7.659    u_fir_q/q_square0__1_i_24_n_0
                         CARRY4 (Prop_carry4_CI_CO[3])
                                                      0.117     7.776 r  u_fir_q/q_square0__1_i_22/CO[3]
                         net (fo=1, unplaced)         0.000     7.776    u_fir_q/q_square0__1_i_22_n_0
                         CARRY4 (Prop_carry4_CI_CO[3])
                                                      0.117     7.893 r  u_fir_q/q_square0__1_i_20/CO[3]
                         net (fo=1, unplaced)         0.000     7.893    u_fir_q/q_square0__1_i_20_n_0
                         CARRY4 (Prop_carry4_CI_CO[3])
                                                      0.117     8.010 r  u_fir_q/q_square0__1_i_18/CO[3]
                         net (fo=1, unplaced)         0.000     8.010    u_fir_q/q_square0__1_i_18_n_0
                         CARRY4 (Prop_carry4_CI_CO[3])
                                                      0.117     8.127 r  u_fir_q/q_square0_i_47/CO[3]
                         net (fo=1, unplaced)         0.000     8.127    u_fir_q/q_square0_i_47_n_0
                         CARRY4 (Prop_carry4_CI_CO[3])
                                                      0.117     8.244 r  u_fir_q/q_square0_i_45/CO[3]
                         net (fo=1, unplaced)         0.000     8.244    u_fir_q/q_square0_i_45_n_0
                         CARRY4 (Prop_carry4_CI_CO[3])
                                                      0.117     8.361 r  u_fir_q/q_square0_i_43/CO[3]
                         net (fo=1, unplaced)         0.000     8.361    u_fir_q/q_square0_i_43_n_0
                         CARRY4 (Prop_carry4_CI_CO[3])
                                                      0.117     8.478 r  u_fir_q/q_square0_i_41/CO[3]
                         net (fo=1, unplaced)         0.000     8.478    u_fir_q/q_square0_i_41_n_0
                         CARRY4 (Prop_carry4_CI_CO[3])
                                                      0.117     8.595 r  u_fir_q/q_square0_i_39/CO[3]
                         net (fo=1, unplaced)         0.000     8.595    u_fir_q/q_square0_i_39_n_0
                         CARRY4 (Prop_carry4_CI_CO[3])
                                                      0.117     8.712 r  u_fir_q/q_square0_i_37/CO[3]
                         net (fo=1, unplaced)         0.000     8.712    u_fir_q/q_square0_i_37_n_0
                         CARRY4 (Prop_carry4_CI_O[3])
                                                      0.331     9.043 r  u_fir_q/q_square0_i_35/O[3]
                         net (fo=1, unplaced)         0.618     9.661    u_fir_q/round_shift0[44]
                         LUT3 (Prop_lut3_I0_O)        0.307     9.968 r  u_fir_q/q_square0_i_4/O
                         net (fo=6, unplaced)         0.800    10.768    u_mag/q_in[44]
                         DSP48E1                                      r  u_mag/q_square_reg__0/B[10]
  -------------------------------------------------------------------    -------------------

                         (clock clk rise edge)       10.000    10.000 r  
                                                      0.000    10.000 r  clk (IN)
                         net (fo=0)                   0.000    10.000    clk
                         IBUF (Prop_ibuf_I_O)         0.789    10.789 r  clk_IBUF_inst/O
                         net (fo=1, unplaced)         0.760    11.549    clk_IBUF
                         BUFG (Prop_bufg_I_O)         0.091    11.640 r  clk_IBUF_BUFG_inst/O
                         net (fo=1837, unplaced)      0.439    12.079    u_mag/clk_IBUF_BUFG
                         DSP48E1                                      r  u_mag/q_square_reg__0/CLK
                         clock pessimism              0.178    12.257    
                         clock uncertainty           -0.035    12.222    
                         DSP48E1 (Setup_dsp48e1_CLK_B[10])
                                                     -0.450    11.772    u_mag/q_square_reg__0
  -------------------------------------------------------------------
                         required time                         11.772    
                         arrival time                         -10.768    
  -------------------------------------------------------------------
                         slack                                  1.004    




