Copyright 1986-2022 Xilinx, Inc. All Rights Reserved. Copyright 2022-2025 Advanced Micro Devices, Inc. All Rights Reserved.
---------------------------------------------------------------------------------------------------------------------------------------------
| Tool Version : Vivado v.2025.2 (win64) Build 6299465 Fri Nov 14 19:35:11 GMT 2025
| Date         : Sun May  3 22:15:47 2026
| Host         : Navnil_Desktop running 64-bit major release  (build 9200)
| Command      : report_timing -max_paths 10 -file C:/Users/CHOUDN3/Downloads/VLSI_project/reports/e62_fir29/critical_paths.rpt
| Design       : lockin_pipelined_plus5_firout_accbuf_energy62_fir29_top
| Device       : 7a35t-cpg236
| Speed File   : -1  PRODUCTION 1.23 2018-06-13
| Design State : Synthesized
---------------------------------------------------------------------------------------------------------------------------------------------

Timing Report

Slack (MET) :             4.020ns  (required time - arrival time)
  Source:                 u_impl/gen_fir_outreg.u_fir_i/final_sum_reg_reg[3]/C
                            (rising edge-triggered cell FDRE clocked by clk  {rise@0.000ns fall@5.000ns period=10.000ns})
  Destination:            u_impl/gen_fir_outreg.u_fir_i/sample_out_reg[28]/D
                            (rising edge-triggered cell FDRE clocked by clk  {rise@0.000ns fall@5.000ns period=10.000ns})
  Path Group:             clk
  Path Type:              Setup (Max at Slow Process Corner)
  Requirement:            10.000ns  (clk rise@10.000ns - clk rise@0.000ns)
  Data Path Delay:        5.829ns  (logic 3.242ns (55.618%)  route 2.587ns (44.382%))
  Logic Levels:           10  (CARRY4=8 LUT1=1 LUT3=1)
  Clock Path Skew:        -0.145ns (DCD - SCD + CPR)
    Destination Clock Delay (DCD):    2.079ns = ( 12.079 - 10.000 ) 
    Source Clock Delay      (SCD):    2.402ns
    Clock Pessimism Removal (CPR):    0.178ns
  Clock Uncertainty:      0.035ns  ((TSJ^2 + TIJ^2)^1/2 + DJ) / 2 + PE
    Total System Jitter     (TSJ):    0.071ns
    Total Input Jitter      (TIJ):    0.000ns
    Discrete Jitter          (DJ):    0.000ns
    Phase Error              (PE):    0.000ns

    Location             Delay type                Incr(ns)  Path(ns)    Netlist Resource(s)
  -------------------------------------------------------------------    -------------------
                         (clock clk rise edge)        0.000     0.000 r  
                                                      0.000     0.000 r  clk (IN)
                         net (fo=0)                   0.000     0.000    clk
                         IBUF (Prop_ibuf_I_O)         0.923     0.923 r  clk_IBUF_inst/O
                         net (fo=1, unplaced)         0.800     1.722    clk_IBUF
                         BUFG (Prop_bufg_I_O)         0.096     1.818 r  clk_IBUF_BUFG_inst/O
                         net (fo=1929, unplaced)      0.584     2.402    u_impl/gen_fir_outreg.u_fir_i/clk_IBUF_BUFG
                         FDRE                                         r  u_impl/gen_fir_outreg.u_fir_i/final_sum_reg_reg[3]/C
  -------------------------------------------------------------------    -------------------
                         FDRE (Prop_fdre_C_Q)         0.478     2.880 r  u_impl/gen_fir_outreg.u_fir_i/final_sum_reg_reg[3]/Q
                         net (fo=4, unplaced)         0.998     3.878    u_impl/gen_fir_outreg.u_fir_i/final_sum_reg[3]
                         CARRY4 (Prop_carry4_S[2]_O[3])
                                                      0.647     4.525 f  u_impl/gen_fir_outreg.u_fir_i/sample_out_reg[0]_i_2__0/O[3]
                         net (fo=2, unplaced)         0.629     5.154    u_impl/gen_fir_outreg.u_fir_i/round_shift2[4]
                         LUT1 (Prop_lut1_I0_O)        0.307     5.461 r  u_impl/gen_fir_outreg.u_fir_i/sample_out[4]_i_3/O
                         net (fo=1, unplaced)         0.333     5.794    u_impl/gen_fir_outreg.u_fir_i/sample_out[4]_i_3_n_0
                         CARRY4 (Prop_carry4_CYINIT_CO[3])
                                                      0.595     6.389 r  u_impl/gen_fir_outreg.u_fir_i/sample_out_reg[4]_i_2__0/CO[3]
                         net (fo=1, unplaced)         0.009     6.398    u_impl/gen_fir_outreg.u_fir_i/sample_out_reg[4]_i_2__0_n_0
                         CARRY4 (Prop_carry4_CI_CO[3])
                                                      0.117     6.515 r  u_impl/gen_fir_outreg.u_fir_i/sample_out_reg[8]_i_2__0/CO[3]
                         net (fo=1, unplaced)         0.000     6.515    u_impl/gen_fir_outreg.u_fir_i/sample_out_reg[8]_i_2__0_n_0
                         CARRY4 (Prop_carry4_CI_CO[3])
                                                      0.117     6.632 r  u_impl/gen_fir_outreg.u_fir_i/sample_out_reg[12]_i_2__0/CO[3]
                         net (fo=1, unplaced)         0.000     6.632    u_impl/gen_fir_outreg.u_fir_i/sample_out_reg[12]_i_2__0_n_0
                         CARRY4 (Prop_carry4_CI_CO[3])
                                                      0.117     6.749 r  u_impl/gen_fir_outreg.u_fir_i/sample_out_reg[16]_i_2__0/CO[3]
                         net (fo=1, unplaced)         0.000     6.749    u_impl/gen_fir_outreg.u_fir_i/sample_out_reg[16]_i_2__0_n_0
                         CARRY4 (Prop_carry4_CI_CO[3])
                                                      0.117     6.866 r  u_impl/gen_fir_outreg.u_fir_i/sample_out_reg[20]_i_2__0/CO[3]
                         net (fo=1, unplaced)         0.000     6.866    u_impl/gen_fir_outreg.u_fir_i/sample_out_reg[20]_i_2__0_n_0
                         CARRY4 (Prop_carry4_CI_CO[3])
                                                      0.117     6.983 r  u_impl/gen_fir_outreg.u_fir_i/sample_out_reg[24]_i_2__0/CO[3]
                         net (fo=1, unplaced)         0.000     6.983    u_impl/gen_fir_outreg.u_fir_i/sample_out_reg[24]_i_2__0_n_0
                         CARRY4 (Prop_carry4_CI_O[3])
                                                      0.331     7.314 r  u_impl/gen_fir_outreg.u_fir_i/sample_out_reg[28]_i_2__0/O[3]
                         net (fo=1, unplaced)         0.618     7.932    u_impl/gen_fir_outreg.u_fir_i/round_shift0[28]
                         LUT3 (Prop_lut3_I0_O)        0.299     8.231 r  u_impl/gen_fir_outreg.u_fir_i/sample_out[28]_i_1/O
                         net (fo=1, unplaced)         0.000     8.231    u_impl/gen_fir_outreg.u_fir_i/round_shift_return[28]
                         FDRE                                         r  u_impl/gen_fir_outreg.u_fir_i/sample_out_reg[28]/D
  -------------------------------------------------------------------    -------------------

                         (clock clk rise edge)       10.000    10.000 r  
                                                      0.000    10.000 r  clk (IN)
                         net (fo=0)                   0.000    10.000    clk
                         IBUF (Prop_ibuf_I_O)         0.789    10.789 r  clk_IBUF_inst/O
                         net (fo=1, unplaced)         0.760    11.549    clk_IBUF
                         BUFG (Prop_bufg_I_O)         0.091    11.640 r  clk_IBUF_BUFG_inst/O
                         net (fo=1929, unplaced)      0.439    12.079    u_impl/gen_fir_outreg.u_fir_i/clk_IBUF_BUFG
                         FDRE                                         r  u_impl/gen_fir_outreg.u_fir_i/sample_out_reg[28]/C
                         clock pessimism              0.178    12.257    
                         clock uncertainty           -0.035    12.222    
                         FDRE (Setup_fdre_C_D)        0.029    12.251    u_impl/gen_fir_outreg.u_fir_i/sample_out_reg[28]
  -------------------------------------------------------------------
                         required time                         12.251    
                         arrival time                          -8.231    
  -------------------------------------------------------------------
                         slack                                  4.020    

Slack (MET) :             4.020ns  (required time - arrival time)
  Source:                 u_impl/gen_fir_outreg.u_fir_q/final_sum_reg_reg[3]/C
                            (rising edge-triggered cell FDRE clocked by clk  {rise@0.000ns fall@5.000ns period=10.000ns})
  Destination:            u_impl/gen_fir_outreg.u_fir_q/sample_out_reg[28]/D
                            (rising edge-triggered cell FDRE clocked by clk  {rise@0.000ns fall@5.000ns period=10.000ns})
  Path Group:             clk
  Path Type:              Setup (Max at Slow Process Corner)
  Requirement:            10.000ns  (clk rise@10.000ns - clk rise@0.000ns)
  Data Path Delay:        5.829ns  (logic 3.242ns (55.618%)  route 2.587ns (44.382%))
  Logic Levels:           10  (CARRY4=8 LUT1=1 LUT3=1)
  Clock Path Skew:        -0.145ns (DCD - SCD + CPR)
    Destination Clock Delay (DCD):    2.079ns = ( 12.079 - 10.000 ) 
    Source Clock Delay      (SCD):    2.402ns
    Clock Pessimism Removal (CPR):    0.178ns
  Clock Uncertainty:      0.035ns  ((TSJ^2 + TIJ^2)^1/2 + DJ) / 2 + PE
    Total System Jitter     (TSJ):    0.071ns
    Total Input Jitter      (TIJ):    0.000ns
    Discrete Jitter          (DJ):    0.000ns
    Phase Error              (PE):    0.000ns

    Location             Delay type                Incr(ns)  Path(ns)    Netlist Resource(s)
  -------------------------------------------------------------------    -------------------
                         (clock clk rise edge)        0.000     0.000 r  
                                                      0.000     0.000 r  clk (IN)
                         net (fo=0)                   0.000     0.000    clk
                         IBUF (Prop_ibuf_I_O)         0.923     0.923 r  clk_IBUF_inst/O
                         net (fo=1, unplaced)         0.800     1.722    clk_IBUF
                         BUFG (Prop_bufg_I_O)         0.096     1.818 r  clk_IBUF_BUFG_inst/O
                         net (fo=1929, unplaced)      0.584     2.402    u_impl/gen_fir_outreg.u_fir_q/clk_IBUF_BUFG
                         FDRE                                         r  u_impl/gen_fir_outreg.u_fir_q/final_sum_reg_reg[3]/C
  -------------------------------------------------------------------    -------------------
                         FDRE (Prop_fdre_C_Q)         0.478     2.880 r  u_impl/gen_fir_outreg.u_fir_q/final_sum_reg_reg[3]/Q
                         net (fo=4, unplaced)         0.998     3.878    u_impl/gen_fir_outreg.u_fir_q/final_sum_reg_reg_n_0_[3]
                         CARRY4 (Prop_carry4_S[2]_O[3])
                                                      0.647     4.525 f  u_impl/gen_fir_outreg.u_fir_q/sample_out_reg[0]_i_2/O[3]
                         net (fo=2, unplaced)         0.629     5.154    u_impl/gen_fir_outreg.u_fir_q/sample_out_reg[0]_i_2_n_4
                         LUT1 (Prop_lut1_I0_O)        0.307     5.461 r  u_impl/gen_fir_outreg.u_fir_q/sample_out[4]_i_3/O
                         net (fo=1, unplaced)         0.333     5.794    u_impl/gen_fir_outreg.u_fir_q/sample_out[4]_i_3_n_0
                         CARRY4 (Prop_carry4_CYINIT_CO[3])
                                                      0.595     6.389 r  u_impl/gen_fir_outreg.u_fir_q/sample_out_reg[4]_i_2/CO[3]
                         net (fo=1, unplaced)         0.009     6.398    u_impl/gen_fir_outreg.u_fir_q/sample_out_reg[4]_i_2_n_0
                         CARRY4 (Prop_carry4_CI_CO[3])
                                                      0.117     6.515 r  u_impl/gen_fir_outreg.u_fir_q/sample_out_reg[8]_i_2/CO[3]
                         net (fo=1, unplaced)         0.000     6.515    u_impl/gen_fir_outreg.u_fir_q/sample_out_reg[8]_i_2_n_0
                         CARRY4 (Prop_carry4_CI_CO[3])
                                                      0.117     6.632 r  u_impl/gen_fir_outreg.u_fir_q/sample_out_reg[12]_i_2/CO[3]
                         net (fo=1, unplaced)         0.000     6.632    u_impl/gen_fir_outreg.u_fir_q/sample_out_reg[12]_i_2_n_0
                         CARRY4 (Prop_carry4_CI_CO[3])
                                                      0.117     6.749 r  u_impl/gen_fir_outreg.u_fir_q/sample_out_reg[16]_i_2/CO[3]
                         net (fo=1, unplaced)         0.000     6.749    u_impl/gen_fir_outreg.u_fir_q/sample_out_reg[16]_i_2_n_0
                         CARRY4 (Prop_carry4_CI_CO[3])
                                                      0.117     6.866 r  u_impl/gen_fir_outreg.u_fir_q/sample_out_reg[20]_i_2/CO[3]
                         net (fo=1, unplaced)         0.000     6.866    u_impl/gen_fir_outreg.u_fir_q/sample_out_reg[20]_i_2_n_0
                         CARRY4 (Prop_carry4_CI_CO[3])
                                                      0.117     6.983 r  u_impl/gen_fir_outreg.u_fir_q/sample_out_reg[24]_i_2/CO[3]
                         net (fo=1, unplaced)         0.000     6.983    u_impl/gen_fir_outreg.u_fir_q/sample_out_reg[24]_i_2_n_0
                         CARRY4 (Prop_carry4_CI_O[3])
                                                      0.331     7.314 r  u_impl/gen_fir_outreg.u_fir_q/sample_out_reg[28]_i_2/O[3]
                         net (fo=1, unplaced)         0.618     7.932    u_impl/gen_fir_outreg.u_fir_q/sample_out_reg[28]_i_2_n_4
                         LUT3 (Prop_lut3_I0_O)        0.299     8.231 r  u_impl/gen_fir_outreg.u_fir_q/sample_out[28]_i_1/O
                         net (fo=1, unplaced)         0.000     8.231    u_impl/gen_fir_outreg.u_fir_q/sample_out[28]_i_1_n_0
                         FDRE                                         r  u_impl/gen_fir_outreg.u_fir_q/sample_out_reg[28]/D
  -------------------------------------------------------------------    -------------------

                         (clock clk rise edge)       10.000    10.000 r  
                                                      0.000    10.000 r  clk (IN)
                         net (fo=0)                   0.000    10.000    clk
                         IBUF (Prop_ibuf_I_O)         0.789    10.789 r  clk_IBUF_inst/O
                         net (fo=1, unplaced)         0.760    11.549    clk_IBUF
                         BUFG (Prop_bufg_I_O)         0.091    11.640 r  clk_IBUF_BUFG_inst/O
                         net (fo=1929, unplaced)      0.439    12.079    u_impl/gen_fir_outreg.u_fir_q/clk_IBUF_BUFG
                         FDRE                                         r  u_impl/gen_fir_outreg.u_fir_q/sample_out_reg[28]/C
                         clock pessimism              0.178    12.257    
                         clock uncertainty           -0.035    12.222    
                         FDRE (Setup_fdre_C_D)        0.029    12.251    u_impl/gen_fir_outreg.u_fir_q/sample_out_reg[28]
  -------------------------------------------------------------------
                         required time                         12.251    
                         arrival time                          -8.231    
  -------------------------------------------------------------------
                         slack                                  4.020    

Slack (MET) :             4.137ns  (required time - arrival time)
  Source:                 u_impl/gen_fir_outreg.u_fir_i/final_sum_reg_reg[3]/C
                            (rising edge-triggered cell FDRE clocked by clk  {rise@0.000ns fall@5.000ns period=10.000ns})
  Destination:            u_impl/gen_fir_outreg.u_fir_i/sample_out_reg[24]/D
                            (rising edge-triggered cell FDRE clocked by clk  {rise@0.000ns fall@5.000ns period=10.000ns})
  Path Group:             clk
  Path Type:              Setup (Max at Slow Process Corner)
  Requirement:            10.000ns  (clk rise@10.000ns - clk rise@0.000ns)
  Data Path Delay:        5.712ns  (logic 3.125ns (54.709%)  route 2.587ns (45.291%))
  Logic Levels:           9  (CARRY4=7 LUT1=1 LUT3=1)
  Clock Path Skew:        -0.145ns (DCD - SCD + CPR)
    Destination Clock Delay (DCD):    2.079ns = ( 12.079 - 10.000 ) 
    Source Clock Delay      (SCD):    2.402ns
    Clock Pessimism Removal (CPR):    0.178ns
  Clock Uncertainty:      0.035ns  ((TSJ^2 + TIJ^2)^1/2 + DJ) / 2 + PE
    Total System Jitter     (TSJ):    0.071ns
    Total Input Jitter      (TIJ):    0.000ns
    Discrete Jitter          (DJ):    0.000ns
    Phase Error              (PE):    0.000ns

    Location             Delay type                Incr(ns)  Path(ns)    Netlist Resource(s)
  -------------------------------------------------------------------    -------------------
                         (clock clk rise edge)        0.000     0.000 r  
                                                      0.000     0.000 r  clk (IN)
                         net (fo=0)                   0.000     0.000    clk
                         IBUF (Prop_ibuf_I_O)         0.923     0.923 r  clk_IBUF_inst/O
                         net (fo=1, unplaced)         0.800     1.722    clk_IBUF
                         BUFG (Prop_bufg_I_O)         0.096     1.818 r  clk_IBUF_BUFG_inst/O
                         net (fo=1929, unplaced)      0.584     2.402    u_impl/gen_fir_outreg.u_fir_i/clk_IBUF_BUFG
                         FDRE                                         r  u_impl/gen_fir_outreg.u_fir_i/final_sum_reg_reg[3]/C
  -------------------------------------------------------------------    -------------------
                         FDRE (Prop_fdre_C_Q)         0.478     2.880 r  u_impl/gen_fir_outreg.u_fir_i/final_sum_reg_reg[3]/Q
                         net (fo=4, unplaced)         0.998     3.878    u_impl/gen_fir_outreg.u_fir_i/final_sum_reg[3]
                         CARRY4 (Prop_carry4_S[2]_O[3])
                                                      0.647     4.525 f  u_impl/gen_fir_outreg.u_fir_i/sample_out_reg[0]_i_2__0/O[3]
                         net (fo=2, unplaced)         0.629     5.154    u_impl/gen_fir_outreg.u_fir_i/round_shift2[4]
                         LUT1 (Prop_lut1_I0_O)        0.307     5.461 r  u_impl/gen_fir_outreg.u_fir_i/sample_out[4]_i_3/O
                         net (fo=1, unplaced)         0.333     5.794    u_impl/gen_fir_outreg.u_fir_i/sample_out[4]_i_3_n_0
                         CARRY4 (Prop_carry4_CYINIT_CO[3])
                                                      0.595     6.389 r  u_impl/gen_fir_outreg.u_fir_i/sample_out_reg[4]_i_2__0/CO[3]
                         net (fo=1, unplaced)         0.009     6.398    u_impl/gen_fir_outreg.u_fir_i/sample_out_reg[4]_i_2__0_n_0
                         CARRY4 (Prop_carry4_CI_CO[3])
                                                      0.117     6.515 r  u_impl/gen_fir_outreg.u_fir_i/sample_out_reg[8]_i_2__0/CO[3]
                         net (fo=1, unplaced)         0.000     6.515    u_impl/gen_fir_outreg.u_fir_i/sample_out_reg[8]_i_2__0_n_0
                         CARRY4 (Prop_carry4_CI_CO[3])
                                                      0.117     6.632 r  u_impl/gen_fir_outreg.u_fir_i/sample_out_reg[12]_i_2__0/CO[3]
                         net (fo=1, unplaced)         0.000     6.632    u_impl/gen_fir_outreg.u_fir_i/sample_out_reg[12]_i_2__0_n_0
                         CARRY4 (Prop_carry4_CI_CO[3])
                                                      0.117     6.749 r  u_impl/gen_fir_outreg.u_fir_i/sample_out_reg[16]_i_2__0/CO[3]
                         net (fo=1, unplaced)         0.000     6.749    u_impl/gen_fir_outreg.u_fir_i/sample_out_reg[16]_i_2__0_n_0
                         CARRY4 (Prop_carry4_CI_CO[3])
                                                      0.117     6.866 r  u_impl/gen_fir_outreg.u_fir_i/sample_out_reg[20]_i_2__0/CO[3]
                         net (fo=1, unplaced)         0.000     6.866    u_impl/gen_fir_outreg.u_fir_i/sample_out_reg[20]_i_2__0_n_0
                         CARRY4 (Prop_carry4_CI_O[3])
                                                      0.331     7.197 r  u_impl/gen_fir_outreg.u_fir_i/sample_out_reg[24]_i_2__0/O[3]
                         net (fo=1, unplaced)         0.618     7.815    u_impl/gen_fir_outreg.u_fir_i/round_shift0[24]
                         LUT3 (Prop_lut3_I0_O)        0.299     8.114 r  u_impl/gen_fir_outreg.u_fir_i/sample_out[24]_i_1/O
                         net (fo=1, unplaced)         0.000     8.114    u_impl/gen_fir_outreg.u_fir_i/round_shift_return[24]
                         FDRE                                         r  u_impl/gen_fir_outreg.u_fir_i/sample_out_reg[24]/D
  -------------------------------------------------------------------    -------------------

                         (clock clk rise edge)       10.000    10.000 r  
                                                      0.000    10.000 r  clk (IN)
                         net (fo=0)                   0.000    10.000    clk
                         IBUF (Prop_ibuf_I_O)         0.789    10.789 r  clk_IBUF_inst/O
                         net (fo=1, unplaced)         0.760    11.549    clk_IBUF
                         BUFG (Prop_bufg_I_O)         0.091    11.640 r  clk_IBUF_BUFG_inst/O
                         net (fo=1929, unplaced)      0.439    12.079    u_impl/gen_fir_outreg.u_fir_i/clk_IBUF_BUFG
                         FDRE                                         r  u_impl/gen_fir_outreg.u_fir_i/sample_out_reg[24]/C
                         clock pessimism              0.178    12.257    
                         clock uncertainty           -0.035    12.222    
                         FDRE (Setup_fdre_C_D)        0.029    12.251    u_impl/gen_fir_outreg.u_fir_i/sample_out_reg[24]
  -------------------------------------------------------------------
                         required time                         12.251    
                         arrival time                          -8.114    
  -------------------------------------------------------------------
                         slack                                  4.137    

Slack (MET) :             4.137ns  (required time - arrival time)
  Source:                 u_impl/gen_fir_outreg.u_fir_q/final_sum_reg_reg[3]/C
                            (rising edge-triggered cell FDRE clocked by clk  {rise@0.000ns fall@5.000ns period=10.000ns})
  Destination:            u_impl/gen_fir_outreg.u_fir_q/sample_out_reg[24]/D
                            (rising edge-triggered cell FDRE clocked by clk  {rise@0.000ns fall@5.000ns period=10.000ns})
  Path Group:             clk
  Path Type:              Setup (Max at Slow Process Corner)
  Requirement:            10.000ns  (clk rise@10.000ns - clk rise@0.000ns)
  Data Path Delay:        5.712ns  (logic 3.125ns (54.709%)  route 2.587ns (45.291%))
  Logic Levels:           9  (CARRY4=7 LUT1=1 LUT3=1)
  Clock Path Skew:        -0.145ns (DCD - SCD + CPR)
    Destination Clock Delay (DCD):    2.079ns = ( 12.079 - 10.000 ) 
    Source Clock Delay      (SCD):    2.402ns
    Clock Pessimism Removal (CPR):    0.178ns
  Clock Uncertainty:      0.035ns  ((TSJ^2 + TIJ^2)^1/2 + DJ) / 2 + PE
    Total System Jitter     (TSJ):    0.071ns
    Total Input Jitter      (TIJ):    0.000ns
    Discrete Jitter          (DJ):    0.000ns
    Phase Error              (PE):    0.000ns

    Location             Delay type                Incr(ns)  Path(ns)    Netlist Resource(s)
  -------------------------------------------------------------------    -------------------
                         (clock clk rise edge)        0.000     0.000 r  
                                                      0.000     0.000 r  clk (IN)
                         net (fo=0)                   0.000     0.000    clk
                         IBUF (Prop_ibuf_I_O)         0.923     0.923 r  clk_IBUF_inst/O
                         net (fo=1, unplaced)         0.800     1.722    clk_IBUF
                         BUFG (Prop_bufg_I_O)         0.096     1.818 r  clk_IBUF_BUFG_inst/O
                         net (fo=1929, unplaced)      0.584     2.402    u_impl/gen_fir_outreg.u_fir_q/clk_IBUF_BUFG
                         FDRE                                         r  u_impl/gen_fir_outreg.u_fir_q/final_sum_reg_reg[3]/C
  -------------------------------------------------------------------    -------------------
                         FDRE (Prop_fdre_C_Q)         0.478     2.880 r  u_impl/gen_fir_outreg.u_fir_q/final_sum_reg_reg[3]/Q
                         net (fo=4, unplaced)         0.998     3.878    u_impl/gen_fir_outreg.u_fir_q/final_sum_reg_reg_n_0_[3]
                         CARRY4 (Prop_carry4_S[2]_O[3])
                                                      0.647     4.525 f  u_impl/gen_fir_outreg.u_fir_q/sample_out_reg[0]_i_2/O[3]
                         net (fo=2, unplaced)         0.629     5.154    u_impl/gen_fir_outreg.u_fir_q/sample_out_reg[0]_i_2_n_4
                         LUT1 (Prop_lut1_I0_O)        0.307     5.461 r  u_impl/gen_fir_outreg.u_fir_q/sample_out[4]_i_3/O
                         net (fo=1, unplaced)         0.333     5.794    u_impl/gen_fir_outreg.u_fir_q/sample_out[4]_i_3_n_0
                         CARRY4 (Prop_carry4_CYINIT_CO[3])
                                                      0.595     6.389 r  u_impl/gen_fir_outreg.u_fir_q/sample_out_reg[4]_i_2/CO[3]
                         net (fo=1, unplaced)         0.009     6.398    u_impl/gen_fir_outreg.u_fir_q/sample_out_reg[4]_i_2_n_0
                         CARRY4 (Prop_carry4_CI_CO[3])
                                                      0.117     6.515 r  u_impl/gen_fir_outreg.u_fir_q/sample_out_reg[8]_i_2/CO[3]
                         net (fo=1, unplaced)         0.000     6.515    u_impl/gen_fir_outreg.u_fir_q/sample_out_reg[8]_i_2_n_0
                         CARRY4 (Prop_carry4_CI_CO[3])
                                                      0.117     6.632 r  u_impl/gen_fir_outreg.u_fir_q/sample_out_reg[12]_i_2/CO[3]
                         net (fo=1, unplaced)         0.000     6.632    u_impl/gen_fir_outreg.u_fir_q/sample_out_reg[12]_i_2_n_0
                         CARRY4 (Prop_carry4_CI_CO[3])
                                                      0.117     6.749 r  u_impl/gen_fir_outreg.u_fir_q/sample_out_reg[16]_i_2/CO[3]
                         net (fo=1, unplaced)         0.000     6.749    u_impl/gen_fir_outreg.u_fir_q/sample_out_reg[16]_i_2_n_0
                         CARRY4 (Prop_carry4_CI_CO[3])
                                                      0.117     6.866 r  u_impl/gen_fir_outreg.u_fir_q/sample_out_reg[20]_i_2/CO[3]
                         net (fo=1, unplaced)         0.000     6.866    u_impl/gen_fir_outreg.u_fir_q/sample_out_reg[20]_i_2_n_0
                         CARRY4 (Prop_carry4_CI_O[3])
                                                      0.331     7.197 r  u_impl/gen_fir_outreg.u_fir_q/sample_out_reg[24]_i_2/O[3]
                         net (fo=1, unplaced)         0.618     7.815    u_impl/gen_fir_outreg.u_fir_q/sample_out_reg[24]_i_2_n_4
                         LUT3 (Prop_lut3_I0_O)        0.299     8.114 r  u_impl/gen_fir_outreg.u_fir_q/sample_out[24]_i_1/O
                         net (fo=1, unplaced)         0.000     8.114    u_impl/gen_fir_outreg.u_fir_q/sample_out[24]_i_1_n_0
                         FDRE                                         r  u_impl/gen_fir_outreg.u_fir_q/sample_out_reg[24]/D
  -------------------------------------------------------------------    -------------------

                         (clock clk rise edge)       10.000    10.000 r  
                                                      0.000    10.000 r  clk (IN)
                         net (fo=0)                   0.000    10.000    clk
                         IBUF (Prop_ibuf_I_O)         0.789    10.789 r  clk_IBUF_inst/O
                         net (fo=1, unplaced)         0.760    11.549    clk_IBUF
                         BUFG (Prop_bufg_I_O)         0.091    11.640 r  clk_IBUF_BUFG_inst/O
                         net (fo=1929, unplaced)      0.439    12.079    u_impl/gen_fir_outreg.u_fir_q/clk_IBUF_BUFG
                         FDRE                                         r  u_impl/gen_fir_outreg.u_fir_q/sample_out_reg[24]/C
                         clock pessimism              0.178    12.257    
                         clock uncertainty           -0.035    12.222    
                         FDRE (Setup_fdre_C_D)        0.029    12.251    u_impl/gen_fir_outreg.u_fir_q/sample_out_reg[24]
  -------------------------------------------------------------------
                         required time                         12.251    
                         arrival time                          -8.114    
  -------------------------------------------------------------------
                         slack                                  4.137    

Slack (MET) :             4.159ns  (required time - arrival time)
  Source:                 u_impl/gen_narrow_mag.u_mag/i_square0/CLK
                            (rising edge-triggered cell DSP48E1 clocked by clk  {rise@0.000ns fall@5.000ns period=10.000ns})
  Destination:            u_impl/gen_narrow_mag.u_mag/i_square_reg/PCIN[0]
                            (rising edge-triggered cell DSP48E1 clocked by clk  {rise@0.000ns fall@5.000ns period=10.000ns})
  Path Group:             clk
  Path Type:              Setup (Max at Slow Process Corner)
  Requirement:            10.000ns  (clk rise@10.000ns - clk rise@0.000ns)
  Data Path Delay:        4.261ns  (logic 4.206ns (98.709%)  route 0.055ns (1.291%))
  Logic Levels:           0  
  Clock Path Skew:        -0.145ns (DCD - SCD + CPR)
    Destination Clock Delay (DCD):    2.079ns = ( 12.079 - 10.000 ) 
    Source Clock Delay      (SCD):    2.402ns
    Clock Pessimism Removal (CPR):    0.178ns
  Clock Uncertainty:      0.035ns  ((TSJ^2 + TIJ^2)^1/2 + DJ) / 2 + PE
    Total System Jitter     (TSJ):    0.071ns
    Total Input Jitter      (TIJ):    0.000ns
    Discrete Jitter          (DJ):    0.000ns
    Phase Error              (PE):    0.000ns

    Location             Delay type                Incr(ns)  Path(ns)    Netlist Resource(s)
  -------------------------------------------------------------------    -------------------
                         (clock clk rise edge)        0.000     0.000 r  
                                                      0.000     0.000 r  clk (IN)
                         net (fo=0)                   0.000     0.000    clk
                         IBUF (Prop_ibuf_I_O)         0.923     0.923 r  clk_IBUF_inst/O
                         net (fo=1, unplaced)         0.800     1.722    clk_IBUF
                         BUFG (Prop_bufg_I_O)         0.096     1.818 r  clk_IBUF_BUFG_inst/O
                         net (fo=1929, unplaced)      0.584     2.402    u_impl/gen_narrow_mag.u_mag/clk_IBUF_BUFG
                         DSP48E1                                      r  u_impl/gen_narrow_mag.u_mag/i_square0/CLK
  -------------------------------------------------------------------    -------------------
                         DSP48E1 (Prop_dsp48e1_CLK_PCOUT[0])
                                                      4.206     6.608 r  u_impl/gen_narrow_mag.u_mag/i_square0/PCOUT[0]
                         net (fo=1, unplaced)         0.055     6.663    u_impl/gen_narrow_mag.u_mag/i_square0_n_153
                         DSP48E1                                      r  u_impl/gen_narrow_mag.u_mag/i_square_reg/PCIN[0]
  -------------------------------------------------------------------    -------------------

                         (clock clk rise edge)       10.000    10.000 r  
                                                      0.000    10.000 r  clk (IN)
                         net (fo=0)                   0.000    10.000    clk
                         IBUF (Prop_ibuf_I_O)         0.789    10.789 r  clk_IBUF_inst/O
                         net (fo=1, unplaced)         0.760    11.549    clk_IBUF
                         BUFG (Prop_bufg_I_O)         0.091    11.640 r  clk_IBUF_BUFG_inst/O
                         net (fo=1929, unplaced)      0.439    12.079    u_impl/gen_narrow_mag.u_mag/clk_IBUF_BUFG
                         DSP48E1                                      r  u_impl/gen_narrow_mag.u_mag/i_square_reg/CLK
                         clock pessimism              0.178    12.257    
                         clock uncertainty           -0.035    12.222    
                         DSP48E1 (Setup_dsp48e1_CLK_PCIN[0])
                                                     -1.400    10.822    u_impl/gen_narrow_mag.u_mag/i_square_reg
  -------------------------------------------------------------------
                         required time                         10.822    
                         arrival time                          -6.663    
  -------------------------------------------------------------------
                         slack                                  4.159    

Slack (MET) :             4.159ns  (required time - arrival time)
  Source:                 u_impl/gen_narrow_mag.u_mag/i_square0/CLK
                            (rising edge-triggered cell DSP48E1 clocked by clk  {rise@0.000ns fall@5.000ns period=10.000ns})
  Destination:            u_impl/gen_narrow_mag.u_mag/i_square_reg/PCIN[10]
                            (rising edge-triggered cell DSP48E1 clocked by clk  {rise@0.000ns fall@5.000ns period=10.000ns})
  Path Group:             clk
  Path Type:              Setup (Max at Slow Process Corner)
  Requirement:            10.000ns  (clk rise@10.000ns - clk rise@0.000ns)
  Data Path Delay:        4.261ns  (logic 4.206ns (98.709%)  route 0.055ns (1.291%))
  Logic Levels:           0  
  Clock Path Skew:        -0.145ns (DCD - SCD + CPR)
    Destination Clock Delay (DCD):    2.079ns = ( 12.079 - 10.000 ) 
    Source Clock Delay      (SCD):    2.402ns
    Clock Pessimism Removal (CPR):    0.178ns
  Clock Uncertainty:      0.035ns  ((TSJ^2 + TIJ^2)^1/2 + DJ) / 2 + PE
    Total System Jitter     (TSJ):    0.071ns
    Total Input Jitter      (TIJ):    0.000ns
    Discrete Jitter          (DJ):    0.000ns
    Phase Error              (PE):    0.000ns

    Location             Delay type                Incr(ns)  Path(ns)    Netlist Resource(s)
  -------------------------------------------------------------------    -------------------
                         (clock clk rise edge)        0.000     0.000 r  
                                                      0.000     0.000 r  clk (IN)
                         net (fo=0)                   0.000     0.000    clk
                         IBUF (Prop_ibuf_I_O)         0.923     0.923 r  clk_IBUF_inst/O
                         net (fo=1, unplaced)         0.800     1.722    clk_IBUF
                         BUFG (Prop_bufg_I_O)         0.096     1.818 r  clk_IBUF_BUFG_inst/O
                         net (fo=1929, unplaced)      0.584     2.402    u_impl/gen_narrow_mag.u_mag/clk_IBUF_BUFG
                         DSP48E1                                      r  u_impl/gen_narrow_mag.u_mag/i_square0/CLK
  -------------------------------------------------------------------    -------------------
                         DSP48E1 (Prop_dsp48e1_CLK_PCOUT[10])
                                                      4.206     6.608 r  u_impl/gen_narrow_mag.u_mag/i_square0/PCOUT[10]
                         net (fo=1, unplaced)         0.055     6.663    u_impl/gen_narrow_mag.u_mag/i_square0_n_143
                         DSP48E1                                      r  u_impl/gen_narrow_mag.u_mag/i_square_reg/PCIN[10]
  -------------------------------------------------------------------    -------------------

                         (clock clk rise edge)       10.000    10.000 r  
                                                      0.000    10.000 r  clk (IN)
                         net (fo=0)                   0.000    10.000    clk
                         IBUF (Prop_ibuf_I_O)         0.789    10.789 r  clk_IBUF_inst/O
                         net (fo=1, unplaced)         0.760    11.549    clk_IBUF
                         BUFG (Prop_bufg_I_O)         0.091    11.640 r  clk_IBUF_BUFG_inst/O
                         net (fo=1929, unplaced)      0.439    12.079    u_impl/gen_narrow_mag.u_mag/clk_IBUF_BUFG
                         DSP48E1                                      r  u_impl/gen_narrow_mag.u_mag/i_square_reg/CLK
                         clock pessimism              0.178    12.257    
                         clock uncertainty           -0.035    12.222    
                         DSP48E1 (Setup_dsp48e1_CLK_PCIN[10])
                                                     -1.400    10.822    u_impl/gen_narrow_mag.u_mag/i_square_reg
  -------------------------------------------------------------------
                         required time                         10.822    
                         arrival time                          -6.663    
  -------------------------------------------------------------------
                         slack                                  4.159    

Slack (MET) :             4.159ns  (required time - arrival time)
  Source:                 u_impl/gen_narrow_mag.u_mag/i_square0/CLK
                            (rising edge-triggered cell DSP48E1 clocked by clk  {rise@0.000ns fall@5.000ns period=10.000ns})
  Destination:            u_impl/gen_narrow_mag.u_mag/i_square_reg/PCIN[11]
                            (rising edge-triggered cell DSP48E1 clocked by clk  {rise@0.000ns fall@5.000ns period=10.000ns})
  Path Group:             clk
  Path Type:              Setup (Max at Slow Process Corner)
  Requirement:            10.000ns  (clk rise@10.000ns - clk rise@0.000ns)
  Data Path Delay:        4.261ns  (logic 4.206ns (98.709%)  route 0.055ns (1.291%))
  Logic Levels:           0  
  Clock Path Skew:        -0.145ns (DCD - SCD + CPR)
    Destination Clock Delay (DCD):    2.079ns = ( 12.079 - 10.000 ) 
    Source Clock Delay      (SCD):    2.402ns
    Clock Pessimism Removal (CPR):    0.178ns
  Clock Uncertainty:      0.035ns  ((TSJ^2 + TIJ^2)^1/2 + DJ) / 2 + PE
    Total System Jitter     (TSJ):    0.071ns
    Total Input Jitter      (TIJ):    0.000ns
    Discrete Jitter          (DJ):    0.000ns
    Phase Error              (PE):    0.000ns

    Location             Delay type                Incr(ns)  Path(ns)    Netlist Resource(s)
  -------------------------------------------------------------------    -------------------
                         (clock clk rise edge)        0.000     0.000 r  
                                                      0.000     0.000 r  clk (IN)
                         net (fo=0)                   0.000     0.000    clk
                         IBUF (Prop_ibuf_I_O)         0.923     0.923 r  clk_IBUF_inst/O
                         net (fo=1, unplaced)         0.800     1.722    clk_IBUF
                         BUFG (Prop_bufg_I_O)         0.096     1.818 r  clk_IBUF_BUFG_inst/O
                         net (fo=1929, unplaced)      0.584     2.402    u_impl/gen_narrow_mag.u_mag/clk_IBUF_BUFG
                         DSP48E1                                      r  u_impl/gen_narrow_mag.u_mag/i_square0/CLK
  -------------------------------------------------------------------    -------------------
                         DSP48E1 (Prop_dsp48e1_CLK_PCOUT[11])
                                                      4.206     6.608 r  u_impl/gen_narrow_mag.u_mag/i_square0/PCOUT[11]
                         net (fo=1, unplaced)         0.055     6.663    u_impl/gen_narrow_mag.u_mag/i_square0_n_142
                         DSP48E1                                      r  u_impl/gen_narrow_mag.u_mag/i_square_reg/PCIN[11]
  -------------------------------------------------------------------    -------------------

                         (clock clk rise edge)       10.000    10.000 r  
                                                      0.000    10.000 r  clk (IN)
                         net (fo=0)                   0.000    10.000    clk
                         IBUF (Prop_ibuf_I_O)         0.789    10.789 r  clk_IBUF_inst/O
                         net (fo=1, unplaced)         0.760    11.549    clk_IBUF
                         BUFG (Prop_bufg_I_O)         0.091    11.640 r  clk_IBUF_BUFG_inst/O
                         net (fo=1929, unplaced)      0.439    12.079    u_impl/gen_narrow_mag.u_mag/clk_IBUF_BUFG
                         DSP48E1                                      r  u_impl/gen_narrow_mag.u_mag/i_square_reg/CLK
                         clock pessimism              0.178    12.257    
                         clock uncertainty           -0.035    12.222    
                         DSP48E1 (Setup_dsp48e1_CLK_PCIN[11])
                                                     -1.400    10.822    u_impl/gen_narrow_mag.u_mag/i_square_reg
  -------------------------------------------------------------------
                         required time                         10.822    
                         arrival time                          -6.663    
  -------------------------------------------------------------------
                         slack                                  4.159    

Slack (MET) :             4.159ns  (required time - arrival time)
  Source:                 u_impl/gen_narrow_mag.u_mag/i_square0/CLK
                            (rising edge-triggered cell DSP48E1 clocked by clk  {rise@0.000ns fall@5.000ns period=10.000ns})
  Destination:            u_impl/gen_narrow_mag.u_mag/i_square_reg/PCIN[12]
                            (rising edge-triggered cell DSP48E1 clocked by clk  {rise@0.000ns fall@5.000ns period=10.000ns})
  Path Group:             clk
  Path Type:              Setup (Max at Slow Process Corner)
  Requirement:            10.000ns  (clk rise@10.000ns - clk rise@0.000ns)
  Data Path Delay:        4.261ns  (logic 4.206ns (98.709%)  route 0.055ns (1.291%))
  Logic Levels:           0  
  Clock Path Skew:        -0.145ns (DCD - SCD + CPR)
    Destination Clock Delay (DCD):    2.079ns = ( 12.079 - 10.000 ) 
    Source Clock Delay      (SCD):    2.402ns
    Clock Pessimism Removal (CPR):    0.178ns
  Clock Uncertainty:      0.035ns  ((TSJ^2 + TIJ^2)^1/2 + DJ) / 2 + PE
    Total System Jitter     (TSJ):    0.071ns
    Total Input Jitter      (TIJ):    0.000ns
    Discrete Jitter          (DJ):    0.000ns
    Phase Error              (PE):    0.000ns

    Location             Delay type                Incr(ns)  Path(ns)    Netlist Resource(s)
  -------------------------------------------------------------------    -------------------
                         (clock clk rise edge)        0.000     0.000 r  
                                                      0.000     0.000 r  clk (IN)
                         net (fo=0)                   0.000     0.000    clk
                         IBUF (Prop_ibuf_I_O)         0.923     0.923 r  clk_IBUF_inst/O
                         net (fo=1, unplaced)         0.800     1.722    clk_IBUF
                         BUFG (Prop_bufg_I_O)         0.096     1.818 r  clk_IBUF_BUFG_inst/O
                         net (fo=1929, unplaced)      0.584     2.402    u_impl/gen_narrow_mag.u_mag/clk_IBUF_BUFG
                         DSP48E1                                      r  u_impl/gen_narrow_mag.u_mag/i_square0/CLK
  -------------------------------------------------------------------    -------------------
                         DSP48E1 (Prop_dsp48e1_CLK_PCOUT[12])
                                                      4.206     6.608 r  u_impl/gen_narrow_mag.u_mag/i_square0/PCOUT[12]
                         net (fo=1, unplaced)         0.055     6.663    u_impl/gen_narrow_mag.u_mag/i_square0_n_141
                         DSP48E1                                      r  u_impl/gen_narrow_mag.u_mag/i_square_reg/PCIN[12]
  -------------------------------------------------------------------    -------------------

                         (clock clk rise edge)       10.000    10.000 r  
                                                      0.000    10.000 r  clk (IN)
                         net (fo=0)                   0.000    10.000    clk
                         IBUF (Prop_ibuf_I_O)         0.789    10.789 r  clk_IBUF_inst/O
                         net (fo=1, unplaced)         0.760    11.549    clk_IBUF
                         BUFG (Prop_bufg_I_O)         0.091    11.640 r  clk_IBUF_BUFG_inst/O
                         net (fo=1929, unplaced)      0.439    12.079    u_impl/gen_narrow_mag.u_mag/clk_IBUF_BUFG
                         DSP48E1                                      r  u_impl/gen_narrow_mag.u_mag/i_square_reg/CLK
                         clock pessimism              0.178    12.257    
                         clock uncertainty           -0.035    12.222    
                         DSP48E1 (Setup_dsp48e1_CLK_PCIN[12])
                                                     -1.400    10.822    u_impl/gen_narrow_mag.u_mag/i_square_reg
  -------------------------------------------------------------------
                         required time                         10.822    
                         arrival time                          -6.663    
  -------------------------------------------------------------------
                         slack                                  4.159    

Slack (MET) :             4.159ns  (required time - arrival time)
  Source:                 u_impl/gen_narrow_mag.u_mag/i_square0/CLK
                            (rising edge-triggered cell DSP48E1 clocked by clk  {rise@0.000ns fall@5.000ns period=10.000ns})
  Destination:            u_impl/gen_narrow_mag.u_mag/i_square_reg/PCIN[13]
                            (rising edge-triggered cell DSP48E1 clocked by clk  {rise@0.000ns fall@5.000ns period=10.000ns})
  Path Group:             clk
  Path Type:              Setup (Max at Slow Process Corner)
  Requirement:            10.000ns  (clk rise@10.000ns - clk rise@0.000ns)
  Data Path Delay:        4.261ns  (logic 4.206ns (98.709%)  route 0.055ns (1.291%))
  Logic Levels:           0  
  Clock Path Skew:        -0.145ns (DCD - SCD + CPR)
    Destination Clock Delay (DCD):    2.079ns = ( 12.079 - 10.000 ) 
    Source Clock Delay      (SCD):    2.402ns
    Clock Pessimism Removal (CPR):    0.178ns
  Clock Uncertainty:      0.035ns  ((TSJ^2 + TIJ^2)^1/2 + DJ) / 2 + PE
    Total System Jitter     (TSJ):    0.071ns
    Total Input Jitter      (TIJ):    0.000ns
    Discrete Jitter          (DJ):    0.000ns
    Phase Error              (PE):    0.000ns

    Location             Delay type                Incr(ns)  Path(ns)    Netlist Resource(s)
  -------------------------------------------------------------------    -------------------
                         (clock clk rise edge)        0.000     0.000 r  
                                                      0.000     0.000 r  clk (IN)
                         net (fo=0)                   0.000     0.000    clk
                         IBUF (Prop_ibuf_I_O)         0.923     0.923 r  clk_IBUF_inst/O
                         net (fo=1, unplaced)         0.800     1.722    clk_IBUF
                         BUFG (Prop_bufg_I_O)         0.096     1.818 r  clk_IBUF_BUFG_inst/O
                         net (fo=1929, unplaced)      0.584     2.402    u_impl/gen_narrow_mag.u_mag/clk_IBUF_BUFG
                         DSP48E1                                      r  u_impl/gen_narrow_mag.u_mag/i_square0/CLK
  -------------------------------------------------------------------    -------------------
                         DSP48E1 (Prop_dsp48e1_CLK_PCOUT[13])
                                                      4.206     6.608 r  u_impl/gen_narrow_mag.u_mag/i_square0/PCOUT[13]
                         net (fo=1, unplaced)         0.055     6.663    u_impl/gen_narrow_mag.u_mag/i_square0_n_140
                         DSP48E1                                      r  u_impl/gen_narrow_mag.u_mag/i_square_reg/PCIN[13]
  -------------------------------------------------------------------    -------------------

                         (clock clk rise edge)       10.000    10.000 r  
                                                      0.000    10.000 r  clk (IN)
                         net (fo=0)                   0.000    10.000    clk
                         IBUF (Prop_ibuf_I_O)         0.789    10.789 r  clk_IBUF_inst/O
                         net (fo=1, unplaced)         0.760    11.549    clk_IBUF
                         BUFG (Prop_bufg_I_O)         0.091    11.640 r  clk_IBUF_BUFG_inst/O
                         net (fo=1929, unplaced)      0.439    12.079    u_impl/gen_narrow_mag.u_mag/clk_IBUF_BUFG
                         DSP48E1                                      r  u_impl/gen_narrow_mag.u_mag/i_square_reg/CLK
                         clock pessimism              0.178    12.257    
                         clock uncertainty           -0.035    12.222    
                         DSP48E1 (Setup_dsp48e1_CLK_PCIN[13])
                                                     -1.400    10.822    u_impl/gen_narrow_mag.u_mag/i_square_reg
  -------------------------------------------------------------------
                         required time                         10.822    
                         arrival time                          -6.663    
  -------------------------------------------------------------------
                         slack                                  4.159    

Slack (MET) :             4.159ns  (required time - arrival time)
  Source:                 u_impl/gen_narrow_mag.u_mag/i_square0/CLK
                            (rising edge-triggered cell DSP48E1 clocked by clk  {rise@0.000ns fall@5.000ns period=10.000ns})
  Destination:            u_impl/gen_narrow_mag.u_mag/i_square_reg/PCIN[14]
                            (rising edge-triggered cell DSP48E1 clocked by clk  {rise@0.000ns fall@5.000ns period=10.000ns})
  Path Group:             clk
  Path Type:              Setup (Max at Slow Process Corner)
  Requirement:            10.000ns  (clk rise@10.000ns - clk rise@0.000ns)
  Data Path Delay:        4.261ns  (logic 4.206ns (98.709%)  route 0.055ns (1.291%))
  Logic Levels:           0  
  Clock Path Skew:        -0.145ns (DCD - SCD + CPR)
    Destination Clock Delay (DCD):    2.079ns = ( 12.079 - 10.000 ) 
    Source Clock Delay      (SCD):    2.402ns
    Clock Pessimism Removal (CPR):    0.178ns
  Clock Uncertainty:      0.035ns  ((TSJ^2 + TIJ^2)^1/2 + DJ) / 2 + PE
    Total System Jitter     (TSJ):    0.071ns
    Total Input Jitter      (TIJ):    0.000ns
    Discrete Jitter          (DJ):    0.000ns
    Phase Error              (PE):    0.000ns

    Location             Delay type                Incr(ns)  Path(ns)    Netlist Resource(s)
  -------------------------------------------------------------------    -------------------
                         (clock clk rise edge)        0.000     0.000 r  
                                                      0.000     0.000 r  clk (IN)
                         net (fo=0)                   0.000     0.000    clk
                         IBUF (Prop_ibuf_I_O)         0.923     0.923 r  clk_IBUF_inst/O
                         net (fo=1, unplaced)         0.800     1.722    clk_IBUF
                         BUFG (Prop_bufg_I_O)         0.096     1.818 r  clk_IBUF_BUFG_inst/O
                         net (fo=1929, unplaced)      0.584     2.402    u_impl/gen_narrow_mag.u_mag/clk_IBUF_BUFG
                         DSP48E1                                      r  u_impl/gen_narrow_mag.u_mag/i_square0/CLK
  -------------------------------------------------------------------    -------------------
                         DSP48E1 (Prop_dsp48e1_CLK_PCOUT[14])
                                                      4.206     6.608 r  u_impl/gen_narrow_mag.u_mag/i_square0/PCOUT[14]
                         net (fo=1, unplaced)         0.055     6.663    u_impl/gen_narrow_mag.u_mag/i_square0_n_139
                         DSP48E1                                      r  u_impl/gen_narrow_mag.u_mag/i_square_reg/PCIN[14]
  -------------------------------------------------------------------    -------------------

                         (clock clk rise edge)       10.000    10.000 r  
                                                      0.000    10.000 r  clk (IN)
                         net (fo=0)                   0.000    10.000    clk
                         IBUF (Prop_ibuf_I_O)         0.789    10.789 r  clk_IBUF_inst/O
                         net (fo=1, unplaced)         0.760    11.549    clk_IBUF
                         BUFG (Prop_bufg_I_O)         0.091    11.640 r  clk_IBUF_BUFG_inst/O
                         net (fo=1929, unplaced)      0.439    12.079    u_impl/gen_narrow_mag.u_mag/clk_IBUF_BUFG
                         DSP48E1                                      r  u_impl/gen_narrow_mag.u_mag/i_square_reg/CLK
                         clock pessimism              0.178    12.257    
                         clock uncertainty           -0.035    12.222    
                         DSP48E1 (Setup_dsp48e1_CLK_PCIN[14])
                                                     -1.400    10.822    u_impl/gen_narrow_mag.u_mag/i_square_reg
  -------------------------------------------------------------------
                         required time                         10.822    
                         arrival time                          -6.663    
  -------------------------------------------------------------------
                         slack                                  4.159    




