Copyright 1986-2022 Xilinx, Inc. All Rights Reserved. Copyright 2022-2025 Advanced Micro Devices, Inc. All Rights Reserved.
---------------------------------------------------------------------------------------------------------------------------------------------------------------------
| Tool Version : Vivado v.2025.2 (win64) Build 6299465 Fri Nov 14 19:35:11 GMT 2025
| Date         : Sun May  3 19:15:13 2026
| Host         : Navnil_Desktop running 64-bit major release  (build 9200)
| Command      : report_timing -max_paths 10 -file C:/Users/CHOUDN3/Downloads/VLSI_project/reports/pipelined_plus5_firout_tracker_impl/post_route_critical_paths.rpt
| Design       : lockin_pipelined_plus5_firout_tracker_top
| Device       : 7a35t-fgg484
| Speed File   : -1  PRODUCTION 1.23 2018-06-13
| Design State : Routed
---------------------------------------------------------------------------------------------------------------------------------------------------------------------

Timing Report

Slack (MET) :             1.675ns  (required time - arrival time)
  Source:                 u_impl/u_mag/valid_out_reg/C
                            (rising edge-triggered cell FDRE clocked by clk  {rise@0.000ns fall@5.000ns period=10.000ns})
  Destination:            u_impl/u_accumulator/running_energy_reg[124]/R
                            (rising edge-triggered cell FDRE clocked by clk  {rise@0.000ns fall@5.000ns period=10.000ns})
  Path Group:             clk
  Path Type:              Setup (Max at Slow Process Corner)
  Requirement:            10.000ns  (clk rise@10.000ns - clk rise@0.000ns)
  Data Path Delay:        7.813ns  (logic 0.642ns (8.218%)  route 7.171ns (91.782%))
  Logic Levels:           1  (LUT3=1)
  Clock Path Skew:        -0.048ns (DCD - SCD + CPR)
    Destination Clock Delay (DCD):    4.237ns = ( 14.237 - 10.000 ) 
    Source Clock Delay      (SCD):    4.607ns
    Clock Pessimism Removal (CPR):    0.322ns
  Clock Uncertainty:      0.035ns  ((TSJ^2 + TIJ^2)^1/2 + DJ) / 2 + PE
    Total System Jitter     (TSJ):    0.071ns
    Total Input Jitter      (TIJ):    0.000ns
    Discrete Jitter          (DJ):    0.000ns
    Phase Error              (PE):    0.000ns

    Location             Delay type                Incr(ns)  Path(ns)    Netlist Resource(s)
  -------------------------------------------------------------------    -------------------
                         (clock clk rise edge)        0.000     0.000 r  
    Y4                                                0.000     0.000 r  clk (IN)
                         net (fo=0)                   0.000     0.000    clk
    Y4                   IBUF (Prop_ibuf_I_O)         0.993     0.993 r  clk_IBUF_inst/O
                         net (fo=1, routed)           1.967     2.959    clk_IBUF
    BUFGCTRL_X0Y0        BUFG (Prop_bufg_I_O)         0.096     3.055 r  clk_IBUF_BUFG_inst/O
                         net (fo=2502, routed)        1.552     4.607    u_impl/u_mag/clk_IBUF_BUFG
    SLICE_X14Y64         FDRE                                         r  u_impl/u_mag/valid_out_reg/C
  -------------------------------------------------------------------    -------------------
    SLICE_X14Y64         FDRE (Prop_fdre_C_Q)         0.518     5.125 r  u_impl/u_mag/valid_out_reg/Q
                         net (fo=130, routed)         2.351     7.476    u_impl/u_mag/valid_out
    SLICE_X15Y43         LUT3 (Prop_lut3_I0_O)        0.124     7.600 r  u_impl/u_mag/running_energy[0]_i_1/O
                         net (fo=128, routed)         4.819    12.420    u_impl/u_accumulator/running_energy_reg[127]_0
    SLICE_X13Y77         FDRE                                         r  u_impl/u_accumulator/running_energy_reg[124]/R
  -------------------------------------------------------------------    -------------------

                         (clock clk rise edge)       10.000    10.000 r  
    Y4                                                0.000    10.000 r  clk (IN)
                         net (fo=0)                   0.000    10.000    clk
    Y4                   IBUF (Prop_ibuf_I_O)         0.859    10.859 r  clk_IBUF_inst/O
                         net (fo=1, routed)           1.862    12.721    clk_IBUF
    BUFGCTRL_X0Y0        BUFG (Prop_bufg_I_O)         0.091    12.812 r  clk_IBUF_BUFG_inst/O
                         net (fo=2502, routed)        1.426    14.237    u_impl/u_accumulator/clk_IBUF_BUFG
    SLICE_X13Y77         FDRE                                         r  u_impl/u_accumulator/running_energy_reg[124]/C
                         clock pessimism              0.322    14.559    
                         clock uncertainty           -0.035    14.524    
    SLICE_X13Y77         FDRE (Setup_fdre_C_R)       -0.429    14.095    u_impl/u_accumulator/running_energy_reg[124]
  -------------------------------------------------------------------
                         required time                         14.095    
                         arrival time                         -12.420    
  -------------------------------------------------------------------
                         slack                                  1.675    

Slack (MET) :             1.675ns  (required time - arrival time)
  Source:                 u_impl/u_mag/valid_out_reg/C
                            (rising edge-triggered cell FDRE clocked by clk  {rise@0.000ns fall@5.000ns period=10.000ns})
  Destination:            u_impl/u_accumulator/running_energy_reg[125]/R
                            (rising edge-triggered cell FDRE clocked by clk  {rise@0.000ns fall@5.000ns period=10.000ns})
  Path Group:             clk
  Path Type:              Setup (Max at Slow Process Corner)
  Requirement:            10.000ns  (clk rise@10.000ns - clk rise@0.000ns)
  Data Path Delay:        7.813ns  (logic 0.642ns (8.218%)  route 7.171ns (91.782%))
  Logic Levels:           1  (LUT3=1)
  Clock Path Skew:        -0.048ns (DCD - SCD + CPR)
    Destination Clock Delay (DCD):    4.237ns = ( 14.237 - 10.000 ) 
    Source Clock Delay      (SCD):    4.607ns
    Clock Pessimism Removal (CPR):    0.322ns
  Clock Uncertainty:      0.035ns  ((TSJ^2 + TIJ^2)^1/2 + DJ) / 2 + PE
    Total System Jitter     (TSJ):    0.071ns
    Total Input Jitter      (TIJ):    0.000ns
    Discrete Jitter          (DJ):    0.000ns
    Phase Error              (PE):    0.000ns

    Location             Delay type                Incr(ns)  Path(ns)    Netlist Resource(s)
  -------------------------------------------------------------------    -------------------
                         (clock clk rise edge)        0.000     0.000 r  
    Y4                                                0.000     0.000 r  clk (IN)
                         net (fo=0)                   0.000     0.000    clk
    Y4                   IBUF (Prop_ibuf_I_O)         0.993     0.993 r  clk_IBUF_inst/O
                         net (fo=1, routed)           1.967     2.959    clk_IBUF
    BUFGCTRL_X0Y0        BUFG (Prop_bufg_I_O)         0.096     3.055 r  clk_IBUF_BUFG_inst/O
                         net (fo=2502, routed)        1.552     4.607    u_impl/u_mag/clk_IBUF_BUFG
    SLICE_X14Y64         FDRE                                         r  u_impl/u_mag/valid_out_reg/C
  -------------------------------------------------------------------    -------------------
    SLICE_X14Y64         FDRE (Prop_fdre_C_Q)         0.518     5.125 r  u_impl/u_mag/valid_out_reg/Q
                         net (fo=130, routed)         2.351     7.476    u_impl/u_mag/valid_out
    SLICE_X15Y43         LUT3 (Prop_lut3_I0_O)        0.124     7.600 r  u_impl/u_mag/running_energy[0]_i_1/O
                         net (fo=128, routed)         4.819    12.420    u_impl/u_accumulator/running_energy_reg[127]_0
    SLICE_X13Y77         FDRE                                         r  u_impl/u_accumulator/running_energy_reg[125]/R
  -------------------------------------------------------------------    -------------------

                         (clock clk rise edge)       10.000    10.000 r  
    Y4                                                0.000    10.000 r  clk (IN)
                         net (fo=0)                   0.000    10.000    clk
    Y4                   IBUF (Prop_ibuf_I_O)         0.859    10.859 r  clk_IBUF_inst/O
                         net (fo=1, routed)           1.862    12.721    clk_IBUF
    BUFGCTRL_X0Y0        BUFG (Prop_bufg_I_O)         0.091    12.812 r  clk_IBUF_BUFG_inst/O
                         net (fo=2502, routed)        1.426    14.237    u_impl/u_accumulator/clk_IBUF_BUFG
    SLICE_X13Y77         FDRE                                         r  u_impl/u_accumulator/running_energy_reg[125]/C
                         clock pessimism              0.322    14.559    
                         clock uncertainty           -0.035    14.524    
    SLICE_X13Y77         FDRE (Setup_fdre_C_R)       -0.429    14.095    u_impl/u_accumulator/running_energy_reg[125]
  -------------------------------------------------------------------
                         required time                         14.095    
                         arrival time                         -12.420    
  -------------------------------------------------------------------
                         slack                                  1.675    

Slack (MET) :             1.675ns  (required time - arrival time)
  Source:                 u_impl/u_mag/valid_out_reg/C
                            (rising edge-triggered cell FDRE clocked by clk  {rise@0.000ns fall@5.000ns period=10.000ns})
  Destination:            u_impl/u_accumulator/running_energy_reg[126]/R
                            (rising edge-triggered cell FDRE clocked by clk  {rise@0.000ns fall@5.000ns period=10.000ns})
  Path Group:             clk
  Path Type:              Setup (Max at Slow Process Corner)
  Requirement:            10.000ns  (clk rise@10.000ns - clk rise@0.000ns)
  Data Path Delay:        7.813ns  (logic 0.642ns (8.218%)  route 7.171ns (91.782%))
  Logic Levels:           1  (LUT3=1)
  Clock Path Skew:        -0.048ns (DCD - SCD + CPR)
    Destination Clock Delay (DCD):    4.237ns = ( 14.237 - 10.000 ) 
    Source Clock Delay      (SCD):    4.607ns
    Clock Pessimism Removal (CPR):    0.322ns
  Clock Uncertainty:      0.035ns  ((TSJ^2 + TIJ^2)^1/2 + DJ) / 2 + PE
    Total System Jitter     (TSJ):    0.071ns
    Total Input Jitter      (TIJ):    0.000ns
    Discrete Jitter          (DJ):    0.000ns
    Phase Error              (PE):    0.000ns

    Location             Delay type                Incr(ns)  Path(ns)    Netlist Resource(s)
  -------------------------------------------------------------------    -------------------
                         (clock clk rise edge)        0.000     0.000 r  
    Y4                                                0.000     0.000 r  clk (IN)
                         net (fo=0)                   0.000     0.000    clk
    Y4                   IBUF (Prop_ibuf_I_O)         0.993     0.993 r  clk_IBUF_inst/O
                         net (fo=1, routed)           1.967     2.959    clk_IBUF
    BUFGCTRL_X0Y0        BUFG (Prop_bufg_I_O)         0.096     3.055 r  clk_IBUF_BUFG_inst/O
                         net (fo=2502, routed)        1.552     4.607    u_impl/u_mag/clk_IBUF_BUFG
    SLICE_X14Y64         FDRE                                         r  u_impl/u_mag/valid_out_reg/C
  -------------------------------------------------------------------    -------------------
    SLICE_X14Y64         FDRE (Prop_fdre_C_Q)         0.518     5.125 r  u_impl/u_mag/valid_out_reg/Q
                         net (fo=130, routed)         2.351     7.476    u_impl/u_mag/valid_out
    SLICE_X15Y43         LUT3 (Prop_lut3_I0_O)        0.124     7.600 r  u_impl/u_mag/running_energy[0]_i_1/O
                         net (fo=128, routed)         4.819    12.420    u_impl/u_accumulator/running_energy_reg[127]_0
    SLICE_X13Y77         FDRE                                         r  u_impl/u_accumulator/running_energy_reg[126]/R
  -------------------------------------------------------------------    -------------------

                         (clock clk rise edge)       10.000    10.000 r  
    Y4                                                0.000    10.000 r  clk (IN)
                         net (fo=0)                   0.000    10.000    clk
    Y4                   IBUF (Prop_ibuf_I_O)         0.859    10.859 r  clk_IBUF_inst/O
                         net (fo=1, routed)           1.862    12.721    clk_IBUF
    BUFGCTRL_X0Y0        BUFG (Prop_bufg_I_O)         0.091    12.812 r  clk_IBUF_BUFG_inst/O
                         net (fo=2502, routed)        1.426    14.237    u_impl/u_accumulator/clk_IBUF_BUFG
    SLICE_X13Y77         FDRE                                         r  u_impl/u_accumulator/running_energy_reg[126]/C
                         clock pessimism              0.322    14.559    
                         clock uncertainty           -0.035    14.524    
    SLICE_X13Y77         FDRE (Setup_fdre_C_R)       -0.429    14.095    u_impl/u_accumulator/running_energy_reg[126]
  -------------------------------------------------------------------
                         required time                         14.095    
                         arrival time                         -12.420    
  -------------------------------------------------------------------
                         slack                                  1.675    

Slack (MET) :             1.675ns  (required time - arrival time)
  Source:                 u_impl/u_mag/valid_out_reg/C
                            (rising edge-triggered cell FDRE clocked by clk  {rise@0.000ns fall@5.000ns period=10.000ns})
  Destination:            u_impl/u_accumulator/running_energy_reg[127]/R
                            (rising edge-triggered cell FDRE clocked by clk  {rise@0.000ns fall@5.000ns period=10.000ns})
  Path Group:             clk
  Path Type:              Setup (Max at Slow Process Corner)
  Requirement:            10.000ns  (clk rise@10.000ns - clk rise@0.000ns)
  Data Path Delay:        7.813ns  (logic 0.642ns (8.218%)  route 7.171ns (91.782%))
  Logic Levels:           1  (LUT3=1)
  Clock Path Skew:        -0.048ns (DCD - SCD + CPR)
    Destination Clock Delay (DCD):    4.237ns = ( 14.237 - 10.000 ) 
    Source Clock Delay      (SCD):    4.607ns
    Clock Pessimism Removal (CPR):    0.322ns
  Clock Uncertainty:      0.035ns  ((TSJ^2 + TIJ^2)^1/2 + DJ) / 2 + PE
    Total System Jitter     (TSJ):    0.071ns
    Total Input Jitter      (TIJ):    0.000ns
    Discrete Jitter          (DJ):    0.000ns
    Phase Error              (PE):    0.000ns

    Location             Delay type                Incr(ns)  Path(ns)    Netlist Resource(s)
  -------------------------------------------------------------------    -------------------
                         (clock clk rise edge)        0.000     0.000 r  
    Y4                                                0.000     0.000 r  clk (IN)
                         net (fo=0)                   0.000     0.000    clk
    Y4                   IBUF (Prop_ibuf_I_O)         0.993     0.993 r  clk_IBUF_inst/O
                         net (fo=1, routed)           1.967     2.959    clk_IBUF
    BUFGCTRL_X0Y0        BUFG (Prop_bufg_I_O)         0.096     3.055 r  clk_IBUF_BUFG_inst/O
                         net (fo=2502, routed)        1.552     4.607    u_impl/u_mag/clk_IBUF_BUFG
    SLICE_X14Y64         FDRE                                         r  u_impl/u_mag/valid_out_reg/C
  -------------------------------------------------------------------    -------------------
    SLICE_X14Y64         FDRE (Prop_fdre_C_Q)         0.518     5.125 r  u_impl/u_mag/valid_out_reg/Q
                         net (fo=130, routed)         2.351     7.476    u_impl/u_mag/valid_out
    SLICE_X15Y43         LUT3 (Prop_lut3_I0_O)        0.124     7.600 r  u_impl/u_mag/running_energy[0]_i_1/O
                         net (fo=128, routed)         4.819    12.420    u_impl/u_accumulator/running_energy_reg[127]_0
    SLICE_X13Y77         FDRE                                         r  u_impl/u_accumulator/running_energy_reg[127]/R
  -------------------------------------------------------------------    -------------------

                         (clock clk rise edge)       10.000    10.000 r  
    Y4                                                0.000    10.000 r  clk (IN)
                         net (fo=0)                   0.000    10.000    clk
    Y4                   IBUF (Prop_ibuf_I_O)         0.859    10.859 r  clk_IBUF_inst/O
                         net (fo=1, routed)           1.862    12.721    clk_IBUF
    BUFGCTRL_X0Y0        BUFG (Prop_bufg_I_O)         0.091    12.812 r  clk_IBUF_BUFG_inst/O
                         net (fo=2502, routed)        1.426    14.237    u_impl/u_accumulator/clk_IBUF_BUFG
    SLICE_X13Y77         FDRE                                         r  u_impl/u_accumulator/running_energy_reg[127]/C
                         clock pessimism              0.322    14.559    
                         clock uncertainty           -0.035    14.524    
    SLICE_X13Y77         FDRE (Setup_fdre_C_R)       -0.429    14.095    u_impl/u_accumulator/running_energy_reg[127]
  -------------------------------------------------------------------
                         required time                         14.095    
                         arrival time                         -12.420    
  -------------------------------------------------------------------
                         slack                                  1.675    

Slack (MET) :             1.812ns  (required time - arrival time)
  Source:                 u_impl/u_mag/valid_out_reg/C
                            (rising edge-triggered cell FDRE clocked by clk  {rise@0.000ns fall@5.000ns period=10.000ns})
  Destination:            u_impl/u_accumulator/running_energy_reg[120]/R
                            (rising edge-triggered cell FDRE clocked by clk  {rise@0.000ns fall@5.000ns period=10.000ns})
  Path Group:             clk
  Path Type:              Setup (Max at Slow Process Corner)
  Requirement:            10.000ns  (clk rise@10.000ns - clk rise@0.000ns)
  Data Path Delay:        7.674ns  (logic 0.642ns (8.366%)  route 7.032ns (91.634%))
  Logic Levels:           1  (LUT3=1)
  Clock Path Skew:        -0.049ns (DCD - SCD + CPR)
    Destination Clock Delay (DCD):    4.236ns = ( 14.236 - 10.000 ) 
    Source Clock Delay      (SCD):    4.607ns
    Clock Pessimism Removal (CPR):    0.322ns
  Clock Uncertainty:      0.035ns  ((TSJ^2 + TIJ^2)^1/2 + DJ) / 2 + PE
    Total System Jitter     (TSJ):    0.071ns
    Total Input Jitter      (TIJ):    0.000ns
    Discrete Jitter          (DJ):    0.000ns
    Phase Error              (PE):    0.000ns

    Location             Delay type                Incr(ns)  Path(ns)    Netlist Resource(s)
  -------------------------------------------------------------------    -------------------
                         (clock clk rise edge)        0.000     0.000 r  
    Y4                                                0.000     0.000 r  clk (IN)
                         net (fo=0)                   0.000     0.000    clk
    Y4                   IBUF (Prop_ibuf_I_O)         0.993     0.993 r  clk_IBUF_inst/O
                         net (fo=1, routed)           1.967     2.959    clk_IBUF
    BUFGCTRL_X0Y0        BUFG (Prop_bufg_I_O)         0.096     3.055 r  clk_IBUF_BUFG_inst/O
                         net (fo=2502, routed)        1.552     4.607    u_impl/u_mag/clk_IBUF_BUFG
    SLICE_X14Y64         FDRE                                         r  u_impl/u_mag/valid_out_reg/C
  -------------------------------------------------------------------    -------------------
    SLICE_X14Y64         FDRE (Prop_fdre_C_Q)         0.518     5.125 r  u_impl/u_mag/valid_out_reg/Q
                         net (fo=130, routed)         2.351     7.476    u_impl/u_mag/valid_out
    SLICE_X15Y43         LUT3 (Prop_lut3_I0_O)        0.124     7.600 r  u_impl/u_mag/running_energy[0]_i_1/O
                         net (fo=128, routed)         4.681    12.281    u_impl/u_accumulator/running_energy_reg[127]_0
    SLICE_X13Y76         FDRE                                         r  u_impl/u_accumulator/running_energy_reg[120]/R
  -------------------------------------------------------------------    -------------------

                         (clock clk rise edge)       10.000    10.000 r  
    Y4                                                0.000    10.000 r  clk (IN)
                         net (fo=0)                   0.000    10.000    clk
    Y4                   IBUF (Prop_ibuf_I_O)         0.859    10.859 r  clk_IBUF_inst/O
                         net (fo=1, routed)           1.862    12.721    clk_IBUF
    BUFGCTRL_X0Y0        BUFG (Prop_bufg_I_O)         0.091    12.812 r  clk_IBUF_BUFG_inst/O
                         net (fo=2502, routed)        1.425    14.236    u_impl/u_accumulator/clk_IBUF_BUFG
    SLICE_X13Y76         FDRE                                         r  u_impl/u_accumulator/running_energy_reg[120]/C
                         clock pessimism              0.322    14.558    
                         clock uncertainty           -0.035    14.523    
    SLICE_X13Y76         FDRE (Setup_fdre_C_R)       -0.429    14.094    u_impl/u_accumulator/running_energy_reg[120]
  -------------------------------------------------------------------
                         required time                         14.094    
                         arrival time                         -12.281    
  -------------------------------------------------------------------
                         slack                                  1.812    

Slack (MET) :             1.812ns  (required time - arrival time)
  Source:                 u_impl/u_mag/valid_out_reg/C
                            (rising edge-triggered cell FDRE clocked by clk  {rise@0.000ns fall@5.000ns period=10.000ns})
  Destination:            u_impl/u_accumulator/running_energy_reg[121]/R
                            (rising edge-triggered cell FDRE clocked by clk  {rise@0.000ns fall@5.000ns period=10.000ns})
  Path Group:             clk
  Path Type:              Setup (Max at Slow Process Corner)
  Requirement:            10.000ns  (clk rise@10.000ns - clk rise@0.000ns)
  Data Path Delay:        7.674ns  (logic 0.642ns (8.366%)  route 7.032ns (91.634%))
  Logic Levels:           1  (LUT3=1)
  Clock Path Skew:        -0.049ns (DCD - SCD + CPR)
    Destination Clock Delay (DCD):    4.236ns = ( 14.236 - 10.000 ) 
    Source Clock Delay      (SCD):    4.607ns
    Clock Pessimism Removal (CPR):    0.322ns
  Clock Uncertainty:      0.035ns  ((TSJ^2 + TIJ^2)^1/2 + DJ) / 2 + PE
    Total System Jitter     (TSJ):    0.071ns
    Total Input Jitter      (TIJ):    0.000ns
    Discrete Jitter          (DJ):    0.000ns
    Phase Error              (PE):    0.000ns

    Location             Delay type                Incr(ns)  Path(ns)    Netlist Resource(s)
  -------------------------------------------------------------------    -------------------
                         (clock clk rise edge)        0.000     0.000 r  
    Y4                                                0.000     0.000 r  clk (IN)
                         net (fo=0)                   0.000     0.000    clk
    Y4                   IBUF (Prop_ibuf_I_O)         0.993     0.993 r  clk_IBUF_inst/O
                         net (fo=1, routed)           1.967     2.959    clk_IBUF
    BUFGCTRL_X0Y0        BUFG (Prop_bufg_I_O)         0.096     3.055 r  clk_IBUF_BUFG_inst/O
                         net (fo=2502, routed)        1.552     4.607    u_impl/u_mag/clk_IBUF_BUFG
    SLICE_X14Y64         FDRE                                         r  u_impl/u_mag/valid_out_reg/C
  -------------------------------------------------------------------    -------------------
    SLICE_X14Y64         FDRE (Prop_fdre_C_Q)         0.518     5.125 r  u_impl/u_mag/valid_out_reg/Q
                         net (fo=130, routed)         2.351     7.476    u_impl/u_mag/valid_out
    SLICE_X15Y43         LUT3 (Prop_lut3_I0_O)        0.124     7.600 r  u_impl/u_mag/running_energy[0]_i_1/O
                         net (fo=128, routed)         4.681    12.281    u_impl/u_accumulator/running_energy_reg[127]_0
    SLICE_X13Y76         FDRE                                         r  u_impl/u_accumulator/running_energy_reg[121]/R
  -------------------------------------------------------------------    -------------------

                         (clock clk rise edge)       10.000    10.000 r  
    Y4                                                0.000    10.000 r  clk (IN)
                         net (fo=0)                   0.000    10.000    clk
    Y4                   IBUF (Prop_ibuf_I_O)         0.859    10.859 r  clk_IBUF_inst/O
                         net (fo=1, routed)           1.862    12.721    clk_IBUF
    BUFGCTRL_X0Y0        BUFG (Prop_bufg_I_O)         0.091    12.812 r  clk_IBUF_BUFG_inst/O
                         net (fo=2502, routed)        1.425    14.236    u_impl/u_accumulator/clk_IBUF_BUFG
    SLICE_X13Y76         FDRE                                         r  u_impl/u_accumulator/running_energy_reg[121]/C
                         clock pessimism              0.322    14.558    
                         clock uncertainty           -0.035    14.523    
    SLICE_X13Y76         FDRE (Setup_fdre_C_R)       -0.429    14.094    u_impl/u_accumulator/running_energy_reg[121]
  -------------------------------------------------------------------
                         required time                         14.094    
                         arrival time                         -12.281    
  -------------------------------------------------------------------
                         slack                                  1.812    

Slack (MET) :             1.812ns  (required time - arrival time)
  Source:                 u_impl/u_mag/valid_out_reg/C
                            (rising edge-triggered cell FDRE clocked by clk  {rise@0.000ns fall@5.000ns period=10.000ns})
  Destination:            u_impl/u_accumulator/running_energy_reg[122]/R
                            (rising edge-triggered cell FDRE clocked by clk  {rise@0.000ns fall@5.000ns period=10.000ns})
  Path Group:             clk
  Path Type:              Setup (Max at Slow Process Corner)
  Requirement:            10.000ns  (clk rise@10.000ns - clk rise@0.000ns)
  Data Path Delay:        7.674ns  (logic 0.642ns (8.366%)  route 7.032ns (91.634%))
  Logic Levels:           1  (LUT3=1)
  Clock Path Skew:        -0.049ns (DCD - SCD + CPR)
    Destination Clock Delay (DCD):    4.236ns = ( 14.236 - 10.000 ) 
    Source Clock Delay      (SCD):    4.607ns
    Clock Pessimism Removal (CPR):    0.322ns
  Clock Uncertainty:      0.035ns  ((TSJ^2 + TIJ^2)^1/2 + DJ) / 2 + PE
    Total System Jitter     (TSJ):    0.071ns
    Total Input Jitter      (TIJ):    0.000ns
    Discrete Jitter          (DJ):    0.000ns
    Phase Error              (PE):    0.000ns

    Location             Delay type                Incr(ns)  Path(ns)    Netlist Resource(s)
  -------------------------------------------------------------------    -------------------
                         (clock clk rise edge)        0.000     0.000 r  
    Y4                                                0.000     0.000 r  clk (IN)
                         net (fo=0)                   0.000     0.000    clk
    Y4                   IBUF (Prop_ibuf_I_O)         0.993     0.993 r  clk_IBUF_inst/O
                         net (fo=1, routed)           1.967     2.959    clk_IBUF
    BUFGCTRL_X0Y0        BUFG (Prop_bufg_I_O)         0.096     3.055 r  clk_IBUF_BUFG_inst/O
                         net (fo=2502, routed)        1.552     4.607    u_impl/u_mag/clk_IBUF_BUFG
    SLICE_X14Y64         FDRE                                         r  u_impl/u_mag/valid_out_reg/C
  -------------------------------------------------------------------    -------------------
    SLICE_X14Y64         FDRE (Prop_fdre_C_Q)         0.518     5.125 r  u_impl/u_mag/valid_out_reg/Q
                         net (fo=130, routed)         2.351     7.476    u_impl/u_mag/valid_out
    SLICE_X15Y43         LUT3 (Prop_lut3_I0_O)        0.124     7.600 r  u_impl/u_mag/running_energy[0]_i_1/O
                         net (fo=128, routed)         4.681    12.281    u_impl/u_accumulator/running_energy_reg[127]_0
    SLICE_X13Y76         FDRE                                         r  u_impl/u_accumulator/running_energy_reg[122]/R
  -------------------------------------------------------------------    -------------------

                         (clock clk rise edge)       10.000    10.000 r  
    Y4                                                0.000    10.000 r  clk (IN)
                         net (fo=0)                   0.000    10.000    clk
    Y4                   IBUF (Prop_ibuf_I_O)         0.859    10.859 r  clk_IBUF_inst/O
                         net (fo=1, routed)           1.862    12.721    clk_IBUF
    BUFGCTRL_X0Y0        BUFG (Prop_bufg_I_O)         0.091    12.812 r  clk_IBUF_BUFG_inst/O
                         net (fo=2502, routed)        1.425    14.236    u_impl/u_accumulator/clk_IBUF_BUFG
    SLICE_X13Y76         FDRE                                         r  u_impl/u_accumulator/running_energy_reg[122]/C
                         clock pessimism              0.322    14.558    
                         clock uncertainty           -0.035    14.523    
    SLICE_X13Y76         FDRE (Setup_fdre_C_R)       -0.429    14.094    u_impl/u_accumulator/running_energy_reg[122]
  -------------------------------------------------------------------
                         required time                         14.094    
                         arrival time                         -12.281    
  -------------------------------------------------------------------
                         slack                                  1.812    

Slack (MET) :             1.812ns  (required time - arrival time)
  Source:                 u_impl/u_mag/valid_out_reg/C
                            (rising edge-triggered cell FDRE clocked by clk  {rise@0.000ns fall@5.000ns period=10.000ns})
  Destination:            u_impl/u_accumulator/running_energy_reg[123]/R
                            (rising edge-triggered cell FDRE clocked by clk  {rise@0.000ns fall@5.000ns period=10.000ns})
  Path Group:             clk
  Path Type:              Setup (Max at Slow Process Corner)
  Requirement:            10.000ns  (clk rise@10.000ns - clk rise@0.000ns)
  Data Path Delay:        7.674ns  (logic 0.642ns (8.366%)  route 7.032ns (91.634%))
  Logic Levels:           1  (LUT3=1)
  Clock Path Skew:        -0.049ns (DCD - SCD + CPR)
    Destination Clock Delay (DCD):    4.236ns = ( 14.236 - 10.000 ) 
    Source Clock Delay      (SCD):    4.607ns
    Clock Pessimism Removal (CPR):    0.322ns
  Clock Uncertainty:      0.035ns  ((TSJ^2 + TIJ^2)^1/2 + DJ) / 2 + PE
    Total System Jitter     (TSJ):    0.071ns
    Total Input Jitter      (TIJ):    0.000ns
    Discrete Jitter          (DJ):    0.000ns
    Phase Error              (PE):    0.000ns

    Location             Delay type                Incr(ns)  Path(ns)    Netlist Resource(s)
  -------------------------------------------------------------------    -------------------
                         (clock clk rise edge)        0.000     0.000 r  
    Y4                                                0.000     0.000 r  clk (IN)
                         net (fo=0)                   0.000     0.000    clk
    Y4                   IBUF (Prop_ibuf_I_O)         0.993     0.993 r  clk_IBUF_inst/O
                         net (fo=1, routed)           1.967     2.959    clk_IBUF
    BUFGCTRL_X0Y0        BUFG (Prop_bufg_I_O)         0.096     3.055 r  clk_IBUF_BUFG_inst/O
                         net (fo=2502, routed)        1.552     4.607    u_impl/u_mag/clk_IBUF_BUFG
    SLICE_X14Y64         FDRE                                         r  u_impl/u_mag/valid_out_reg/C
  -------------------------------------------------------------------    -------------------
    SLICE_X14Y64         FDRE (Prop_fdre_C_Q)         0.518     5.125 r  u_impl/u_mag/valid_out_reg/Q
                         net (fo=130, routed)         2.351     7.476    u_impl/u_mag/valid_out
    SLICE_X15Y43         LUT3 (Prop_lut3_I0_O)        0.124     7.600 r  u_impl/u_mag/running_energy[0]_i_1/O
                         net (fo=128, routed)         4.681    12.281    u_impl/u_accumulator/running_energy_reg[127]_0
    SLICE_X13Y76         FDRE                                         r  u_impl/u_accumulator/running_energy_reg[123]/R
  -------------------------------------------------------------------    -------------------

                         (clock clk rise edge)       10.000    10.000 r  
    Y4                                                0.000    10.000 r  clk (IN)
                         net (fo=0)                   0.000    10.000    clk
    Y4                   IBUF (Prop_ibuf_I_O)         0.859    10.859 r  clk_IBUF_inst/O
                         net (fo=1, routed)           1.862    12.721    clk_IBUF
    BUFGCTRL_X0Y0        BUFG (Prop_bufg_I_O)         0.091    12.812 r  clk_IBUF_BUFG_inst/O
                         net (fo=2502, routed)        1.425    14.236    u_impl/u_accumulator/clk_IBUF_BUFG
    SLICE_X13Y76         FDRE                                         r  u_impl/u_accumulator/running_energy_reg[123]/C
                         clock pessimism              0.322    14.558    
                         clock uncertainty           -0.035    14.523    
    SLICE_X13Y76         FDRE (Setup_fdre_C_R)       -0.429    14.094    u_impl/u_accumulator/running_energy_reg[123]
  -------------------------------------------------------------------
                         required time                         14.094    
                         arrival time                         -12.281    
  -------------------------------------------------------------------
                         slack                                  1.812    

Slack (MET) :             1.959ns  (required time - arrival time)
  Source:                 u_impl/u_mag/valid_out_reg/C
                            (rising edge-triggered cell FDRE clocked by clk  {rise@0.000ns fall@5.000ns period=10.000ns})
  Destination:            u_impl/u_accumulator/running_energy_reg[116]/R
                            (rising edge-triggered cell FDRE clocked by clk  {rise@0.000ns fall@5.000ns period=10.000ns})
  Path Group:             clk
  Path Type:              Setup (Max at Slow Process Corner)
  Requirement:            10.000ns  (clk rise@10.000ns - clk rise@0.000ns)
  Data Path Delay:        7.526ns  (logic 0.642ns (8.531%)  route 6.884ns (91.469%))
  Logic Levels:           1  (LUT3=1)
  Clock Path Skew:        -0.051ns (DCD - SCD + CPR)
    Destination Clock Delay (DCD):    4.234ns = ( 14.234 - 10.000 ) 
    Source Clock Delay      (SCD):    4.607ns
    Clock Pessimism Removal (CPR):    0.322ns
  Clock Uncertainty:      0.035ns  ((TSJ^2 + TIJ^2)^1/2 + DJ) / 2 + PE
    Total System Jitter     (TSJ):    0.071ns
    Total Input Jitter      (TIJ):    0.000ns
    Discrete Jitter          (DJ):    0.000ns
    Phase Error              (PE):    0.000ns

    Location             Delay type                Incr(ns)  Path(ns)    Netlist Resource(s)
  -------------------------------------------------------------------    -------------------
                         (clock clk rise edge)        0.000     0.000 r  
    Y4                                                0.000     0.000 r  clk (IN)
                         net (fo=0)                   0.000     0.000    clk
    Y4                   IBUF (Prop_ibuf_I_O)         0.993     0.993 r  clk_IBUF_inst/O
                         net (fo=1, routed)           1.967     2.959    clk_IBUF
    BUFGCTRL_X0Y0        BUFG (Prop_bufg_I_O)         0.096     3.055 r  clk_IBUF_BUFG_inst/O
                         net (fo=2502, routed)        1.552     4.607    u_impl/u_mag/clk_IBUF_BUFG
    SLICE_X14Y64         FDRE                                         r  u_impl/u_mag/valid_out_reg/C
  -------------------------------------------------------------------    -------------------
    SLICE_X14Y64         FDRE (Prop_fdre_C_Q)         0.518     5.125 r  u_impl/u_mag/valid_out_reg/Q
                         net (fo=130, routed)         2.351     7.476    u_impl/u_mag/valid_out
    SLICE_X15Y43         LUT3 (Prop_lut3_I0_O)        0.124     7.600 r  u_impl/u_mag/running_energy[0]_i_1/O
                         net (fo=128, routed)         4.533    12.133    u_impl/u_accumulator/running_energy_reg[127]_0
    SLICE_X13Y75         FDRE                                         r  u_impl/u_accumulator/running_energy_reg[116]/R
  -------------------------------------------------------------------    -------------------

                         (clock clk rise edge)       10.000    10.000 r  
    Y4                                                0.000    10.000 r  clk (IN)
                         net (fo=0)                   0.000    10.000    clk
    Y4                   IBUF (Prop_ibuf_I_O)         0.859    10.859 r  clk_IBUF_inst/O
                         net (fo=1, routed)           1.862    12.721    clk_IBUF
    BUFGCTRL_X0Y0        BUFG (Prop_bufg_I_O)         0.091    12.812 r  clk_IBUF_BUFG_inst/O
                         net (fo=2502, routed)        1.423    14.234    u_impl/u_accumulator/clk_IBUF_BUFG
    SLICE_X13Y75         FDRE                                         r  u_impl/u_accumulator/running_energy_reg[116]/C
                         clock pessimism              0.322    14.556    
                         clock uncertainty           -0.035    14.521    
    SLICE_X13Y75         FDRE (Setup_fdre_C_R)       -0.429    14.092    u_impl/u_accumulator/running_energy_reg[116]
  -------------------------------------------------------------------
                         required time                         14.092    
                         arrival time                         -12.133    
  -------------------------------------------------------------------
                         slack                                  1.959    

Slack (MET) :             1.959ns  (required time - arrival time)
  Source:                 u_impl/u_mag/valid_out_reg/C
                            (rising edge-triggered cell FDRE clocked by clk  {rise@0.000ns fall@5.000ns period=10.000ns})
  Destination:            u_impl/u_accumulator/running_energy_reg[117]/R
                            (rising edge-triggered cell FDRE clocked by clk  {rise@0.000ns fall@5.000ns period=10.000ns})
  Path Group:             clk
  Path Type:              Setup (Max at Slow Process Corner)
  Requirement:            10.000ns  (clk rise@10.000ns - clk rise@0.000ns)
  Data Path Delay:        7.526ns  (logic 0.642ns (8.531%)  route 6.884ns (91.469%))
  Logic Levels:           1  (LUT3=1)
  Clock Path Skew:        -0.051ns (DCD - SCD + CPR)
    Destination Clock Delay (DCD):    4.234ns = ( 14.234 - 10.000 ) 
    Source Clock Delay      (SCD):    4.607ns
    Clock Pessimism Removal (CPR):    0.322ns
  Clock Uncertainty:      0.035ns  ((TSJ^2 + TIJ^2)^1/2 + DJ) / 2 + PE
    Total System Jitter     (TSJ):    0.071ns
    Total Input Jitter      (TIJ):    0.000ns
    Discrete Jitter          (DJ):    0.000ns
    Phase Error              (PE):    0.000ns

    Location             Delay type                Incr(ns)  Path(ns)    Netlist Resource(s)
  -------------------------------------------------------------------    -------------------
                         (clock clk rise edge)        0.000     0.000 r  
    Y4                                                0.000     0.000 r  clk (IN)
                         net (fo=0)                   0.000     0.000    clk
    Y4                   IBUF (Prop_ibuf_I_O)         0.993     0.993 r  clk_IBUF_inst/O
                         net (fo=1, routed)           1.967     2.959    clk_IBUF
    BUFGCTRL_X0Y0        BUFG (Prop_bufg_I_O)         0.096     3.055 r  clk_IBUF_BUFG_inst/O
                         net (fo=2502, routed)        1.552     4.607    u_impl/u_mag/clk_IBUF_BUFG
    SLICE_X14Y64         FDRE                                         r  u_impl/u_mag/valid_out_reg/C
  -------------------------------------------------------------------    -------------------
    SLICE_X14Y64         FDRE (Prop_fdre_C_Q)         0.518     5.125 r  u_impl/u_mag/valid_out_reg/Q
                         net (fo=130, routed)         2.351     7.476    u_impl/u_mag/valid_out
    SLICE_X15Y43         LUT3 (Prop_lut3_I0_O)        0.124     7.600 r  u_impl/u_mag/running_energy[0]_i_1/O
                         net (fo=128, routed)         4.533    12.133    u_impl/u_accumulator/running_energy_reg[127]_0
    SLICE_X13Y75         FDRE                                         r  u_impl/u_accumulator/running_energy_reg[117]/R
  -------------------------------------------------------------------    -------------------

                         (clock clk rise edge)       10.000    10.000 r  
    Y4                                                0.000    10.000 r  clk (IN)
                         net (fo=0)                   0.000    10.000    clk
    Y4                   IBUF (Prop_ibuf_I_O)         0.859    10.859 r  clk_IBUF_inst/O
                         net (fo=1, routed)           1.862    12.721    clk_IBUF
    BUFGCTRL_X0Y0        BUFG (Prop_bufg_I_O)         0.091    12.812 r  clk_IBUF_BUFG_inst/O
                         net (fo=2502, routed)        1.423    14.234    u_impl/u_accumulator/clk_IBUF_BUFG
    SLICE_X13Y75         FDRE                                         r  u_impl/u_accumulator/running_energy_reg[117]/C
                         clock pessimism              0.322    14.556    
                         clock uncertainty           -0.035    14.521    
    SLICE_X13Y75         FDRE (Setup_fdre_C_R)       -0.429    14.092    u_impl/u_accumulator/running_energy_reg[117]
  -------------------------------------------------------------------
                         required time                         14.092    
                         arrival time                         -12.133    
  -------------------------------------------------------------------
                         slack                                  1.959    




