Copyright 1986-2022 Xilinx, Inc. All Rights Reserved. Copyright 2022-2025 Advanced Micro Devices, Inc. All Rights Reserved.
---------------------------------------------------------------------------------------------------------------------------------------------------------------------------------------------------------------------
| Tool Version : Vivado v.2025.2 (win64) Build 6299465 Fri Nov 14 19:35:11 GMT 2025
| Date         : Sun May  3 20:31:49 2026
| Host         : Navnil_Desktop running 64-bit major release  (build 9200)
| Command      : report_timing -setup -max_paths 20 -nworst 1 -sort_by slack -file C:/Users/CHOUDN3/Downloads/VLSI_project/reports/pipelined_plus5_firout_accbuf_fanout_place_probe/post_synth_top20_setup_paths.rpt
| Design       : lockin_pipelined_plus5_firout_accbuf_fanout_top
| Device       : 7a35t-fgg484
| Speed File   : -1  PRODUCTION 1.23 2018-06-13
| Design State : Synthesized
---------------------------------------------------------------------------------------------------------------------------------------------------------------------------------------------------------------------

Timing Report

Slack (MET) :             2.446ns  (required time - arrival time)
  Source:                 u_impl/gen_regular_mag_fanout.u_mag/i_square0/CLK
                            (rising edge-triggered cell DSP48E1 clocked by clk  {rise@0.000ns fall@5.000ns period=10.000ns})
  Destination:            u_impl/gen_regular_mag_fanout.u_mag/i_square_reg/PCIN[0]
                            (rising edge-triggered cell DSP48E1 clocked by clk  {rise@0.000ns fall@5.000ns period=10.000ns})
  Path Group:             clk
  Path Type:              Setup (Max at Slow Process Corner)
  Requirement:            10.000ns  (clk rise@10.000ns - clk rise@0.000ns)
  Data Path Delay:        5.974ns  (logic 5.919ns (99.079%)  route 0.055ns (0.921%))
  Logic Levels:           1  (DSP48E1=1)
  Clock Path Skew:        -0.145ns (DCD - SCD + CPR)
    Destination Clock Delay (DCD):    2.118ns = ( 12.118 - 10.000 ) 
    Source Clock Delay      (SCD):    2.442ns
    Clock Pessimism Removal (CPR):    0.179ns
  Clock Uncertainty:      0.035ns  ((TSJ^2 + TIJ^2)^1/2 + DJ) / 2 + PE
    Total System Jitter     (TSJ):    0.071ns
    Total Input Jitter      (TIJ):    0.000ns
    Discrete Jitter          (DJ):    0.000ns
    Phase Error              (PE):    0.000ns

    Location             Delay type                Incr(ns)  Path(ns)    Netlist Resource(s)
  -------------------------------------------------------------------    -------------------
                         (clock clk rise edge)        0.000     0.000 r  
                                                      0.000     0.000 r  clk (IN)
                         net (fo=0)                   0.000     0.000    clk
                         IBUF (Prop_ibuf_I_O)         0.962     0.962 r  clk_IBUF_inst/O
                         net (fo=1, unplaced)         0.800     1.762    clk_IBUF
                         BUFG (Prop_bufg_I_O)         0.096     1.858 r  clk_IBUF_BUFG_inst/O
                         net (fo=2395, unplaced)      0.584     2.442    u_impl/gen_regular_mag_fanout.u_mag/clk_IBUF_BUFG
                         DSP48E1                                      r  u_impl/gen_regular_mag_fanout.u_mag/i_square0/CLK
  -------------------------------------------------------------------    -------------------
                         DSP48E1 (Prop_dsp48e1_CLK_PCOUT[47])
                                                      4.206     6.648 r  u_impl/gen_regular_mag_fanout.u_mag/i_square0/PCOUT[47]
                         net (fo=1, unplaced)         0.055     6.703    u_impl/gen_regular_mag_fanout.u_mag/i_square0_n_106
                         DSP48E1 (Prop_dsp48e1_PCIN[47]_PCOUT[0])
                                                      1.713     8.416 r  u_impl/gen_regular_mag_fanout.u_mag/i_square0__0/PCOUT[0]
                         net (fo=1, unplaced)         0.000     8.416    u_impl/gen_regular_mag_fanout.u_mag/i_square0__0_n_153
                         DSP48E1                                      r  u_impl/gen_regular_mag_fanout.u_mag/i_square_reg/PCIN[0]
  -------------------------------------------------------------------    -------------------

                         (clock clk rise edge)       10.000    10.000 r  
                                                      0.000    10.000 r  clk (IN)
                         net (fo=0)                   0.000    10.000    clk
                         IBUF (Prop_ibuf_I_O)         0.829    10.829 r  clk_IBUF_inst/O
                         net (fo=1, unplaced)         0.760    11.588    clk_IBUF
                         BUFG (Prop_bufg_I_O)         0.091    11.679 r  clk_IBUF_BUFG_inst/O
                         net (fo=2395, unplaced)      0.439    12.118    u_impl/gen_regular_mag_fanout.u_mag/clk_IBUF_BUFG
                         DSP48E1                                      r  u_impl/gen_regular_mag_fanout.u_mag/i_square_reg/CLK
                         clock pessimism              0.179    12.297    
                         clock uncertainty           -0.035    12.261    
                         DSP48E1 (Setup_dsp48e1_CLK_PCIN[0])
                                                     -1.400    10.861    u_impl/gen_regular_mag_fanout.u_mag/i_square_reg
  -------------------------------------------------------------------
                         required time                         10.861    
                         arrival time                          -8.416    
  -------------------------------------------------------------------
                         slack                                  2.446    

Slack (MET) :             2.446ns  (required time - arrival time)
  Source:                 u_impl/gen_regular_mag_fanout.u_mag/i_square0/CLK
                            (rising edge-triggered cell DSP48E1 clocked by clk  {rise@0.000ns fall@5.000ns period=10.000ns})
  Destination:            u_impl/gen_regular_mag_fanout.u_mag/i_square_reg/PCIN[10]
                            (rising edge-triggered cell DSP48E1 clocked by clk  {rise@0.000ns fall@5.000ns period=10.000ns})
  Path Group:             clk
  Path Type:              Setup (Max at Slow Process Corner)
  Requirement:            10.000ns  (clk rise@10.000ns - clk rise@0.000ns)
  Data Path Delay:        5.974ns  (logic 5.919ns (99.079%)  route 0.055ns (0.921%))
  Logic Levels:           1  (DSP48E1=1)
  Clock Path Skew:        -0.145ns (DCD - SCD + CPR)
    Destination Clock Delay (DCD):    2.118ns = ( 12.118 - 10.000 ) 
    Source Clock Delay      (SCD):    2.442ns
    Clock Pessimism Removal (CPR):    0.179ns
  Clock Uncertainty:      0.035ns  ((TSJ^2 + TIJ^2)^1/2 + DJ) / 2 + PE
    Total System Jitter     (TSJ):    0.071ns
    Total Input Jitter      (TIJ):    0.000ns
    Discrete Jitter          (DJ):    0.000ns
    Phase Error              (PE):    0.000ns

    Location             Delay type                Incr(ns)  Path(ns)    Netlist Resource(s)
  -------------------------------------------------------------------    -------------------
                         (clock clk rise edge)        0.000     0.000 r  
                                                      0.000     0.000 r  clk (IN)
                         net (fo=0)                   0.000     0.000    clk
                         IBUF (Prop_ibuf_I_O)         0.962     0.962 r  clk_IBUF_inst/O
                         net (fo=1, unplaced)         0.800     1.762    clk_IBUF
                         BUFG (Prop_bufg_I_O)         0.096     1.858 r  clk_IBUF_BUFG_inst/O
                         net (fo=2395, unplaced)      0.584     2.442    u_impl/gen_regular_mag_fanout.u_mag/clk_IBUF_BUFG
                         DSP48E1                                      r  u_impl/gen_regular_mag_fanout.u_mag/i_square0/CLK
  -------------------------------------------------------------------    -------------------
                         DSP48E1 (Prop_dsp48e1_CLK_PCOUT[47])
                                                      4.206     6.648 r  u_impl/gen_regular_mag_fanout.u_mag/i_square0/PCOUT[47]
                         net (fo=1, unplaced)         0.055     6.703    u_impl/gen_regular_mag_fanout.u_mag/i_square0_n_106
                         DSP48E1 (Prop_dsp48e1_PCIN[47]_PCOUT[10])
                                                      1.713     8.416 r  u_impl/gen_regular_mag_fanout.u_mag/i_square0__0/PCOUT[10]
                         net (fo=1, unplaced)         0.000     8.416    u_impl/gen_regular_mag_fanout.u_mag/i_square0__0_n_143
                         DSP48E1                                      r  u_impl/gen_regular_mag_fanout.u_mag/i_square_reg/PCIN[10]
  -------------------------------------------------------------------    -------------------

                         (clock clk rise edge)       10.000    10.000 r  
                                                      0.000    10.000 r  clk (IN)
                         net (fo=0)                   0.000    10.000    clk
                         IBUF (Prop_ibuf_I_O)         0.829    10.829 r  clk_IBUF_inst/O
                         net (fo=1, unplaced)         0.760    11.588    clk_IBUF
                         BUFG (Prop_bufg_I_O)         0.091    11.679 r  clk_IBUF_BUFG_inst/O
                         net (fo=2395, unplaced)      0.439    12.118    u_impl/gen_regular_mag_fanout.u_mag/clk_IBUF_BUFG
                         DSP48E1                                      r  u_impl/gen_regular_mag_fanout.u_mag/i_square_reg/CLK
                         clock pessimism              0.179    12.297    
                         clock uncertainty           -0.035    12.261    
                         DSP48E1 (Setup_dsp48e1_CLK_PCIN[10])
                                                     -1.400    10.861    u_impl/gen_regular_mag_fanout.u_mag/i_square_reg
  -------------------------------------------------------------------
                         required time                         10.861    
                         arrival time                          -8.416    
  -------------------------------------------------------------------
                         slack                                  2.446    

Slack (MET) :             2.446ns  (required time - arrival time)
  Source:                 u_impl/gen_regular_mag_fanout.u_mag/i_square0/CLK
                            (rising edge-triggered cell DSP48E1 clocked by clk  {rise@0.000ns fall@5.000ns period=10.000ns})
  Destination:            u_impl/gen_regular_mag_fanout.u_mag/i_square_reg/PCIN[11]
                            (rising edge-triggered cell DSP48E1 clocked by clk  {rise@0.000ns fall@5.000ns period=10.000ns})
  Path Group:             clk
  Path Type:              Setup (Max at Slow Process Corner)
  Requirement:            10.000ns  (clk rise@10.000ns - clk rise@0.000ns)
  Data Path Delay:        5.974ns  (logic 5.919ns (99.079%)  route 0.055ns (0.921%))
  Logic Levels:           1  (DSP48E1=1)
  Clock Path Skew:        -0.145ns (DCD - SCD + CPR)
    Destination Clock Delay (DCD):    2.118ns = ( 12.118 - 10.000 ) 
    Source Clock Delay      (SCD):    2.442ns
    Clock Pessimism Removal (CPR):    0.179ns
  Clock Uncertainty:      0.035ns  ((TSJ^2 + TIJ^2)^1/2 + DJ) / 2 + PE
    Total System Jitter     (TSJ):    0.071ns
    Total Input Jitter      (TIJ):    0.000ns
    Discrete Jitter          (DJ):    0.000ns
    Phase Error              (PE):    0.000ns

    Location             Delay type                Incr(ns)  Path(ns)    Netlist Resource(s)
  -------------------------------------------------------------------    -------------------
                         (clock clk rise edge)        0.000     0.000 r  
                                                      0.000     0.000 r  clk (IN)
                         net (fo=0)                   0.000     0.000    clk
                         IBUF (Prop_ibuf_I_O)         0.962     0.962 r  clk_IBUF_inst/O
                         net (fo=1, unplaced)         0.800     1.762    clk_IBUF
                         BUFG (Prop_bufg_I_O)         0.096     1.858 r  clk_IBUF_BUFG_inst/O
                         net (fo=2395, unplaced)      0.584     2.442    u_impl/gen_regular_mag_fanout.u_mag/clk_IBUF_BUFG
                         DSP48E1                                      r  u_impl/gen_regular_mag_fanout.u_mag/i_square0/CLK
  -------------------------------------------------------------------    -------------------
                         DSP48E1 (Prop_dsp48e1_CLK_PCOUT[47])
                                                      4.206     6.648 r  u_impl/gen_regular_mag_fanout.u_mag/i_square0/PCOUT[47]
                         net (fo=1, unplaced)         0.055     6.703    u_impl/gen_regular_mag_fanout.u_mag/i_square0_n_106
                         DSP48E1 (Prop_dsp48e1_PCIN[47]_PCOUT[11])
                                                      1.713     8.416 r  u_impl/gen_regular_mag_fanout.u_mag/i_square0__0/PCOUT[11]
                         net (fo=1, unplaced)         0.000     8.416    u_impl/gen_regular_mag_fanout.u_mag/i_square0__0_n_142
                         DSP48E1                                      r  u_impl/gen_regular_mag_fanout.u_mag/i_square_reg/PCIN[11]
  -------------------------------------------------------------------    -------------------

                         (clock clk rise edge)       10.000    10.000 r  
                                                      0.000    10.000 r  clk (IN)
                         net (fo=0)                   0.000    10.000    clk
                         IBUF (Prop_ibuf_I_O)         0.829    10.829 r  clk_IBUF_inst/O
                         net (fo=1, unplaced)         0.760    11.588    clk_IBUF
                         BUFG (Prop_bufg_I_O)         0.091    11.679 r  clk_IBUF_BUFG_inst/O
                         net (fo=2395, unplaced)      0.439    12.118    u_impl/gen_regular_mag_fanout.u_mag/clk_IBUF_BUFG
                         DSP48E1                                      r  u_impl/gen_regular_mag_fanout.u_mag/i_square_reg/CLK
                         clock pessimism              0.179    12.297    
                         clock uncertainty           -0.035    12.261    
                         DSP48E1 (Setup_dsp48e1_CLK_PCIN[11])
                                                     -1.400    10.861    u_impl/gen_regular_mag_fanout.u_mag/i_square_reg
  -------------------------------------------------------------------
                         required time                         10.861    
                         arrival time                          -8.416    
  -------------------------------------------------------------------
                         slack                                  2.446    

Slack (MET) :             2.446ns  (required time - arrival time)
  Source:                 u_impl/gen_regular_mag_fanout.u_mag/i_square0/CLK
                            (rising edge-triggered cell DSP48E1 clocked by clk  {rise@0.000ns fall@5.000ns period=10.000ns})
  Destination:            u_impl/gen_regular_mag_fanout.u_mag/i_square_reg/PCIN[12]
                            (rising edge-triggered cell DSP48E1 clocked by clk  {rise@0.000ns fall@5.000ns period=10.000ns})
  Path Group:             clk
  Path Type:              Setup (Max at Slow Process Corner)
  Requirement:            10.000ns  (clk rise@10.000ns - clk rise@0.000ns)
  Data Path Delay:        5.974ns  (logic 5.919ns (99.079%)  route 0.055ns (0.921%))
  Logic Levels:           1  (DSP48E1=1)
  Clock Path Skew:        -0.145ns (DCD - SCD + CPR)
    Destination Clock Delay (DCD):    2.118ns = ( 12.118 - 10.000 ) 
    Source Clock Delay      (SCD):    2.442ns
    Clock Pessimism Removal (CPR):    0.179ns
  Clock Uncertainty:      0.035ns  ((TSJ^2 + TIJ^2)^1/2 + DJ) / 2 + PE
    Total System Jitter     (TSJ):    0.071ns
    Total Input Jitter      (TIJ):    0.000ns
    Discrete Jitter          (DJ):    0.000ns
    Phase Error              (PE):    0.000ns

    Location             Delay type                Incr(ns)  Path(ns)    Netlist Resource(s)
  -------------------------------------------------------------------    -------------------
                         (clock clk rise edge)        0.000     0.000 r  
                                                      0.000     0.000 r  clk (IN)
                         net (fo=0)                   0.000     0.000    clk
                         IBUF (Prop_ibuf_I_O)         0.962     0.962 r  clk_IBUF_inst/O
                         net (fo=1, unplaced)         0.800     1.762    clk_IBUF
                         BUFG (Prop_bufg_I_O)         0.096     1.858 r  clk_IBUF_BUFG_inst/O
                         net (fo=2395, unplaced)      0.584     2.442    u_impl/gen_regular_mag_fanout.u_mag/clk_IBUF_BUFG
                         DSP48E1                                      r  u_impl/gen_regular_mag_fanout.u_mag/i_square0/CLK
  -------------------------------------------------------------------    -------------------
                         DSP48E1 (Prop_dsp48e1_CLK_PCOUT[47])
                                                      4.206     6.648 r  u_impl/gen_regular_mag_fanout.u_mag/i_square0/PCOUT[47]
                         net (fo=1, unplaced)         0.055     6.703    u_impl/gen_regular_mag_fanout.u_mag/i_square0_n_106
                         DSP48E1 (Prop_dsp48e1_PCIN[47]_PCOUT[12])
                                                      1.713     8.416 r  u_impl/gen_regular_mag_fanout.u_mag/i_square0__0/PCOUT[12]
                         net (fo=1, unplaced)         0.000     8.416    u_impl/gen_regular_mag_fanout.u_mag/i_square0__0_n_141
                         DSP48E1                                      r  u_impl/gen_regular_mag_fanout.u_mag/i_square_reg/PCIN[12]
  -------------------------------------------------------------------    -------------------

                         (clock clk rise edge)       10.000    10.000 r  
                                                      0.000    10.000 r  clk (IN)
                         net (fo=0)                   0.000    10.000    clk
                         IBUF (Prop_ibuf_I_O)         0.829    10.829 r  clk_IBUF_inst/O
                         net (fo=1, unplaced)         0.760    11.588    clk_IBUF
                         BUFG (Prop_bufg_I_O)         0.091    11.679 r  clk_IBUF_BUFG_inst/O
                         net (fo=2395, unplaced)      0.439    12.118    u_impl/gen_regular_mag_fanout.u_mag/clk_IBUF_BUFG
                         DSP48E1                                      r  u_impl/gen_regular_mag_fanout.u_mag/i_square_reg/CLK
                         clock pessimism              0.179    12.297    
                         clock uncertainty           -0.035    12.261    
                         DSP48E1 (Setup_dsp48e1_CLK_PCIN[12])
                                                     -1.400    10.861    u_impl/gen_regular_mag_fanout.u_mag/i_square_reg
  -------------------------------------------------------------------
                         required time                         10.861    
                         arrival time                          -8.416    
  -------------------------------------------------------------------
                         slack                                  2.446    

Slack (MET) :             2.446ns  (required time - arrival time)
  Source:                 u_impl/gen_regular_mag_fanout.u_mag/i_square0/CLK
                            (rising edge-triggered cell DSP48E1 clocked by clk  {rise@0.000ns fall@5.000ns period=10.000ns})
  Destination:            u_impl/gen_regular_mag_fanout.u_mag/i_square_reg/PCIN[13]
                            (rising edge-triggered cell DSP48E1 clocked by clk  {rise@0.000ns fall@5.000ns period=10.000ns})
  Path Group:             clk
  Path Type:              Setup (Max at Slow Process Corner)
  Requirement:            10.000ns  (clk rise@10.000ns - clk rise@0.000ns)
  Data Path Delay:        5.974ns  (logic 5.919ns (99.079%)  route 0.055ns (0.921%))
  Logic Levels:           1  (DSP48E1=1)
  Clock Path Skew:        -0.145ns (DCD - SCD + CPR)
    Destination Clock Delay (DCD):    2.118ns = ( 12.118 - 10.000 ) 
    Source Clock Delay      (SCD):    2.442ns
    Clock Pessimism Removal (CPR):    0.179ns
  Clock Uncertainty:      0.035ns  ((TSJ^2 + TIJ^2)^1/2 + DJ) / 2 + PE
    Total System Jitter     (TSJ):    0.071ns
    Total Input Jitter      (TIJ):    0.000ns
    Discrete Jitter          (DJ):    0.000ns
    Phase Error              (PE):    0.000ns

    Location             Delay type                Incr(ns)  Path(ns)    Netlist Resource(s)
  -------------------------------------------------------------------    -------------------
                         (clock clk rise edge)        0.000     0.000 r  
                                                      0.000     0.000 r  clk (IN)
                         net (fo=0)                   0.000     0.000    clk
                         IBUF (Prop_ibuf_I_O)         0.962     0.962 r  clk_IBUF_inst/O
                         net (fo=1, unplaced)         0.800     1.762    clk_IBUF
                         BUFG (Prop_bufg_I_O)         0.096     1.858 r  clk_IBUF_BUFG_inst/O
                         net (fo=2395, unplaced)      0.584     2.442    u_impl/gen_regular_mag_fanout.u_mag/clk_IBUF_BUFG
                         DSP48E1                                      r  u_impl/gen_regular_mag_fanout.u_mag/i_square0/CLK
  -------------------------------------------------------------------    -------------------
                         DSP48E1 (Prop_dsp48e1_CLK_PCOUT[47])
                                                      4.206     6.648 r  u_impl/gen_regular_mag_fanout.u_mag/i_square0/PCOUT[47]
                         net (fo=1, unplaced)         0.055     6.703    u_impl/gen_regular_mag_fanout.u_mag/i_square0_n_106
                         DSP48E1 (Prop_dsp48e1_PCIN[47]_PCOUT[13])
                                                      1.713     8.416 r  u_impl/gen_regular_mag_fanout.u_mag/i_square0__0/PCOUT[13]
                         net (fo=1, unplaced)         0.000     8.416    u_impl/gen_regular_mag_fanout.u_mag/i_square0__0_n_140
                         DSP48E1                                      r  u_impl/gen_regular_mag_fanout.u_mag/i_square_reg/PCIN[13]
  -------------------------------------------------------------------    -------------------

                         (clock clk rise edge)       10.000    10.000 r  
                                                      0.000    10.000 r  clk (IN)
                         net (fo=0)                   0.000    10.000    clk
                         IBUF (Prop_ibuf_I_O)         0.829    10.829 r  clk_IBUF_inst/O
                         net (fo=1, unplaced)         0.760    11.588    clk_IBUF
                         BUFG (Prop_bufg_I_O)         0.091    11.679 r  clk_IBUF_BUFG_inst/O
                         net (fo=2395, unplaced)      0.439    12.118    u_impl/gen_regular_mag_fanout.u_mag/clk_IBUF_BUFG
                         DSP48E1                                      r  u_impl/gen_regular_mag_fanout.u_mag/i_square_reg/CLK
                         clock pessimism              0.179    12.297    
                         clock uncertainty           -0.035    12.261    
                         DSP48E1 (Setup_dsp48e1_CLK_PCIN[13])
                                                     -1.400    10.861    u_impl/gen_regular_mag_fanout.u_mag/i_square_reg
  -------------------------------------------------------------------
                         required time                         10.861    
                         arrival time                          -8.416    
  -------------------------------------------------------------------
                         slack                                  2.446    

Slack (MET) :             2.446ns  (required time - arrival time)
  Source:                 u_impl/gen_regular_mag_fanout.u_mag/i_square0/CLK
                            (rising edge-triggered cell DSP48E1 clocked by clk  {rise@0.000ns fall@5.000ns period=10.000ns})
  Destination:            u_impl/gen_regular_mag_fanout.u_mag/i_square_reg/PCIN[14]
                            (rising edge-triggered cell DSP48E1 clocked by clk  {rise@0.000ns fall@5.000ns period=10.000ns})
  Path Group:             clk
  Path Type:              Setup (Max at Slow Process Corner)
  Requirement:            10.000ns  (clk rise@10.000ns - clk rise@0.000ns)
  Data Path Delay:        5.974ns  (logic 5.919ns (99.079%)  route 0.055ns (0.921%))
  Logic Levels:           1  (DSP48E1=1)
  Clock Path Skew:        -0.145ns (DCD - SCD + CPR)
    Destination Clock Delay (DCD):    2.118ns = ( 12.118 - 10.000 ) 
    Source Clock Delay      (SCD):    2.442ns
    Clock Pessimism Removal (CPR):    0.179ns
  Clock Uncertainty:      0.035ns  ((TSJ^2 + TIJ^2)^1/2 + DJ) / 2 + PE
    Total System Jitter     (TSJ):    0.071ns
    Total Input Jitter      (TIJ):    0.000ns
    Discrete Jitter          (DJ):    0.000ns
    Phase Error              (PE):    0.000ns

    Location             Delay type                Incr(ns)  Path(ns)    Netlist Resource(s)
  -------------------------------------------------------------------    -------------------
                         (clock clk rise edge)        0.000     0.000 r  
                                                      0.000     0.000 r  clk (IN)
                         net (fo=0)                   0.000     0.000    clk
                         IBUF (Prop_ibuf_I_O)         0.962     0.962 r  clk_IBUF_inst/O
                         net (fo=1, unplaced)         0.800     1.762    clk_IBUF
                         BUFG (Prop_bufg_I_O)         0.096     1.858 r  clk_IBUF_BUFG_inst/O
                         net (fo=2395, unplaced)      0.584     2.442    u_impl/gen_regular_mag_fanout.u_mag/clk_IBUF_BUFG
                         DSP48E1                                      r  u_impl/gen_regular_mag_fanout.u_mag/i_square0/CLK
  -------------------------------------------------------------------    -------------------
                         DSP48E1 (Prop_dsp48e1_CLK_PCOUT[47])
                                                      4.206     6.648 r  u_impl/gen_regular_mag_fanout.u_mag/i_square0/PCOUT[47]
                         net (fo=1, unplaced)         0.055     6.703    u_impl/gen_regular_mag_fanout.u_mag/i_square0_n_106
                         DSP48E1 (Prop_dsp48e1_PCIN[47]_PCOUT[14])
                                                      1.713     8.416 r  u_impl/gen_regular_mag_fanout.u_mag/i_square0__0/PCOUT[14]
                         net (fo=1, unplaced)         0.000     8.416    u_impl/gen_regular_mag_fanout.u_mag/i_square0__0_n_139
                         DSP48E1                                      r  u_impl/gen_regular_mag_fanout.u_mag/i_square_reg/PCIN[14]
  -------------------------------------------------------------------    -------------------

                         (clock clk rise edge)       10.000    10.000 r  
                                                      0.000    10.000 r  clk (IN)
                         net (fo=0)                   0.000    10.000    clk
                         IBUF (Prop_ibuf_I_O)         0.829    10.829 r  clk_IBUF_inst/O
                         net (fo=1, unplaced)         0.760    11.588    clk_IBUF
                         BUFG (Prop_bufg_I_O)         0.091    11.679 r  clk_IBUF_BUFG_inst/O
                         net (fo=2395, unplaced)      0.439    12.118    u_impl/gen_regular_mag_fanout.u_mag/clk_IBUF_BUFG
                         DSP48E1                                      r  u_impl/gen_regular_mag_fanout.u_mag/i_square_reg/CLK
                         clock pessimism              0.179    12.297    
                         clock uncertainty           -0.035    12.261    
                         DSP48E1 (Setup_dsp48e1_CLK_PCIN[14])
                                                     -1.400    10.861    u_impl/gen_regular_mag_fanout.u_mag/i_square_reg
  -------------------------------------------------------------------
                         required time                         10.861    
                         arrival time                          -8.416    
  -------------------------------------------------------------------
                         slack                                  2.446    

Slack (MET) :             2.446ns  (required time - arrival time)
  Source:                 u_impl/gen_regular_mag_fanout.u_mag/i_square0/CLK
                            (rising edge-triggered cell DSP48E1 clocked by clk  {rise@0.000ns fall@5.000ns period=10.000ns})
  Destination:            u_impl/gen_regular_mag_fanout.u_mag/i_square_reg/PCIN[15]
                            (rising edge-triggered cell DSP48E1 clocked by clk  {rise@0.000ns fall@5.000ns period=10.000ns})
  Path Group:             clk
  Path Type:              Setup (Max at Slow Process Corner)
  Requirement:            10.000ns  (clk rise@10.000ns - clk rise@0.000ns)
  Data Path Delay:        5.974ns  (logic 5.919ns (99.079%)  route 0.055ns (0.921%))
  Logic Levels:           1  (DSP48E1=1)
  Clock Path Skew:        -0.145ns (DCD - SCD + CPR)
    Destination Clock Delay (DCD):    2.118ns = ( 12.118 - 10.000 ) 
    Source Clock Delay      (SCD):    2.442ns
    Clock Pessimism Removal (CPR):    0.179ns
  Clock Uncertainty:      0.035ns  ((TSJ^2 + TIJ^2)^1/2 + DJ) / 2 + PE
    Total System Jitter     (TSJ):    0.071ns
    Total Input Jitter      (TIJ):    0.000ns
    Discrete Jitter          (DJ):    0.000ns
    Phase Error              (PE):    0.000ns

    Location             Delay type                Incr(ns)  Path(ns)    Netlist Resource(s)
  -------------------------------------------------------------------    -------------------
                         (clock clk rise edge)        0.000     0.000 r  
                                                      0.000     0.000 r  clk (IN)
                         net (fo=0)                   0.000     0.000    clk
                         IBUF (Prop_ibuf_I_O)         0.962     0.962 r  clk_IBUF_inst/O
                         net (fo=1, unplaced)         0.800     1.762    clk_IBUF
                         BUFG (Prop_bufg_I_O)         0.096     1.858 r  clk_IBUF_BUFG_inst/O
                         net (fo=2395, unplaced)      0.584     2.442    u_impl/gen_regular_mag_fanout.u_mag/clk_IBUF_BUFG
                         DSP48E1                                      r  u_impl/gen_regular_mag_fanout.u_mag/i_square0/CLK
  -------------------------------------------------------------------    -------------------
                         DSP48E1 (Prop_dsp48e1_CLK_PCOUT[47])
                                                      4.206     6.648 r  u_impl/gen_regular_mag_fanout.u_mag/i_square0/PCOUT[47]
                         net (fo=1, unplaced)         0.055     6.703    u_impl/gen_regular_mag_fanout.u_mag/i_square0_n_106
                         DSP48E1 (Prop_dsp48e1_PCIN[47]_PCOUT[15])
                                                      1.713     8.416 r  u_impl/gen_regular_mag_fanout.u_mag/i_square0__0/PCOUT[15]
                         net (fo=1, unplaced)         0.000     8.416    u_impl/gen_regular_mag_fanout.u_mag/i_square0__0_n_138
                         DSP48E1                                      r  u_impl/gen_regular_mag_fanout.u_mag/i_square_reg/PCIN[15]
  -------------------------------------------------------------------    -------------------

                         (clock clk rise edge)       10.000    10.000 r  
                                                      0.000    10.000 r  clk (IN)
                         net (fo=0)                   0.000    10.000    clk
                         IBUF (Prop_ibuf_I_O)         0.829    10.829 r  clk_IBUF_inst/O
                         net (fo=1, unplaced)         0.760    11.588    clk_IBUF
                         BUFG (Prop_bufg_I_O)         0.091    11.679 r  clk_IBUF_BUFG_inst/O
                         net (fo=2395, unplaced)      0.439    12.118    u_impl/gen_regular_mag_fanout.u_mag/clk_IBUF_BUFG
                         DSP48E1                                      r  u_impl/gen_regular_mag_fanout.u_mag/i_square_reg/CLK
                         clock pessimism              0.179    12.297    
                         clock uncertainty           -0.035    12.261    
                         DSP48E1 (Setup_dsp48e1_CLK_PCIN[15])
                                                     -1.400    10.861    u_impl/gen_regular_mag_fanout.u_mag/i_square_reg
  -------------------------------------------------------------------
                         required time                         10.861    
                         arrival time                          -8.416    
  -------------------------------------------------------------------
                         slack                                  2.446    

Slack (MET) :             2.446ns  (required time - arrival time)
  Source:                 u_impl/gen_regular_mag_fanout.u_mag/i_square0/CLK
                            (rising edge-triggered cell DSP48E1 clocked by clk  {rise@0.000ns fall@5.000ns period=10.000ns})
  Destination:            u_impl/gen_regular_mag_fanout.u_mag/i_square_reg/PCIN[16]
                            (rising edge-triggered cell DSP48E1 clocked by clk  {rise@0.000ns fall@5.000ns period=10.000ns})
  Path Group:             clk
  Path Type:              Setup (Max at Slow Process Corner)
  Requirement:            10.000ns  (clk rise@10.000ns - clk rise@0.000ns)
  Data Path Delay:        5.974ns  (logic 5.919ns (99.079%)  route 0.055ns (0.921%))
  Logic Levels:           1  (DSP48E1=1)
  Clock Path Skew:        -0.145ns (DCD - SCD + CPR)
    Destination Clock Delay (DCD):    2.118ns = ( 12.118 - 10.000 ) 
    Source Clock Delay      (SCD):    2.442ns
    Clock Pessimism Removal (CPR):    0.179ns
  Clock Uncertainty:      0.035ns  ((TSJ^2 + TIJ^2)^1/2 + DJ) / 2 + PE
    Total System Jitter     (TSJ):    0.071ns
    Total Input Jitter      (TIJ):    0.000ns
    Discrete Jitter          (DJ):    0.000ns
    Phase Error              (PE):    0.000ns

    Location             Delay type                Incr(ns)  Path(ns)    Netlist Resource(s)
  -------------------------------------------------------------------    -------------------
                         (clock clk rise edge)        0.000     0.000 r  
                                                      0.000     0.000 r  clk (IN)
                         net (fo=0)                   0.000     0.000    clk
                         IBUF (Prop_ibuf_I_O)         0.962     0.962 r  clk_IBUF_inst/O
                         net (fo=1, unplaced)         0.800     1.762    clk_IBUF
                         BUFG (Prop_bufg_I_O)         0.096     1.858 r  clk_IBUF_BUFG_inst/O
                         net (fo=2395, unplaced)      0.584     2.442    u_impl/gen_regular_mag_fanout.u_mag/clk_IBUF_BUFG
                         DSP48E1                                      r  u_impl/gen_regular_mag_fanout.u_mag/i_square0/CLK
  -------------------------------------------------------------------    -------------------
                         DSP48E1 (Prop_dsp48e1_CLK_PCOUT[47])
                                                      4.206     6.648 r  u_impl/gen_regular_mag_fanout.u_mag/i_square0/PCOUT[47]
                         net (fo=1, unplaced)         0.055     6.703    u_impl/gen_regular_mag_fanout.u_mag/i_square0_n_106
                         DSP48E1 (Prop_dsp48e1_PCIN[47]_PCOUT[16])
                                                      1.713     8.416 r  u_impl/gen_regular_mag_fanout.u_mag/i_square0__0/PCOUT[16]
                         net (fo=1, unplaced)         0.000     8.416    u_impl/gen_regular_mag_fanout.u_mag/i_square0__0_n_137
                         DSP48E1                                      r  u_impl/gen_regular_mag_fanout.u_mag/i_square_reg/PCIN[16]
  -------------------------------------------------------------------    -------------------

                         (clock clk rise edge)       10.000    10.000 r  
                                                      0.000    10.000 r  clk (IN)
                         net (fo=0)                   0.000    10.000    clk
                         IBUF (Prop_ibuf_I_O)         0.829    10.829 r  clk_IBUF_inst/O
                         net (fo=1, unplaced)         0.760    11.588    clk_IBUF
                         BUFG (Prop_bufg_I_O)         0.091    11.679 r  clk_IBUF_BUFG_inst/O
                         net (fo=2395, unplaced)      0.439    12.118    u_impl/gen_regular_mag_fanout.u_mag/clk_IBUF_BUFG
                         DSP48E1                                      r  u_impl/gen_regular_mag_fanout.u_mag/i_square_reg/CLK
                         clock pessimism              0.179    12.297    
                         clock uncertainty           -0.035    12.261    
                         DSP48E1 (Setup_dsp48e1_CLK_PCIN[16])
                                                     -1.400    10.861    u_impl/gen_regular_mag_fanout.u_mag/i_square_reg
  -------------------------------------------------------------------
                         required time                         10.861    
                         arrival time                          -8.416    
  -------------------------------------------------------------------
                         slack                                  2.446    

Slack (MET) :             2.446ns  (required time - arrival time)
  Source:                 u_impl/gen_regular_mag_fanout.u_mag/i_square0/CLK
                            (rising edge-triggered cell DSP48E1 clocked by clk  {rise@0.000ns fall@5.000ns period=10.000ns})
  Destination:            u_impl/gen_regular_mag_fanout.u_mag/i_square_reg/PCIN[17]
                            (rising edge-triggered cell DSP48E1 clocked by clk  {rise@0.000ns fall@5.000ns period=10.000ns})
  Path Group:             clk
  Path Type:              Setup (Max at Slow Process Corner)
  Requirement:            10.000ns  (clk rise@10.000ns - clk rise@0.000ns)
  Data Path Delay:        5.974ns  (logic 5.919ns (99.079%)  route 0.055ns (0.921%))
  Logic Levels:           1  (DSP48E1=1)
  Clock Path Skew:        -0.145ns (DCD - SCD + CPR)
    Destination Clock Delay (DCD):    2.118ns = ( 12.118 - 10.000 ) 
    Source Clock Delay      (SCD):    2.442ns
    Clock Pessimism Removal (CPR):    0.179ns
  Clock Uncertainty:      0.035ns  ((TSJ^2 + TIJ^2)^1/2 + DJ) / 2 + PE
    Total System Jitter     (TSJ):    0.071ns
    Total Input Jitter      (TIJ):    0.000ns
    Discrete Jitter          (DJ):    0.000ns
    Phase Error              (PE):    0.000ns

    Location             Delay type                Incr(ns)  Path(ns)    Netlist Resource(s)
  -------------------------------------------------------------------    -------------------
                         (clock clk rise edge)        0.000     0.000 r  
                                                      0.000     0.000 r  clk (IN)
                         net (fo=0)                   0.000     0.000    clk
                         IBUF (Prop_ibuf_I_O)         0.962     0.962 r  clk_IBUF_inst/O
                         net (fo=1, unplaced)         0.800     1.762    clk_IBUF
                         BUFG (Prop_bufg_I_O)         0.096     1.858 r  clk_IBUF_BUFG_inst/O
                         net (fo=2395, unplaced)      0.584     2.442    u_impl/gen_regular_mag_fanout.u_mag/clk_IBUF_BUFG
                         DSP48E1                                      r  u_impl/gen_regular_mag_fanout.u_mag/i_square0/CLK
  -------------------------------------------------------------------    -------------------
                         DSP48E1 (Prop_dsp48e1_CLK_PCOUT[47])
                                                      4.206     6.648 r  u_impl/gen_regular_mag_fanout.u_mag/i_square0/PCOUT[47]
                         net (fo=1, unplaced)         0.055     6.703    u_impl/gen_regular_mag_fanout.u_mag/i_square0_n_106
                         DSP48E1 (Prop_dsp48e1_PCIN[47]_PCOUT[17])
                                                      1.713     8.416 r  u_impl/gen_regular_mag_fanout.u_mag/i_square0__0/PCOUT[17]
                         net (fo=1, unplaced)         0.000     8.416    u_impl/gen_regular_mag_fanout.u_mag/i_square0__0_n_136
                         DSP48E1                                      r  u_impl/gen_regular_mag_fanout.u_mag/i_square_reg/PCIN[17]
  -------------------------------------------------------------------    -------------------

                         (clock clk rise edge)       10.000    10.000 r  
                                                      0.000    10.000 r  clk (IN)
                         net (fo=0)                   0.000    10.000    clk
                         IBUF (Prop_ibuf_I_O)         0.829    10.829 r  clk_IBUF_inst/O
                         net (fo=1, unplaced)         0.760    11.588    clk_IBUF
                         BUFG (Prop_bufg_I_O)         0.091    11.679 r  clk_IBUF_BUFG_inst/O
                         net (fo=2395, unplaced)      0.439    12.118    u_impl/gen_regular_mag_fanout.u_mag/clk_IBUF_BUFG
                         DSP48E1                                      r  u_impl/gen_regular_mag_fanout.u_mag/i_square_reg/CLK
                         clock pessimism              0.179    12.297    
                         clock uncertainty           -0.035    12.261    
                         DSP48E1 (Setup_dsp48e1_CLK_PCIN[17])
                                                     -1.400    10.861    u_impl/gen_regular_mag_fanout.u_mag/i_square_reg
  -------------------------------------------------------------------
                         required time                         10.861    
                         arrival time                          -8.416    
  -------------------------------------------------------------------
                         slack                                  2.446    

Slack (MET) :             2.446ns  (required time - arrival time)
  Source:                 u_impl/gen_regular_mag_fanout.u_mag/i_square0/CLK
                            (rising edge-triggered cell DSP48E1 clocked by clk  {rise@0.000ns fall@5.000ns period=10.000ns})
  Destination:            u_impl/gen_regular_mag_fanout.u_mag/i_square_reg/PCIN[18]
                            (rising edge-triggered cell DSP48E1 clocked by clk  {rise@0.000ns fall@5.000ns period=10.000ns})
  Path Group:             clk
  Path Type:              Setup (Max at Slow Process Corner)
  Requirement:            10.000ns  (clk rise@10.000ns - clk rise@0.000ns)
  Data Path Delay:        5.974ns  (logic 5.919ns (99.079%)  route 0.055ns (0.921%))
  Logic Levels:           1  (DSP48E1=1)
  Clock Path Skew:        -0.145ns (DCD - SCD + CPR)
    Destination Clock Delay (DCD):    2.118ns = ( 12.118 - 10.000 ) 
    Source Clock Delay      (SCD):    2.442ns
    Clock Pessimism Removal (CPR):    0.179ns
  Clock Uncertainty:      0.035ns  ((TSJ^2 + TIJ^2)^1/2 + DJ) / 2 + PE
    Total System Jitter     (TSJ):    0.071ns
    Total Input Jitter      (TIJ):    0.000ns
    Discrete Jitter          (DJ):    0.000ns
    Phase Error              (PE):    0.000ns

    Location             Delay type                Incr(ns)  Path(ns)    Netlist Resource(s)
  -------------------------------------------------------------------    -------------------
                         (clock clk rise edge)        0.000     0.000 r  
                                                      0.000     0.000 r  clk (IN)
                         net (fo=0)                   0.000     0.000    clk
                         IBUF (Prop_ibuf_I_O)         0.962     0.962 r  clk_IBUF_inst/O
                         net (fo=1, unplaced)         0.800     1.762    clk_IBUF
                         BUFG (Prop_bufg_I_O)         0.096     1.858 r  clk_IBUF_BUFG_inst/O
                         net (fo=2395, unplaced)      0.584     2.442    u_impl/gen_regular_mag_fanout.u_mag/clk_IBUF_BUFG
                         DSP48E1                                      r  u_impl/gen_regular_mag_fanout.u_mag/i_square0/CLK
  -------------------------------------------------------------------    -------------------
                         DSP48E1 (Prop_dsp48e1_CLK_PCOUT[47])
                                                      4.206     6.648 r  u_impl/gen_regular_mag_fanout.u_mag/i_square0/PCOUT[47]
                         net (fo=1, unplaced)         0.055     6.703    u_impl/gen_regular_mag_fanout.u_mag/i_square0_n_106
                         DSP48E1 (Prop_dsp48e1_PCIN[47]_PCOUT[18])
                                                      1.713     8.416 r  u_impl/gen_regular_mag_fanout.u_mag/i_square0__0/PCOUT[18]
                         net (fo=1, unplaced)         0.000     8.416    u_impl/gen_regular_mag_fanout.u_mag/i_square0__0_n_135
                         DSP48E1                                      r  u_impl/gen_regular_mag_fanout.u_mag/i_square_reg/PCIN[18]
  -------------------------------------------------------------------    -------------------

                         (clock clk rise edge)       10.000    10.000 r  
                                                      0.000    10.000 r  clk (IN)
                         net (fo=0)                   0.000    10.000    clk
                         IBUF (Prop_ibuf_I_O)         0.829    10.829 r  clk_IBUF_inst/O
                         net (fo=1, unplaced)         0.760    11.588    clk_IBUF
                         BUFG (Prop_bufg_I_O)         0.091    11.679 r  clk_IBUF_BUFG_inst/O
                         net (fo=2395, unplaced)      0.439    12.118    u_impl/gen_regular_mag_fanout.u_mag/clk_IBUF_BUFG
                         DSP48E1                                      r  u_impl/gen_regular_mag_fanout.u_mag/i_square_reg/CLK
                         clock pessimism              0.179    12.297    
                         clock uncertainty           -0.035    12.261    
                         DSP48E1 (Setup_dsp48e1_CLK_PCIN[18])
                                                     -1.400    10.861    u_impl/gen_regular_mag_fanout.u_mag/i_square_reg
  -------------------------------------------------------------------
                         required time                         10.861    
                         arrival time                          -8.416    
  -------------------------------------------------------------------
                         slack                                  2.446    

Slack (MET) :             2.446ns  (required time - arrival time)
  Source:                 u_impl/gen_regular_mag_fanout.u_mag/i_square0/CLK
                            (rising edge-triggered cell DSP48E1 clocked by clk  {rise@0.000ns fall@5.000ns period=10.000ns})
  Destination:            u_impl/gen_regular_mag_fanout.u_mag/i_square_reg/PCIN[19]
                            (rising edge-triggered cell DSP48E1 clocked by clk  {rise@0.000ns fall@5.000ns period=10.000ns})
  Path Group:             clk
  Path Type:              Setup (Max at Slow Process Corner)
  Requirement:            10.000ns  (clk rise@10.000ns - clk rise@0.000ns)
  Data Path Delay:        5.974ns  (logic 5.919ns (99.079%)  route 0.055ns (0.921%))
  Logic Levels:           1  (DSP48E1=1)
  Clock Path Skew:        -0.145ns (DCD - SCD + CPR)
    Destination Clock Delay (DCD):    2.118ns = ( 12.118 - 10.000 ) 
    Source Clock Delay      (SCD):    2.442ns
    Clock Pessimism Removal (CPR):    0.179ns
  Clock Uncertainty:      0.035ns  ((TSJ^2 + TIJ^2)^1/2 + DJ) / 2 + PE
    Total System Jitter     (TSJ):    0.071ns
    Total Input Jitter      (TIJ):    0.000ns
    Discrete Jitter          (DJ):    0.000ns
    Phase Error              (PE):    0.000ns

    Location             Delay type                Incr(ns)  Path(ns)    Netlist Resource(s)
  -------------------------------------------------------------------    -------------------
                         (clock clk rise edge)        0.000     0.000 r  
                                                      0.000     0.000 r  clk (IN)
                         net (fo=0)                   0.000     0.000    clk
                         IBUF (Prop_ibuf_I_O)         0.962     0.962 r  clk_IBUF_inst/O
                         net (fo=1, unplaced)         0.800     1.762    clk_IBUF
                         BUFG (Prop_bufg_I_O)         0.096     1.858 r  clk_IBUF_BUFG_inst/O
                         net (fo=2395, unplaced)      0.584     2.442    u_impl/gen_regular_mag_fanout.u_mag/clk_IBUF_BUFG
                         DSP48E1                                      r  u_impl/gen_regular_mag_fanout.u_mag/i_square0/CLK
  -------------------------------------------------------------------    -------------------
                         DSP48E1 (Prop_dsp48e1_CLK_PCOUT[47])
                                                      4.206     6.648 r  u_impl/gen_regular_mag_fanout.u_mag/i_square0/PCOUT[47]
                         net (fo=1, unplaced)         0.055     6.703    u_impl/gen_regular_mag_fanout.u_mag/i_square0_n_106
                         DSP48E1 (Prop_dsp48e1_PCIN[47]_PCOUT[19])
                                                      1.713     8.416 r  u_impl/gen_regular_mag_fanout.u_mag/i_square0__0/PCOUT[19]
                         net (fo=1, unplaced)         0.000     8.416    u_impl/gen_regular_mag_fanout.u_mag/i_square0__0_n_134
                         DSP48E1                                      r  u_impl/gen_regular_mag_fanout.u_mag/i_square_reg/PCIN[19]
  -------------------------------------------------------------------    -------------------

                         (clock clk rise edge)       10.000    10.000 r  
                                                      0.000    10.000 r  clk (IN)
                         net (fo=0)                   0.000    10.000    clk
                         IBUF (Prop_ibuf_I_O)         0.829    10.829 r  clk_IBUF_inst/O
                         net (fo=1, unplaced)         0.760    11.588    clk_IBUF
                         BUFG (Prop_bufg_I_O)         0.091    11.679 r  clk_IBUF_BUFG_inst/O
                         net (fo=2395, unplaced)      0.439    12.118    u_impl/gen_regular_mag_fanout.u_mag/clk_IBUF_BUFG
                         DSP48E1                                      r  u_impl/gen_regular_mag_fanout.u_mag/i_square_reg/CLK
                         clock pessimism              0.179    12.297    
                         clock uncertainty           -0.035    12.261    
                         DSP48E1 (Setup_dsp48e1_CLK_PCIN[19])
                                                     -1.400    10.861    u_impl/gen_regular_mag_fanout.u_mag/i_square_reg
  -------------------------------------------------------------------
                         required time                         10.861    
                         arrival time                          -8.416    
  -------------------------------------------------------------------
                         slack                                  2.446    

Slack (MET) :             2.446ns  (required time - arrival time)
  Source:                 u_impl/gen_regular_mag_fanout.u_mag/i_square0/CLK
                            (rising edge-triggered cell DSP48E1 clocked by clk  {rise@0.000ns fall@5.000ns period=10.000ns})
  Destination:            u_impl/gen_regular_mag_fanout.u_mag/i_square_reg/PCIN[1]
                            (rising edge-triggered cell DSP48E1 clocked by clk  {rise@0.000ns fall@5.000ns period=10.000ns})
  Path Group:             clk
  Path Type:              Setup (Max at Slow Process Corner)
  Requirement:            10.000ns  (clk rise@10.000ns - clk rise@0.000ns)
  Data Path Delay:        5.974ns  (logic 5.919ns (99.079%)  route 0.055ns (0.921%))
  Logic Levels:           1  (DSP48E1=1)
  Clock Path Skew:        -0.145ns (DCD - SCD + CPR)
    Destination Clock Delay (DCD):    2.118ns = ( 12.118 - 10.000 ) 
    Source Clock Delay      (SCD):    2.442ns
    Clock Pessimism Removal (CPR):    0.179ns
  Clock Uncertainty:      0.035ns  ((TSJ^2 + TIJ^2)^1/2 + DJ) / 2 + PE
    Total System Jitter     (TSJ):    0.071ns
    Total Input Jitter      (TIJ):    0.000ns
    Discrete Jitter          (DJ):    0.000ns
    Phase Error              (PE):    0.000ns

    Location             Delay type                Incr(ns)  Path(ns)    Netlist Resource(s)
  -------------------------------------------------------------------    -------------------
                         (clock clk rise edge)        0.000     0.000 r  
                                                      0.000     0.000 r  clk (IN)
                         net (fo=0)                   0.000     0.000    clk
                         IBUF (Prop_ibuf_I_O)         0.962     0.962 r  clk_IBUF_inst/O
                         net (fo=1, unplaced)         0.800     1.762    clk_IBUF
                         BUFG (Prop_bufg_I_O)         0.096     1.858 r  clk_IBUF_BUFG_inst/O
                         net (fo=2395, unplaced)      0.584     2.442    u_impl/gen_regular_mag_fanout.u_mag/clk_IBUF_BUFG
                         DSP48E1                                      r  u_impl/gen_regular_mag_fanout.u_mag/i_square0/CLK
  -------------------------------------------------------------------    -------------------
                         DSP48E1 (Prop_dsp48e1_CLK_PCOUT[47])
                                                      4.206     6.648 r  u_impl/gen_regular_mag_fanout.u_mag/i_square0/PCOUT[47]
                         net (fo=1, unplaced)         0.055     6.703    u_impl/gen_regular_mag_fanout.u_mag/i_square0_n_106
                         DSP48E1 (Prop_dsp48e1_PCIN[47]_PCOUT[1])
                                                      1.713     8.416 r  u_impl/gen_regular_mag_fanout.u_mag/i_square0__0/PCOUT[1]
                         net (fo=1, unplaced)         0.000     8.416    u_impl/gen_regular_mag_fanout.u_mag/i_square0__0_n_152
                         DSP48E1                                      r  u_impl/gen_regular_mag_fanout.u_mag/i_square_reg/PCIN[1]
  -------------------------------------------------------------------    -------------------

                         (clock clk rise edge)       10.000    10.000 r  
                                                      0.000    10.000 r  clk (IN)
                         net (fo=0)                   0.000    10.000    clk
                         IBUF (Prop_ibuf_I_O)         0.829    10.829 r  clk_IBUF_inst/O
                         net (fo=1, unplaced)         0.760    11.588    clk_IBUF
                         BUFG (Prop_bufg_I_O)         0.091    11.679 r  clk_IBUF_BUFG_inst/O
                         net (fo=2395, unplaced)      0.439    12.118    u_impl/gen_regular_mag_fanout.u_mag/clk_IBUF_BUFG
                         DSP48E1                                      r  u_impl/gen_regular_mag_fanout.u_mag/i_square_reg/CLK
                         clock pessimism              0.179    12.297    
                         clock uncertainty           -0.035    12.261    
                         DSP48E1 (Setup_dsp48e1_CLK_PCIN[1])
                                                     -1.400    10.861    u_impl/gen_regular_mag_fanout.u_mag/i_square_reg
  -------------------------------------------------------------------
                         required time                         10.861    
                         arrival time                          -8.416    
  -------------------------------------------------------------------
                         slack                                  2.446    

Slack (MET) :             2.446ns  (required time - arrival time)
  Source:                 u_impl/gen_regular_mag_fanout.u_mag/i_square0/CLK
                            (rising edge-triggered cell DSP48E1 clocked by clk  {rise@0.000ns fall@5.000ns period=10.000ns})
  Destination:            u_impl/gen_regular_mag_fanout.u_mag/i_square_reg/PCIN[20]
                            (rising edge-triggered cell DSP48E1 clocked by clk  {rise@0.000ns fall@5.000ns period=10.000ns})
  Path Group:             clk
  Path Type:              Setup (Max at Slow Process Corner)
  Requirement:            10.000ns  (clk rise@10.000ns - clk rise@0.000ns)
  Data Path Delay:        5.974ns  (logic 5.919ns (99.079%)  route 0.055ns (0.921%))
  Logic Levels:           1  (DSP48E1=1)
  Clock Path Skew:        -0.145ns (DCD - SCD + CPR)
    Destination Clock Delay (DCD):    2.118ns = ( 12.118 - 10.000 ) 
    Source Clock Delay      (SCD):    2.442ns
    Clock Pessimism Removal (CPR):    0.179ns
  Clock Uncertainty:      0.035ns  ((TSJ^2 + TIJ^2)^1/2 + DJ) / 2 + PE
    Total System Jitter     (TSJ):    0.071ns
    Total Input Jitter      (TIJ):    0.000ns
    Discrete Jitter          (DJ):    0.000ns
    Phase Error              (PE):    0.000ns

    Location             Delay type                Incr(ns)  Path(ns)    Netlist Resource(s)
  -------------------------------------------------------------------    -------------------
                         (clock clk rise edge)        0.000     0.000 r  
                                                      0.000     0.000 r  clk (IN)
                         net (fo=0)                   0.000     0.000    clk
                         IBUF (Prop_ibuf_I_O)         0.962     0.962 r  clk_IBUF_inst/O
                         net (fo=1, unplaced)         0.800     1.762    clk_IBUF
                         BUFG (Prop_bufg_I_O)         0.096     1.858 r  clk_IBUF_BUFG_inst/O
                         net (fo=2395, unplaced)      0.584     2.442    u_impl/gen_regular_mag_fanout.u_mag/clk_IBUF_BUFG
                         DSP48E1                                      r  u_impl/gen_regular_mag_fanout.u_mag/i_square0/CLK
  -------------------------------------------------------------------    -------------------
                         DSP48E1 (Prop_dsp48e1_CLK_PCOUT[47])
                                                      4.206     6.648 r  u_impl/gen_regular_mag_fanout.u_mag/i_square0/PCOUT[47]
                         net (fo=1, unplaced)         0.055     6.703    u_impl/gen_regular_mag_fanout.u_mag/i_square0_n_106
                         DSP48E1 (Prop_dsp48e1_PCIN[47]_PCOUT[20])
                                                      1.713     8.416 r  u_impl/gen_regular_mag_fanout.u_mag/i_square0__0/PCOUT[20]
                         net (fo=1, unplaced)         0.000     8.416    u_impl/gen_regular_mag_fanout.u_mag/i_square0__0_n_133
                         DSP48E1                                      r  u_impl/gen_regular_mag_fanout.u_mag/i_square_reg/PCIN[20]
  -------------------------------------------------------------------    -------------------

                         (clock clk rise edge)       10.000    10.000 r  
                                                      0.000    10.000 r  clk (IN)
                         net (fo=0)                   0.000    10.000    clk
                         IBUF (Prop_ibuf_I_O)         0.829    10.829 r  clk_IBUF_inst/O
                         net (fo=1, unplaced)         0.760    11.588    clk_IBUF
                         BUFG (Prop_bufg_I_O)         0.091    11.679 r  clk_IBUF_BUFG_inst/O
                         net (fo=2395, unplaced)      0.439    12.118    u_impl/gen_regular_mag_fanout.u_mag/clk_IBUF_BUFG
                         DSP48E1                                      r  u_impl/gen_regular_mag_fanout.u_mag/i_square_reg/CLK
                         clock pessimism              0.179    12.297    
                         clock uncertainty           -0.035    12.261    
                         DSP48E1 (Setup_dsp48e1_CLK_PCIN[20])
                                                     -1.400    10.861    u_impl/gen_regular_mag_fanout.u_mag/i_square_reg
  -------------------------------------------------------------------
                         required time                         10.861    
                         arrival time                          -8.416    
  -------------------------------------------------------------------
                         slack                                  2.446    

Slack (MET) :             2.446ns  (required time - arrival time)
  Source:                 u_impl/gen_regular_mag_fanout.u_mag/i_square0/CLK
                            (rising edge-triggered cell DSP48E1 clocked by clk  {rise@0.000ns fall@5.000ns period=10.000ns})
  Destination:            u_impl/gen_regular_mag_fanout.u_mag/i_square_reg/PCIN[21]
                            (rising edge-triggered cell DSP48E1 clocked by clk  {rise@0.000ns fall@5.000ns period=10.000ns})
  Path Group:             clk
  Path Type:              Setup (Max at Slow Process Corner)
  Requirement:            10.000ns  (clk rise@10.000ns - clk rise@0.000ns)
  Data Path Delay:        5.974ns  (logic 5.919ns (99.079%)  route 0.055ns (0.921%))
  Logic Levels:           1  (DSP48E1=1)
  Clock Path Skew:        -0.145ns (DCD - SCD + CPR)
    Destination Clock Delay (DCD):    2.118ns = ( 12.118 - 10.000 ) 
    Source Clock Delay      (SCD):    2.442ns
    Clock Pessimism Removal (CPR):    0.179ns
  Clock Uncertainty:      0.035ns  ((TSJ^2 + TIJ^2)^1/2 + DJ) / 2 + PE
    Total System Jitter     (TSJ):    0.071ns
    Total Input Jitter      (TIJ):    0.000ns
    Discrete Jitter          (DJ):    0.000ns
    Phase Error              (PE):    0.000ns

    Location             Delay type                Incr(ns)  Path(ns)    Netlist Resource(s)
  -------------------------------------------------------------------    -------------------
                         (clock clk rise edge)        0.000     0.000 r  
                                                      0.000     0.000 r  clk (IN)
                         net (fo=0)                   0.000     0.000    clk
                         IBUF (Prop_ibuf_I_O)         0.962     0.962 r  clk_IBUF_inst/O
                         net (fo=1, unplaced)         0.800     1.762    clk_IBUF
                         BUFG (Prop_bufg_I_O)         0.096     1.858 r  clk_IBUF_BUFG_inst/O
                         net (fo=2395, unplaced)      0.584     2.442    u_impl/gen_regular_mag_fanout.u_mag/clk_IBUF_BUFG
                         DSP48E1                                      r  u_impl/gen_regular_mag_fanout.u_mag/i_square0/CLK
  -------------------------------------------------------------------    -------------------
                         DSP48E1 (Prop_dsp48e1_CLK_PCOUT[47])
                                                      4.206     6.648 r  u_impl/gen_regular_mag_fanout.u_mag/i_square0/PCOUT[47]
                         net (fo=1, unplaced)         0.055     6.703    u_impl/gen_regular_mag_fanout.u_mag/i_square0_n_106
                         DSP48E1 (Prop_dsp48e1_PCIN[47]_PCOUT[21])
                                                      1.713     8.416 r  u_impl/gen_regular_mag_fanout.u_mag/i_square0__0/PCOUT[21]
                         net (fo=1, unplaced)         0.000     8.416    u_impl/gen_regular_mag_fanout.u_mag/i_square0__0_n_132
                         DSP48E1                                      r  u_impl/gen_regular_mag_fanout.u_mag/i_square_reg/PCIN[21]
  -------------------------------------------------------------------    -------------------

                         (clock clk rise edge)       10.000    10.000 r  
                                                      0.000    10.000 r  clk (IN)
                         net (fo=0)                   0.000    10.000    clk
                         IBUF (Prop_ibuf_I_O)         0.829    10.829 r  clk_IBUF_inst/O
                         net (fo=1, unplaced)         0.760    11.588    clk_IBUF
                         BUFG (Prop_bufg_I_O)         0.091    11.679 r  clk_IBUF_BUFG_inst/O
                         net (fo=2395, unplaced)      0.439    12.118    u_impl/gen_regular_mag_fanout.u_mag/clk_IBUF_BUFG
                         DSP48E1                                      r  u_impl/gen_regular_mag_fanout.u_mag/i_square_reg/CLK
                         clock pessimism              0.179    12.297    
                         clock uncertainty           -0.035    12.261    
                         DSP48E1 (Setup_dsp48e1_CLK_PCIN[21])
                                                     -1.400    10.861    u_impl/gen_regular_mag_fanout.u_mag/i_square_reg
  -------------------------------------------------------------------
                         required time                         10.861    
                         arrival time                          -8.416    
  -------------------------------------------------------------------
                         slack                                  2.446    

Slack (MET) :             2.446ns  (required time - arrival time)
  Source:                 u_impl/gen_regular_mag_fanout.u_mag/i_square0/CLK
                            (rising edge-triggered cell DSP48E1 clocked by clk  {rise@0.000ns fall@5.000ns period=10.000ns})
  Destination:            u_impl/gen_regular_mag_fanout.u_mag/i_square_reg/PCIN[22]
                            (rising edge-triggered cell DSP48E1 clocked by clk  {rise@0.000ns fall@5.000ns period=10.000ns})
  Path Group:             clk
  Path Type:              Setup (Max at Slow Process Corner)
  Requirement:            10.000ns  (clk rise@10.000ns - clk rise@0.000ns)
  Data Path Delay:        5.974ns  (logic 5.919ns (99.079%)  route 0.055ns (0.921%))
  Logic Levels:           1  (DSP48E1=1)
  Clock Path Skew:        -0.145ns (DCD - SCD + CPR)
    Destination Clock Delay (DCD):    2.118ns = ( 12.118 - 10.000 ) 
    Source Clock Delay      (SCD):    2.442ns
    Clock Pessimism Removal (CPR):    0.179ns
  Clock Uncertainty:      0.035ns  ((TSJ^2 + TIJ^2)^1/2 + DJ) / 2 + PE
    Total System Jitter     (TSJ):    0.071ns
    Total Input Jitter      (TIJ):    0.000ns
    Discrete Jitter          (DJ):    0.000ns
    Phase Error              (PE):    0.000ns

    Location             Delay type                Incr(ns)  Path(ns)    Netlist Resource(s)
  -------------------------------------------------------------------    -------------------
                         (clock clk rise edge)        0.000     0.000 r  
                                                      0.000     0.000 r  clk (IN)
                         net (fo=0)                   0.000     0.000    clk
                         IBUF (Prop_ibuf_I_O)         0.962     0.962 r  clk_IBUF_inst/O
                         net (fo=1, unplaced)         0.800     1.762    clk_IBUF
                         BUFG (Prop_bufg_I_O)         0.096     1.858 r  clk_IBUF_BUFG_inst/O
                         net (fo=2395, unplaced)      0.584     2.442    u_impl/gen_regular_mag_fanout.u_mag/clk_IBUF_BUFG
                         DSP48E1                                      r  u_impl/gen_regular_mag_fanout.u_mag/i_square0/CLK
  -------------------------------------------------------------------    -------------------
                         DSP48E1 (Prop_dsp48e1_CLK_PCOUT[47])
                                                      4.206     6.648 r  u_impl/gen_regular_mag_fanout.u_mag/i_square0/PCOUT[47]
                         net (fo=1, unplaced)         0.055     6.703    u_impl/gen_regular_mag_fanout.u_mag/i_square0_n_106
                         DSP48E1 (Prop_dsp48e1_PCIN[47]_PCOUT[22])
                                                      1.713     8.416 r  u_impl/gen_regular_mag_fanout.u_mag/i_square0__0/PCOUT[22]
                         net (fo=1, unplaced)         0.000     8.416    u_impl/gen_regular_mag_fanout.u_mag/i_square0__0_n_131
                         DSP48E1                                      r  u_impl/gen_regular_mag_fanout.u_mag/i_square_reg/PCIN[22]
  -------------------------------------------------------------------    -------------------

                         (clock clk rise edge)       10.000    10.000 r  
                                                      0.000    10.000 r  clk (IN)
                         net (fo=0)                   0.000    10.000    clk
                         IBUF (Prop_ibuf_I_O)         0.829    10.829 r  clk_IBUF_inst/O
                         net (fo=1, unplaced)         0.760    11.588    clk_IBUF
                         BUFG (Prop_bufg_I_O)         0.091    11.679 r  clk_IBUF_BUFG_inst/O
                         net (fo=2395, unplaced)      0.439    12.118    u_impl/gen_regular_mag_fanout.u_mag/clk_IBUF_BUFG
                         DSP48E1                                      r  u_impl/gen_regular_mag_fanout.u_mag/i_square_reg/CLK
                         clock pessimism              0.179    12.297    
                         clock uncertainty           -0.035    12.261    
                         DSP48E1 (Setup_dsp48e1_CLK_PCIN[22])
                                                     -1.400    10.861    u_impl/gen_regular_mag_fanout.u_mag/i_square_reg
  -------------------------------------------------------------------
                         required time                         10.861    
                         arrival time                          -8.416    
  -------------------------------------------------------------------
                         slack                                  2.446    

Slack (MET) :             2.446ns  (required time - arrival time)
  Source:                 u_impl/gen_regular_mag_fanout.u_mag/i_square0/CLK
                            (rising edge-triggered cell DSP48E1 clocked by clk  {rise@0.000ns fall@5.000ns period=10.000ns})
  Destination:            u_impl/gen_regular_mag_fanout.u_mag/i_square_reg/PCIN[23]
                            (rising edge-triggered cell DSP48E1 clocked by clk  {rise@0.000ns fall@5.000ns period=10.000ns})
  Path Group:             clk
  Path Type:              Setup (Max at Slow Process Corner)
  Requirement:            10.000ns  (clk rise@10.000ns - clk rise@0.000ns)
  Data Path Delay:        5.974ns  (logic 5.919ns (99.079%)  route 0.055ns (0.921%))
  Logic Levels:           1  (DSP48E1=1)
  Clock Path Skew:        -0.145ns (DCD - SCD + CPR)
    Destination Clock Delay (DCD):    2.118ns = ( 12.118 - 10.000 ) 
    Source Clock Delay      (SCD):    2.442ns
    Clock Pessimism Removal (CPR):    0.179ns
  Clock Uncertainty:      0.035ns  ((TSJ^2 + TIJ^2)^1/2 + DJ) / 2 + PE
    Total System Jitter     (TSJ):    0.071ns
    Total Input Jitter      (TIJ):    0.000ns
    Discrete Jitter          (DJ):    0.000ns
    Phase Error              (PE):    0.000ns

    Location             Delay type                Incr(ns)  Path(ns)    Netlist Resource(s)
  -------------------------------------------------------------------    -------------------
                         (clock clk rise edge)        0.000     0.000 r  
                                                      0.000     0.000 r  clk (IN)
                         net (fo=0)                   0.000     0.000    clk
                         IBUF (Prop_ibuf_I_O)         0.962     0.962 r  clk_IBUF_inst/O
                         net (fo=1, unplaced)         0.800     1.762    clk_IBUF
                         BUFG (Prop_bufg_I_O)         0.096     1.858 r  clk_IBUF_BUFG_inst/O
                         net (fo=2395, unplaced)      0.584     2.442    u_impl/gen_regular_mag_fanout.u_mag/clk_IBUF_BUFG
                         DSP48E1                                      r  u_impl/gen_regular_mag_fanout.u_mag/i_square0/CLK
  -------------------------------------------------------------------    -------------------
                         DSP48E1 (Prop_dsp48e1_CLK_PCOUT[47])
                                                      4.206     6.648 r  u_impl/gen_regular_mag_fanout.u_mag/i_square0/PCOUT[47]
                         net (fo=1, unplaced)         0.055     6.703    u_impl/gen_regular_mag_fanout.u_mag/i_square0_n_106
                         DSP48E1 (Prop_dsp48e1_PCIN[47]_PCOUT[23])
                                                      1.713     8.416 r  u_impl/gen_regular_mag_fanout.u_mag/i_square0__0/PCOUT[23]
                         net (fo=1, unplaced)         0.000     8.416    u_impl/gen_regular_mag_fanout.u_mag/i_square0__0_n_130
                         DSP48E1                                      r  u_impl/gen_regular_mag_fanout.u_mag/i_square_reg/PCIN[23]
  -------------------------------------------------------------------    -------------------

                         (clock clk rise edge)       10.000    10.000 r  
                                                      0.000    10.000 r  clk (IN)
                         net (fo=0)                   0.000    10.000    clk
                         IBUF (Prop_ibuf_I_O)         0.829    10.829 r  clk_IBUF_inst/O
                         net (fo=1, unplaced)         0.760    11.588    clk_IBUF
                         BUFG (Prop_bufg_I_O)         0.091    11.679 r  clk_IBUF_BUFG_inst/O
                         net (fo=2395, unplaced)      0.439    12.118    u_impl/gen_regular_mag_fanout.u_mag/clk_IBUF_BUFG
                         DSP48E1                                      r  u_impl/gen_regular_mag_fanout.u_mag/i_square_reg/CLK
                         clock pessimism              0.179    12.297    
                         clock uncertainty           -0.035    12.261    
                         DSP48E1 (Setup_dsp48e1_CLK_PCIN[23])
                                                     -1.400    10.861    u_impl/gen_regular_mag_fanout.u_mag/i_square_reg
  -------------------------------------------------------------------
                         required time                         10.861    
                         arrival time                          -8.416    
  -------------------------------------------------------------------
                         slack                                  2.446    

Slack (MET) :             2.446ns  (required time - arrival time)
  Source:                 u_impl/gen_regular_mag_fanout.u_mag/i_square0/CLK
                            (rising edge-triggered cell DSP48E1 clocked by clk  {rise@0.000ns fall@5.000ns period=10.000ns})
  Destination:            u_impl/gen_regular_mag_fanout.u_mag/i_square_reg/PCIN[24]
                            (rising edge-triggered cell DSP48E1 clocked by clk  {rise@0.000ns fall@5.000ns period=10.000ns})
  Path Group:             clk
  Path Type:              Setup (Max at Slow Process Corner)
  Requirement:            10.000ns  (clk rise@10.000ns - clk rise@0.000ns)
  Data Path Delay:        5.974ns  (logic 5.919ns (99.079%)  route 0.055ns (0.921%))
  Logic Levels:           1  (DSP48E1=1)
  Clock Path Skew:        -0.145ns (DCD - SCD + CPR)
    Destination Clock Delay (DCD):    2.118ns = ( 12.118 - 10.000 ) 
    Source Clock Delay      (SCD):    2.442ns
    Clock Pessimism Removal (CPR):    0.179ns
  Clock Uncertainty:      0.035ns  ((TSJ^2 + TIJ^2)^1/2 + DJ) / 2 + PE
    Total System Jitter     (TSJ):    0.071ns
    Total Input Jitter      (TIJ):    0.000ns
    Discrete Jitter          (DJ):    0.000ns
    Phase Error              (PE):    0.000ns

    Location             Delay type                Incr(ns)  Path(ns)    Netlist Resource(s)
  -------------------------------------------------------------------    -------------------
                         (clock clk rise edge)        0.000     0.000 r  
                                                      0.000     0.000 r  clk (IN)
                         net (fo=0)                   0.000     0.000    clk
                         IBUF (Prop_ibuf_I_O)         0.962     0.962 r  clk_IBUF_inst/O
                         net (fo=1, unplaced)         0.800     1.762    clk_IBUF
                         BUFG (Prop_bufg_I_O)         0.096     1.858 r  clk_IBUF_BUFG_inst/O
                         net (fo=2395, unplaced)      0.584     2.442    u_impl/gen_regular_mag_fanout.u_mag/clk_IBUF_BUFG
                         DSP48E1                                      r  u_impl/gen_regular_mag_fanout.u_mag/i_square0/CLK
  -------------------------------------------------------------------    -------------------
                         DSP48E1 (Prop_dsp48e1_CLK_PCOUT[47])
                                                      4.206     6.648 r  u_impl/gen_regular_mag_fanout.u_mag/i_square0/PCOUT[47]
                         net (fo=1, unplaced)         0.055     6.703    u_impl/gen_regular_mag_fanout.u_mag/i_square0_n_106
                         DSP48E1 (Prop_dsp48e1_PCIN[47]_PCOUT[24])
                                                      1.713     8.416 r  u_impl/gen_regular_mag_fanout.u_mag/i_square0__0/PCOUT[24]
                         net (fo=1, unplaced)         0.000     8.416    u_impl/gen_regular_mag_fanout.u_mag/i_square0__0_n_129
                         DSP48E1                                      r  u_impl/gen_regular_mag_fanout.u_mag/i_square_reg/PCIN[24]
  -------------------------------------------------------------------    -------------------

                         (clock clk rise edge)       10.000    10.000 r  
                                                      0.000    10.000 r  clk (IN)
                         net (fo=0)                   0.000    10.000    clk
                         IBUF (Prop_ibuf_I_O)         0.829    10.829 r  clk_IBUF_inst/O
                         net (fo=1, unplaced)         0.760    11.588    clk_IBUF
                         BUFG (Prop_bufg_I_O)         0.091    11.679 r  clk_IBUF_BUFG_inst/O
                         net (fo=2395, unplaced)      0.439    12.118    u_impl/gen_regular_mag_fanout.u_mag/clk_IBUF_BUFG
                         DSP48E1                                      r  u_impl/gen_regular_mag_fanout.u_mag/i_square_reg/CLK
                         clock pessimism              0.179    12.297    
                         clock uncertainty           -0.035    12.261    
                         DSP48E1 (Setup_dsp48e1_CLK_PCIN[24])
                                                     -1.400    10.861    u_impl/gen_regular_mag_fanout.u_mag/i_square_reg
  -------------------------------------------------------------------
                         required time                         10.861    
                         arrival time                          -8.416    
  -------------------------------------------------------------------
                         slack                                  2.446    

Slack (MET) :             2.446ns  (required time - arrival time)
  Source:                 u_impl/gen_regular_mag_fanout.u_mag/i_square0/CLK
                            (rising edge-triggered cell DSP48E1 clocked by clk  {rise@0.000ns fall@5.000ns period=10.000ns})
  Destination:            u_impl/gen_regular_mag_fanout.u_mag/i_square_reg/PCIN[25]
                            (rising edge-triggered cell DSP48E1 clocked by clk  {rise@0.000ns fall@5.000ns period=10.000ns})
  Path Group:             clk
  Path Type:              Setup (Max at Slow Process Corner)
  Requirement:            10.000ns  (clk rise@10.000ns - clk rise@0.000ns)
  Data Path Delay:        5.974ns  (logic 5.919ns (99.079%)  route 0.055ns (0.921%))
  Logic Levels:           1  (DSP48E1=1)
  Clock Path Skew:        -0.145ns (DCD - SCD + CPR)
    Destination Clock Delay (DCD):    2.118ns = ( 12.118 - 10.000 ) 
    Source Clock Delay      (SCD):    2.442ns
    Clock Pessimism Removal (CPR):    0.179ns
  Clock Uncertainty:      0.035ns  ((TSJ^2 + TIJ^2)^1/2 + DJ) / 2 + PE
    Total System Jitter     (TSJ):    0.071ns
    Total Input Jitter      (TIJ):    0.000ns
    Discrete Jitter          (DJ):    0.000ns
    Phase Error              (PE):    0.000ns

    Location             Delay type                Incr(ns)  Path(ns)    Netlist Resource(s)
  -------------------------------------------------------------------    -------------------
                         (clock clk rise edge)        0.000     0.000 r  
                                                      0.000     0.000 r  clk (IN)
                         net (fo=0)                   0.000     0.000    clk
                         IBUF (Prop_ibuf_I_O)         0.962     0.962 r  clk_IBUF_inst/O
                         net (fo=1, unplaced)         0.800     1.762    clk_IBUF
                         BUFG (Prop_bufg_I_O)         0.096     1.858 r  clk_IBUF_BUFG_inst/O
                         net (fo=2395, unplaced)      0.584     2.442    u_impl/gen_regular_mag_fanout.u_mag/clk_IBUF_BUFG
                         DSP48E1                                      r  u_impl/gen_regular_mag_fanout.u_mag/i_square0/CLK
  -------------------------------------------------------------------    -------------------
                         DSP48E1 (Prop_dsp48e1_CLK_PCOUT[47])
                                                      4.206     6.648 r  u_impl/gen_regular_mag_fanout.u_mag/i_square0/PCOUT[47]
                         net (fo=1, unplaced)         0.055     6.703    u_impl/gen_regular_mag_fanout.u_mag/i_square0_n_106
                         DSP48E1 (Prop_dsp48e1_PCIN[47]_PCOUT[25])
                                                      1.713     8.416 r  u_impl/gen_regular_mag_fanout.u_mag/i_square0__0/PCOUT[25]
                         net (fo=1, unplaced)         0.000     8.416    u_impl/gen_regular_mag_fanout.u_mag/i_square0__0_n_128
                         DSP48E1                                      r  u_impl/gen_regular_mag_fanout.u_mag/i_square_reg/PCIN[25]
  -------------------------------------------------------------------    -------------------

                         (clock clk rise edge)       10.000    10.000 r  
                                                      0.000    10.000 r  clk (IN)
                         net (fo=0)                   0.000    10.000    clk
                         IBUF (Prop_ibuf_I_O)         0.829    10.829 r  clk_IBUF_inst/O
                         net (fo=1, unplaced)         0.760    11.588    clk_IBUF
                         BUFG (Prop_bufg_I_O)         0.091    11.679 r  clk_IBUF_BUFG_inst/O
                         net (fo=2395, unplaced)      0.439    12.118    u_impl/gen_regular_mag_fanout.u_mag/clk_IBUF_BUFG
                         DSP48E1                                      r  u_impl/gen_regular_mag_fanout.u_mag/i_square_reg/CLK
                         clock pessimism              0.179    12.297    
                         clock uncertainty           -0.035    12.261    
                         DSP48E1 (Setup_dsp48e1_CLK_PCIN[25])
                                                     -1.400    10.861    u_impl/gen_regular_mag_fanout.u_mag/i_square_reg
  -------------------------------------------------------------------
                         required time                         10.861    
                         arrival time                          -8.416    
  -------------------------------------------------------------------
                         slack                                  2.446    

Slack (MET) :             2.446ns  (required time - arrival time)
  Source:                 u_impl/gen_regular_mag_fanout.u_mag/i_square0/CLK
                            (rising edge-triggered cell DSP48E1 clocked by clk  {rise@0.000ns fall@5.000ns period=10.000ns})
  Destination:            u_impl/gen_regular_mag_fanout.u_mag/i_square_reg/PCIN[26]
                            (rising edge-triggered cell DSP48E1 clocked by clk  {rise@0.000ns fall@5.000ns period=10.000ns})
  Path Group:             clk
  Path Type:              Setup (Max at Slow Process Corner)
  Requirement:            10.000ns  (clk rise@10.000ns - clk rise@0.000ns)
  Data Path Delay:        5.974ns  (logic 5.919ns (99.079%)  route 0.055ns (0.921%))
  Logic Levels:           1  (DSP48E1=1)
  Clock Path Skew:        -0.145ns (DCD - SCD + CPR)
    Destination Clock Delay (DCD):    2.118ns = ( 12.118 - 10.000 ) 
    Source Clock Delay      (SCD):    2.442ns
    Clock Pessimism Removal (CPR):    0.179ns
  Clock Uncertainty:      0.035ns  ((TSJ^2 + TIJ^2)^1/2 + DJ) / 2 + PE
    Total System Jitter     (TSJ):    0.071ns
    Total Input Jitter      (TIJ):    0.000ns
    Discrete Jitter          (DJ):    0.000ns
    Phase Error              (PE):    0.000ns

    Location             Delay type                Incr(ns)  Path(ns)    Netlist Resource(s)
  -------------------------------------------------------------------    -------------------
                         (clock clk rise edge)        0.000     0.000 r  
                                                      0.000     0.000 r  clk (IN)
                         net (fo=0)                   0.000     0.000    clk
                         IBUF (Prop_ibuf_I_O)         0.962     0.962 r  clk_IBUF_inst/O
                         net (fo=1, unplaced)         0.800     1.762    clk_IBUF
                         BUFG (Prop_bufg_I_O)         0.096     1.858 r  clk_IBUF_BUFG_inst/O
                         net (fo=2395, unplaced)      0.584     2.442    u_impl/gen_regular_mag_fanout.u_mag/clk_IBUF_BUFG
                         DSP48E1                                      r  u_impl/gen_regular_mag_fanout.u_mag/i_square0/CLK
  -------------------------------------------------------------------    -------------------
                         DSP48E1 (Prop_dsp48e1_CLK_PCOUT[47])
                                                      4.206     6.648 r  u_impl/gen_regular_mag_fanout.u_mag/i_square0/PCOUT[47]
                         net (fo=1, unplaced)         0.055     6.703    u_impl/gen_regular_mag_fanout.u_mag/i_square0_n_106
                         DSP48E1 (Prop_dsp48e1_PCIN[47]_PCOUT[26])
                                                      1.713     8.416 r  u_impl/gen_regular_mag_fanout.u_mag/i_square0__0/PCOUT[26]
                         net (fo=1, unplaced)         0.000     8.416    u_impl/gen_regular_mag_fanout.u_mag/i_square0__0_n_127
                         DSP48E1                                      r  u_impl/gen_regular_mag_fanout.u_mag/i_square_reg/PCIN[26]
  -------------------------------------------------------------------    -------------------

                         (clock clk rise edge)       10.000    10.000 r  
                                                      0.000    10.000 r  clk (IN)
                         net (fo=0)                   0.000    10.000    clk
                         IBUF (Prop_ibuf_I_O)         0.829    10.829 r  clk_IBUF_inst/O
                         net (fo=1, unplaced)         0.760    11.588    clk_IBUF
                         BUFG (Prop_bufg_I_O)         0.091    11.679 r  clk_IBUF_BUFG_inst/O
                         net (fo=2395, unplaced)      0.439    12.118    u_impl/gen_regular_mag_fanout.u_mag/clk_IBUF_BUFG
                         DSP48E1                                      r  u_impl/gen_regular_mag_fanout.u_mag/i_square_reg/CLK
                         clock pessimism              0.179    12.297    
                         clock uncertainty           -0.035    12.261    
                         DSP48E1 (Setup_dsp48e1_CLK_PCIN[26])
                                                     -1.400    10.861    u_impl/gen_regular_mag_fanout.u_mag/i_square_reg
  -------------------------------------------------------------------
                         required time                         10.861    
                         arrival time                          -8.416    
  -------------------------------------------------------------------
                         slack                                  2.446    

Slack (MET) :             2.446ns  (required time - arrival time)
  Source:                 u_impl/gen_regular_mag_fanout.u_mag/i_square0/CLK
                            (rising edge-triggered cell DSP48E1 clocked by clk  {rise@0.000ns fall@5.000ns period=10.000ns})
  Destination:            u_impl/gen_regular_mag_fanout.u_mag/i_square_reg/PCIN[27]
                            (rising edge-triggered cell DSP48E1 clocked by clk  {rise@0.000ns fall@5.000ns period=10.000ns})
  Path Group:             clk
  Path Type:              Setup (Max at Slow Process Corner)
  Requirement:            10.000ns  (clk rise@10.000ns - clk rise@0.000ns)
  Data Path Delay:        5.974ns  (logic 5.919ns (99.079%)  route 0.055ns (0.921%))
  Logic Levels:           1  (DSP48E1=1)
  Clock Path Skew:        -0.145ns (DCD - SCD + CPR)
    Destination Clock Delay (DCD):    2.118ns = ( 12.118 - 10.000 ) 
    Source Clock Delay      (SCD):    2.442ns
    Clock Pessimism Removal (CPR):    0.179ns
  Clock Uncertainty:      0.035ns  ((TSJ^2 + TIJ^2)^1/2 + DJ) / 2 + PE
    Total System Jitter     (TSJ):    0.071ns
    Total Input Jitter      (TIJ):    0.000ns
    Discrete Jitter          (DJ):    0.000ns
    Phase Error              (PE):    0.000ns

    Location             Delay type                Incr(ns)  Path(ns)    Netlist Resource(s)
  -------------------------------------------------------------------    -------------------
                         (clock clk rise edge)        0.000     0.000 r  
                                                      0.000     0.000 r  clk (IN)
                         net (fo=0)                   0.000     0.000    clk
                         IBUF (Prop_ibuf_I_O)         0.962     0.962 r  clk_IBUF_inst/O
                         net (fo=1, unplaced)         0.800     1.762    clk_IBUF
                         BUFG (Prop_bufg_I_O)         0.096     1.858 r  clk_IBUF_BUFG_inst/O
                         net (fo=2395, unplaced)      0.584     2.442    u_impl/gen_regular_mag_fanout.u_mag/clk_IBUF_BUFG
                         DSP48E1                                      r  u_impl/gen_regular_mag_fanout.u_mag/i_square0/CLK
  -------------------------------------------------------------------    -------------------
                         DSP48E1 (Prop_dsp48e1_CLK_PCOUT[47])
                                                      4.206     6.648 r  u_impl/gen_regular_mag_fanout.u_mag/i_square0/PCOUT[47]
                         net (fo=1, unplaced)         0.055     6.703    u_impl/gen_regular_mag_fanout.u_mag/i_square0_n_106
                         DSP48E1 (Prop_dsp48e1_PCIN[47]_PCOUT[27])
                                                      1.713     8.416 r  u_impl/gen_regular_mag_fanout.u_mag/i_square0__0/PCOUT[27]
                         net (fo=1, unplaced)         0.000     8.416    u_impl/gen_regular_mag_fanout.u_mag/i_square0__0_n_126
                         DSP48E1                                      r  u_impl/gen_regular_mag_fanout.u_mag/i_square_reg/PCIN[27]
  -------------------------------------------------------------------    -------------------

                         (clock clk rise edge)       10.000    10.000 r  
                                                      0.000    10.000 r  clk (IN)
                         net (fo=0)                   0.000    10.000    clk
                         IBUF (Prop_ibuf_I_O)         0.829    10.829 r  clk_IBUF_inst/O
                         net (fo=1, unplaced)         0.760    11.588    clk_IBUF
                         BUFG (Prop_bufg_I_O)         0.091    11.679 r  clk_IBUF_BUFG_inst/O
                         net (fo=2395, unplaced)      0.439    12.118    u_impl/gen_regular_mag_fanout.u_mag/clk_IBUF_BUFG
                         DSP48E1                                      r  u_impl/gen_regular_mag_fanout.u_mag/i_square_reg/CLK
                         clock pessimism              0.179    12.297    
                         clock uncertainty           -0.035    12.261    
                         DSP48E1 (Setup_dsp48e1_CLK_PCIN[27])
                                                     -1.400    10.861    u_impl/gen_regular_mag_fanout.u_mag/i_square_reg
  -------------------------------------------------------------------
                         required time                         10.861    
                         arrival time                          -8.416    
  -------------------------------------------------------------------
                         slack                                  2.446    




