Copyright 1986-2022 Xilinx, Inc. All Rights Reserved. Copyright 2022-2025 Advanced Micro Devices, Inc. All Rights Reserved.
------------------------------------------------------------------------------------------------------------------------------------------------
| Tool Version : Vivado v.2025.2 (win64) Build 6299465 Fri Nov 14 19:35:11 GMT 2025
| Date         : Sun May  3 16:30:26 2026
| Host         : Navnil_Desktop running 64-bit major release  (build 9200)
| Command      : report_timing_summary -file C:/Users/CHOUDN3/Downloads/VLSI_project/reports/pipelined_plus1_impl/post_route_timing_summary.rpt
| Design       : lockin_pipelined_plus1_top
| Device       : 7a35t-fgg484
| Speed File   : -1  PRODUCTION 1.23 2018-06-13
| Design State : Routed
------------------------------------------------------------------------------------------------------------------------------------------------

Timing Summary Report

------------------------------------------------------------------------------------------------
| Timer Settings
| --------------
------------------------------------------------------------------------------------------------

  Enable Multi Corner Analysis               :  Yes
  Enable Pessimism Removal                   :  Yes
  Pessimism Removal Resolution               :  Nearest Common Node
  Enable Input Delay Default Clock           :  No
  Enable Preset / Clear Arcs                 :  No
  Disable Flight Delays                      :  No
  Ignore I/O Paths                           :  No
  Timing Early Launch at Borrowing Latches   :  No
  Borrow Time for Max Delay Exceptions       :  Yes
  Merge Timing Exceptions                    :  Yes
  Inter-SLR Compensation                     :  Conservative

  Corner  Analyze    Analyze    
  Name    Max Paths  Min Paths  
  ------  ---------  ---------  
  Slow    Yes        Yes        
  Fast    Yes        Yes        


------------------------------------------------------------------------------------------------
| Report Methodology
| ------------------
------------------------------------------------------------------------------------------------

No report available as report_methodology has not been run prior. Run report_methodology on the current design for the summary of methodology violations.



check_timing report

Table of Contents
-----------------
1. checking no_clock (0)
2. checking constant_clock (0)
3. checking pulse_width_clock (0)
4. checking unconstrained_internal_endpoints (0)
5. checking no_input_delay (18)
6. checking no_output_delay (132)
7. checking multiple_clock (0)
8. checking generated_clocks (0)
9. checking loops (0)
10. checking partial_input_delay (0)
11. checking partial_output_delay (0)
12. checking latch_loops (0)

1. checking no_clock (0)
------------------------
 There are 0 register/latch pins with no clock.


2. checking constant_clock (0)
------------------------------
 There are 0 register/latch pins with constant_clock.


3. checking pulse_width_clock (0)
---------------------------------
 There are 0 register/latch pins which need pulse_width check


4. checking unconstrained_internal_endpoints (0)
------------------------------------------------
 There are 0 pins that are not constrained for maximum delay.

 There are 0 pins that are not constrained for maximum delay due to constant clock.


5. checking no_input_delay (18)
-------------------------------
 There are 18 input ports with no input delay specified. (HIGH)

 There are 0 input ports with no input delay but user has a false path constraint.


6. checking no_output_delay (132)
---------------------------------
 There are 132 ports with no output delay specified. (HIGH)

 There are 0 ports with no output delay but user has a false path constraint

 There are 0 ports with no output delay but with a timing clock defined on it or propagating through it


7. checking multiple_clock (0)
------------------------------
 There are 0 register/latch pins with multiple clocks.


8. checking generated_clocks (0)
--------------------------------
 There are 0 generated clocks that are not connected to a clock source.


9. checking loops (0)
---------------------
 There are 0 combinational loops in the design.


10. checking partial_input_delay (0)
------------------------------------
 There are 0 input ports with partial input delay specified.


11. checking partial_output_delay (0)
-------------------------------------
 There are 0 ports with partial output delay specified.


12. checking latch_loops (0)
----------------------------
 There are 0 combinational latch loops in the design through latch input



------------------------------------------------------------------------------------------------
| Design Timing Summary
| ---------------------
------------------------------------------------------------------------------------------------

    WNS(ns)      TNS(ns)  TNS Failing Endpoints  TNS Total Endpoints      WHS(ns)      THS(ns)  THS Failing Endpoints  THS Total Endpoints     WPWS(ns)     TPWS(ns)  TPWS Failing Endpoints  TPWS Total Endpoints  
    -------      -------  ---------------------  -------------------      -------      -------  ---------------------  -------------------     --------     --------  ----------------------  --------------------  
      1.418        0.000                      0                 5171        0.033        0.000                      0                 5171        4.020        0.000                       0                  2056  


All user specified timing constraints are met.


------------------------------------------------------------------------------------------------
| Clock Summary
| -------------
------------------------------------------------------------------------------------------------

Clock  Waveform(ns)       Period(ns)      Frequency(MHz)
-----  ------------       ----------      --------------
clk    {0.000 5.000}      10.000          100.000         


------------------------------------------------------------------------------------------------
| Intra Clock Table
| -----------------
------------------------------------------------------------------------------------------------

Clock             WNS(ns)      TNS(ns)  TNS Failing Endpoints  TNS Total Endpoints      WHS(ns)      THS(ns)  THS Failing Endpoints  THS Total Endpoints     WPWS(ns)     TPWS(ns)  TPWS Failing Endpoints  TPWS Total Endpoints  
-----             -------      -------  ---------------------  -------------------      -------      -------  ---------------------  -------------------     --------     --------  ----------------------  --------------------  
clk                 1.418        0.000                      0                 5171        0.033        0.000                      0                 5171        4.020        0.000                       0                  2056  


------------------------------------------------------------------------------------------------
| Inter Clock Table
| -----------------
------------------------------------------------------------------------------------------------

From Clock    To Clock          WNS(ns)      TNS(ns)  TNS Failing Endpoints  TNS Total Endpoints      WHS(ns)      THS(ns)  THS Failing Endpoints  THS Total Endpoints  
----------    --------          -------      -------  ---------------------  -------------------      -------      -------  ---------------------  -------------------  


------------------------------------------------------------------------------------------------
| Other Path Groups Table
| -----------------------
------------------------------------------------------------------------------------------------

Path Group    From Clock    To Clock          WNS(ns)      TNS(ns)  TNS Failing Endpoints  TNS Total Endpoints      WHS(ns)      THS(ns)  THS Failing Endpoints  THS Total Endpoints  
----------    ----------    --------          -------      -------  ---------------------  -------------------      -------      -------  ---------------------  -------------------  


------------------------------------------------------------------------------------------------
| Timing Details
| --------------
------------------------------------------------------------------------------------------------


---------------------------------------------------------------------------------------------------
From Clock:  clk
  To Clock:  clk

Setup :            0  Failing Endpoints,  Worst Slack        1.418ns,  Total Violation        0.000ns
Hold  :            0  Failing Endpoints,  Worst Slack        0.033ns,  Total Violation        0.000ns
PW    :            0  Failing Endpoints,  Worst Slack        4.020ns,  Total Violation        0.000ns
---------------------------------------------------------------------------------------------------


Max Delay Paths
--------------------------------------------------------------------------------------
Slack (MET) :             1.418ns  (required time - arrival time)
  Source:                 u_impl/u_fir_q/sum4567_reg[1]/C
                            (rising edge-triggered cell FDRE clocked by clk  {rise@0.000ns fall@5.000ns period=10.000ns})
  Destination:            u_impl/u_fir_q/sample_out_reg[44]/D
                            (rising edge-triggered cell FDRE clocked by clk  {rise@0.000ns fall@5.000ns period=10.000ns})
  Path Group:             clk
  Path Type:              Setup (Max at Slow Process Corner)
  Requirement:            10.000ns  (clk rise@10.000ns - clk rise@0.000ns)
  Data Path Delay:        8.693ns  (logic 4.508ns (51.856%)  route 4.185ns (48.144%))
  Logic Levels:           17  (CARRY4=13 LUT1=2 LUT2=1 LUT3=1)
  Clock Path Skew:        0.029ns (DCD - SCD + CPR)
    Destination Clock Delay (DCD):    4.493ns = ( 14.493 - 10.000 ) 
    Source Clock Delay      (SCD):    4.795ns
    Clock Pessimism Removal (CPR):    0.331ns
  Clock Uncertainty:      0.035ns  ((TSJ^2 + TIJ^2)^1/2 + DJ) / 2 + PE
    Total System Jitter     (TSJ):    0.071ns
    Total Input Jitter      (TIJ):    0.000ns
    Discrete Jitter          (DJ):    0.000ns
    Phase Error              (PE):    0.000ns

    Location             Delay type                Incr(ns)  Path(ns)    Netlist Resource(s)
  -------------------------------------------------------------------    -------------------
                         (clock clk rise edge)        0.000     0.000 r  
    Y4                                                0.000     0.000 r  clk (IN)
                         net (fo=0)                   0.000     0.000    clk
    Y4                   IBUF (Prop_ibuf_I_O)         0.993     0.993 r  clk_IBUF_inst/O
                         net (fo=1, routed)           1.967     2.959    clk_IBUF
    BUFGCTRL_X0Y0        BUFG (Prop_bufg_I_O)         0.096     3.055 r  clk_IBUF_BUFG_inst/O
                         net (fo=2055, routed)        1.739     4.795    u_impl/u_fir_q/clk_IBUF_BUFG
    SLICE_X24Y100        FDRE                                         r  u_impl/u_fir_q/sum4567_reg[1]/C
  -------------------------------------------------------------------    -------------------
    SLICE_X24Y100        FDRE (Prop_fdre_C_Q)         0.456     5.251 r  u_impl/u_fir_q/sum4567_reg[1]/Q
                         net (fo=1, routed)           0.842     6.093    u_impl/u_fir_q/sum4567[1]
    SLICE_X29Y97         LUT2 (Prop_lut2_I1_O)        0.124     6.217 r  u_impl/u_fir_q/final_sum_carry_i_3__0/O
                         net (fo=1, routed)           0.000     6.217    u_impl/u_fir_q/final_sum_carry_i_3__0_n_0
    SLICE_X29Y97         CARRY4 (Prop_carry4_S[1]_O[3])
                                                      0.640     6.857 f  u_impl/u_fir_q/final_sum_carry/O[3]
                         net (fo=4, routed)           1.151     8.008    u_impl/u_fir_q/value[3]
    SLICE_X8Y100         LUT1 (Prop_lut1_I0_O)        0.335     8.343 r  u_impl/u_fir_q/sample_out[0]_i_4__0/O
                         net (fo=1, routed)           0.000     8.343    u_impl/u_fir_q/sample_out[0]_i_4__0_n_0
    SLICE_X8Y100         CARRY4 (Prop_carry4_DI[2]_O[3])
                                                      0.395     8.738 f  u_impl/u_fir_q/sample_out_reg[0]_i_2__0/O[3]
                         net (fo=2, routed)           0.545     9.283    u_impl/u_fir_q/round_shift2[4]
    SLICE_X4Y100         LUT1 (Prop_lut1_I0_O)        0.307     9.590 r  u_impl/u_fir_q/sample_out[4]_i_3/O
                         net (fo=1, routed)           0.762    10.352    u_impl/u_fir_q/sample_out[4]_i_3_n_0
    SLICE_X9Y98          CARRY4 (Prop_carry4_CYINIT_CO[3])
                                                      0.580    10.932 r  u_impl/u_fir_q/sample_out_reg[4]_i_2__0/CO[3]
                         net (fo=1, routed)           0.000    10.932    u_impl/u_fir_q/sample_out_reg[4]_i_2__0_n_0
    SLICE_X9Y99          CARRY4 (Prop_carry4_CI_CO[3])
                                                      0.114    11.046 r  u_impl/u_fir_q/sample_out_reg[8]_i_2__0/CO[3]
                         net (fo=1, routed)           0.001    11.047    u_impl/u_fir_q/sample_out_reg[8]_i_2__0_n_0
    SLICE_X9Y100         CARRY4 (Prop_carry4_CI_CO[3])
                                                      0.114    11.161 r  u_impl/u_fir_q/sample_out_reg[12]_i_2__0/CO[3]
                         net (fo=1, routed)           0.000    11.161    u_impl/u_fir_q/sample_out_reg[12]_i_2__0_n_0
    SLICE_X9Y101         CARRY4 (Prop_carry4_CI_CO[3])
                                                      0.114    11.275 r  u_impl/u_fir_q/sample_out_reg[16]_i_2__0/CO[3]
                         net (fo=1, routed)           0.000    11.275    u_impl/u_fir_q/sample_out_reg[16]_i_2__0_n_0
    SLICE_X9Y102         CARRY4 (Prop_carry4_CI_CO[3])
                                                      0.114    11.389 r  u_impl/u_fir_q/sample_out_reg[20]_i_2__0/CO[3]
                         net (fo=1, routed)           0.000    11.389    u_impl/u_fir_q/sample_out_reg[20]_i_2__0_n_0
    SLICE_X9Y103         CARRY4 (Prop_carry4_CI_CO[3])
                                                      0.114    11.503 r  u_impl/u_fir_q/sample_out_reg[24]_i_2__0/CO[3]
                         net (fo=1, routed)           0.000    11.503    u_impl/u_fir_q/sample_out_reg[24]_i_2__0_n_0
    SLICE_X9Y104         CARRY4 (Prop_carry4_CI_CO[3])
                                                      0.114    11.617 r  u_impl/u_fir_q/sample_out_reg[28]_i_2__0/CO[3]
                         net (fo=1, routed)           0.000    11.617    u_impl/u_fir_q/sample_out_reg[28]_i_2__0_n_0
    SLICE_X9Y105         CARRY4 (Prop_carry4_CI_CO[3])
                                                      0.114    11.731 r  u_impl/u_fir_q/sample_out_reg[32]_i_2__0/CO[3]
                         net (fo=1, routed)           0.000    11.731    u_impl/u_fir_q/sample_out_reg[32]_i_2__0_n_0
    SLICE_X9Y106         CARRY4 (Prop_carry4_CI_CO[3])
                                                      0.114    11.845 r  u_impl/u_fir_q/sample_out_reg[36]_i_2__0/CO[3]
                         net (fo=1, routed)           0.000    11.845    u_impl/u_fir_q/sample_out_reg[36]_i_2__0_n_0
    SLICE_X9Y107         CARRY4 (Prop_carry4_CI_CO[3])
                                                      0.114    11.959 r  u_impl/u_fir_q/sample_out_reg[40]_i_2__0/CO[3]
                         net (fo=1, routed)           0.000    11.959    u_impl/u_fir_q/sample_out_reg[40]_i_2__0_n_0
    SLICE_X9Y108         CARRY4 (Prop_carry4_CI_O[3])
                                                      0.313    12.272 r  u_impl/u_fir_q/sample_out_reg[44]_i_2__0/O[3]
                         net (fo=1, routed)           0.884    13.156    u_impl/u_fir_q/round_shift0[44]
    SLICE_X6Y108         LUT3 (Prop_lut3_I0_O)        0.332    13.488 r  u_impl/u_fir_q/sample_out[44]_i_1/O
                         net (fo=1, routed)           0.000    13.488    u_impl/u_fir_q/round_shift_return[44]
    SLICE_X6Y108         FDRE                                         r  u_impl/u_fir_q/sample_out_reg[44]/D
  -------------------------------------------------------------------    -------------------

                         (clock clk rise edge)       10.000    10.000 r  
    Y4                                                0.000    10.000 r  clk (IN)
                         net (fo=0)                   0.000    10.000    clk
    Y4                   IBUF (Prop_ibuf_I_O)         0.859    10.859 r  clk_IBUF_inst/O
                         net (fo=1, routed)           1.862    12.721    clk_IBUF
    BUFGCTRL_X0Y0        BUFG (Prop_bufg_I_O)         0.091    12.812 r  clk_IBUF_BUFG_inst/O
                         net (fo=2055, routed)        1.681    14.493    u_impl/u_fir_q/clk_IBUF_BUFG
    SLICE_X6Y108         FDRE                                         r  u_impl/u_fir_q/sample_out_reg[44]/C
                         clock pessimism              0.331    14.824    
                         clock uncertainty           -0.035    14.788    
    SLICE_X6Y108         FDRE (Setup_fdre_C_D)        0.118    14.906    u_impl/u_fir_q/sample_out_reg[44]
  -------------------------------------------------------------------
                         required time                         14.906    
                         arrival time                         -13.488    
  -------------------------------------------------------------------
                         slack                                  1.418    





Min Delay Paths
--------------------------------------------------------------------------------------
Slack (MET) :             0.033ns  (arrival time - required time)
  Source:                 u_impl/u_fir_q/term7_reg[13]/C
                            (rising edge-triggered cell FDRE clocked by clk  {rise@0.000ns fall@5.000ns period=10.000ns})
  Destination:            u_impl/u_fir_q/sum67_reg[17]/D
                            (rising edge-triggered cell FDRE clocked by clk  {rise@0.000ns fall@5.000ns period=10.000ns})
  Path Group:             clk
  Path Type:              Hold (Min at Fast Process Corner)
  Requirement:            0.000ns  (clk rise@0.000ns - clk rise@0.000ns)
  Data Path Delay:        0.490ns  (logic 0.392ns (80.072%)  route 0.098ns (19.928%))
  Logic Levels:           3  (CARRY4=2 LUT2=1)
  Clock Path Skew:        0.351ns (DCD - SCD - CPR)
    Destination Clock Delay (DCD):    2.042ns
    Source Clock Delay      (SCD):    1.440ns
    Clock Pessimism Removal (CPR):    0.251ns

    Location             Delay type                Incr(ns)  Path(ns)    Netlist Resource(s)
  -------------------------------------------------------------------    -------------------
                         (clock clk rise edge)        0.000     0.000 r  
    Y4                                                0.000     0.000 r  clk (IN)
                         net (fo=0)                   0.000     0.000    clk
    Y4                   IBUF (Prop_ibuf_I_O)         0.221     0.221 r  clk_IBUF_inst/O
                         net (fo=1, routed)           0.631     0.852    clk_IBUF
    BUFGCTRL_X0Y0        BUFG (Prop_bufg_I_O)         0.026     0.878 r  clk_IBUF_BUFG_inst/O
                         net (fo=2055, routed)        0.562     1.440    u_impl/u_fir_q/clk_IBUF_BUFG
    SLICE_X29Y99         FDRE                                         r  u_impl/u_fir_q/term7_reg[13]/C
  -------------------------------------------------------------------    -------------------
    SLICE_X29Y99         FDRE (Prop_fdre_C_Q)         0.141     1.581 r  u_impl/u_fir_q/term7_reg[13]/Q
                         net (fo=1, routed)           0.097     1.678    u_impl/u_fir_q/term7[13]
    SLICE_X28Y99         LUT2 (Prop_lut2_I1_O)        0.045     1.723 r  u_impl/u_fir_q/sum67[16]_i_5/O
                         net (fo=1, routed)           0.000     1.723    u_impl/u_fir_q/sum67[16]_i_5_n_0
    SLICE_X28Y99         CARRY4 (Prop_carry4_S[0]_CO[3])
                                                      0.152     1.875 r  u_impl/u_fir_q/sum67_reg[16]_i_1/CO[3]
                         net (fo=1, routed)           0.001     1.876    u_impl/u_fir_q/sum67_reg[16]_i_1_n_0
    SLICE_X28Y100        CARRY4 (Prop_carry4_CI_O[0])
                                                      0.054     1.930 r  u_impl/u_fir_q/sum67_reg[20]_i_1/O[0]
                         net (fo=1, routed)           0.000     1.930    u_impl/u_fir_q/p_0_in[17]
    SLICE_X28Y100        FDRE                                         r  u_impl/u_fir_q/sum67_reg[17]/D
  -------------------------------------------------------------------    -------------------

                         (clock clk rise edge)        0.000     0.000 r  
    Y4                                                0.000     0.000 r  clk (IN)
                         net (fo=0)                   0.000     0.000    clk
    Y4                   IBUF (Prop_ibuf_I_O)         0.410     0.410 r  clk_IBUF_inst/O
                         net (fo=1, routed)           0.685     1.095    clk_IBUF
    BUFGCTRL_X0Y0        BUFG (Prop_bufg_I_O)         0.029     1.124 r  clk_IBUF_BUFG_inst/O
                         net (fo=2055, routed)        0.918     2.042    u_impl/u_fir_q/clk_IBUF_BUFG
    SLICE_X28Y100        FDRE                                         r  u_impl/u_fir_q/sum67_reg[17]/C
                         clock pessimism             -0.251     1.791    
    SLICE_X28Y100        FDRE (Hold_fdre_C_D)         0.105     1.896    u_impl/u_fir_q/sum67_reg[17]
  -------------------------------------------------------------------
                         required time                         -1.896    
                         arrival time                           1.930    
  -------------------------------------------------------------------
                         slack                                  0.033    





Pulse Width Checks
--------------------------------------------------------------------------------------
Clock Name:         clk
Waveform(ns):       { 0.000 5.000 }
Period(ns):         10.000
Sources:            { clk }

Check Type        Corner  Lib Pin      Reference Pin  Required(ns)  Actual(ns)  Slack(ns)  Location       Pin
Min Period        n/a     DSP48E1/CLK  n/a            3.884         10.000      6.116      DSP48_X0Y45    u_impl/u_mag/i_square_reg/CLK
Low Pulse Width   Slow    SRL16E/CLK   n/a            0.980         5.000       4.020      SLICE_X30Y101  u_impl/bin_mag_p1_reg[0]_srl8___u_impl_bin_mag_p1_reg_r/CLK
High Pulse Width  Slow    SRL16E/CLK   n/a            0.980         5.000       4.020      SLICE_X30Y101  u_impl/bin_mag_p1_reg[0]_srl8___u_impl_bin_mag_p1_reg_r/CLK



