Copyright 1986-2022 Xilinx, Inc. All Rights Reserved. Copyright 2022-2025 Advanced Micro Devices, Inc. All Rights Reserved.
-------------------------------------------------------------------------------------------------------------------------------------------------------------------------
| Tool Version : Vivado v.2025.2 (win64) Build 6299465 Fri Nov 14 19:35:11 GMT 2025
| Date         : Sun May  3 20:04:16 2026
| Host         : Navnil_Desktop running 64-bit major release  (build 9200)
| Command      : report_timing_summary -file C:/Users/CHOUDN3/Downloads/VLSI_project/reports/pipelined_plus5_firout_accbuf_trackercmp_impl/post_route_timing_summary.rpt
| Design       : lockin_pipelined_plus5_firout_accbuf_trackercmp_top
| Device       : 7a35t-fgg484
| Speed File   : -1  PRODUCTION 1.23 2018-06-13
| Design State : Routed
-------------------------------------------------------------------------------------------------------------------------------------------------------------------------

Timing Summary Report

------------------------------------------------------------------------------------------------
| Timer Settings
| --------------
------------------------------------------------------------------------------------------------

  Enable Multi Corner Analysis               :  Yes
  Enable Pessimism Removal                   :  Yes
  Pessimism Removal Resolution               :  Nearest Common Node
  Enable Input Delay Default Clock           :  No
  Enable Preset / Clear Arcs                 :  No
  Disable Flight Delays                      :  No
  Ignore I/O Paths                           :  No
  Timing Early Launch at Borrowing Latches   :  No
  Borrow Time for Max Delay Exceptions       :  Yes
  Merge Timing Exceptions                    :  Yes
  Inter-SLR Compensation                     :  Conservative

  Corner  Analyze    Analyze    
  Name    Max Paths  Min Paths  
  ------  ---------  ---------  
  Slow    Yes        Yes        
  Fast    Yes        Yes        


------------------------------------------------------------------------------------------------
| Report Methodology
| ------------------
------------------------------------------------------------------------------------------------

No report available as report_methodology has not been run prior. Run report_methodology on the current design for the summary of methodology violations.



check_timing report

Table of Contents
-----------------
1. checking no_clock (0)
2. checking constant_clock (0)
3. checking pulse_width_clock (0)
4. checking unconstrained_internal_endpoints (0)
5. checking no_input_delay (18)
6. checking no_output_delay (132)
7. checking multiple_clock (0)
8. checking generated_clocks (0)
9. checking loops (0)
10. checking partial_input_delay (0)
11. checking partial_output_delay (0)
12. checking latch_loops (0)

1. checking no_clock (0)
------------------------
 There are 0 register/latch pins with no clock.


2. checking constant_clock (0)
------------------------------
 There are 0 register/latch pins with constant_clock.


3. checking pulse_width_clock (0)
---------------------------------
 There are 0 register/latch pins which need pulse_width check


4. checking unconstrained_internal_endpoints (0)
------------------------------------------------
 There are 0 pins that are not constrained for maximum delay.

 There are 0 pins that are not constrained for maximum delay due to constant clock.


5. checking no_input_delay (18)
-------------------------------
 There are 18 input ports with no input delay specified. (HIGH)

 There are 0 input ports with no input delay but user has a false path constraint.


6. checking no_output_delay (132)
---------------------------------
 There are 132 ports with no output delay specified. (HIGH)

 There are 0 ports with no output delay but user has a false path constraint

 There are 0 ports with no output delay but with a timing clock defined on it or propagating through it


7. checking multiple_clock (0)
------------------------------
 There are 0 register/latch pins with multiple clocks.


8. checking generated_clocks (0)
--------------------------------
 There are 0 generated clocks that are not connected to a clock source.


9. checking loops (0)
---------------------
 There are 0 combinational loops in the design.


10. checking partial_input_delay (0)
------------------------------------
 There are 0 input ports with partial input delay specified.


11. checking partial_output_delay (0)
-------------------------------------
 There are 0 ports with partial output delay specified.


12. checking latch_loops (0)
----------------------------
 There are 0 combinational latch loops in the design through latch input



------------------------------------------------------------------------------------------------
| Design Timing Summary
| ---------------------
------------------------------------------------------------------------------------------------

    WNS(ns)      TNS(ns)  TNS Failing Endpoints  TNS Total Endpoints      WHS(ns)      THS(ns)  THS Failing Endpoints  THS Total Endpoints     WPWS(ns)     TPWS(ns)  TPWS Failing Endpoints  TPWS Total Endpoints  
    -------      -------  ---------------------  -------------------      -------      -------  ---------------------  -------------------     --------     --------  ----------------------  --------------------  
      1.872        0.000                      0                 5995        0.037        0.000                      0                 5995        4.020        0.000                       0                  2767  


All user specified timing constraints are met.


------------------------------------------------------------------------------------------------
| Clock Summary
| -------------
------------------------------------------------------------------------------------------------

Clock  Waveform(ns)       Period(ns)      Frequency(MHz)
-----  ------------       ----------      --------------
clk    {0.000 5.000}      10.000          100.000         


------------------------------------------------------------------------------------------------
| Intra Clock Table
| -----------------
------------------------------------------------------------------------------------------------

Clock             WNS(ns)      TNS(ns)  TNS Failing Endpoints  TNS Total Endpoints      WHS(ns)      THS(ns)  THS Failing Endpoints  THS Total Endpoints     WPWS(ns)     TPWS(ns)  TPWS Failing Endpoints  TPWS Total Endpoints  
-----             -------      -------  ---------------------  -------------------      -------      -------  ---------------------  -------------------     --------     --------  ----------------------  --------------------  
clk                 1.872        0.000                      0                 5995        0.037        0.000                      0                 5995        4.020        0.000                       0                  2767  


------------------------------------------------------------------------------------------------
| Inter Clock Table
| -----------------
------------------------------------------------------------------------------------------------

From Clock    To Clock          WNS(ns)      TNS(ns)  TNS Failing Endpoints  TNS Total Endpoints      WHS(ns)      THS(ns)  THS Failing Endpoints  THS Total Endpoints  
----------    --------          -------      -------  ---------------------  -------------------      -------      -------  ---------------------  -------------------  


------------------------------------------------------------------------------------------------
| Other Path Groups Table
| -----------------------
------------------------------------------------------------------------------------------------

Path Group    From Clock    To Clock          WNS(ns)      TNS(ns)  TNS Failing Endpoints  TNS Total Endpoints      WHS(ns)      THS(ns)  THS Failing Endpoints  THS Total Endpoints  
----------    ----------    --------          -------      -------  ---------------------  -------------------      -------      -------  ---------------------  -------------------  


------------------------------------------------------------------------------------------------
| Timing Details
| --------------
------------------------------------------------------------------------------------------------


---------------------------------------------------------------------------------------------------
From Clock:  clk
  To Clock:  clk

Setup :            0  Failing Endpoints,  Worst Slack        1.872ns,  Total Violation        0.000ns
Hold  :            0  Failing Endpoints,  Worst Slack        0.037ns,  Total Violation        0.000ns
PW    :            0  Failing Endpoints,  Worst Slack        4.020ns,  Total Violation        0.000ns
---------------------------------------------------------------------------------------------------


Max Delay Paths
--------------------------------------------------------------------------------------
Slack (MET) :             1.872ns  (required time - arrival time)
  Source:                 u_impl/gen_fir_outreg.u_fir_q/final_sum_reg_reg[0]/C
                            (rising edge-triggered cell FDRE clocked by clk  {rise@0.000ns fall@5.000ns period=10.000ns})
  Destination:            u_impl/gen_fir_outreg.u_fir_q/sample_out_reg[47]/D
                            (rising edge-triggered cell FDRE clocked by clk  {rise@0.000ns fall@5.000ns period=10.000ns})
  Path Group:             clk
  Path Type:              Setup (Max at Slow Process Corner)
  Requirement:            10.000ns  (clk rise@10.000ns - clk rise@0.000ns)
  Data Path Delay:        8.133ns  (logic 4.102ns (50.434%)  route 4.031ns (49.566%))
  Logic Levels:           16  (CARRY4=13 LUT1=2 LUT3=1)
  Clock Path Skew:        -0.034ns (DCD - SCD + CPR)
    Destination Clock Delay (DCD):    4.256ns = ( 14.256 - 10.000 ) 
    Source Clock Delay      (SCD):    4.614ns
    Clock Pessimism Removal (CPR):    0.323ns
  Clock Uncertainty:      0.035ns  ((TSJ^2 + TIJ^2)^1/2 + DJ) / 2 + PE
    Total System Jitter     (TSJ):    0.071ns
    Total Input Jitter      (TIJ):    0.000ns
    Discrete Jitter          (DJ):    0.000ns
    Phase Error              (PE):    0.000ns

    Location             Delay type                Incr(ns)  Path(ns)    Netlist Resource(s)
  -------------------------------------------------------------------    -------------------
                         (clock clk rise edge)        0.000     0.000 r  
    Y4                                                0.000     0.000 r  clk (IN)
                         net (fo=0)                   0.000     0.000    clk
    Y4                   IBUF (Prop_ibuf_I_O)         0.993     0.993 r  clk_IBUF_inst/O
                         net (fo=1, routed)           1.967     2.959    clk_IBUF
    BUFGCTRL_X0Y0        BUFG (Prop_bufg_I_O)         0.096     3.055 r  clk_IBUF_BUFG_inst/O
                         net (fo=2766, routed)        1.558     4.614    u_impl/gen_fir_outreg.u_fir_q/clk_IBUF_BUFG
    SLICE_X14Y18         FDRE                                         r  u_impl/gen_fir_outreg.u_fir_q/final_sum_reg_reg[0]/C
  -------------------------------------------------------------------    -------------------
    SLICE_X14Y18         FDRE (Prop_fdre_C_Q)         0.518     5.132 f  u_impl/gen_fir_outreg.u_fir_q/final_sum_reg_reg[0]/Q
                         net (fo=1, routed)           0.749     5.881    u_impl/gen_fir_outreg.u_fir_q/final_sum_reg[0]
    SLICE_X14Y16         LUT1 (Prop_lut1_I0_O)        0.124     6.005 r  u_impl/gen_fir_outreg.u_fir_q/sample_out[0]_i_3/O
                         net (fo=1, routed)           0.683     6.688    u_impl/gen_fir_outreg.u_fir_q/sample_out[0]_i_3_n_0
    SLICE_X15Y24         CARRY4 (Prop_carry4_CYINIT_O[3])
                                                      0.642     7.330 f  u_impl/gen_fir_outreg.u_fir_q/sample_out_reg[0]_i_2__0/O[3]
                         net (fo=2, routed)           0.808     8.138    u_impl/gen_fir_outreg.u_fir_q/round_shift2[4]
    SLICE_X14Y16         LUT1 (Prop_lut1_I0_O)        0.301     8.439 r  u_impl/gen_fir_outreg.u_fir_q/sample_out[4]_i_3/O
                         net (fo=1, routed)           0.845     9.285    u_impl/gen_fir_outreg.u_fir_q/sample_out[4]_i_3_n_0
    SLICE_X13Y25         CARRY4 (Prop_carry4_CYINIT_CO[3])
                                                      0.811    10.096 r  u_impl/gen_fir_outreg.u_fir_q/sample_out_reg[4]_i_2__0/CO[3]
                         net (fo=1, routed)           0.000    10.096    u_impl/gen_fir_outreg.u_fir_q/sample_out_reg[4]_i_2__0_n_0
    SLICE_X13Y26         CARRY4 (Prop_carry4_CI_CO[3])
                                                      0.114    10.210 r  u_impl/gen_fir_outreg.u_fir_q/sample_out_reg[8]_i_2__0/CO[3]
                         net (fo=1, routed)           0.000    10.210    u_impl/gen_fir_outreg.u_fir_q/sample_out_reg[8]_i_2__0_n_0
    SLICE_X13Y27         CARRY4 (Prop_carry4_CI_CO[3])
                                                      0.114    10.324 r  u_impl/gen_fir_outreg.u_fir_q/sample_out_reg[12]_i_2__0/CO[3]
                         net (fo=1, routed)           0.000    10.324    u_impl/gen_fir_outreg.u_fir_q/sample_out_reg[12]_i_2__0_n_0
    SLICE_X13Y28         CARRY4 (Prop_carry4_CI_CO[3])
                                                      0.114    10.438 r  u_impl/gen_fir_outreg.u_fir_q/sample_out_reg[16]_i_2__0/CO[3]
                         net (fo=1, routed)           0.000    10.438    u_impl/gen_fir_outreg.u_fir_q/sample_out_reg[16]_i_2__0_n_0
    SLICE_X13Y29         CARRY4 (Prop_carry4_CI_CO[3])
                                                      0.114    10.552 r  u_impl/gen_fir_outreg.u_fir_q/sample_out_reg[20]_i_2__0/CO[3]
                         net (fo=1, routed)           0.000    10.552    u_impl/gen_fir_outreg.u_fir_q/sample_out_reg[20]_i_2__0_n_0
    SLICE_X13Y30         CARRY4 (Prop_carry4_CI_CO[3])
                                                      0.114    10.666 r  u_impl/gen_fir_outreg.u_fir_q/sample_out_reg[24]_i_2__0/CO[3]
                         net (fo=1, routed)           0.000    10.666    u_impl/gen_fir_outreg.u_fir_q/sample_out_reg[24]_i_2__0_n_0
    SLICE_X13Y31         CARRY4 (Prop_carry4_CI_CO[3])
                                                      0.114    10.780 r  u_impl/gen_fir_outreg.u_fir_q/sample_out_reg[28]_i_2__0/CO[3]
                         net (fo=1, routed)           0.000    10.780    u_impl/gen_fir_outreg.u_fir_q/sample_out_reg[28]_i_2__0_n_0
    SLICE_X13Y32         CARRY4 (Prop_carry4_CI_CO[3])
                                                      0.114    10.894 r  u_impl/gen_fir_outreg.u_fir_q/sample_out_reg[32]_i_2__0/CO[3]
                         net (fo=1, routed)           0.000    10.894    u_impl/gen_fir_outreg.u_fir_q/sample_out_reg[32]_i_2__0_n_0
    SLICE_X13Y33         CARRY4 (Prop_carry4_CI_CO[3])
                                                      0.114    11.008 r  u_impl/gen_fir_outreg.u_fir_q/sample_out_reg[36]_i_2__0/CO[3]
                         net (fo=1, routed)           0.000    11.008    u_impl/gen_fir_outreg.u_fir_q/sample_out_reg[36]_i_2__0_n_0
    SLICE_X13Y34         CARRY4 (Prop_carry4_CI_CO[3])
                                                      0.114    11.122 r  u_impl/gen_fir_outreg.u_fir_q/sample_out_reg[40]_i_2__0/CO[3]
                         net (fo=1, routed)           0.000    11.122    u_impl/gen_fir_outreg.u_fir_q/sample_out_reg[40]_i_2__0_n_0
    SLICE_X13Y35         CARRY4 (Prop_carry4_CI_CO[3])
                                                      0.114    11.236 r  u_impl/gen_fir_outreg.u_fir_q/sample_out_reg[44]_i_2__0/CO[3]
                         net (fo=1, routed)           0.000    11.236    u_impl/gen_fir_outreg.u_fir_q/sample_out_reg[44]_i_2__0_n_0
    SLICE_X13Y36         CARRY4 (Prop_carry4_CI_O[2])
                                                      0.239    11.475 r  u_impl/gen_fir_outreg.u_fir_q/sample_out_reg[47]_i_2__0/O[2]
                         net (fo=1, routed)           0.945    12.420    u_impl/gen_fir_outreg.u_fir_q/round_shift0[47]
    SLICE_X11Y33         LUT3 (Prop_lut3_I0_O)        0.327    12.747 r  u_impl/gen_fir_outreg.u_fir_q/sample_out[47]_i_1/O
                         net (fo=1, routed)           0.000    12.747    u_impl/gen_fir_outreg.u_fir_q/round_shift_return[47]
    SLICE_X11Y33         FDRE                                         r  u_impl/gen_fir_outreg.u_fir_q/sample_out_reg[47]/D
  -------------------------------------------------------------------    -------------------

                         (clock clk rise edge)       10.000    10.000 r  
    Y4                                                0.000    10.000 r  clk (IN)
                         net (fo=0)                   0.000    10.000    clk
    Y4                   IBUF (Prop_ibuf_I_O)         0.859    10.859 r  clk_IBUF_inst/O
                         net (fo=1, routed)           1.862    12.721    clk_IBUF
    BUFGCTRL_X0Y0        BUFG (Prop_bufg_I_O)         0.091    12.812 r  clk_IBUF_BUFG_inst/O
                         net (fo=2766, routed)        1.444    14.256    u_impl/gen_fir_outreg.u_fir_q/clk_IBUF_BUFG
    SLICE_X11Y33         FDRE                                         r  u_impl/gen_fir_outreg.u_fir_q/sample_out_reg[47]/C
                         clock pessimism              0.323    14.580    
                         clock uncertainty           -0.035    14.544    
    SLICE_X11Y33         FDRE (Setup_fdre_C_D)        0.075    14.619    u_impl/gen_fir_outreg.u_fir_q/sample_out_reg[47]
  -------------------------------------------------------------------
                         required time                         14.619    
                         arrival time                         -12.747    
  -------------------------------------------------------------------
                         slack                                  1.872    





Min Delay Paths
--------------------------------------------------------------------------------------
Slack (MET) :             0.037ns  (arrival time - required time)
  Source:                 u_impl/gen_compare_pipelined_tracker.u_tracker/update_energy_s2_reg[46]/C
                            (rising edge-triggered cell FDRE clocked by clk  {rise@0.000ns fall@5.000ns period=10.000ns})
  Destination:            u_impl/gen_compare_pipelined_tracker.u_tracker/best_energy_reg[46]/D
                            (rising edge-triggered cell FDRE clocked by clk  {rise@0.000ns fall@5.000ns period=10.000ns})
  Path Group:             clk
  Path Type:              Hold (Min at Fast Process Corner)
  Requirement:            0.000ns  (clk rise@0.000ns - clk rise@0.000ns)
  Data Path Delay:        0.380ns  (logic 0.141ns (37.095%)  route 0.239ns (62.905%))
  Logic Levels:           0  
  Clock Path Skew:        0.273ns (DCD - SCD - CPR)
    Destination Clock Delay (DCD):    1.989ns
    Source Clock Delay      (SCD):    1.470ns
    Clock Pessimism Removal (CPR):    0.246ns

    Location             Delay type                Incr(ns)  Path(ns)    Netlist Resource(s)
  -------------------------------------------------------------------    -------------------
                         (clock clk rise edge)        0.000     0.000 r  
    Y4                                                0.000     0.000 r  clk (IN)
                         net (fo=0)                   0.000     0.000    clk
    Y4                   IBUF (Prop_ibuf_I_O)         0.221     0.221 r  clk_IBUF_inst/O
                         net (fo=1, routed)           0.631     0.852    clk_IBUF
    BUFGCTRL_X0Y0        BUFG (Prop_bufg_I_O)         0.026     0.878 r  clk_IBUF_BUFG_inst/O
                         net (fo=2766, routed)        0.592     1.470    u_impl/gen_compare_pipelined_tracker.u_tracker/clk_IBUF_BUFG
    SLICE_X5Y50          FDRE                                         r  u_impl/gen_compare_pipelined_tracker.u_tracker/update_energy_s2_reg[46]/C
  -------------------------------------------------------------------    -------------------
    SLICE_X5Y50          FDRE (Prop_fdre_C_Q)         0.141     1.611 r  u_impl/gen_compare_pipelined_tracker.u_tracker/update_energy_s2_reg[46]/Q
                         net (fo=2, routed)           0.239     1.850    u_impl/gen_compare_pipelined_tracker.u_tracker/update_energy_s2[46]
    SLICE_X5Y49          FDRE                                         r  u_impl/gen_compare_pipelined_tracker.u_tracker/best_energy_reg[46]/D
  -------------------------------------------------------------------    -------------------

                         (clock clk rise edge)        0.000     0.000 r  
    Y4                                                0.000     0.000 r  clk (IN)
                         net (fo=0)                   0.000     0.000    clk
    Y4                   IBUF (Prop_ibuf_I_O)         0.410     0.410 r  clk_IBUF_inst/O
                         net (fo=1, routed)           0.685     1.095    clk_IBUF
    BUFGCTRL_X0Y0        BUFG (Prop_bufg_I_O)         0.029     1.124 r  clk_IBUF_BUFG_inst/O
                         net (fo=2766, routed)        0.865     1.989    u_impl/gen_compare_pipelined_tracker.u_tracker/clk_IBUF_BUFG
    SLICE_X5Y49          FDRE                                         r  u_impl/gen_compare_pipelined_tracker.u_tracker/best_energy_reg[46]/C
                         clock pessimism             -0.246     1.743    
    SLICE_X5Y49          FDRE (Hold_fdre_C_D)         0.070     1.813    u_impl/gen_compare_pipelined_tracker.u_tracker/best_energy_reg[46]
  -------------------------------------------------------------------
                         required time                         -1.813    
                         arrival time                           1.850    
  -------------------------------------------------------------------
                         slack                                  0.037    





Pulse Width Checks
--------------------------------------------------------------------------------------
Clock Name:         clk
Waveform(ns):       { 0.000 5.000 }
Period(ns):         10.000
Sources:            { clk }

Check Type        Corner  Lib Pin      Reference Pin  Required(ns)  Actual(ns)  Slack(ns)  Location     Pin
Min Period        n/a     DSP48E1/CLK  n/a            3.884         10.000      6.116      DSP48_X0Y25  u_impl/gen_regular_mag.u_mag/i_square_reg/CLK
Low Pulse Width   Slow    SRL16E/CLK   n/a            0.980         5.000       4.020      SLICE_X2Y36  u_impl/bin_mag_p1_reg[0]_srl13___u_impl_bin_mag_p1_reg_r/CLK
High Pulse Width  Slow    SRL16E/CLK   n/a            0.980         5.000       4.020      SLICE_X2Y36  u_impl/bin_mag_p1_reg[0]_srl13___u_impl_bin_mag_p1_reg_r/CLK



