Copyright 1986-2022 Xilinx, Inc. All Rights Reserved. Copyright 2022-2025 Advanced Micro Devices, Inc. All Rights Reserved.
------------------------------------------------------------------------------------------------------------------------------------------------------
| Tool Version : Vivado v.2025.2 (win64) Build 6299465 Fri Nov 14 19:35:11 GMT 2025
| Date         : Sun May  3 19:46:52 2026
| Host         : Navnil_Desktop running 64-bit major release  (build 9200)
| Command      : report_timing_summary -file C:/Users/CHOUDN3/Downloads/VLSI_project/reports/pipelined_plus5_firout_accbuf_magpipe/timing_summary.rpt
| Design       : lockin_pipelined_plus5_firout_accbuf_magpipe_top
| Device       : 7a35t-cpg236
| Speed File   : -1  PRODUCTION 1.23 2018-06-13
| Design State : Synthesized
------------------------------------------------------------------------------------------------------------------------------------------------------

Timing Summary Report

------------------------------------------------------------------------------------------------
| Timer Settings
| --------------
------------------------------------------------------------------------------------------------

  Enable Multi Corner Analysis               :  Yes
  Enable Pessimism Removal                   :  Yes
  Pessimism Removal Resolution               :  Nearest Common Node
  Enable Input Delay Default Clock           :  No
  Enable Preset / Clear Arcs                 :  No
  Disable Flight Delays                      :  No
  Ignore I/O Paths                           :  No
  Timing Early Launch at Borrowing Latches   :  No
  Borrow Time for Max Delay Exceptions       :  Yes
  Merge Timing Exceptions                    :  Yes
  Inter-SLR Compensation                     :  Conservative

  Corner  Analyze    Analyze    
  Name    Max Paths  Min Paths  
  ------  ---------  ---------  
  Slow    Yes        Yes        
  Fast    Yes        Yes        


------------------------------------------------------------------------------------------------
| Report Methodology
| ------------------
------------------------------------------------------------------------------------------------

No report available as report_methodology has not been run prior. Run report_methodology on the current design for the summary of methodology violations.



check_timing report

Table of Contents
-----------------
1. checking no_clock (0)
2. checking constant_clock (0)
3. checking pulse_width_clock (0)
4. checking unconstrained_internal_endpoints (0)
5. checking no_input_delay (18)
6. checking no_output_delay (132)
7. checking multiple_clock (0)
8. checking generated_clocks (0)
9. checking loops (0)
10. checking partial_input_delay (0)
11. checking partial_output_delay (0)
12. checking latch_loops (0)

1. checking no_clock (0)
------------------------
 There are 0 register/latch pins with no clock.


2. checking constant_clock (0)
------------------------------
 There are 0 register/latch pins with constant_clock.


3. checking pulse_width_clock (0)
---------------------------------
 There are 0 register/latch pins which need pulse_width check


4. checking unconstrained_internal_endpoints (0)
------------------------------------------------
 There are 0 pins that are not constrained for maximum delay.

 There are 0 pins that are not constrained for maximum delay due to constant clock.


5. checking no_input_delay (18)
-------------------------------
 There are 18 input ports with no input delay specified. (HIGH)

 There are 0 input ports with no input delay but user has a false path constraint.


6. checking no_output_delay (132)
---------------------------------
 There are 132 ports with no output delay specified. (HIGH)

 There are 0 ports with no output delay but user has a false path constraint

 There are 0 ports with no output delay but with a timing clock defined on it or propagating through it


7. checking multiple_clock (0)
------------------------------
 There are 0 register/latch pins with multiple clocks.


8. checking generated_clocks (0)
--------------------------------
 There are 0 generated clocks that are not connected to a clock source.


9. checking loops (0)
---------------------
 There are 0 combinational loops in the design.


10. checking partial_input_delay (0)
------------------------------------
 There are 0 input ports with partial input delay specified.


11. checking partial_output_delay (0)
-------------------------------------
 There are 0 ports with partial output delay specified.


12. checking latch_loops (0)
----------------------------
 There are 0 combinational latch loops in the design through latch input



------------------------------------------------------------------------------------------------
| Design Timing Summary
| ---------------------
------------------------------------------------------------------------------------------------

    WNS(ns)      TNS(ns)  TNS Failing Endpoints  TNS Total Endpoints      WHS(ns)      THS(ns)  THS Failing Endpoints  THS Total Endpoints     WPWS(ns)     TPWS(ns)  TPWS Failing Endpoints  TPWS Total Endpoints  
    -------      -------  ---------------------  -------------------      -------      -------  ---------------------  -------------------     --------     --------  ----------------------  --------------------  
      3.338        0.000                      0                 5230        0.073        0.000                      0                 5230        4.020        0.000                       0                  2493  


All user specified timing constraints are met.


------------------------------------------------------------------------------------------------
| Clock Summary
| -------------
------------------------------------------------------------------------------------------------

Clock  Waveform(ns)       Period(ns)      Frequency(MHz)
-----  ------------       ----------      --------------
clk    {0.000 5.000}      10.000          100.000         


------------------------------------------------------------------------------------------------
| Intra Clock Table
| -----------------
------------------------------------------------------------------------------------------------

Clock             WNS(ns)      TNS(ns)  TNS Failing Endpoints  TNS Total Endpoints      WHS(ns)      THS(ns)  THS Failing Endpoints  THS Total Endpoints     WPWS(ns)     TPWS(ns)  TPWS Failing Endpoints  TPWS Total Endpoints  
-----             -------      -------  ---------------------  -------------------      -------      -------  ---------------------  -------------------     --------     --------  ----------------------  --------------------  
clk                 3.338        0.000                      0                 5230        0.073        0.000                      0                 5230        4.020        0.000                       0                  2493  


------------------------------------------------------------------------------------------------
| Inter Clock Table
| -----------------
------------------------------------------------------------------------------------------------

From Clock    To Clock          WNS(ns)      TNS(ns)  TNS Failing Endpoints  TNS Total Endpoints      WHS(ns)      THS(ns)  THS Failing Endpoints  THS Total Endpoints  
----------    --------          -------      -------  ---------------------  -------------------      -------      -------  ---------------------  -------------------  


------------------------------------------------------------------------------------------------
| Other Path Groups Table
| -----------------------
------------------------------------------------------------------------------------------------

Path Group    From Clock    To Clock          WNS(ns)      TNS(ns)  TNS Failing Endpoints  TNS Total Endpoints      WHS(ns)      THS(ns)  THS Failing Endpoints  THS Total Endpoints  
----------    ----------    --------          -------      -------  ---------------------  -------------------      -------      -------  ---------------------  -------------------  


------------------------------------------------------------------------------------------------
| Timing Details
| --------------
------------------------------------------------------------------------------------------------


---------------------------------------------------------------------------------------------------
From Clock:  clk
  To Clock:  clk

Setup :            0  Failing Endpoints,  Worst Slack        3.338ns,  Total Violation        0.000ns
Hold  :            0  Failing Endpoints,  Worst Slack        0.073ns,  Total Violation        0.000ns
PW    :            0  Failing Endpoints,  Worst Slack        4.020ns,  Total Violation        0.000ns
---------------------------------------------------------------------------------------------------


Max Delay Paths
--------------------------------------------------------------------------------------
Slack (MET) :             3.338ns  (required time - arrival time)
  Source:                 u_impl/gen_chunked_mag.u_mag/i_midlo_reg/CLK
                            (rising edge-triggered cell DSP48E1 clocked by clk  {rise@0.000ns fall@5.000ns period=10.000ns})
  Destination:            u_impl/gen_chunked_mag.u_mag/i_square_reg[95]/D
                            (rising edge-triggered cell FDRE clocked by clk  {rise@0.000ns fall@5.000ns period=10.000ns})
  Path Group:             clk
  Path Type:              Setup (Max at Slow Process Corner)
  Requirement:            10.000ns  (clk rise@10.000ns - clk rise@0.000ns)
  Data Path Delay:        6.558ns  (logic 4.470ns (68.164%)  route 2.088ns (31.836%))
  Logic Levels:           23  (CARRY4=21 LUT2=1 LUT3=1)
  Clock Path Skew:        -0.145ns (DCD - SCD + CPR)
    Destination Clock Delay (DCD):    2.079ns = ( 12.079 - 10.000 ) 
    Source Clock Delay      (SCD):    2.402ns
    Clock Pessimism Removal (CPR):    0.178ns
  Clock Uncertainty:      0.035ns  ((TSJ^2 + TIJ^2)^1/2 + DJ) / 2 + PE
    Total System Jitter     (TSJ):    0.071ns
    Total Input Jitter      (TIJ):    0.000ns
    Discrete Jitter          (DJ):    0.000ns
    Phase Error              (PE):    0.000ns

    Location             Delay type                Incr(ns)  Path(ns)    Netlist Resource(s)
  -------------------------------------------------------------------    -------------------
                         (clock clk rise edge)        0.000     0.000 r  
                                                      0.000     0.000 r  clk (IN)
                         net (fo=0)                   0.000     0.000    clk
                         IBUF (Prop_ibuf_I_O)         0.923     0.923 r  clk_IBUF_inst/O
                         net (fo=1, unplaced)         0.800     1.722    clk_IBUF
                         BUFG (Prop_bufg_I_O)         0.096     1.818 r  clk_IBUF_BUFG_inst/O
                         net (fo=2492, unplaced)      0.584     2.402    u_impl/gen_chunked_mag.u_mag/clk_IBUF_BUFG
                         DSP48E1                                      r  u_impl/gen_chunked_mag.u_mag/i_midlo_reg/CLK
  -------------------------------------------------------------------    -------------------
                         DSP48E1 (Prop_dsp48e1_CLK_P[0])
                                                      0.434     2.836 r  u_impl/gen_chunked_mag.u_mag/i_midlo_reg/P[0]
                         net (fo=1, unplaced)         0.800     3.636    u_impl/gen_chunked_mag.u_mag/i_midlo_reg_n_105
                         LUT2 (Prop_lut2_I1_O)        0.124     3.760 r  u_impl/gen_chunked_mag.u_mag/i_square[19]_i_4/O
                         net (fo=1, unplaced)         0.000     3.760    u_impl/gen_chunked_mag.u_mag/i_square[19]_i_4_n_0
                         CARRY4 (Prop_carry4_S[1]_CO[3])
                                                      0.533     4.293 r  u_impl/gen_chunked_mag.u_mag/i_square_reg[19]_i_1/CO[3]
                         net (fo=1, unplaced)         0.009     4.302    u_impl/gen_chunked_mag.u_mag/i_square_reg[19]_i_1_n_0
                         CARRY4 (Prop_carry4_CI_CO[3])
                                                      0.117     4.419 r  u_impl/gen_chunked_mag.u_mag/i_square_reg[23]_i_1/CO[3]
                         net (fo=1, unplaced)         0.000     4.419    u_impl/gen_chunked_mag.u_mag/i_square_reg[23]_i_1_n_0
                         CARRY4 (Prop_carry4_CI_CO[3])
                                                      0.117     4.536 r  u_impl/gen_chunked_mag.u_mag/i_square_reg[27]_i_1/CO[3]
                         net (fo=1, unplaced)         0.000     4.536    u_impl/gen_chunked_mag.u_mag/i_square_reg[27]_i_1_n_0
                         CARRY4 (Prop_carry4_CI_CO[3])
                                                      0.117     4.653 r  u_impl/gen_chunked_mag.u_mag/i_square_reg[30]_i_1/CO[3]
                         net (fo=1, unplaced)         0.000     4.653    u_impl/gen_chunked_mag.u_mag/i_square_reg[30]_i_1_n_0
                         CARRY4 (Prop_carry4_CI_CO[3])
                                                      0.117     4.770 r  u_impl/gen_chunked_mag.u_mag/i_square_reg[38]_i_10/CO[3]
                         net (fo=1, unplaced)         0.000     4.770    u_impl/gen_chunked_mag.u_mag/i_square_reg[38]_i_10_n_0
                         CARRY4 (Prop_carry4_CI_CO[3])
                                                      0.117     4.887 r  u_impl/gen_chunked_mag.u_mag/i_square_reg[42]_i_10/CO[3]
                         net (fo=1, unplaced)         0.000     4.887    u_impl/gen_chunked_mag.u_mag/i_square_reg[42]_i_10_n_0
                         CARRY4 (Prop_carry4_CI_CO[3])
                                                      0.117     5.004 r  u_impl/gen_chunked_mag.u_mag/i_square_reg[46]_i_10/CO[3]
                         net (fo=1, unplaced)         0.000     5.004    u_impl/gen_chunked_mag.u_mag/i_square_reg[46]_i_10_n_0
                         CARRY4 (Prop_carry4_CI_O[3])
                                                      0.331     5.335 r  u_impl/gen_chunked_mag.u_mag/i_square_reg[50]_i_10/O[3]
                         net (fo=2, unplaced)         0.629     5.964    u_impl/gen_chunked_mag.u_mag/i_square_reg[50]_i_10_n_4
                         LUT3 (Prop_lut3_I0_O)        0.307     6.271 r  u_impl/gen_chunked_mag.u_mag/i_square[50]_i_4/O
                         net (fo=2, unplaced)         0.650     6.921    u_impl/gen_chunked_mag.u_mag/i_square[50]_i_4_n_0
                         CARRY4 (Prop_carry4_DI[1]_CO[3])
                                                      0.520     7.441 r  u_impl/gen_chunked_mag.u_mag/i_square_reg[50]_i_1/CO[3]
                         net (fo=1, unplaced)         0.000     7.441    u_impl/gen_chunked_mag.u_mag/i_square_reg[50]_i_1_n_0
                         CARRY4 (Prop_carry4_CI_CO[3])
                                                      0.117     7.558 r  u_impl/gen_chunked_mag.u_mag/i_square_reg[54]_i_1/CO[3]
                         net (fo=1, unplaced)         0.000     7.558    u_impl/gen_chunked_mag.u_mag/i_square_reg[54]_i_1_n_0
                         CARRY4 (Prop_carry4_CI_CO[3])
                                                      0.117     7.675 r  u_impl/gen_chunked_mag.u_mag/i_square_reg[58]_i_1/CO[3]
                         net (fo=1, unplaced)         0.000     7.675    u_impl/gen_chunked_mag.u_mag/i_square_reg[58]_i_1_n_0
                         CARRY4 (Prop_carry4_CI_CO[3])
                                                      0.117     7.792 r  u_impl/gen_chunked_mag.u_mag/i_square_reg[62]_i_1/CO[3]
                         net (fo=1, unplaced)         0.000     7.792    u_impl/gen_chunked_mag.u_mag/i_square_reg[62]_i_1_n_0
                         CARRY4 (Prop_carry4_CI_CO[3])
                                                      0.117     7.909 r  u_impl/gen_chunked_mag.u_mag/i_square_reg[66]_i_1/CO[3]
                         net (fo=1, unplaced)         0.000     7.909    u_impl/gen_chunked_mag.u_mag/i_square_reg[66]_i_1_n_0
                         CARRY4 (Prop_carry4_CI_CO[3])
                                                      0.117     8.026 r  u_impl/gen_chunked_mag.u_mag/i_square_reg[70]_i_1/CO[3]
                         net (fo=1, unplaced)         0.000     8.026    u_impl/gen_chunked_mag.u_mag/i_square_reg[70]_i_1_n_0
                         CARRY4 (Prop_carry4_CI_CO[3])
                                                      0.117     8.143 r  u_impl/gen_chunked_mag.u_mag/i_square_reg[74]_i_1/CO[3]
                         net (fo=1, unplaced)         0.000     8.143    u_impl/gen_chunked_mag.u_mag/i_square_reg[74]_i_1_n_0
                         CARRY4 (Prop_carry4_CI_CO[3])
                                                      0.117     8.260 r  u_impl/gen_chunked_mag.u_mag/i_square_reg[78]_i_1/CO[3]
                         net (fo=1, unplaced)         0.000     8.260    u_impl/gen_chunked_mag.u_mag/i_square_reg[78]_i_1_n_0
                         CARRY4 (Prop_carry4_CI_CO[3])
                                                      0.117     8.377 r  u_impl/gen_chunked_mag.u_mag/i_square_reg[82]_i_1/CO[3]
                         net (fo=1, unplaced)         0.000     8.377    u_impl/gen_chunked_mag.u_mag/i_square_reg[82]_i_1_n_0
                         CARRY4 (Prop_carry4_CI_CO[3])
                                                      0.117     8.494 r  u_impl/gen_chunked_mag.u_mag/i_square_reg[86]_i_1/CO[3]
                         net (fo=1, unplaced)         0.000     8.494    u_impl/gen_chunked_mag.u_mag/i_square_reg[86]_i_1_n_0
                         CARRY4 (Prop_carry4_CI_CO[3])
                                                      0.117     8.611 r  u_impl/gen_chunked_mag.u_mag/i_square_reg[90]_i_1/CO[3]
                         net (fo=1, unplaced)         0.000     8.611    u_impl/gen_chunked_mag.u_mag/i_square_reg[90]_i_1_n_0
                         CARRY4 (Prop_carry4_CI_CO[3])
                                                      0.117     8.728 r  u_impl/gen_chunked_mag.u_mag/i_square_reg[94]_i_1/CO[3]
                         net (fo=1, unplaced)         0.000     8.728    u_impl/gen_chunked_mag.u_mag/i_square_reg[94]_i_1_n_0
                         CARRY4 (Prop_carry4_CI_O[0])
                                                      0.232     8.960 r  u_impl/gen_chunked_mag.u_mag/i_square_reg[95]_i_1/O[0]
                         net (fo=1, unplaced)         0.000     8.960    u_impl/gen_chunked_mag.u_mag/i_square_reg[95]_i_1_n_7
                         FDRE                                         r  u_impl/gen_chunked_mag.u_mag/i_square_reg[95]/D
  -------------------------------------------------------------------    -------------------

                         (clock clk rise edge)       10.000    10.000 r  
                                                      0.000    10.000 r  clk (IN)
                         net (fo=0)                   0.000    10.000    clk
                         IBUF (Prop_ibuf_I_O)         0.789    10.789 r  clk_IBUF_inst/O
                         net (fo=1, unplaced)         0.760    11.549    clk_IBUF
                         BUFG (Prop_bufg_I_O)         0.091    11.640 r  clk_IBUF_BUFG_inst/O
                         net (fo=2492, unplaced)      0.439    12.079    u_impl/gen_chunked_mag.u_mag/clk_IBUF_BUFG
                         FDRE                                         r  u_impl/gen_chunked_mag.u_mag/i_square_reg[95]/C
                         clock pessimism              0.178    12.257    
                         clock uncertainty           -0.035    12.222    
                         FDRE (Setup_fdre_C_D)        0.076    12.298    u_impl/gen_chunked_mag.u_mag/i_square_reg[95]
  -------------------------------------------------------------------
                         required time                         12.298    
                         arrival time                          -8.960    
  -------------------------------------------------------------------
                         slack                                  3.338    





Min Delay Paths
--------------------------------------------------------------------------------------
Slack (MET) :             0.073ns  (arrival time - required time)
  Source:                 u_impl/gen_fir_outreg.u_fir_i/sample_out_reg[0]/C
                            (rising edge-triggered cell FDRE clocked by clk  {rise@0.000ns fall@5.000ns period=10.000ns})
  Destination:            u_impl/i_boundary_reg[2][0]_srl3___u_impl_bin_fir_p1_reg_r/D
                            (rising edge-triggered cell SRL16E clocked by clk  {rise@0.000ns fall@5.000ns period=10.000ns})
  Path Group:             clk
  Path Type:              Hold (Min at Fast Process Corner)
  Requirement:            0.000ns  (clk rise@0.000ns - clk rise@0.000ns)
  Data Path Delay:        0.282ns  (logic 0.141ns (50.038%)  route 0.141ns (49.962%))
  Logic Levels:           0  
  Clock Path Skew:        0.145ns (DCD - SCD - CPR)
    Destination Clock Delay (DCD):    0.983ns
    Source Clock Delay      (SCD):    0.629ns
    Clock Pessimism Removal (CPR):    0.209ns

    Location             Delay type                Incr(ns)  Path(ns)    Netlist Resource(s)
  -------------------------------------------------------------------    -------------------
                         (clock clk rise edge)        0.000     0.000 r  
                                                      0.000     0.000 r  clk (IN)
                         net (fo=0)                   0.000     0.000    clk
                         IBUF (Prop_ibuf_I_O)         0.152     0.152 r  clk_IBUF_inst/O
                         net (fo=1, unplaced)         0.337     0.489    clk_IBUF
                         BUFG (Prop_bufg_I_O)         0.026     0.515 r  clk_IBUF_BUFG_inst/O
                         net (fo=2492, unplaced)      0.114     0.629    u_impl/gen_fir_outreg.u_fir_i/clk_IBUF_BUFG
                         FDRE                                         r  u_impl/gen_fir_outreg.u_fir_i/sample_out_reg[0]/C
  -------------------------------------------------------------------    -------------------
                         FDRE (Prop_fdre_C_Q)         0.141     0.770 r  u_impl/gen_fir_outreg.u_fir_i/sample_out_reg[0]/Q
                         net (fo=1, unplaced)         0.141     0.911    u_impl/i_filt_s3[0]
                         SRL16E                                       r  u_impl/i_boundary_reg[2][0]_srl3___u_impl_bin_fir_p1_reg_r/D
  -------------------------------------------------------------------    -------------------

                         (clock clk rise edge)        0.000     0.000 r  
                                                      0.000     0.000 r  clk (IN)
                         net (fo=0)                   0.000     0.000    clk
                         IBUF (Prop_ibuf_I_O)         0.340     0.340 r  clk_IBUF_inst/O
                         net (fo=1, unplaced)         0.355     0.695    clk_IBUF
                         BUFG (Prop_bufg_I_O)         0.029     0.724 r  clk_IBUF_BUFG_inst/O
                         net (fo=2492, unplaced)      0.259     0.983    u_impl/clk_IBUF_BUFG
                         SRL16E                                       r  u_impl/i_boundary_reg[2][0]_srl3___u_impl_bin_fir_p1_reg_r/CLK
                         clock pessimism             -0.209     0.774    
                         SRL16E (Hold_srl16e_CLK_D)
                                                      0.064     0.838    u_impl/i_boundary_reg[2][0]_srl3___u_impl_bin_fir_p1_reg_r
  -------------------------------------------------------------------
                         required time                         -0.838    
                         arrival time                           0.911    
  -------------------------------------------------------------------
                         slack                                  0.073    





Pulse Width Checks
--------------------------------------------------------------------------------------
Clock Name:         clk
Waveform(ns):       { 0.000 5.000 }
Period(ns):         10.000
Sources:            { clk }

Check Type        Corner  Lib Pin      Reference Pin  Required(ns)  Actual(ns)  Slack(ns)  Location  Pin
Min Period        n/a     DSP48E1/CLK  n/a            3.884         10.000      6.116                u_impl/gen_chunked_mag.u_mag/i_hihi_reg/CLK
Low Pulse Width   Slow    SRL16E/CLK   n/a            0.980         5.000       4.020                u_impl/bin_mag_p2_reg[0]_srl14___u_impl_bin_mag_p2_reg_r/CLK
High Pulse Width  Slow    SRL16E/CLK   n/a            0.980         5.000       4.020                u_impl/bin_mag_p2_reg[0]_srl14___u_impl_bin_mag_p2_reg_r/CLK



