Copyright 1986-2022 Xilinx, Inc. All Rights Reserved. Copyright 2022-2025 Advanced Micro Devices, Inc. All Rights Reserved.
----------------------------------------------------------------------------------------------------------------------------------------------
| Tool Version : Vivado v.2025.2 (win64) Build 6299465 Fri Nov 14 19:35:11 GMT 2025
| Date         : Sun May  3 17:06:05 2026
| Host         : Navnil_Desktop running 64-bit major release  (build 9200)
| Command      : report_timing -max_paths 10 -file C:/Users/CHOUDN3/Downloads/VLSI_project/reports/pipelined_plus5_tracker/critical_paths.rpt
| Design       : lockin_pipelined_plus5_tracker_top
| Device       : 7a35t-cpg236
| Speed File   : -1  PRODUCTION 1.23 2018-06-13
| Design State : Synthesized
----------------------------------------------------------------------------------------------------------------------------------------------

Timing Report

Slack (MET) :             2.291ns  (required time - arrival time)
  Source:                 u_impl/u_fir_i/sum0123_reg[1]/C
                            (rising edge-triggered cell FDRE clocked by clk  {rise@0.000ns fall@5.000ns period=10.000ns})
  Destination:            u_impl/u_fir_i/sample_out_reg[44]/D
                            (rising edge-triggered cell FDRE clocked by clk  {rise@0.000ns fall@5.000ns period=10.000ns})
  Path Group:             clk
  Path Type:              Setup (Max at Slow Process Corner)
  Requirement:            10.000ns  (clk rise@10.000ns - clk rise@0.000ns)
  Data Path Delay:        7.558ns  (logic 4.660ns (61.657%)  route 2.898ns (38.343%))
  Logic Levels:           16  (CARRY4=13 LUT1=1 LUT2=1 LUT3=1)
  Clock Path Skew:        -0.145ns (DCD - SCD + CPR)
    Destination Clock Delay (DCD):    2.079ns = ( 12.079 - 10.000 ) 
    Source Clock Delay      (SCD):    2.402ns
    Clock Pessimism Removal (CPR):    0.178ns
  Clock Uncertainty:      0.035ns  ((TSJ^2 + TIJ^2)^1/2 + DJ) / 2 + PE
    Total System Jitter     (TSJ):    0.071ns
    Total Input Jitter      (TIJ):    0.000ns
    Discrete Jitter          (DJ):    0.000ns
    Phase Error              (PE):    0.000ns

    Location             Delay type                Incr(ns)  Path(ns)    Netlist Resource(s)
  -------------------------------------------------------------------    -------------------
                         (clock clk rise edge)        0.000     0.000 r  
                                                      0.000     0.000 r  clk (IN)
                         net (fo=0)                   0.000     0.000    clk
                         IBUF (Prop_ibuf_I_O)         0.923     0.923 r  clk_IBUF_inst/O
                         net (fo=1, unplaced)         0.800     1.722    clk_IBUF
                         BUFG (Prop_bufg_I_O)         0.096     1.818 r  clk_IBUF_BUFG_inst/O
                         net (fo=2266, unplaced)      0.584     2.402    u_impl/u_fir_i/clk_IBUF_BUFG
                         FDRE                                         r  u_impl/u_fir_i/sum0123_reg[1]/C
  -------------------------------------------------------------------    -------------------
                         FDRE (Prop_fdre_C_Q)         0.478     2.880 r  u_impl/u_fir_i/sum0123_reg[1]/Q
                         net (fo=2, unplaced)         0.481     3.361    u_impl/u_fir_i/sum0123[1]
                         LUT2 (Prop_lut2_I0_O)        0.295     3.656 r  u_impl/u_fir_i/final_sum_carry_i_3/O
                         net (fo=1, unplaced)         0.000     3.656    u_impl/u_fir_i/final_sum_carry_i_3_n_0
                         CARRY4 (Prop_carry4_S[1]_O[3])
                                                      0.643     4.299 r  u_impl/u_fir_i/final_sum_carry/O[3]
                         net (fo=4, unplaced)         0.828     5.127    u_impl/u_fir_i/value[3]
                         CARRY4 (Prop_carry4_S[2]_O[3])
                                                      0.659     5.786 f  u_impl/u_fir_i/sample_out_reg[0]_i_2/O[3]
                         net (fo=2, unplaced)         0.629     6.415    u_impl/u_fir_i/round_shift2[4]
                         LUT1 (Prop_lut1_I0_O)        0.307     6.722 r  u_impl/u_fir_i/sample_out[4]_i_3/O
                         net (fo=1, unplaced)         0.333     7.055    u_impl/u_fir_i/sample_out[4]_i_3_n_0
                         CARRY4 (Prop_carry4_CYINIT_CO[3])
                                                      0.595     7.650 r  u_impl/u_fir_i/sample_out_reg[4]_i_2/CO[3]
                         net (fo=1, unplaced)         0.009     7.659    u_impl/u_fir_i/sample_out_reg[4]_i_2_n_0
                         CARRY4 (Prop_carry4_CI_CO[3])
                                                      0.117     7.776 r  u_impl/u_fir_i/sample_out_reg[8]_i_2/CO[3]
                         net (fo=1, unplaced)         0.000     7.776    u_impl/u_fir_i/sample_out_reg[8]_i_2_n_0
                         CARRY4 (Prop_carry4_CI_CO[3])
                                                      0.117     7.893 r  u_impl/u_fir_i/sample_out_reg[12]_i_2/CO[3]
                         net (fo=1, unplaced)         0.000     7.893    u_impl/u_fir_i/sample_out_reg[12]_i_2_n_0
                         CARRY4 (Prop_carry4_CI_CO[3])
                                                      0.117     8.010 r  u_impl/u_fir_i/sample_out_reg[16]_i_2/CO[3]
                         net (fo=1, unplaced)         0.000     8.010    u_impl/u_fir_i/sample_out_reg[16]_i_2_n_0
                         CARRY4 (Prop_carry4_CI_CO[3])
                                                      0.117     8.127 r  u_impl/u_fir_i/sample_out_reg[20]_i_2/CO[3]
                         net (fo=1, unplaced)         0.000     8.127    u_impl/u_fir_i/sample_out_reg[20]_i_2_n_0
                         CARRY4 (Prop_carry4_CI_CO[3])
                                                      0.117     8.244 r  u_impl/u_fir_i/sample_out_reg[24]_i_2/CO[3]
                         net (fo=1, unplaced)         0.000     8.244    u_impl/u_fir_i/sample_out_reg[24]_i_2_n_0
                         CARRY4 (Prop_carry4_CI_CO[3])
                                                      0.117     8.361 r  u_impl/u_fir_i/sample_out_reg[28]_i_2/CO[3]
                         net (fo=1, unplaced)         0.000     8.361    u_impl/u_fir_i/sample_out_reg[28]_i_2_n_0
                         CARRY4 (Prop_carry4_CI_CO[3])
                                                      0.117     8.478 r  u_impl/u_fir_i/sample_out_reg[32]_i_2/CO[3]
                         net (fo=1, unplaced)         0.000     8.478    u_impl/u_fir_i/sample_out_reg[32]_i_2_n_0
                         CARRY4 (Prop_carry4_CI_CO[3])
                                                      0.117     8.595 r  u_impl/u_fir_i/sample_out_reg[36]_i_2/CO[3]
                         net (fo=1, unplaced)         0.000     8.595    u_impl/u_fir_i/sample_out_reg[36]_i_2_n_0
                         CARRY4 (Prop_carry4_CI_CO[3])
                                                      0.117     8.712 r  u_impl/u_fir_i/sample_out_reg[40]_i_2/CO[3]
                         net (fo=1, unplaced)         0.000     8.712    u_impl/u_fir_i/sample_out_reg[40]_i_2_n_0
                         CARRY4 (Prop_carry4_CI_O[3])
                                                      0.331     9.043 r  u_impl/u_fir_i/sample_out_reg[44]_i_2/O[3]
                         net (fo=1, unplaced)         0.618     9.661    u_impl/u_fir_i/round_shift0[44]
                         LUT3 (Prop_lut3_I0_O)        0.299     9.960 r  u_impl/u_fir_i/sample_out[44]_i_1/O
                         net (fo=1, unplaced)         0.000     9.960    u_impl/u_fir_i/round_shift_return[44]
                         FDRE                                         r  u_impl/u_fir_i/sample_out_reg[44]/D
  -------------------------------------------------------------------    -------------------

                         (clock clk rise edge)       10.000    10.000 r  
                                                      0.000    10.000 r  clk (IN)
                         net (fo=0)                   0.000    10.000    clk
                         IBUF (Prop_ibuf_I_O)         0.789    10.789 r  clk_IBUF_inst/O
                         net (fo=1, unplaced)         0.760    11.549    clk_IBUF
                         BUFG (Prop_bufg_I_O)         0.091    11.640 r  clk_IBUF_BUFG_inst/O
                         net (fo=2266, unplaced)      0.439    12.079    u_impl/u_fir_i/clk_IBUF_BUFG
                         FDRE                                         r  u_impl/u_fir_i/sample_out_reg[44]/C
                         clock pessimism              0.178    12.257    
                         clock uncertainty           -0.035    12.222    
                         FDRE (Setup_fdre_C_D)        0.029    12.251    u_impl/u_fir_i/sample_out_reg[44]
  -------------------------------------------------------------------
                         required time                         12.251    
                         arrival time                          -9.960    
  -------------------------------------------------------------------
                         slack                                  2.291    

Slack (MET) :             2.291ns  (required time - arrival time)
  Source:                 u_impl/u_fir_q/sum0123_reg[1]/C
                            (rising edge-triggered cell FDRE clocked by clk  {rise@0.000ns fall@5.000ns period=10.000ns})
  Destination:            u_impl/u_fir_q/sample_out_reg[44]/D
                            (rising edge-triggered cell FDRE clocked by clk  {rise@0.000ns fall@5.000ns period=10.000ns})
  Path Group:             clk
  Path Type:              Setup (Max at Slow Process Corner)
  Requirement:            10.000ns  (clk rise@10.000ns - clk rise@0.000ns)
  Data Path Delay:        7.558ns  (logic 4.660ns (61.657%)  route 2.898ns (38.343%))
  Logic Levels:           16  (CARRY4=13 LUT1=1 LUT2=1 LUT3=1)
  Clock Path Skew:        -0.145ns (DCD - SCD + CPR)
    Destination Clock Delay (DCD):    2.079ns = ( 12.079 - 10.000 ) 
    Source Clock Delay      (SCD):    2.402ns
    Clock Pessimism Removal (CPR):    0.178ns
  Clock Uncertainty:      0.035ns  ((TSJ^2 + TIJ^2)^1/2 + DJ) / 2 + PE
    Total System Jitter     (TSJ):    0.071ns
    Total Input Jitter      (TIJ):    0.000ns
    Discrete Jitter          (DJ):    0.000ns
    Phase Error              (PE):    0.000ns

    Location             Delay type                Incr(ns)  Path(ns)    Netlist Resource(s)
  -------------------------------------------------------------------    -------------------
                         (clock clk rise edge)        0.000     0.000 r  
                                                      0.000     0.000 r  clk (IN)
                         net (fo=0)                   0.000     0.000    clk
                         IBUF (Prop_ibuf_I_O)         0.923     0.923 r  clk_IBUF_inst/O
                         net (fo=1, unplaced)         0.800     1.722    clk_IBUF
                         BUFG (Prop_bufg_I_O)         0.096     1.818 r  clk_IBUF_BUFG_inst/O
                         net (fo=2266, unplaced)      0.584     2.402    u_impl/u_fir_q/clk_IBUF_BUFG
                         FDRE                                         r  u_impl/u_fir_q/sum0123_reg[1]/C
  -------------------------------------------------------------------    -------------------
                         FDRE (Prop_fdre_C_Q)         0.478     2.880 r  u_impl/u_fir_q/sum0123_reg[1]/Q
                         net (fo=2, unplaced)         0.481     3.361    u_impl/u_fir_q/sum0123[1]
                         LUT2 (Prop_lut2_I0_O)        0.295     3.656 r  u_impl/u_fir_q/final_sum_carry_i_3__0/O
                         net (fo=1, unplaced)         0.000     3.656    u_impl/u_fir_q/final_sum_carry_i_3__0_n_0
                         CARRY4 (Prop_carry4_S[1]_O[3])
                                                      0.643     4.299 r  u_impl/u_fir_q/final_sum_carry/O[3]
                         net (fo=4, unplaced)         0.828     5.127    u_impl/u_fir_q/value[3]
                         CARRY4 (Prop_carry4_S[2]_O[3])
                                                      0.659     5.786 f  u_impl/u_fir_q/sample_out_reg[0]_i_2__0/O[3]
                         net (fo=2, unplaced)         0.629     6.415    u_impl/u_fir_q/round_shift2[4]
                         LUT1 (Prop_lut1_I0_O)        0.307     6.722 r  u_impl/u_fir_q/sample_out[4]_i_3/O
                         net (fo=1, unplaced)         0.333     7.055    u_impl/u_fir_q/sample_out[4]_i_3_n_0
                         CARRY4 (Prop_carry4_CYINIT_CO[3])
                                                      0.595     7.650 r  u_impl/u_fir_q/sample_out_reg[4]_i_2__0/CO[3]
                         net (fo=1, unplaced)         0.009     7.659    u_impl/u_fir_q/sample_out_reg[4]_i_2__0_n_0
                         CARRY4 (Prop_carry4_CI_CO[3])
                                                      0.117     7.776 r  u_impl/u_fir_q/sample_out_reg[8]_i_2__0/CO[3]
                         net (fo=1, unplaced)         0.000     7.776    u_impl/u_fir_q/sample_out_reg[8]_i_2__0_n_0
                         CARRY4 (Prop_carry4_CI_CO[3])
                                                      0.117     7.893 r  u_impl/u_fir_q/sample_out_reg[12]_i_2__0/CO[3]
                         net (fo=1, unplaced)         0.000     7.893    u_impl/u_fir_q/sample_out_reg[12]_i_2__0_n_0
                         CARRY4 (Prop_carry4_CI_CO[3])
                                                      0.117     8.010 r  u_impl/u_fir_q/sample_out_reg[16]_i_2__0/CO[3]
                         net (fo=1, unplaced)         0.000     8.010    u_impl/u_fir_q/sample_out_reg[16]_i_2__0_n_0
                         CARRY4 (Prop_carry4_CI_CO[3])
                                                      0.117     8.127 r  u_impl/u_fir_q/sample_out_reg[20]_i_2__0/CO[3]
                         net (fo=1, unplaced)         0.000     8.127    u_impl/u_fir_q/sample_out_reg[20]_i_2__0_n_0
                         CARRY4 (Prop_carry4_CI_CO[3])
                                                      0.117     8.244 r  u_impl/u_fir_q/sample_out_reg[24]_i_2__0/CO[3]
                         net (fo=1, unplaced)         0.000     8.244    u_impl/u_fir_q/sample_out_reg[24]_i_2__0_n_0
                         CARRY4 (Prop_carry4_CI_CO[3])
                                                      0.117     8.361 r  u_impl/u_fir_q/sample_out_reg[28]_i_2__0/CO[3]
                         net (fo=1, unplaced)         0.000     8.361    u_impl/u_fir_q/sample_out_reg[28]_i_2__0_n_0
                         CARRY4 (Prop_carry4_CI_CO[3])
                                                      0.117     8.478 r  u_impl/u_fir_q/sample_out_reg[32]_i_2__0/CO[3]
                         net (fo=1, unplaced)         0.000     8.478    u_impl/u_fir_q/sample_out_reg[32]_i_2__0_n_0
                         CARRY4 (Prop_carry4_CI_CO[3])
                                                      0.117     8.595 r  u_impl/u_fir_q/sample_out_reg[36]_i_2__0/CO[3]
                         net (fo=1, unplaced)         0.000     8.595    u_impl/u_fir_q/sample_out_reg[36]_i_2__0_n_0
                         CARRY4 (Prop_carry4_CI_CO[3])
                                                      0.117     8.712 r  u_impl/u_fir_q/sample_out_reg[40]_i_2__0/CO[3]
                         net (fo=1, unplaced)         0.000     8.712    u_impl/u_fir_q/sample_out_reg[40]_i_2__0_n_0
                         CARRY4 (Prop_carry4_CI_O[3])
                                                      0.331     9.043 r  u_impl/u_fir_q/sample_out_reg[44]_i_2__0/O[3]
                         net (fo=1, unplaced)         0.618     9.661    u_impl/u_fir_q/round_shift0[44]
                         LUT3 (Prop_lut3_I0_O)        0.299     9.960 r  u_impl/u_fir_q/sample_out[44]_i_1/O
                         net (fo=1, unplaced)         0.000     9.960    u_impl/u_fir_q/round_shift_return[44]
                         FDRE                                         r  u_impl/u_fir_q/sample_out_reg[44]/D
  -------------------------------------------------------------------    -------------------

                         (clock clk rise edge)       10.000    10.000 r  
                                                      0.000    10.000 r  clk (IN)
                         net (fo=0)                   0.000    10.000    clk
                         IBUF (Prop_ibuf_I_O)         0.789    10.789 r  clk_IBUF_inst/O
                         net (fo=1, unplaced)         0.760    11.549    clk_IBUF
                         BUFG (Prop_bufg_I_O)         0.091    11.640 r  clk_IBUF_BUFG_inst/O
                         net (fo=2266, unplaced)      0.439    12.079    u_impl/u_fir_q/clk_IBUF_BUFG
                         FDRE                                         r  u_impl/u_fir_q/sample_out_reg[44]/C
                         clock pessimism              0.178    12.257    
                         clock uncertainty           -0.035    12.222    
                         FDRE (Setup_fdre_C_D)        0.029    12.251    u_impl/u_fir_q/sample_out_reg[44]
  -------------------------------------------------------------------
                         required time                         12.251    
                         arrival time                          -9.960    
  -------------------------------------------------------------------
                         slack                                  2.291    

Slack (MET) :             2.408ns  (required time - arrival time)
  Source:                 u_impl/u_fir_i/sum0123_reg[1]/C
                            (rising edge-triggered cell FDRE clocked by clk  {rise@0.000ns fall@5.000ns period=10.000ns})
  Destination:            u_impl/u_fir_i/sample_out_reg[40]/D
                            (rising edge-triggered cell FDRE clocked by clk  {rise@0.000ns fall@5.000ns period=10.000ns})
  Path Group:             clk
  Path Type:              Setup (Max at Slow Process Corner)
  Requirement:            10.000ns  (clk rise@10.000ns - clk rise@0.000ns)
  Data Path Delay:        7.441ns  (logic 4.543ns (61.054%)  route 2.898ns (38.946%))
  Logic Levels:           15  (CARRY4=12 LUT1=1 LUT2=1 LUT3=1)
  Clock Path Skew:        -0.145ns (DCD - SCD + CPR)
    Destination Clock Delay (DCD):    2.079ns = ( 12.079 - 10.000 ) 
    Source Clock Delay      (SCD):    2.402ns
    Clock Pessimism Removal (CPR):    0.178ns
  Clock Uncertainty:      0.035ns  ((TSJ^2 + TIJ^2)^1/2 + DJ) / 2 + PE
    Total System Jitter     (TSJ):    0.071ns
    Total Input Jitter      (TIJ):    0.000ns
    Discrete Jitter          (DJ):    0.000ns
    Phase Error              (PE):    0.000ns

    Location             Delay type                Incr(ns)  Path(ns)    Netlist Resource(s)
  -------------------------------------------------------------------    -------------------
                         (clock clk rise edge)        0.000     0.000 r  
                                                      0.000     0.000 r  clk (IN)
                         net (fo=0)                   0.000     0.000    clk
                         IBUF (Prop_ibuf_I_O)         0.923     0.923 r  clk_IBUF_inst/O
                         net (fo=1, unplaced)         0.800     1.722    clk_IBUF
                         BUFG (Prop_bufg_I_O)         0.096     1.818 r  clk_IBUF_BUFG_inst/O
                         net (fo=2266, unplaced)      0.584     2.402    u_impl/u_fir_i/clk_IBUF_BUFG
                         FDRE                                         r  u_impl/u_fir_i/sum0123_reg[1]/C
  -------------------------------------------------------------------    -------------------
                         FDRE (Prop_fdre_C_Q)         0.478     2.880 r  u_impl/u_fir_i/sum0123_reg[1]/Q
                         net (fo=2, unplaced)         0.481     3.361    u_impl/u_fir_i/sum0123[1]
                         LUT2 (Prop_lut2_I0_O)        0.295     3.656 r  u_impl/u_fir_i/final_sum_carry_i_3/O
                         net (fo=1, unplaced)         0.000     3.656    u_impl/u_fir_i/final_sum_carry_i_3_n_0
                         CARRY4 (Prop_carry4_S[1]_O[3])
                                                      0.643     4.299 r  u_impl/u_fir_i/final_sum_carry/O[3]
                         net (fo=4, unplaced)         0.828     5.127    u_impl/u_fir_i/value[3]
                         CARRY4 (Prop_carry4_S[2]_O[3])
                                                      0.659     5.786 f  u_impl/u_fir_i/sample_out_reg[0]_i_2/O[3]
                         net (fo=2, unplaced)         0.629     6.415    u_impl/u_fir_i/round_shift2[4]
                         LUT1 (Prop_lut1_I0_O)        0.307     6.722 r  u_impl/u_fir_i/sample_out[4]_i_3/O
                         net (fo=1, unplaced)         0.333     7.055    u_impl/u_fir_i/sample_out[4]_i_3_n_0
                         CARRY4 (Prop_carry4_CYINIT_CO[3])
                                                      0.595     7.650 r  u_impl/u_fir_i/sample_out_reg[4]_i_2/CO[3]
                         net (fo=1, unplaced)         0.009     7.659    u_impl/u_fir_i/sample_out_reg[4]_i_2_n_0
                         CARRY4 (Prop_carry4_CI_CO[3])
                                                      0.117     7.776 r  u_impl/u_fir_i/sample_out_reg[8]_i_2/CO[3]
                         net (fo=1, unplaced)         0.000     7.776    u_impl/u_fir_i/sample_out_reg[8]_i_2_n_0
                         CARRY4 (Prop_carry4_CI_CO[3])
                                                      0.117     7.893 r  u_impl/u_fir_i/sample_out_reg[12]_i_2/CO[3]
                         net (fo=1, unplaced)         0.000     7.893    u_impl/u_fir_i/sample_out_reg[12]_i_2_n_0
                         CARRY4 (Prop_carry4_CI_CO[3])
                                                      0.117     8.010 r  u_impl/u_fir_i/sample_out_reg[16]_i_2/CO[3]
                         net (fo=1, unplaced)         0.000     8.010    u_impl/u_fir_i/sample_out_reg[16]_i_2_n_0
                         CARRY4 (Prop_carry4_CI_CO[3])
                                                      0.117     8.127 r  u_impl/u_fir_i/sample_out_reg[20]_i_2/CO[3]
                         net (fo=1, unplaced)         0.000     8.127    u_impl/u_fir_i/sample_out_reg[20]_i_2_n_0
                         CARRY4 (Prop_carry4_CI_CO[3])
                                                      0.117     8.244 r  u_impl/u_fir_i/sample_out_reg[24]_i_2/CO[3]
                         net (fo=1, unplaced)         0.000     8.244    u_impl/u_fir_i/sample_out_reg[24]_i_2_n_0
                         CARRY4 (Prop_carry4_CI_CO[3])
                                                      0.117     8.361 r  u_impl/u_fir_i/sample_out_reg[28]_i_2/CO[3]
                         net (fo=1, unplaced)         0.000     8.361    u_impl/u_fir_i/sample_out_reg[28]_i_2_n_0
                         CARRY4 (Prop_carry4_CI_CO[3])
                                                      0.117     8.478 r  u_impl/u_fir_i/sample_out_reg[32]_i_2/CO[3]
                         net (fo=1, unplaced)         0.000     8.478    u_impl/u_fir_i/sample_out_reg[32]_i_2_n_0
                         CARRY4 (Prop_carry4_CI_CO[3])
                                                      0.117     8.595 r  u_impl/u_fir_i/sample_out_reg[36]_i_2/CO[3]
                         net (fo=1, unplaced)         0.000     8.595    u_impl/u_fir_i/sample_out_reg[36]_i_2_n_0
                         CARRY4 (Prop_carry4_CI_O[3])
                                                      0.331     8.926 r  u_impl/u_fir_i/sample_out_reg[40]_i_2/O[3]
                         net (fo=1, unplaced)         0.618     9.544    u_impl/u_fir_i/round_shift0[40]
                         LUT3 (Prop_lut3_I0_O)        0.299     9.843 r  u_impl/u_fir_i/sample_out[40]_i_1/O
                         net (fo=1, unplaced)         0.000     9.843    u_impl/u_fir_i/round_shift_return[40]
                         FDRE                                         r  u_impl/u_fir_i/sample_out_reg[40]/D
  -------------------------------------------------------------------    -------------------

                         (clock clk rise edge)       10.000    10.000 r  
                                                      0.000    10.000 r  clk (IN)
                         net (fo=0)                   0.000    10.000    clk
                         IBUF (Prop_ibuf_I_O)         0.789    10.789 r  clk_IBUF_inst/O
                         net (fo=1, unplaced)         0.760    11.549    clk_IBUF
                         BUFG (Prop_bufg_I_O)         0.091    11.640 r  clk_IBUF_BUFG_inst/O
                         net (fo=2266, unplaced)      0.439    12.079    u_impl/u_fir_i/clk_IBUF_BUFG
                         FDRE                                         r  u_impl/u_fir_i/sample_out_reg[40]/C
                         clock pessimism              0.178    12.257    
                         clock uncertainty           -0.035    12.222    
                         FDRE (Setup_fdre_C_D)        0.029    12.251    u_impl/u_fir_i/sample_out_reg[40]
  -------------------------------------------------------------------
                         required time                         12.251    
                         arrival time                          -9.843    
  -------------------------------------------------------------------
                         slack                                  2.408    

Slack (MET) :             2.408ns  (required time - arrival time)
  Source:                 u_impl/u_fir_q/sum0123_reg[1]/C
                            (rising edge-triggered cell FDRE clocked by clk  {rise@0.000ns fall@5.000ns period=10.000ns})
  Destination:            u_impl/u_fir_q/sample_out_reg[40]/D
                            (rising edge-triggered cell FDRE clocked by clk  {rise@0.000ns fall@5.000ns period=10.000ns})
  Path Group:             clk
  Path Type:              Setup (Max at Slow Process Corner)
  Requirement:            10.000ns  (clk rise@10.000ns - clk rise@0.000ns)
  Data Path Delay:        7.441ns  (logic 4.543ns (61.054%)  route 2.898ns (38.946%))
  Logic Levels:           15  (CARRY4=12 LUT1=1 LUT2=1 LUT3=1)
  Clock Path Skew:        -0.145ns (DCD - SCD + CPR)
    Destination Clock Delay (DCD):    2.079ns = ( 12.079 - 10.000 ) 
    Source Clock Delay      (SCD):    2.402ns
    Clock Pessimism Removal (CPR):    0.178ns
  Clock Uncertainty:      0.035ns  ((TSJ^2 + TIJ^2)^1/2 + DJ) / 2 + PE
    Total System Jitter     (TSJ):    0.071ns
    Total Input Jitter      (TIJ):    0.000ns
    Discrete Jitter          (DJ):    0.000ns
    Phase Error              (PE):    0.000ns

    Location             Delay type                Incr(ns)  Path(ns)    Netlist Resource(s)
  -------------------------------------------------------------------    -------------------
                         (clock clk rise edge)        0.000     0.000 r  
                                                      0.000     0.000 r  clk (IN)
                         net (fo=0)                   0.000     0.000    clk
                         IBUF (Prop_ibuf_I_O)         0.923     0.923 r  clk_IBUF_inst/O
                         net (fo=1, unplaced)         0.800     1.722    clk_IBUF
                         BUFG (Prop_bufg_I_O)         0.096     1.818 r  clk_IBUF_BUFG_inst/O
                         net (fo=2266, unplaced)      0.584     2.402    u_impl/u_fir_q/clk_IBUF_BUFG
                         FDRE                                         r  u_impl/u_fir_q/sum0123_reg[1]/C
  -------------------------------------------------------------------    -------------------
                         FDRE (Prop_fdre_C_Q)         0.478     2.880 r  u_impl/u_fir_q/sum0123_reg[1]/Q
                         net (fo=2, unplaced)         0.481     3.361    u_impl/u_fir_q/sum0123[1]
                         LUT2 (Prop_lut2_I0_O)        0.295     3.656 r  u_impl/u_fir_q/final_sum_carry_i_3__0/O
                         net (fo=1, unplaced)         0.000     3.656    u_impl/u_fir_q/final_sum_carry_i_3__0_n_0
                         CARRY4 (Prop_carry4_S[1]_O[3])
                                                      0.643     4.299 r  u_impl/u_fir_q/final_sum_carry/O[3]
                         net (fo=4, unplaced)         0.828     5.127    u_impl/u_fir_q/value[3]
                         CARRY4 (Prop_carry4_S[2]_O[3])
                                                      0.659     5.786 f  u_impl/u_fir_q/sample_out_reg[0]_i_2__0/O[3]
                         net (fo=2, unplaced)         0.629     6.415    u_impl/u_fir_q/round_shift2[4]
                         LUT1 (Prop_lut1_I0_O)        0.307     6.722 r  u_impl/u_fir_q/sample_out[4]_i_3/O
                         net (fo=1, unplaced)         0.333     7.055    u_impl/u_fir_q/sample_out[4]_i_3_n_0
                         CARRY4 (Prop_carry4_CYINIT_CO[3])
                                                      0.595     7.650 r  u_impl/u_fir_q/sample_out_reg[4]_i_2__0/CO[3]
                         net (fo=1, unplaced)         0.009     7.659    u_impl/u_fir_q/sample_out_reg[4]_i_2__0_n_0
                         CARRY4 (Prop_carry4_CI_CO[3])
                                                      0.117     7.776 r  u_impl/u_fir_q/sample_out_reg[8]_i_2__0/CO[3]
                         net (fo=1, unplaced)         0.000     7.776    u_impl/u_fir_q/sample_out_reg[8]_i_2__0_n_0
                         CARRY4 (Prop_carry4_CI_CO[3])
                                                      0.117     7.893 r  u_impl/u_fir_q/sample_out_reg[12]_i_2__0/CO[3]
                         net (fo=1, unplaced)         0.000     7.893    u_impl/u_fir_q/sample_out_reg[12]_i_2__0_n_0
                         CARRY4 (Prop_carry4_CI_CO[3])
                                                      0.117     8.010 r  u_impl/u_fir_q/sample_out_reg[16]_i_2__0/CO[3]
                         net (fo=1, unplaced)         0.000     8.010    u_impl/u_fir_q/sample_out_reg[16]_i_2__0_n_0
                         CARRY4 (Prop_carry4_CI_CO[3])
                                                      0.117     8.127 r  u_impl/u_fir_q/sample_out_reg[20]_i_2__0/CO[3]
                         net (fo=1, unplaced)         0.000     8.127    u_impl/u_fir_q/sample_out_reg[20]_i_2__0_n_0
                         CARRY4 (Prop_carry4_CI_CO[3])
                                                      0.117     8.244 r  u_impl/u_fir_q/sample_out_reg[24]_i_2__0/CO[3]
                         net (fo=1, unplaced)         0.000     8.244    u_impl/u_fir_q/sample_out_reg[24]_i_2__0_n_0
                         CARRY4 (Prop_carry4_CI_CO[3])
                                                      0.117     8.361 r  u_impl/u_fir_q/sample_out_reg[28]_i_2__0/CO[3]
                         net (fo=1, unplaced)         0.000     8.361    u_impl/u_fir_q/sample_out_reg[28]_i_2__0_n_0
                         CARRY4 (Prop_carry4_CI_CO[3])
                                                      0.117     8.478 r  u_impl/u_fir_q/sample_out_reg[32]_i_2__0/CO[3]
                         net (fo=1, unplaced)         0.000     8.478    u_impl/u_fir_q/sample_out_reg[32]_i_2__0_n_0
                         CARRY4 (Prop_carry4_CI_CO[3])
                                                      0.117     8.595 r  u_impl/u_fir_q/sample_out_reg[36]_i_2__0/CO[3]
                         net (fo=1, unplaced)         0.000     8.595    u_impl/u_fir_q/sample_out_reg[36]_i_2__0_n_0
                         CARRY4 (Prop_carry4_CI_O[3])
                                                      0.331     8.926 r  u_impl/u_fir_q/sample_out_reg[40]_i_2__0/O[3]
                         net (fo=1, unplaced)         0.618     9.544    u_impl/u_fir_q/round_shift0[40]
                         LUT3 (Prop_lut3_I0_O)        0.299     9.843 r  u_impl/u_fir_q/sample_out[40]_i_1/O
                         net (fo=1, unplaced)         0.000     9.843    u_impl/u_fir_q/round_shift_return[40]
                         FDRE                                         r  u_impl/u_fir_q/sample_out_reg[40]/D
  -------------------------------------------------------------------    -------------------

                         (clock clk rise edge)       10.000    10.000 r  
                                                      0.000    10.000 r  clk (IN)
                         net (fo=0)                   0.000    10.000    clk
                         IBUF (Prop_ibuf_I_O)         0.789    10.789 r  clk_IBUF_inst/O
                         net (fo=1, unplaced)         0.760    11.549    clk_IBUF
                         BUFG (Prop_bufg_I_O)         0.091    11.640 r  clk_IBUF_BUFG_inst/O
                         net (fo=2266, unplaced)      0.439    12.079    u_impl/u_fir_q/clk_IBUF_BUFG
                         FDRE                                         r  u_impl/u_fir_q/sample_out_reg[40]/C
                         clock pessimism              0.178    12.257    
                         clock uncertainty           -0.035    12.222    
                         FDRE (Setup_fdre_C_D)        0.029    12.251    u_impl/u_fir_q/sample_out_reg[40]
  -------------------------------------------------------------------
                         required time                         12.251    
                         arrival time                          -9.843    
  -------------------------------------------------------------------
                         slack                                  2.408    

Slack (MET) :             2.421ns  (required time - arrival time)
  Source:                 u_impl/u_fir_i/sum0123_reg[1]/C
                            (rising edge-triggered cell FDRE clocked by clk  {rise@0.000ns fall@5.000ns period=10.000ns})
  Destination:            u_impl/u_fir_i/sample_out_reg[47]/D
                            (rising edge-triggered cell FDRE clocked by clk  {rise@0.000ns fall@5.000ns period=10.000ns})
  Path Group:             clk
  Path Type:              Setup (Max at Slow Process Corner)
  Requirement:            10.000ns  (clk rise@10.000ns - clk rise@0.000ns)
  Data Path Delay:        7.428ns  (logic 4.696ns (63.220%)  route 2.732ns (36.780%))
  Logic Levels:           17  (CARRY4=14 LUT1=1 LUT2=1 LUT3=1)
  Clock Path Skew:        -0.145ns (DCD - SCD + CPR)
    Destination Clock Delay (DCD):    2.079ns = ( 12.079 - 10.000 ) 
    Source Clock Delay      (SCD):    2.402ns
    Clock Pessimism Removal (CPR):    0.178ns
  Clock Uncertainty:      0.035ns  ((TSJ^2 + TIJ^2)^1/2 + DJ) / 2 + PE
    Total System Jitter     (TSJ):    0.071ns
    Total Input Jitter      (TIJ):    0.000ns
    Discrete Jitter          (DJ):    0.000ns
    Phase Error              (PE):    0.000ns

    Location             Delay type                Incr(ns)  Path(ns)    Netlist Resource(s)
  -------------------------------------------------------------------    -------------------
                         (clock clk rise edge)        0.000     0.000 r  
                                                      0.000     0.000 r  clk (IN)
                         net (fo=0)                   0.000     0.000    clk
                         IBUF (Prop_ibuf_I_O)         0.923     0.923 r  clk_IBUF_inst/O
                         net (fo=1, unplaced)         0.800     1.722    clk_IBUF
                         BUFG (Prop_bufg_I_O)         0.096     1.818 r  clk_IBUF_BUFG_inst/O
                         net (fo=2266, unplaced)      0.584     2.402    u_impl/u_fir_i/clk_IBUF_BUFG
                         FDRE                                         r  u_impl/u_fir_i/sum0123_reg[1]/C
  -------------------------------------------------------------------    -------------------
                         FDRE (Prop_fdre_C_Q)         0.478     2.880 r  u_impl/u_fir_i/sum0123_reg[1]/Q
                         net (fo=2, unplaced)         0.481     3.361    u_impl/u_fir_i/sum0123[1]
                         LUT2 (Prop_lut2_I0_O)        0.295     3.656 r  u_impl/u_fir_i/final_sum_carry_i_3/O
                         net (fo=1, unplaced)         0.000     3.656    u_impl/u_fir_i/final_sum_carry_i_3_n_0
                         CARRY4 (Prop_carry4_S[1]_O[3])
                                                      0.643     4.299 r  u_impl/u_fir_i/final_sum_carry/O[3]
                         net (fo=4, unplaced)         0.828     5.127    u_impl/u_fir_i/value[3]
                         CARRY4 (Prop_carry4_S[2]_O[3])
                                                      0.659     5.786 f  u_impl/u_fir_i/sample_out_reg[0]_i_2/O[3]
                         net (fo=2, unplaced)         0.629     6.415    u_impl/u_fir_i/round_shift2[4]
                         LUT1 (Prop_lut1_I0_O)        0.307     6.722 r  u_impl/u_fir_i/sample_out[4]_i_3/O
                         net (fo=1, unplaced)         0.333     7.055    u_impl/u_fir_i/sample_out[4]_i_3_n_0
                         CARRY4 (Prop_carry4_CYINIT_CO[3])
                                                      0.595     7.650 r  u_impl/u_fir_i/sample_out_reg[4]_i_2/CO[3]
                         net (fo=1, unplaced)         0.009     7.659    u_impl/u_fir_i/sample_out_reg[4]_i_2_n_0
                         CARRY4 (Prop_carry4_CI_CO[3])
                                                      0.117     7.776 r  u_impl/u_fir_i/sample_out_reg[8]_i_2/CO[3]
                         net (fo=1, unplaced)         0.000     7.776    u_impl/u_fir_i/sample_out_reg[8]_i_2_n_0
                         CARRY4 (Prop_carry4_CI_CO[3])
                                                      0.117     7.893 r  u_impl/u_fir_i/sample_out_reg[12]_i_2/CO[3]
                         net (fo=1, unplaced)         0.000     7.893    u_impl/u_fir_i/sample_out_reg[12]_i_2_n_0
                         CARRY4 (Prop_carry4_CI_CO[3])
                                                      0.117     8.010 r  u_impl/u_fir_i/sample_out_reg[16]_i_2/CO[3]
                         net (fo=1, unplaced)         0.000     8.010    u_impl/u_fir_i/sample_out_reg[16]_i_2_n_0
                         CARRY4 (Prop_carry4_CI_CO[3])
                                                      0.117     8.127 r  u_impl/u_fir_i/sample_out_reg[20]_i_2/CO[3]
                         net (fo=1, unplaced)         0.000     8.127    u_impl/u_fir_i/sample_out_reg[20]_i_2_n_0
                         CARRY4 (Prop_carry4_CI_CO[3])
                                                      0.117     8.244 r  u_impl/u_fir_i/sample_out_reg[24]_i_2/CO[3]
                         net (fo=1, unplaced)         0.000     8.244    u_impl/u_fir_i/sample_out_reg[24]_i_2_n_0
                         CARRY4 (Prop_carry4_CI_CO[3])
                                                      0.117     8.361 r  u_impl/u_fir_i/sample_out_reg[28]_i_2/CO[3]
                         net (fo=1, unplaced)         0.000     8.361    u_impl/u_fir_i/sample_out_reg[28]_i_2_n_0
                         CARRY4 (Prop_carry4_CI_CO[3])
                                                      0.117     8.478 r  u_impl/u_fir_i/sample_out_reg[32]_i_2/CO[3]
                         net (fo=1, unplaced)         0.000     8.478    u_impl/u_fir_i/sample_out_reg[32]_i_2_n_0
                         CARRY4 (Prop_carry4_CI_CO[3])
                                                      0.117     8.595 r  u_impl/u_fir_i/sample_out_reg[36]_i_2/CO[3]
                         net (fo=1, unplaced)         0.000     8.595    u_impl/u_fir_i/sample_out_reg[36]_i_2_n_0
                         CARRY4 (Prop_carry4_CI_CO[3])
                                                      0.117     8.712 r  u_impl/u_fir_i/sample_out_reg[40]_i_2/CO[3]
                         net (fo=1, unplaced)         0.000     8.712    u_impl/u_fir_i/sample_out_reg[40]_i_2_n_0
                         CARRY4 (Prop_carry4_CI_CO[3])
                                                      0.117     8.829 r  u_impl/u_fir_i/sample_out_reg[44]_i_2/CO[3]
                         net (fo=1, unplaced)         0.000     8.829    u_impl/u_fir_i/sample_out_reg[44]_i_2_n_0
                         CARRY4 (Prop_carry4_CI_O[2])
                                                      0.256     9.085 r  u_impl/u_fir_i/sample_out_reg[47]_i_2/O[2]
                         net (fo=1, unplaced)         0.452     9.537    u_impl/u_fir_i/round_shift0[47]
                         LUT3 (Prop_lut3_I0_O)        0.293     9.830 r  u_impl/u_fir_i/sample_out[47]_i_1/O
                         net (fo=1, unplaced)         0.000     9.830    u_impl/u_fir_i/round_shift_return[47]
                         FDRE                                         r  u_impl/u_fir_i/sample_out_reg[47]/D
  -------------------------------------------------------------------    -------------------

                         (clock clk rise edge)       10.000    10.000 r  
                                                      0.000    10.000 r  clk (IN)
                         net (fo=0)                   0.000    10.000    clk
                         IBUF (Prop_ibuf_I_O)         0.789    10.789 r  clk_IBUF_inst/O
                         net (fo=1, unplaced)         0.760    11.549    clk_IBUF
                         BUFG (Prop_bufg_I_O)         0.091    11.640 r  clk_IBUF_BUFG_inst/O
                         net (fo=2266, unplaced)      0.439    12.079    u_impl/u_fir_i/clk_IBUF_BUFG
                         FDRE                                         r  u_impl/u_fir_i/sample_out_reg[47]/C
                         clock pessimism              0.178    12.257    
                         clock uncertainty           -0.035    12.222    
                         FDRE (Setup_fdre_C_D)        0.029    12.251    u_impl/u_fir_i/sample_out_reg[47]
  -------------------------------------------------------------------
                         required time                         12.251    
                         arrival time                          -9.830    
  -------------------------------------------------------------------
                         slack                                  2.421    

Slack (MET) :             2.421ns  (required time - arrival time)
  Source:                 u_impl/u_fir_q/sum0123_reg[1]/C
                            (rising edge-triggered cell FDRE clocked by clk  {rise@0.000ns fall@5.000ns period=10.000ns})
  Destination:            u_impl/u_fir_q/sample_out_reg[47]/D
                            (rising edge-triggered cell FDRE clocked by clk  {rise@0.000ns fall@5.000ns period=10.000ns})
  Path Group:             clk
  Path Type:              Setup (Max at Slow Process Corner)
  Requirement:            10.000ns  (clk rise@10.000ns - clk rise@0.000ns)
  Data Path Delay:        7.428ns  (logic 4.696ns (63.220%)  route 2.732ns (36.780%))
  Logic Levels:           17  (CARRY4=14 LUT1=1 LUT2=1 LUT3=1)
  Clock Path Skew:        -0.145ns (DCD - SCD + CPR)
    Destination Clock Delay (DCD):    2.079ns = ( 12.079 - 10.000 ) 
    Source Clock Delay      (SCD):    2.402ns
    Clock Pessimism Removal (CPR):    0.178ns
  Clock Uncertainty:      0.035ns  ((TSJ^2 + TIJ^2)^1/2 + DJ) / 2 + PE
    Total System Jitter     (TSJ):    0.071ns
    Total Input Jitter      (TIJ):    0.000ns
    Discrete Jitter          (DJ):    0.000ns
    Phase Error              (PE):    0.000ns

    Location             Delay type                Incr(ns)  Path(ns)    Netlist Resource(s)
  -------------------------------------------------------------------    -------------------
                         (clock clk rise edge)        0.000     0.000 r  
                                                      0.000     0.000 r  clk (IN)
                         net (fo=0)                   0.000     0.000    clk
                         IBUF (Prop_ibuf_I_O)         0.923     0.923 r  clk_IBUF_inst/O
                         net (fo=1, unplaced)         0.800     1.722    clk_IBUF
                         BUFG (Prop_bufg_I_O)         0.096     1.818 r  clk_IBUF_BUFG_inst/O
                         net (fo=2266, unplaced)      0.584     2.402    u_impl/u_fir_q/clk_IBUF_BUFG
                         FDRE                                         r  u_impl/u_fir_q/sum0123_reg[1]/C
  -------------------------------------------------------------------    -------------------
                         FDRE (Prop_fdre_C_Q)         0.478     2.880 r  u_impl/u_fir_q/sum0123_reg[1]/Q
                         net (fo=2, unplaced)         0.481     3.361    u_impl/u_fir_q/sum0123[1]
                         LUT2 (Prop_lut2_I0_O)        0.295     3.656 r  u_impl/u_fir_q/final_sum_carry_i_3__0/O
                         net (fo=1, unplaced)         0.000     3.656    u_impl/u_fir_q/final_sum_carry_i_3__0_n_0
                         CARRY4 (Prop_carry4_S[1]_O[3])
                                                      0.643     4.299 r  u_impl/u_fir_q/final_sum_carry/O[3]
                         net (fo=4, unplaced)         0.828     5.127    u_impl/u_fir_q/value[3]
                         CARRY4 (Prop_carry4_S[2]_O[3])
                                                      0.659     5.786 f  u_impl/u_fir_q/sample_out_reg[0]_i_2__0/O[3]
                         net (fo=2, unplaced)         0.629     6.415    u_impl/u_fir_q/round_shift2[4]
                         LUT1 (Prop_lut1_I0_O)        0.307     6.722 r  u_impl/u_fir_q/sample_out[4]_i_3/O
                         net (fo=1, unplaced)         0.333     7.055    u_impl/u_fir_q/sample_out[4]_i_3_n_0
                         CARRY4 (Prop_carry4_CYINIT_CO[3])
                                                      0.595     7.650 r  u_impl/u_fir_q/sample_out_reg[4]_i_2__0/CO[3]
                         net (fo=1, unplaced)         0.009     7.659    u_impl/u_fir_q/sample_out_reg[4]_i_2__0_n_0
                         CARRY4 (Prop_carry4_CI_CO[3])
                                                      0.117     7.776 r  u_impl/u_fir_q/sample_out_reg[8]_i_2__0/CO[3]
                         net (fo=1, unplaced)         0.000     7.776    u_impl/u_fir_q/sample_out_reg[8]_i_2__0_n_0
                         CARRY4 (Prop_carry4_CI_CO[3])
                                                      0.117     7.893 r  u_impl/u_fir_q/sample_out_reg[12]_i_2__0/CO[3]
                         net (fo=1, unplaced)         0.000     7.893    u_impl/u_fir_q/sample_out_reg[12]_i_2__0_n_0
                         CARRY4 (Prop_carry4_CI_CO[3])
                                                      0.117     8.010 r  u_impl/u_fir_q/sample_out_reg[16]_i_2__0/CO[3]
                         net (fo=1, unplaced)         0.000     8.010    u_impl/u_fir_q/sample_out_reg[16]_i_2__0_n_0
                         CARRY4 (Prop_carry4_CI_CO[3])
                                                      0.117     8.127 r  u_impl/u_fir_q/sample_out_reg[20]_i_2__0/CO[3]
                         net (fo=1, unplaced)         0.000     8.127    u_impl/u_fir_q/sample_out_reg[20]_i_2__0_n_0
                         CARRY4 (Prop_carry4_CI_CO[3])
                                                      0.117     8.244 r  u_impl/u_fir_q/sample_out_reg[24]_i_2__0/CO[3]
                         net (fo=1, unplaced)         0.000     8.244    u_impl/u_fir_q/sample_out_reg[24]_i_2__0_n_0
                         CARRY4 (Prop_carry4_CI_CO[3])
                                                      0.117     8.361 r  u_impl/u_fir_q/sample_out_reg[28]_i_2__0/CO[3]
                         net (fo=1, unplaced)         0.000     8.361    u_impl/u_fir_q/sample_out_reg[28]_i_2__0_n_0
                         CARRY4 (Prop_carry4_CI_CO[3])
                                                      0.117     8.478 r  u_impl/u_fir_q/sample_out_reg[32]_i_2__0/CO[3]
                         net (fo=1, unplaced)         0.000     8.478    u_impl/u_fir_q/sample_out_reg[32]_i_2__0_n_0
                         CARRY4 (Prop_carry4_CI_CO[3])
                                                      0.117     8.595 r  u_impl/u_fir_q/sample_out_reg[36]_i_2__0/CO[3]
                         net (fo=1, unplaced)         0.000     8.595    u_impl/u_fir_q/sample_out_reg[36]_i_2__0_n_0
                         CARRY4 (Prop_carry4_CI_CO[3])
                                                      0.117     8.712 r  u_impl/u_fir_q/sample_out_reg[40]_i_2__0/CO[3]
                         net (fo=1, unplaced)         0.000     8.712    u_impl/u_fir_q/sample_out_reg[40]_i_2__0_n_0
                         CARRY4 (Prop_carry4_CI_CO[3])
                                                      0.117     8.829 r  u_impl/u_fir_q/sample_out_reg[44]_i_2__0/CO[3]
                         net (fo=1, unplaced)         0.000     8.829    u_impl/u_fir_q/sample_out_reg[44]_i_2__0_n_0
                         CARRY4 (Prop_carry4_CI_O[2])
                                                      0.256     9.085 r  u_impl/u_fir_q/sample_out_reg[47]_i_2__0/O[2]
                         net (fo=1, unplaced)         0.452     9.537    u_impl/u_fir_q/round_shift0[47]
                         LUT3 (Prop_lut3_I0_O)        0.293     9.830 r  u_impl/u_fir_q/sample_out[47]_i_1/O
                         net (fo=1, unplaced)         0.000     9.830    u_impl/u_fir_q/round_shift_return[47]
                         FDRE                                         r  u_impl/u_fir_q/sample_out_reg[47]/D
  -------------------------------------------------------------------    -------------------

                         (clock clk rise edge)       10.000    10.000 r  
                                                      0.000    10.000 r  clk (IN)
                         net (fo=0)                   0.000    10.000    clk
                         IBUF (Prop_ibuf_I_O)         0.789    10.789 r  clk_IBUF_inst/O
                         net (fo=1, unplaced)         0.760    11.549    clk_IBUF
                         BUFG (Prop_bufg_I_O)         0.091    11.640 r  clk_IBUF_BUFG_inst/O
                         net (fo=2266, unplaced)      0.439    12.079    u_impl/u_fir_q/clk_IBUF_BUFG
                         FDRE                                         r  u_impl/u_fir_q/sample_out_reg[47]/C
                         clock pessimism              0.178    12.257    
                         clock uncertainty           -0.035    12.222    
                         FDRE (Setup_fdre_C_D)        0.029    12.251    u_impl/u_fir_q/sample_out_reg[47]
  -------------------------------------------------------------------
                         required time                         12.251    
                         arrival time                          -9.830    
  -------------------------------------------------------------------
                         slack                                  2.421    

Slack (MET) :             2.446ns  (required time - arrival time)
  Source:                 u_impl/u_mag/i_square0/CLK
                            (rising edge-triggered cell DSP48E1 clocked by clk  {rise@0.000ns fall@5.000ns period=10.000ns})
  Destination:            u_impl/u_mag/i_square_reg/PCIN[0]
                            (rising edge-triggered cell DSP48E1 clocked by clk  {rise@0.000ns fall@5.000ns period=10.000ns})
  Path Group:             clk
  Path Type:              Setup (Max at Slow Process Corner)
  Requirement:            10.000ns  (clk rise@10.000ns - clk rise@0.000ns)
  Data Path Delay:        5.974ns  (logic 5.919ns (99.079%)  route 0.055ns (0.921%))
  Logic Levels:           1  (DSP48E1=1)
  Clock Path Skew:        -0.145ns (DCD - SCD + CPR)
    Destination Clock Delay (DCD):    2.079ns = ( 12.079 - 10.000 ) 
    Source Clock Delay      (SCD):    2.402ns
    Clock Pessimism Removal (CPR):    0.178ns
  Clock Uncertainty:      0.035ns  ((TSJ^2 + TIJ^2)^1/2 + DJ) / 2 + PE
    Total System Jitter     (TSJ):    0.071ns
    Total Input Jitter      (TIJ):    0.000ns
    Discrete Jitter          (DJ):    0.000ns
    Phase Error              (PE):    0.000ns

    Location             Delay type                Incr(ns)  Path(ns)    Netlist Resource(s)
  -------------------------------------------------------------------    -------------------
                         (clock clk rise edge)        0.000     0.000 r  
                                                      0.000     0.000 r  clk (IN)
                         net (fo=0)                   0.000     0.000    clk
                         IBUF (Prop_ibuf_I_O)         0.923     0.923 r  clk_IBUF_inst/O
                         net (fo=1, unplaced)         0.800     1.722    clk_IBUF
                         BUFG (Prop_bufg_I_O)         0.096     1.818 r  clk_IBUF_BUFG_inst/O
                         net (fo=2266, unplaced)      0.584     2.402    u_impl/u_mag/clk_IBUF_BUFG
                         DSP48E1                                      r  u_impl/u_mag/i_square0/CLK
  -------------------------------------------------------------------    -------------------
                         DSP48E1 (Prop_dsp48e1_CLK_PCOUT[47])
                                                      4.206     6.608 r  u_impl/u_mag/i_square0/PCOUT[47]
                         net (fo=1, unplaced)         0.055     6.663    u_impl/u_mag/i_square0_n_106
                         DSP48E1 (Prop_dsp48e1_PCIN[47]_PCOUT[0])
                                                      1.713     8.376 r  u_impl/u_mag/i_square0__0/PCOUT[0]
                         net (fo=1, unplaced)         0.000     8.376    u_impl/u_mag/i_square0__0_n_153
                         DSP48E1                                      r  u_impl/u_mag/i_square_reg/PCIN[0]
  -------------------------------------------------------------------    -------------------

                         (clock clk rise edge)       10.000    10.000 r  
                                                      0.000    10.000 r  clk (IN)
                         net (fo=0)                   0.000    10.000    clk
                         IBUF (Prop_ibuf_I_O)         0.789    10.789 r  clk_IBUF_inst/O
                         net (fo=1, unplaced)         0.760    11.549    clk_IBUF
                         BUFG (Prop_bufg_I_O)         0.091    11.640 r  clk_IBUF_BUFG_inst/O
                         net (fo=2266, unplaced)      0.439    12.079    u_impl/u_mag/clk_IBUF_BUFG
                         DSP48E1                                      r  u_impl/u_mag/i_square_reg/CLK
                         clock pessimism              0.178    12.257    
                         clock uncertainty           -0.035    12.222    
                         DSP48E1 (Setup_dsp48e1_CLK_PCIN[0])
                                                     -1.400    10.822    u_impl/u_mag/i_square_reg
  -------------------------------------------------------------------
                         required time                         10.822    
                         arrival time                          -8.376    
  -------------------------------------------------------------------
                         slack                                  2.446    

Slack (MET) :             2.446ns  (required time - arrival time)
  Source:                 u_impl/u_mag/i_square0/CLK
                            (rising edge-triggered cell DSP48E1 clocked by clk  {rise@0.000ns fall@5.000ns period=10.000ns})
  Destination:            u_impl/u_mag/i_square_reg/PCIN[10]
                            (rising edge-triggered cell DSP48E1 clocked by clk  {rise@0.000ns fall@5.000ns period=10.000ns})
  Path Group:             clk
  Path Type:              Setup (Max at Slow Process Corner)
  Requirement:            10.000ns  (clk rise@10.000ns - clk rise@0.000ns)
  Data Path Delay:        5.974ns  (logic 5.919ns (99.079%)  route 0.055ns (0.921%))
  Logic Levels:           1  (DSP48E1=1)
  Clock Path Skew:        -0.145ns (DCD - SCD + CPR)
    Destination Clock Delay (DCD):    2.079ns = ( 12.079 - 10.000 ) 
    Source Clock Delay      (SCD):    2.402ns
    Clock Pessimism Removal (CPR):    0.178ns
  Clock Uncertainty:      0.035ns  ((TSJ^2 + TIJ^2)^1/2 + DJ) / 2 + PE
    Total System Jitter     (TSJ):    0.071ns
    Total Input Jitter      (TIJ):    0.000ns
    Discrete Jitter          (DJ):    0.000ns
    Phase Error              (PE):    0.000ns

    Location             Delay type                Incr(ns)  Path(ns)    Netlist Resource(s)
  -------------------------------------------------------------------    -------------------
                         (clock clk rise edge)        0.000     0.000 r  
                                                      0.000     0.000 r  clk (IN)
                         net (fo=0)                   0.000     0.000    clk
                         IBUF (Prop_ibuf_I_O)         0.923     0.923 r  clk_IBUF_inst/O
                         net (fo=1, unplaced)         0.800     1.722    clk_IBUF
                         BUFG (Prop_bufg_I_O)         0.096     1.818 r  clk_IBUF_BUFG_inst/O
                         net (fo=2266, unplaced)      0.584     2.402    u_impl/u_mag/clk_IBUF_BUFG
                         DSP48E1                                      r  u_impl/u_mag/i_square0/CLK
  -------------------------------------------------------------------    -------------------
                         DSP48E1 (Prop_dsp48e1_CLK_PCOUT[47])
                                                      4.206     6.608 r  u_impl/u_mag/i_square0/PCOUT[47]
                         net (fo=1, unplaced)         0.055     6.663    u_impl/u_mag/i_square0_n_106
                         DSP48E1 (Prop_dsp48e1_PCIN[47]_PCOUT[10])
                                                      1.713     8.376 r  u_impl/u_mag/i_square0__0/PCOUT[10]
                         net (fo=1, unplaced)         0.000     8.376    u_impl/u_mag/i_square0__0_n_143
                         DSP48E1                                      r  u_impl/u_mag/i_square_reg/PCIN[10]
  -------------------------------------------------------------------    -------------------

                         (clock clk rise edge)       10.000    10.000 r  
                                                      0.000    10.000 r  clk (IN)
                         net (fo=0)                   0.000    10.000    clk
                         IBUF (Prop_ibuf_I_O)         0.789    10.789 r  clk_IBUF_inst/O
                         net (fo=1, unplaced)         0.760    11.549    clk_IBUF
                         BUFG (Prop_bufg_I_O)         0.091    11.640 r  clk_IBUF_BUFG_inst/O
                         net (fo=2266, unplaced)      0.439    12.079    u_impl/u_mag/clk_IBUF_BUFG
                         DSP48E1                                      r  u_impl/u_mag/i_square_reg/CLK
                         clock pessimism              0.178    12.257    
                         clock uncertainty           -0.035    12.222    
                         DSP48E1 (Setup_dsp48e1_CLK_PCIN[10])
                                                     -1.400    10.822    u_impl/u_mag/i_square_reg
  -------------------------------------------------------------------
                         required time                         10.822    
                         arrival time                          -8.376    
  -------------------------------------------------------------------
                         slack                                  2.446    

Slack (MET) :             2.446ns  (required time - arrival time)
  Source:                 u_impl/u_mag/i_square0/CLK
                            (rising edge-triggered cell DSP48E1 clocked by clk  {rise@0.000ns fall@5.000ns period=10.000ns})
  Destination:            u_impl/u_mag/i_square_reg/PCIN[11]
                            (rising edge-triggered cell DSP48E1 clocked by clk  {rise@0.000ns fall@5.000ns period=10.000ns})
  Path Group:             clk
  Path Type:              Setup (Max at Slow Process Corner)
  Requirement:            10.000ns  (clk rise@10.000ns - clk rise@0.000ns)
  Data Path Delay:        5.974ns  (logic 5.919ns (99.079%)  route 0.055ns (0.921%))
  Logic Levels:           1  (DSP48E1=1)
  Clock Path Skew:        -0.145ns (DCD - SCD + CPR)
    Destination Clock Delay (DCD):    2.079ns = ( 12.079 - 10.000 ) 
    Source Clock Delay      (SCD):    2.402ns
    Clock Pessimism Removal (CPR):    0.178ns
  Clock Uncertainty:      0.035ns  ((TSJ^2 + TIJ^2)^1/2 + DJ) / 2 + PE
    Total System Jitter     (TSJ):    0.071ns
    Total Input Jitter      (TIJ):    0.000ns
    Discrete Jitter          (DJ):    0.000ns
    Phase Error              (PE):    0.000ns

    Location             Delay type                Incr(ns)  Path(ns)    Netlist Resource(s)
  -------------------------------------------------------------------    -------------------
                         (clock clk rise edge)        0.000     0.000 r  
                                                      0.000     0.000 r  clk (IN)
                         net (fo=0)                   0.000     0.000    clk
                         IBUF (Prop_ibuf_I_O)         0.923     0.923 r  clk_IBUF_inst/O
                         net (fo=1, unplaced)         0.800     1.722    clk_IBUF
                         BUFG (Prop_bufg_I_O)         0.096     1.818 r  clk_IBUF_BUFG_inst/O
                         net (fo=2266, unplaced)      0.584     2.402    u_impl/u_mag/clk_IBUF_BUFG
                         DSP48E1                                      r  u_impl/u_mag/i_square0/CLK
  -------------------------------------------------------------------    -------------------
                         DSP48E1 (Prop_dsp48e1_CLK_PCOUT[47])
                                                      4.206     6.608 r  u_impl/u_mag/i_square0/PCOUT[47]
                         net (fo=1, unplaced)         0.055     6.663    u_impl/u_mag/i_square0_n_106
                         DSP48E1 (Prop_dsp48e1_PCIN[47]_PCOUT[11])
                                                      1.713     8.376 r  u_impl/u_mag/i_square0__0/PCOUT[11]
                         net (fo=1, unplaced)         0.000     8.376    u_impl/u_mag/i_square0__0_n_142
                         DSP48E1                                      r  u_impl/u_mag/i_square_reg/PCIN[11]
  -------------------------------------------------------------------    -------------------

                         (clock clk rise edge)       10.000    10.000 r  
                                                      0.000    10.000 r  clk (IN)
                         net (fo=0)                   0.000    10.000    clk
                         IBUF (Prop_ibuf_I_O)         0.789    10.789 r  clk_IBUF_inst/O
                         net (fo=1, unplaced)         0.760    11.549    clk_IBUF
                         BUFG (Prop_bufg_I_O)         0.091    11.640 r  clk_IBUF_BUFG_inst/O
                         net (fo=2266, unplaced)      0.439    12.079    u_impl/u_mag/clk_IBUF_BUFG
                         DSP48E1                                      r  u_impl/u_mag/i_square_reg/CLK
                         clock pessimism              0.178    12.257    
                         clock uncertainty           -0.035    12.222    
                         DSP48E1 (Setup_dsp48e1_CLK_PCIN[11])
                                                     -1.400    10.822    u_impl/u_mag/i_square_reg
  -------------------------------------------------------------------
                         required time                         10.822    
                         arrival time                          -8.376    
  -------------------------------------------------------------------
                         slack                                  2.446    

Slack (MET) :             2.446ns  (required time - arrival time)
  Source:                 u_impl/u_mag/i_square0/CLK
                            (rising edge-triggered cell DSP48E1 clocked by clk  {rise@0.000ns fall@5.000ns period=10.000ns})
  Destination:            u_impl/u_mag/i_square_reg/PCIN[12]
                            (rising edge-triggered cell DSP48E1 clocked by clk  {rise@0.000ns fall@5.000ns period=10.000ns})
  Path Group:             clk
  Path Type:              Setup (Max at Slow Process Corner)
  Requirement:            10.000ns  (clk rise@10.000ns - clk rise@0.000ns)
  Data Path Delay:        5.974ns  (logic 5.919ns (99.079%)  route 0.055ns (0.921%))
  Logic Levels:           1  (DSP48E1=1)
  Clock Path Skew:        -0.145ns (DCD - SCD + CPR)
    Destination Clock Delay (DCD):    2.079ns = ( 12.079 - 10.000 ) 
    Source Clock Delay      (SCD):    2.402ns
    Clock Pessimism Removal (CPR):    0.178ns
  Clock Uncertainty:      0.035ns  ((TSJ^2 + TIJ^2)^1/2 + DJ) / 2 + PE
    Total System Jitter     (TSJ):    0.071ns
    Total Input Jitter      (TIJ):    0.000ns
    Discrete Jitter          (DJ):    0.000ns
    Phase Error              (PE):    0.000ns

    Location             Delay type                Incr(ns)  Path(ns)    Netlist Resource(s)
  -------------------------------------------------------------------    -------------------
                         (clock clk rise edge)        0.000     0.000 r  
                                                      0.000     0.000 r  clk (IN)
                         net (fo=0)                   0.000     0.000    clk
                         IBUF (Prop_ibuf_I_O)         0.923     0.923 r  clk_IBUF_inst/O
                         net (fo=1, unplaced)         0.800     1.722    clk_IBUF
                         BUFG (Prop_bufg_I_O)         0.096     1.818 r  clk_IBUF_BUFG_inst/O
                         net (fo=2266, unplaced)      0.584     2.402    u_impl/u_mag/clk_IBUF_BUFG
                         DSP48E1                                      r  u_impl/u_mag/i_square0/CLK
  -------------------------------------------------------------------    -------------------
                         DSP48E1 (Prop_dsp48e1_CLK_PCOUT[47])
                                                      4.206     6.608 r  u_impl/u_mag/i_square0/PCOUT[47]
                         net (fo=1, unplaced)         0.055     6.663    u_impl/u_mag/i_square0_n_106
                         DSP48E1 (Prop_dsp48e1_PCIN[47]_PCOUT[12])
                                                      1.713     8.376 r  u_impl/u_mag/i_square0__0/PCOUT[12]
                         net (fo=1, unplaced)         0.000     8.376    u_impl/u_mag/i_square0__0_n_141
                         DSP48E1                                      r  u_impl/u_mag/i_square_reg/PCIN[12]
  -------------------------------------------------------------------    -------------------

                         (clock clk rise edge)       10.000    10.000 r  
                                                      0.000    10.000 r  clk (IN)
                         net (fo=0)                   0.000    10.000    clk
                         IBUF (Prop_ibuf_I_O)         0.789    10.789 r  clk_IBUF_inst/O
                         net (fo=1, unplaced)         0.760    11.549    clk_IBUF
                         BUFG (Prop_bufg_I_O)         0.091    11.640 r  clk_IBUF_BUFG_inst/O
                         net (fo=2266, unplaced)      0.439    12.079    u_impl/u_mag/clk_IBUF_BUFG
                         DSP48E1                                      r  u_impl/u_mag/i_square_reg/CLK
                         clock pessimism              0.178    12.257    
                         clock uncertainty           -0.035    12.222    
                         DSP48E1 (Setup_dsp48e1_CLK_PCIN[12])
                                                     -1.400    10.822    u_impl/u_mag/i_square_reg
  -------------------------------------------------------------------
                         required time                         10.822    
                         arrival time                          -8.376    
  -------------------------------------------------------------------
                         slack                                  2.446    




