Copyright 1986-2022 Xilinx, Inc. All Rights Reserved. Copyright 2022-2025 Advanced Micro Devices, Inc. All Rights Reserved.
--------------------------------------------------------------------------------------------------------------------------------------------------------------
| Tool Version : Vivado v.2025.2 (win64) Build 6299465 Fri Nov 14 19:35:11 GMT 2025
| Date         : Sun May  3 19:29:09 2026
| Host         : Navnil_Desktop running 64-bit major release  (build 9200)
| Command      : report_timing_summary -file C:/Users/CHOUDN3/Downloads/VLSI_project/reports/pipelined_plus5_firout_accbuf_impl/post_route_timing_summary.rpt
| Design       : lockin_pipelined_plus5_firout_accbuf_top
| Device       : 7a35t-fgg484
| Speed File   : -1  PRODUCTION 1.23 2018-06-13
| Design State : Routed
--------------------------------------------------------------------------------------------------------------------------------------------------------------

Timing Summary Report

------------------------------------------------------------------------------------------------
| Timer Settings
| --------------
------------------------------------------------------------------------------------------------

  Enable Multi Corner Analysis               :  Yes
  Enable Pessimism Removal                   :  Yes
  Pessimism Removal Resolution               :  Nearest Common Node
  Enable Input Delay Default Clock           :  No
  Enable Preset / Clear Arcs                 :  No
  Disable Flight Delays                      :  No
  Ignore I/O Paths                           :  No
  Timing Early Launch at Borrowing Latches   :  No
  Borrow Time for Max Delay Exceptions       :  Yes
  Merge Timing Exceptions                    :  Yes
  Inter-SLR Compensation                     :  Conservative

  Corner  Analyze    Analyze    
  Name    Max Paths  Min Paths  
  ------  ---------  ---------  
  Slow    Yes        Yes        
  Fast    Yes        Yes        


------------------------------------------------------------------------------------------------
| Report Methodology
| ------------------
------------------------------------------------------------------------------------------------

No report available as report_methodology has not been run prior. Run report_methodology on the current design for the summary of methodology violations.



check_timing report

Table of Contents
-----------------
1. checking no_clock (0)
2. checking constant_clock (0)
3. checking pulse_width_clock (0)
4. checking unconstrained_internal_endpoints (0)
5. checking no_input_delay (18)
6. checking no_output_delay (132)
7. checking multiple_clock (0)
8. checking generated_clocks (0)
9. checking loops (0)
10. checking partial_input_delay (0)
11. checking partial_output_delay (0)
12. checking latch_loops (0)

1. checking no_clock (0)
------------------------
 There are 0 register/latch pins with no clock.


2. checking constant_clock (0)
------------------------------
 There are 0 register/latch pins with constant_clock.


3. checking pulse_width_clock (0)
---------------------------------
 There are 0 register/latch pins which need pulse_width check


4. checking unconstrained_internal_endpoints (0)
------------------------------------------------
 There are 0 pins that are not constrained for maximum delay.

 There are 0 pins that are not constrained for maximum delay due to constant clock.


5. checking no_input_delay (18)
-------------------------------
 There are 18 input ports with no input delay specified. (HIGH)

 There are 0 input ports with no input delay but user has a false path constraint.


6. checking no_output_delay (132)
---------------------------------
 There are 132 ports with no output delay specified. (HIGH)

 There are 0 ports with no output delay but user has a false path constraint

 There are 0 ports with no output delay but with a timing clock defined on it or propagating through it


7. checking multiple_clock (0)
------------------------------
 There are 0 register/latch pins with multiple clocks.


8. checking generated_clocks (0)
--------------------------------
 There are 0 generated clocks that are not connected to a clock source.


9. checking loops (0)
---------------------
 There are 0 combinational loops in the design.


10. checking partial_input_delay (0)
------------------------------------
 There are 0 input ports with partial input delay specified.


11. checking partial_output_delay (0)
-------------------------------------
 There are 0 ports with partial output delay specified.


12. checking latch_loops (0)
----------------------------
 There are 0 combinational latch loops in the design through latch input



------------------------------------------------------------------------------------------------
| Design Timing Summary
| ---------------------
------------------------------------------------------------------------------------------------

    WNS(ns)      TNS(ns)  TNS Failing Endpoints  TNS Total Endpoints      WHS(ns)      THS(ns)  THS Failing Endpoints  THS Total Endpoints     WPWS(ns)     TPWS(ns)  TPWS Failing Endpoints  TPWS Total Endpoints  
    -------      -------  ---------------------  -------------------      -------      -------  ---------------------  -------------------     --------     --------  ----------------------  --------------------  
      2.254        0.000                      0                 5714        0.022        0.000                      0                 5714        4.020        0.000                       0                  2493  


All user specified timing constraints are met.


------------------------------------------------------------------------------------------------
| Clock Summary
| -------------
------------------------------------------------------------------------------------------------

Clock  Waveform(ns)       Period(ns)      Frequency(MHz)
-----  ------------       ----------      --------------
clk    {0.000 5.000}      10.000          100.000         


------------------------------------------------------------------------------------------------
| Intra Clock Table
| -----------------
------------------------------------------------------------------------------------------------

Clock             WNS(ns)      TNS(ns)  TNS Failing Endpoints  TNS Total Endpoints      WHS(ns)      THS(ns)  THS Failing Endpoints  THS Total Endpoints     WPWS(ns)     TPWS(ns)  TPWS Failing Endpoints  TPWS Total Endpoints  
-----             -------      -------  ---------------------  -------------------      -------      -------  ---------------------  -------------------     --------     --------  ----------------------  --------------------  
clk                 2.254        0.000                      0                 5714        0.022        0.000                      0                 5714        4.020        0.000                       0                  2493  


------------------------------------------------------------------------------------------------
| Inter Clock Table
| -----------------
------------------------------------------------------------------------------------------------

From Clock    To Clock          WNS(ns)      TNS(ns)  TNS Failing Endpoints  TNS Total Endpoints      WHS(ns)      THS(ns)  THS Failing Endpoints  THS Total Endpoints  
----------    --------          -------      -------  ---------------------  -------------------      -------      -------  ---------------------  -------------------  


------------------------------------------------------------------------------------------------
| Other Path Groups Table
| -----------------------
------------------------------------------------------------------------------------------------

Path Group    From Clock    To Clock          WNS(ns)      TNS(ns)  TNS Failing Endpoints  TNS Total Endpoints      WHS(ns)      THS(ns)  THS Failing Endpoints  THS Total Endpoints  
----------    ----------    --------          -------      -------  ---------------------  -------------------      -------      -------  ---------------------  -------------------  


------------------------------------------------------------------------------------------------
| Timing Details
| --------------
------------------------------------------------------------------------------------------------


---------------------------------------------------------------------------------------------------
From Clock:  clk
  To Clock:  clk

Setup :            0  Failing Endpoints,  Worst Slack        2.254ns,  Total Violation        0.000ns
Hold  :            0  Failing Endpoints,  Worst Slack        0.022ns,  Total Violation        0.000ns
PW    :            0  Failing Endpoints,  Worst Slack        4.020ns,  Total Violation        0.000ns
---------------------------------------------------------------------------------------------------


Max Delay Paths
--------------------------------------------------------------------------------------
Slack (MET) :             2.254ns  (required time - arrival time)
  Source:                 u_impl/u_mag/q_square0/CLK
                            (rising edge-triggered cell DSP48E1 clocked by clk  {rise@0.000ns fall@5.000ns period=10.000ns})
  Destination:            u_impl/u_mag/q_square_reg[5]/D
                            (rising edge-triggered cell FDRE clocked by clk  {rise@0.000ns fall@5.000ns period=10.000ns})
  Path Group:             clk
  Path Type:              Setup (Max at Slow Process Corner)
  Requirement:            10.000ns  (clk rise@10.000ns - clk rise@0.000ns)
  Data Path Delay:        7.534ns  (logic 5.724ns (75.977%)  route 1.810ns (24.023%))
  Logic Levels:           1  (DSP48E1=1)
  Clock Path Skew:        -0.106ns (DCD - SCD + CPR)
    Destination Clock Delay (DCD):    4.425ns = ( 14.425 - 10.000 ) 
    Source Clock Delay      (SCD):    4.875ns
    Clock Pessimism Removal (CPR):    0.345ns
  Clock Uncertainty:      0.035ns  ((TSJ^2 + TIJ^2)^1/2 + DJ) / 2 + PE
    Total System Jitter     (TSJ):    0.071ns
    Total Input Jitter      (TIJ):    0.000ns
    Discrete Jitter          (DJ):    0.000ns
    Phase Error              (PE):    0.000ns

    Location             Delay type                Incr(ns)  Path(ns)    Netlist Resource(s)
  -------------------------------------------------------------------    -------------------
                         (clock clk rise edge)        0.000     0.000 r  
    Y4                                                0.000     0.000 r  clk (IN)
                         net (fo=0)                   0.000     0.000    clk
    Y4                   IBUF (Prop_ibuf_I_O)         0.993     0.993 r  clk_IBUF_inst/O
                         net (fo=1, routed)           1.967     2.959    clk_IBUF
    BUFGCTRL_X0Y0        BUFG (Prop_bufg_I_O)         0.096     3.055 r  clk_IBUF_BUFG_inst/O
                         net (fo=2492, routed)        1.820     4.875    u_impl/u_mag/clk_IBUF_BUFG
    DSP48_X0Y47          DSP48E1                                      r  u_impl/u_mag/q_square0/CLK
  -------------------------------------------------------------------    -------------------
    DSP48_X0Y47          DSP48E1 (Prop_dsp48e1_CLK_PCOUT[47])
                                                      4.206     9.081 r  u_impl/u_mag/q_square0/PCOUT[47]
                         net (fo=1, routed)           0.002     9.083    u_impl/u_mag/q_square0_n_106
    DSP48_X0Y48          DSP48E1 (Prop_dsp48e1_PCIN[47]_P[5])
                                                      1.518    10.601 r  u_impl/u_mag/q_square0__0/P[5]
                         net (fo=1, routed)           1.808    12.409    u_impl/u_mag/q_square0__0_n_100
    SLICE_X10Y109        FDRE                                         r  u_impl/u_mag/q_square_reg[5]/D
  -------------------------------------------------------------------    -------------------

                         (clock clk rise edge)       10.000    10.000 r  
    Y4                                                0.000    10.000 r  clk (IN)
                         net (fo=0)                   0.000    10.000    clk
    Y4                   IBUF (Prop_ibuf_I_O)         0.859    10.859 r  clk_IBUF_inst/O
                         net (fo=1, routed)           1.862    12.721    clk_IBUF
    BUFGCTRL_X0Y0        BUFG (Prop_bufg_I_O)         0.091    12.812 r  clk_IBUF_BUFG_inst/O
                         net (fo=2492, routed)        1.613    14.425    u_impl/u_mag/clk_IBUF_BUFG
    SLICE_X10Y109        FDRE                                         r  u_impl/u_mag/q_square_reg[5]/C
                         clock pessimism              0.345    14.770    
                         clock uncertainty           -0.035    14.734    
    SLICE_X10Y109        FDRE (Setup_fdre_C_D)       -0.071    14.663    u_impl/u_mag/q_square_reg[5]
  -------------------------------------------------------------------
                         required time                         14.663    
                         arrival time                         -12.409    
  -------------------------------------------------------------------
                         slack                                  2.254    





Min Delay Paths
--------------------------------------------------------------------------------------
Slack (MET) :             0.022ns  (arrival time - required time)
  Source:                 u_impl/gen_fir_outreg.u_fir_i/sum45_reg[11]/C
                            (rising edge-triggered cell FDRE clocked by clk  {rise@0.000ns fall@5.000ns period=10.000ns})
  Destination:            u_impl/gen_fir_outreg.u_fir_i/sum4567_reg[12]/D
                            (rising edge-triggered cell FDRE clocked by clk  {rise@0.000ns fall@5.000ns period=10.000ns})
  Path Group:             clk
  Path Type:              Hold (Min at Fast Process Corner)
  Requirement:            0.000ns  (clk rise@0.000ns - clk rise@0.000ns)
  Data Path Delay:        0.478ns  (logic 0.308ns (64.461%)  route 0.170ns (35.539%))
  Logic Levels:           2  (CARRY4=2)
  Clock Path Skew:        0.350ns (DCD - SCD - CPR)
    Destination Clock Delay (DCD):    2.041ns
    Source Clock Delay      (SCD):    1.440ns
    Clock Pessimism Removal (CPR):    0.251ns

    Location             Delay type                Incr(ns)  Path(ns)    Netlist Resource(s)
  -------------------------------------------------------------------    -------------------
                         (clock clk rise edge)        0.000     0.000 r  
    Y4                                                0.000     0.000 r  clk (IN)
                         net (fo=0)                   0.000     0.000    clk
    Y4                   IBUF (Prop_ibuf_I_O)         0.221     0.221 r  clk_IBUF_inst/O
                         net (fo=1, routed)           0.631     0.852    clk_IBUF
    BUFGCTRL_X0Y0        BUFG (Prop_bufg_I_O)         0.026     0.878 r  clk_IBUF_BUFG_inst/O
                         net (fo=2492, routed)        0.562     1.440    u_impl/gen_fir_outreg.u_fir_i/clk_IBUF_BUFG
    SLICE_X36Y99         FDRE                                         r  u_impl/gen_fir_outreg.u_fir_i/sum45_reg[11]/C
  -------------------------------------------------------------------    -------------------
    SLICE_X36Y99         FDRE (Prop_fdre_C_Q)         0.141     1.581 r  u_impl/gen_fir_outreg.u_fir_i/sum45_reg[11]/Q
                         net (fo=2, routed)           0.169     1.750    u_impl/gen_fir_outreg.u_fir_i/sum45[11]
    SLICE_X35Y99         CARRY4 (Prop_carry4_DI[3]_CO[3])
                                                      0.113     1.863 r  u_impl/gen_fir_outreg.u_fir_i/sum4567_reg[11]_i_1/CO[3]
                         net (fo=1, routed)           0.001     1.864    u_impl/gen_fir_outreg.u_fir_i/sum4567_reg[11]_i_1_n_0
    SLICE_X35Y100        CARRY4 (Prop_carry4_CI_O[0])
                                                      0.054     1.918 r  u_impl/gen_fir_outreg.u_fir_i/sum4567_reg[15]_i_1/O[0]
                         net (fo=1, routed)           0.000     1.918    u_impl/gen_fir_outreg.u_fir_i/sum4567_reg[15]_i_1_n_7
    SLICE_X35Y100        FDRE                                         r  u_impl/gen_fir_outreg.u_fir_i/sum4567_reg[12]/D
  -------------------------------------------------------------------    -------------------

                         (clock clk rise edge)        0.000     0.000 r  
    Y4                                                0.000     0.000 r  clk (IN)
                         net (fo=0)                   0.000     0.000    clk
    Y4                   IBUF (Prop_ibuf_I_O)         0.410     0.410 r  clk_IBUF_inst/O
                         net (fo=1, routed)           0.685     1.095    clk_IBUF
    BUFGCTRL_X0Y0        BUFG (Prop_bufg_I_O)         0.029     1.124 r  clk_IBUF_BUFG_inst/O
                         net (fo=2492, routed)        0.917     2.041    u_impl/gen_fir_outreg.u_fir_i/clk_IBUF_BUFG
    SLICE_X35Y100        FDRE                                         r  u_impl/gen_fir_outreg.u_fir_i/sum4567_reg[12]/C
                         clock pessimism             -0.251     1.790    
    SLICE_X35Y100        FDRE (Hold_fdre_C_D)         0.105     1.895    u_impl/gen_fir_outreg.u_fir_i/sum4567_reg[12]
  -------------------------------------------------------------------
                         required time                         -1.895    
                         arrival time                           1.918    
  -------------------------------------------------------------------
                         slack                                  0.022    





Pulse Width Checks
--------------------------------------------------------------------------------------
Clock Name:         clk
Waveform(ns):       { 0.000 5.000 }
Period(ns):         10.000
Sources:            { clk }

Check Type        Corner  Lib Pin      Reference Pin  Required(ns)  Actual(ns)  Slack(ns)  Location       Pin
Min Period        n/a     DSP48E1/CLK  n/a            3.884         10.000      6.116      DSP48_X0Y33    u_impl/u_mag/i_square_reg/CLK
Low Pulse Width   Slow    SRL16E/CLK   n/a            0.980         5.000       4.020      SLICE_X30Y100  u_impl/bin_mag_p1_reg[0]_srl13___u_impl_bin_mag_p1_reg_r/CLK
High Pulse Width  Slow    SRL16E/CLK   n/a            0.980         5.000       4.020      SLICE_X30Y100  u_impl/bin_mag_p1_reg[0]_srl13___u_impl_bin_mag_p1_reg_r/CLK



