Copyright 1986-2022 Xilinx, Inc. All Rights Reserved. Copyright 2022-2025 Advanced Micro Devices, Inc. All Rights Reserved.
---------------------------------------------------------------------------------------------------------------------------------------------
| Tool Version : Vivado v.2025.2 (win64) Build 6299465 Fri Nov 14 19:35:11 GMT 2025
| Date         : Sun May  3 15:02:58 2026
| Host         : Navnil_Desktop running 64-bit major release  (build 9200)
| Command      : report_timing -max_paths 10 -file C:/Users/CHOUDN3/Downloads/VLSI_project/reports/baseline/critical_paths.rpt
| Design       : lockin_baseline_top
| Device       : 7a35t-cpg236
| Speed File   : -1  PRODUCTION 1.23 2018-06-13
| Design State : Synthesized
---------------------------------------------------------------------------------------------------------------------------------------------

Timing Report

Slack (VIOLATED) :        -11.343ns  (required time - arrival time)
  Source:                 sample_count_reg[3]/C
                            (rising edge-triggered cell FDRE clocked by clk  {rise@0.000ns fall@5.000ns period=10.000ns})
  Destination:            u_mag/i_square__1/A[10]
                            (rising edge-triggered cell DSP48E1 clocked by clk  {rise@0.000ns fall@5.000ns period=10.000ns})
  Path Group:             clk
  Path Type:              Setup (Max at Slow Process Corner)
  Requirement:            10.000ns  (clk rise@10.000ns - clk rise@0.000ns)
  Data Path Delay:        19.235ns  (logic 9.954ns (51.749%)  route 9.281ns (48.251%))
  Logic Levels:           24  (CARRY4=14 DSP48E1=1 LUT1=2 LUT3=3 LUT5=1 LUT6=3)
  Clock Path Skew:        -0.145ns (DCD - SCD + CPR)
    Destination Clock Delay (DCD):    2.079ns = ( 12.079 - 10.000 ) 
    Source Clock Delay      (SCD):    2.402ns
    Clock Pessimism Removal (CPR):    0.178ns
  Clock Uncertainty:      0.035ns  ((TSJ^2 + TIJ^2)^1/2 + DJ) / 2 + PE
    Total System Jitter     (TSJ):    0.071ns
    Total Input Jitter      (TIJ):    0.000ns
    Discrete Jitter          (DJ):    0.000ns
    Phase Error              (PE):    0.000ns

    Location             Delay type                Incr(ns)  Path(ns)    Netlist Resource(s)
  -------------------------------------------------------------------    -------------------
                         (clock clk rise edge)        0.000     0.000 r  
                                                      0.000     0.000 r  clk (IN)
                         net (fo=0)                   0.000     0.000    clk
                         IBUF (Prop_ibuf_I_O)         0.923     0.923 r  clk_IBUF_inst/O
                         net (fo=1, unplaced)         0.800     1.722    clk_IBUF
                         BUFG (Prop_bufg_I_O)         0.096     1.818 r  clk_IBUF_BUFG_inst/O
                         net (fo=878, unplaced)       0.584     2.402    clk_IBUF_BUFG
                         FDRE                                         r  sample_count_reg[3]/C
  -------------------------------------------------------------------    -------------------
                         FDRE (Prop_fdre_C_Q)         0.456     2.858 r  sample_count_reg[3]/Q
                         net (fo=5, unplaced)         0.993     3.851    u_mixer/i_mixed_0[2]
                         LUT6 (Prop_lut6_I0_O)        0.295     4.146 f  u_mixer/g0_b0_i_1/O
                         net (fo=72, unplaced)        0.540     4.686    u_nco/i_mixed
                         LUT6 (Prop_lut6_I0_O)        0.124     4.810 r  u_nco/g2_b14/O
                         net (fo=2, unplaced)         1.122     5.932    u_nco/g2_b14_n_0
                         LUT6 (Prop_lut6_I1_O)        0.124     6.056 r  u_nco/p_0_out_inferred__0/i_mixed_i_2/O
                         net (fo=1, unplaced)         0.800     6.856    u_mixer/B[14]
                         DSP48E1 (Prop_dsp48e1_B[14]_P[4])
                                                      3.656    10.512 r  u_mixer/i_mixed/P[4]
                         net (fo=4, unplaced)         0.800    11.312    u_fir_i/D[4]
                         LUT3 (Prop_lut3_I0_O)        0.124    11.436 r  u_fir_i/i_square__2_i_193/O
                         net (fo=1, unplaced)         0.639    12.075    u_fir_i/i_square__2_i_193_n_0
                         CARRY4 (Prop_carry4_DI[1]_CO[3])
                                                      0.520    12.595 r  u_fir_i/i_square__2_i_115/CO[3]
                         net (fo=1, unplaced)         0.000    12.595    u_fir_i/i_square__2_i_115_n_0
                         CARRY4 (Prop_carry4_CI_CO[3])
                                                      0.117    12.712 r  u_fir_i/i_square__2_i_100/CO[3]
                         net (fo=1, unplaced)         0.000    12.712    u_fir_i/i_square__2_i_100_n_0
                         CARRY4 (Prop_carry4_CI_CO[3])
                                                      0.117    12.829 r  u_fir_i/i_square_i_249/CO[3]
                         net (fo=1, unplaced)         0.000    12.829    u_fir_i/i_square_i_249_n_0
                         CARRY4 (Prop_carry4_CI_CO[3])
                                                      0.117    12.946 r  u_fir_i/i_square_i_234/CO[3]
                         net (fo=1, unplaced)         0.000    12.946    u_fir_i/i_square_i_234_n_0
                         CARRY4 (Prop_carry4_CI_CO[3])
                                                      0.117    13.063 r  u_fir_i/i_square_i_219/CO[3]
                         net (fo=1, unplaced)         0.000    13.063    u_fir_i/i_square_i_219_n_0
                         CARRY4 (Prop_carry4_CI_CO[3])
                                                      0.117    13.180 r  u_fir_i/i_square_i_203/CO[3]
                         net (fo=1, unplaced)         0.000    13.180    u_fir_i/i_square_i_203_n_0
                         CARRY4 (Prop_carry4_CI_O[1])
                                                      0.337    13.517 r  u_fir_i/i_square_i_171/O[1]
                         net (fo=3, unplaced)         0.617    14.134    u_fir_i/i_square_i_171_n_6
                         LUT3 (Prop_lut3_I0_O)        0.306    14.440 r  u_fir_i/i_square_i_201/O
                         net (fo=3, unplaced)         0.467    14.907    u_fir_i/i_square_i_201_n_0
                         LUT5 (Prop_lut5_I4_O)        0.124    15.031 r  u_fir_i/i_square_i_127/O
                         net (fo=1, unplaced)         0.639    15.670    u_fir_i/i_square_i_127_n_0
                         CARRY4 (Prop_carry4_DI[1]_CO[3])
                                                      0.520    16.190 r  u_fir_i/i_square_i_76/CO[3]
                         net (fo=1, unplaced)         0.000    16.190    u_fir_i/i_square_i_76_n_0
                         CARRY4 (Prop_carry4_CI_CO[3])
                                                      0.117    16.307 r  u_fir_i/i_square_i_71/CO[3]
                         net (fo=1, unplaced)         0.000    16.307    u_fir_i/i_square_i_71_n_0
                         CARRY4 (Prop_carry4_CI_O[3])
                                                      0.331    16.638 f  u_fir_i/i_square_i_66/O[3]
                         net (fo=2, unplaced)         0.629    17.267    u_fir_i/value[40]
                         LUT1 (Prop_lut1_I0_O)        0.307    17.574 r  u_fir_i/i_square_i_182/O
                         net (fo=1, unplaced)         0.000    17.574    u_fir_i/i_square_i_182_n_0
                         CARRY4 (Prop_carry4_S[3]_CO[3])
                                                      0.376    17.950 r  u_fir_i/i_square_i_115/CO[3]
                         net (fo=1, unplaced)         0.000    17.950    u_fir_i/i_square_i_115_n_0
                         CARRY4 (Prop_carry4_CI_O[3])
                                                      0.331    18.281 f  u_fir_i/i_square_i_109/O[3]
                         net (fo=1, unplaced)         0.618    18.899    u_fir_i/round_shift2[44]
                         LUT1 (Prop_lut1_I0_O)        0.307    19.206 r  u_fir_i/i_square_i_62/O
                         net (fo=1, unplaced)         0.000    19.206    u_fir_i/p_0_in[40]
                         CARRY4 (Prop_carry4_S[3]_CO[3])
                                                      0.376    19.582 r  u_fir_i/i_square_i_38/CO[3]
                         net (fo=1, unplaced)         0.000    19.582    u_fir_i/i_square_i_38_n_0
                         CARRY4 (Prop_carry4_CI_O[3])
                                                      0.331    19.913 r  u_fir_i/i_square_i_36/O[3]
                         net (fo=1, unplaced)         0.618    20.531    u_fir_i/round_shift0[44]
                         LUT3 (Prop_lut3_I0_O)        0.307    20.838 r  u_fir_i/i_square_i_4/O
                         net (fo=6, unplaced)         0.800    21.637    u_mag/i_in[44]
                         DSP48E1                                      r  u_mag/i_square__1/A[10]
  -------------------------------------------------------------------    -------------------

                         (clock clk rise edge)       10.000    10.000 r  
                                                      0.000    10.000 r  clk (IN)
                         net (fo=0)                   0.000    10.000    clk
                         IBUF (Prop_ibuf_I_O)         0.789    10.789 r  clk_IBUF_inst/O
                         net (fo=1, unplaced)         0.760    11.549    clk_IBUF
                         BUFG (Prop_bufg_I_O)         0.091    11.640 r  clk_IBUF_BUFG_inst/O
                         net (fo=878, unplaced)       0.439    12.079    u_mag/clk_IBUF_BUFG
                         DSP48E1                                      r  u_mag/i_square__1/CLK
                         clock pessimism              0.178    12.257    
                         clock uncertainty           -0.035    12.222    
                         DSP48E1 (Setup_dsp48e1_CLK_A[10])
                                                     -1.928    10.294    u_mag/i_square__1
  -------------------------------------------------------------------
                         required time                         10.294    
                         arrival time                         -21.637    
  -------------------------------------------------------------------
                         slack                                -11.343    

Slack (VIOLATED) :        -11.343ns  (required time - arrival time)
  Source:                 sample_count_reg[3]/C
                            (rising edge-triggered cell FDRE clocked by clk  {rise@0.000ns fall@5.000ns period=10.000ns})
  Destination:            u_mag/q_square__1/A[10]
                            (rising edge-triggered cell DSP48E1 clocked by clk  {rise@0.000ns fall@5.000ns period=10.000ns})
  Path Group:             clk
  Path Type:              Setup (Max at Slow Process Corner)
  Requirement:            10.000ns  (clk rise@10.000ns - clk rise@0.000ns)
  Data Path Delay:        19.235ns  (logic 9.954ns (51.749%)  route 9.281ns (48.251%))
  Logic Levels:           24  (CARRY4=14 DSP48E1=1 LUT1=2 LUT3=3 LUT5=1 LUT6=3)
  Clock Path Skew:        -0.145ns (DCD - SCD + CPR)
    Destination Clock Delay (DCD):    2.079ns = ( 12.079 - 10.000 ) 
    Source Clock Delay      (SCD):    2.402ns
    Clock Pessimism Removal (CPR):    0.178ns
  Clock Uncertainty:      0.035ns  ((TSJ^2 + TIJ^2)^1/2 + DJ) / 2 + PE
    Total System Jitter     (TSJ):    0.071ns
    Total Input Jitter      (TIJ):    0.000ns
    Discrete Jitter          (DJ):    0.000ns
    Phase Error              (PE):    0.000ns

    Location             Delay type                Incr(ns)  Path(ns)    Netlist Resource(s)
  -------------------------------------------------------------------    -------------------
                         (clock clk rise edge)        0.000     0.000 r  
                                                      0.000     0.000 r  clk (IN)
                         net (fo=0)                   0.000     0.000    clk
                         IBUF (Prop_ibuf_I_O)         0.923     0.923 r  clk_IBUF_inst/O
                         net (fo=1, unplaced)         0.800     1.722    clk_IBUF
                         BUFG (Prop_bufg_I_O)         0.096     1.818 r  clk_IBUF_BUFG_inst/O
                         net (fo=878, unplaced)       0.584     2.402    clk_IBUF_BUFG
                         FDRE                                         r  sample_count_reg[3]/C
  -------------------------------------------------------------------    -------------------
                         FDRE (Prop_fdre_C_Q)         0.456     2.858 r  sample_count_reg[3]/Q
                         net (fo=5, unplaced)         0.993     3.851    u_mixer/i_mixed_0[2]
                         LUT6 (Prop_lut6_I0_O)        0.295     4.146 f  u_mixer/g0_b0_i_1/O
                         net (fo=72, unplaced)        0.540     4.686    u_nco/i_mixed
                         LUT6 (Prop_lut6_I0_O)        0.124     4.810 r  u_nco/g1_b14/O
                         net (fo=2, unplaced)         1.122     5.932    u_nco/g1_b14_n_0
                         LUT6 (Prop_lut6_I1_O)        0.124     6.056 r  u_nco/q_mixed_i_2/O
                         net (fo=1, unplaced)         0.800     6.856    u_mixer/q_mixed_2[14]
                         DSP48E1 (Prop_dsp48e1_B[14]_P[4])
                                                      3.656    10.512 r  u_mixer/q_mixed/P[4]
                         net (fo=4, unplaced)         0.800    11.312    u_fir_q/D[4]
                         LUT3 (Prop_lut3_I0_O)        0.124    11.436 r  u_fir_q/q_square__2_i_193/O
                         net (fo=1, unplaced)         0.639    12.075    u_fir_q/q_square__2_i_193_n_0
                         CARRY4 (Prop_carry4_DI[1]_CO[3])
                                                      0.520    12.595 r  u_fir_q/q_square__2_i_115/CO[3]
                         net (fo=1, unplaced)         0.000    12.595    u_fir_q/q_square__2_i_115_n_0
                         CARRY4 (Prop_carry4_CI_CO[3])
                                                      0.117    12.712 r  u_fir_q/q_square__2_i_100/CO[3]
                         net (fo=1, unplaced)         0.000    12.712    u_fir_q/q_square__2_i_100_n_0
                         CARRY4 (Prop_carry4_CI_CO[3])
                                                      0.117    12.829 r  u_fir_q/q_square_i_249/CO[3]
                         net (fo=1, unplaced)         0.000    12.829    u_fir_q/q_square_i_249_n_0
                         CARRY4 (Prop_carry4_CI_CO[3])
                                                      0.117    12.946 r  u_fir_q/q_square_i_234/CO[3]
                         net (fo=1, unplaced)         0.000    12.946    u_fir_q/q_square_i_234_n_0
                         CARRY4 (Prop_carry4_CI_CO[3])
                                                      0.117    13.063 r  u_fir_q/q_square_i_219/CO[3]
                         net (fo=1, unplaced)         0.000    13.063    u_fir_q/q_square_i_219_n_0
                         CARRY4 (Prop_carry4_CI_CO[3])
                                                      0.117    13.180 r  u_fir_q/q_square_i_203/CO[3]
                         net (fo=1, unplaced)         0.000    13.180    u_fir_q/q_square_i_203_n_0
                         CARRY4 (Prop_carry4_CI_O[1])
                                                      0.337    13.517 r  u_fir_q/q_square_i_171/O[1]
                         net (fo=3, unplaced)         0.617    14.134    u_fir_q/q_square_i_171_n_6
                         LUT3 (Prop_lut3_I0_O)        0.306    14.440 r  u_fir_q/q_square_i_201/O
                         net (fo=3, unplaced)         0.467    14.907    u_fir_q/q_square_i_201_n_0
                         LUT5 (Prop_lut5_I4_O)        0.124    15.031 r  u_fir_q/q_square_i_127/O
                         net (fo=1, unplaced)         0.639    15.670    u_fir_q/q_square_i_127_n_0
                         CARRY4 (Prop_carry4_DI[1]_CO[3])
                                                      0.520    16.190 r  u_fir_q/q_square_i_76/CO[3]
                         net (fo=1, unplaced)         0.000    16.190    u_fir_q/q_square_i_76_n_0
                         CARRY4 (Prop_carry4_CI_CO[3])
                                                      0.117    16.307 r  u_fir_q/q_square_i_71/CO[3]
                         net (fo=1, unplaced)         0.000    16.307    u_fir_q/q_square_i_71_n_0
                         CARRY4 (Prop_carry4_CI_O[3])
                                                      0.331    16.638 f  u_fir_q/q_square_i_66/O[3]
                         net (fo=2, unplaced)         0.629    17.267    u_fir_q/value[40]
                         LUT1 (Prop_lut1_I0_O)        0.307    17.574 r  u_fir_q/q_square_i_182/O
                         net (fo=1, unplaced)         0.000    17.574    u_fir_q/q_square_i_182_n_0
                         CARRY4 (Prop_carry4_S[3]_CO[3])
                                                      0.376    17.950 r  u_fir_q/q_square_i_115/CO[3]
                         net (fo=1, unplaced)         0.000    17.950    u_fir_q/q_square_i_115_n_0
                         CARRY4 (Prop_carry4_CI_O[3])
                                                      0.331    18.281 f  u_fir_q/q_square_i_109/O[3]
                         net (fo=1, unplaced)         0.618    18.899    u_fir_q/round_shift2[44]
                         LUT1 (Prop_lut1_I0_O)        0.307    19.206 r  u_fir_q/q_square_i_62/O
                         net (fo=1, unplaced)         0.000    19.206    u_fir_q/p_0_in[40]
                         CARRY4 (Prop_carry4_S[3]_CO[3])
                                                      0.376    19.582 r  u_fir_q/q_square_i_38/CO[3]
                         net (fo=1, unplaced)         0.000    19.582    u_fir_q/q_square_i_38_n_0
                         CARRY4 (Prop_carry4_CI_O[3])
                                                      0.331    19.913 r  u_fir_q/q_square_i_36/O[3]
                         net (fo=1, unplaced)         0.618    20.531    u_fir_q/round_shift0[44]
                         LUT3 (Prop_lut3_I0_O)        0.307    20.838 r  u_fir_q/q_square_i_4/O
                         net (fo=6, unplaced)         0.800    21.637    u_mag/q_in[44]
                         DSP48E1                                      r  u_mag/q_square__1/A[10]
  -------------------------------------------------------------------    -------------------

                         (clock clk rise edge)       10.000    10.000 r  
                                                      0.000    10.000 r  clk (IN)
                         net (fo=0)                   0.000    10.000    clk
                         IBUF (Prop_ibuf_I_O)         0.789    10.789 r  clk_IBUF_inst/O
                         net (fo=1, unplaced)         0.760    11.549    clk_IBUF
                         BUFG (Prop_bufg_I_O)         0.091    11.640 r  clk_IBUF_BUFG_inst/O
                         net (fo=878, unplaced)       0.439    12.079    u_mag/clk_IBUF_BUFG
                         DSP48E1                                      r  u_mag/q_square__1/CLK
                         clock pessimism              0.178    12.257    
                         clock uncertainty           -0.035    12.222    
                         DSP48E1 (Setup_dsp48e1_CLK_A[10])
                                                     -1.928    10.294    u_mag/q_square__1
  -------------------------------------------------------------------
                         required time                         10.294    
                         arrival time                         -21.637    
  -------------------------------------------------------------------
                         slack                                -11.343    

Slack (VIOLATED) :        -11.226ns  (required time - arrival time)
  Source:                 sample_count_reg[3]/C
                            (rising edge-triggered cell FDRE clocked by clk  {rise@0.000ns fall@5.000ns period=10.000ns})
  Destination:            u_mag/i_square__1/A[6]
                            (rising edge-triggered cell DSP48E1 clocked by clk  {rise@0.000ns fall@5.000ns period=10.000ns})
  Path Group:             clk
  Path Type:              Setup (Max at Slow Process Corner)
  Requirement:            10.000ns  (clk rise@10.000ns - clk rise@0.000ns)
  Data Path Delay:        19.118ns  (logic 9.837ns (51.454%)  route 9.281ns (48.546%))
  Logic Levels:           23  (CARRY4=13 DSP48E1=1 LUT1=2 LUT3=3 LUT5=1 LUT6=3)
  Clock Path Skew:        -0.145ns (DCD - SCD + CPR)
    Destination Clock Delay (DCD):    2.079ns = ( 12.079 - 10.000 ) 
    Source Clock Delay      (SCD):    2.402ns
    Clock Pessimism Removal (CPR):    0.178ns
  Clock Uncertainty:      0.035ns  ((TSJ^2 + TIJ^2)^1/2 + DJ) / 2 + PE
    Total System Jitter     (TSJ):    0.071ns
    Total Input Jitter      (TIJ):    0.000ns
    Discrete Jitter          (DJ):    0.000ns
    Phase Error              (PE):    0.000ns

    Location             Delay type                Incr(ns)  Path(ns)    Netlist Resource(s)
  -------------------------------------------------------------------    -------------------
                         (clock clk rise edge)        0.000     0.000 r  
                                                      0.000     0.000 r  clk (IN)
                         net (fo=0)                   0.000     0.000    clk
                         IBUF (Prop_ibuf_I_O)         0.923     0.923 r  clk_IBUF_inst/O
                         net (fo=1, unplaced)         0.800     1.722    clk_IBUF
                         BUFG (Prop_bufg_I_O)         0.096     1.818 r  clk_IBUF_BUFG_inst/O
                         net (fo=878, unplaced)       0.584     2.402    clk_IBUF_BUFG
                         FDRE                                         r  sample_count_reg[3]/C
  -------------------------------------------------------------------    -------------------
                         FDRE (Prop_fdre_C_Q)         0.456     2.858 r  sample_count_reg[3]/Q
                         net (fo=5, unplaced)         0.993     3.851    u_mixer/i_mixed_0[2]
                         LUT6 (Prop_lut6_I0_O)        0.295     4.146 f  u_mixer/g0_b0_i_1/O
                         net (fo=72, unplaced)        0.540     4.686    u_nco/i_mixed
                         LUT6 (Prop_lut6_I0_O)        0.124     4.810 r  u_nco/g2_b14/O
                         net (fo=2, unplaced)         1.122     5.932    u_nco/g2_b14_n_0
                         LUT6 (Prop_lut6_I1_O)        0.124     6.056 r  u_nco/p_0_out_inferred__0/i_mixed_i_2/O
                         net (fo=1, unplaced)         0.800     6.856    u_mixer/B[14]
                         DSP48E1 (Prop_dsp48e1_B[14]_P[4])
                                                      3.656    10.512 r  u_mixer/i_mixed/P[4]
                         net (fo=4, unplaced)         0.800    11.312    u_fir_i/D[4]
                         LUT3 (Prop_lut3_I0_O)        0.124    11.436 r  u_fir_i/i_square__2_i_193/O
                         net (fo=1, unplaced)         0.639    12.075    u_fir_i/i_square__2_i_193_n_0
                         CARRY4 (Prop_carry4_DI[1]_CO[3])
                                                      0.520    12.595 r  u_fir_i/i_square__2_i_115/CO[3]
                         net (fo=1, unplaced)         0.000    12.595    u_fir_i/i_square__2_i_115_n_0
                         CARRY4 (Prop_carry4_CI_CO[3])
                                                      0.117    12.712 r  u_fir_i/i_square__2_i_100/CO[3]
                         net (fo=1, unplaced)         0.000    12.712    u_fir_i/i_square__2_i_100_n_0
                         CARRY4 (Prop_carry4_CI_CO[3])
                                                      0.117    12.829 r  u_fir_i/i_square_i_249/CO[3]
                         net (fo=1, unplaced)         0.000    12.829    u_fir_i/i_square_i_249_n_0
                         CARRY4 (Prop_carry4_CI_CO[3])
                                                      0.117    12.946 r  u_fir_i/i_square_i_234/CO[3]
                         net (fo=1, unplaced)         0.000    12.946    u_fir_i/i_square_i_234_n_0
                         CARRY4 (Prop_carry4_CI_CO[3])
                                                      0.117    13.063 r  u_fir_i/i_square_i_219/CO[3]
                         net (fo=1, unplaced)         0.000    13.063    u_fir_i/i_square_i_219_n_0
                         CARRY4 (Prop_carry4_CI_CO[3])
                                                      0.117    13.180 r  u_fir_i/i_square_i_203/CO[3]
                         net (fo=1, unplaced)         0.000    13.180    u_fir_i/i_square_i_203_n_0
                         CARRY4 (Prop_carry4_CI_O[1])
                                                      0.337    13.517 r  u_fir_i/i_square_i_171/O[1]
                         net (fo=3, unplaced)         0.617    14.134    u_fir_i/i_square_i_171_n_6
                         LUT3 (Prop_lut3_I0_O)        0.306    14.440 r  u_fir_i/i_square_i_201/O
                         net (fo=3, unplaced)         0.467    14.907    u_fir_i/i_square_i_201_n_0
                         LUT5 (Prop_lut5_I4_O)        0.124    15.031 r  u_fir_i/i_square_i_127/O
                         net (fo=1, unplaced)         0.639    15.670    u_fir_i/i_square_i_127_n_0
                         CARRY4 (Prop_carry4_DI[1]_CO[3])
                                                      0.520    16.190 r  u_fir_i/i_square_i_76/CO[3]
                         net (fo=1, unplaced)         0.000    16.190    u_fir_i/i_square_i_76_n_0
                         CARRY4 (Prop_carry4_CI_O[3])
                                                      0.331    16.521 f  u_fir_i/i_square_i_71/O[3]
                         net (fo=2, unplaced)         0.629    17.150    u_fir_i/value[36]
                         LUT1 (Prop_lut1_I0_O)        0.307    17.457 r  u_fir_i/i_square_i_194/O
                         net (fo=1, unplaced)         0.000    17.457    u_fir_i/i_square_i_194_n_0
                         CARRY4 (Prop_carry4_S[3]_CO[3])
                                                      0.376    17.833 r  u_fir_i/i_square_i_124/CO[3]
                         net (fo=1, unplaced)         0.000    17.833    u_fir_i/i_square_i_124_n_0
                         CARRY4 (Prop_carry4_CI_O[3])
                                                      0.331    18.164 f  u_fir_i/i_square_i_115/O[3]
                         net (fo=1, unplaced)         0.618    18.782    u_fir_i/round_shift2[40]
                         LUT1 (Prop_lut1_I0_O)        0.307    19.089 r  u_fir_i/i_square_i_67/O
                         net (fo=1, unplaced)         0.000    19.089    u_fir_i/p_0_in[36]
                         CARRY4 (Prop_carry4_S[3]_CO[3])
                                                      0.376    19.465 r  u_fir_i/i_square_i_40/CO[3]
                         net (fo=1, unplaced)         0.000    19.465    u_fir_i/i_square_i_40_n_0
                         CARRY4 (Prop_carry4_CI_O[3])
                                                      0.331    19.796 r  u_fir_i/i_square_i_38/O[3]
                         net (fo=1, unplaced)         0.618    20.414    u_fir_i/round_shift0[40]
                         LUT3 (Prop_lut3_I0_O)        0.307    20.721 r  u_fir_i/i_square_i_8/O
                         net (fo=6, unplaced)         0.800    21.520    u_mag/i_in[40]
                         DSP48E1                                      r  u_mag/i_square__1/A[6]
  -------------------------------------------------------------------    -------------------

                         (clock clk rise edge)       10.000    10.000 r  
                                                      0.000    10.000 r  clk (IN)
                         net (fo=0)                   0.000    10.000    clk
                         IBUF (Prop_ibuf_I_O)         0.789    10.789 r  clk_IBUF_inst/O
                         net (fo=1, unplaced)         0.760    11.549    clk_IBUF
                         BUFG (Prop_bufg_I_O)         0.091    11.640 r  clk_IBUF_BUFG_inst/O
                         net (fo=878, unplaced)       0.439    12.079    u_mag/clk_IBUF_BUFG
                         DSP48E1                                      r  u_mag/i_square__1/CLK
                         clock pessimism              0.178    12.257    
                         clock uncertainty           -0.035    12.222    
                         DSP48E1 (Setup_dsp48e1_CLK_A[6])
                                                     -1.928    10.294    u_mag/i_square__1
  -------------------------------------------------------------------
                         required time                         10.294    
                         arrival time                         -21.520    
  -------------------------------------------------------------------
                         slack                                -11.226    

Slack (VIOLATED) :        -11.226ns  (required time - arrival time)
  Source:                 sample_count_reg[3]/C
                            (rising edge-triggered cell FDRE clocked by clk  {rise@0.000ns fall@5.000ns period=10.000ns})
  Destination:            u_mag/q_square__1/A[6]
                            (rising edge-triggered cell DSP48E1 clocked by clk  {rise@0.000ns fall@5.000ns period=10.000ns})
  Path Group:             clk
  Path Type:              Setup (Max at Slow Process Corner)
  Requirement:            10.000ns  (clk rise@10.000ns - clk rise@0.000ns)
  Data Path Delay:        19.118ns  (logic 9.837ns (51.454%)  route 9.281ns (48.546%))
  Logic Levels:           23  (CARRY4=13 DSP48E1=1 LUT1=2 LUT3=3 LUT5=1 LUT6=3)
  Clock Path Skew:        -0.145ns (DCD - SCD + CPR)
    Destination Clock Delay (DCD):    2.079ns = ( 12.079 - 10.000 ) 
    Source Clock Delay      (SCD):    2.402ns
    Clock Pessimism Removal (CPR):    0.178ns
  Clock Uncertainty:      0.035ns  ((TSJ^2 + TIJ^2)^1/2 + DJ) / 2 + PE
    Total System Jitter     (TSJ):    0.071ns
    Total Input Jitter      (TIJ):    0.000ns
    Discrete Jitter          (DJ):    0.000ns
    Phase Error              (PE):    0.000ns

    Location             Delay type                Incr(ns)  Path(ns)    Netlist Resource(s)
  -------------------------------------------------------------------    -------------------
                         (clock clk rise edge)        0.000     0.000 r  
                                                      0.000     0.000 r  clk (IN)
                         net (fo=0)                   0.000     0.000    clk
                         IBUF (Prop_ibuf_I_O)         0.923     0.923 r  clk_IBUF_inst/O
                         net (fo=1, unplaced)         0.800     1.722    clk_IBUF
                         BUFG (Prop_bufg_I_O)         0.096     1.818 r  clk_IBUF_BUFG_inst/O
                         net (fo=878, unplaced)       0.584     2.402    clk_IBUF_BUFG
                         FDRE                                         r  sample_count_reg[3]/C
  -------------------------------------------------------------------    -------------------
                         FDRE (Prop_fdre_C_Q)         0.456     2.858 r  sample_count_reg[3]/Q
                         net (fo=5, unplaced)         0.993     3.851    u_mixer/i_mixed_0[2]
                         LUT6 (Prop_lut6_I0_O)        0.295     4.146 f  u_mixer/g0_b0_i_1/O
                         net (fo=72, unplaced)        0.540     4.686    u_nco/i_mixed
                         LUT6 (Prop_lut6_I0_O)        0.124     4.810 r  u_nco/g1_b14/O
                         net (fo=2, unplaced)         1.122     5.932    u_nco/g1_b14_n_0
                         LUT6 (Prop_lut6_I1_O)        0.124     6.056 r  u_nco/q_mixed_i_2/O
                         net (fo=1, unplaced)         0.800     6.856    u_mixer/q_mixed_2[14]
                         DSP48E1 (Prop_dsp48e1_B[14]_P[4])
                                                      3.656    10.512 r  u_mixer/q_mixed/P[4]
                         net (fo=4, unplaced)         0.800    11.312    u_fir_q/D[4]
                         LUT3 (Prop_lut3_I0_O)        0.124    11.436 r  u_fir_q/q_square__2_i_193/O
                         net (fo=1, unplaced)         0.639    12.075    u_fir_q/q_square__2_i_193_n_0
                         CARRY4 (Prop_carry4_DI[1]_CO[3])
                                                      0.520    12.595 r  u_fir_q/q_square__2_i_115/CO[3]
                         net (fo=1, unplaced)         0.000    12.595    u_fir_q/q_square__2_i_115_n_0
                         CARRY4 (Prop_carry4_CI_CO[3])
                                                      0.117    12.712 r  u_fir_q/q_square__2_i_100/CO[3]
                         net (fo=1, unplaced)         0.000    12.712    u_fir_q/q_square__2_i_100_n_0
                         CARRY4 (Prop_carry4_CI_CO[3])
                                                      0.117    12.829 r  u_fir_q/q_square_i_249/CO[3]
                         net (fo=1, unplaced)         0.000    12.829    u_fir_q/q_square_i_249_n_0
                         CARRY4 (Prop_carry4_CI_CO[3])
                                                      0.117    12.946 r  u_fir_q/q_square_i_234/CO[3]
                         net (fo=1, unplaced)         0.000    12.946    u_fir_q/q_square_i_234_n_0
                         CARRY4 (Prop_carry4_CI_CO[3])
                                                      0.117    13.063 r  u_fir_q/q_square_i_219/CO[3]
                         net (fo=1, unplaced)         0.000    13.063    u_fir_q/q_square_i_219_n_0
                         CARRY4 (Prop_carry4_CI_CO[3])
                                                      0.117    13.180 r  u_fir_q/q_square_i_203/CO[3]
                         net (fo=1, unplaced)         0.000    13.180    u_fir_q/q_square_i_203_n_0
                         CARRY4 (Prop_carry4_CI_O[1])
                                                      0.337    13.517 r  u_fir_q/q_square_i_171/O[1]
                         net (fo=3, unplaced)         0.617    14.134    u_fir_q/q_square_i_171_n_6
                         LUT3 (Prop_lut3_I0_O)        0.306    14.440 r  u_fir_q/q_square_i_201/O
                         net (fo=3, unplaced)         0.467    14.907    u_fir_q/q_square_i_201_n_0
                         LUT5 (Prop_lut5_I4_O)        0.124    15.031 r  u_fir_q/q_square_i_127/O
                         net (fo=1, unplaced)         0.639    15.670    u_fir_q/q_square_i_127_n_0
                         CARRY4 (Prop_carry4_DI[1]_CO[3])
                                                      0.520    16.190 r  u_fir_q/q_square_i_76/CO[3]
                         net (fo=1, unplaced)         0.000    16.190    u_fir_q/q_square_i_76_n_0
                         CARRY4 (Prop_carry4_CI_O[3])
                                                      0.331    16.521 f  u_fir_q/q_square_i_71/O[3]
                         net (fo=2, unplaced)         0.629    17.150    u_fir_q/value[36]
                         LUT1 (Prop_lut1_I0_O)        0.307    17.457 r  u_fir_q/q_square_i_194/O
                         net (fo=1, unplaced)         0.000    17.457    u_fir_q/q_square_i_194_n_0
                         CARRY4 (Prop_carry4_S[3]_CO[3])
                                                      0.376    17.833 r  u_fir_q/q_square_i_124/CO[3]
                         net (fo=1, unplaced)         0.000    17.833    u_fir_q/q_square_i_124_n_0
                         CARRY4 (Prop_carry4_CI_O[3])
                                                      0.331    18.164 f  u_fir_q/q_square_i_115/O[3]
                         net (fo=1, unplaced)         0.618    18.782    u_fir_q/round_shift2[40]
                         LUT1 (Prop_lut1_I0_O)        0.307    19.089 r  u_fir_q/q_square_i_67/O
                         net (fo=1, unplaced)         0.000    19.089    u_fir_q/p_0_in[36]
                         CARRY4 (Prop_carry4_S[3]_CO[3])
                                                      0.376    19.465 r  u_fir_q/q_square_i_40/CO[3]
                         net (fo=1, unplaced)         0.000    19.465    u_fir_q/q_square_i_40_n_0
                         CARRY4 (Prop_carry4_CI_O[3])
                                                      0.331    19.796 r  u_fir_q/q_square_i_38/O[3]
                         net (fo=1, unplaced)         0.618    20.414    u_fir_q/round_shift0[40]
                         LUT3 (Prop_lut3_I0_O)        0.307    20.721 r  u_fir_q/q_square_i_8/O
                         net (fo=6, unplaced)         0.800    21.520    u_mag/q_in[40]
                         DSP48E1                                      r  u_mag/q_square__1/A[6]
  -------------------------------------------------------------------    -------------------

                         (clock clk rise edge)       10.000    10.000 r  
                                                      0.000    10.000 r  clk (IN)
                         net (fo=0)                   0.000    10.000    clk
                         IBUF (Prop_ibuf_I_O)         0.789    10.789 r  clk_IBUF_inst/O
                         net (fo=1, unplaced)         0.760    11.549    clk_IBUF
                         BUFG (Prop_bufg_I_O)         0.091    11.640 r  clk_IBUF_BUFG_inst/O
                         net (fo=878, unplaced)       0.439    12.079    u_mag/clk_IBUF_BUFG
                         DSP48E1                                      r  u_mag/q_square__1/CLK
                         clock pessimism              0.178    12.257    
                         clock uncertainty           -0.035    12.222    
                         DSP48E1 (Setup_dsp48e1_CLK_A[6])
                                                     -1.928    10.294    u_mag/q_square__1
  -------------------------------------------------------------------
                         required time                         10.294    
                         arrival time                         -21.520    
  -------------------------------------------------------------------
                         slack                                -11.226    

Slack (VIOLATED) :        -11.213ns  (required time - arrival time)
  Source:                 sample_count_reg[3]/C
                            (rising edge-triggered cell FDRE clocked by clk  {rise@0.000ns fall@5.000ns period=10.000ns})
  Destination:            u_mag/i_square__1/A[13]
                            (rising edge-triggered cell DSP48E1 clocked by clk  {rise@0.000ns fall@5.000ns period=10.000ns})
  Path Group:             clk
  Path Type:              Setup (Max at Slow Process Corner)
  Requirement:            10.000ns  (clk rise@10.000ns - clk rise@0.000ns)
  Data Path Delay:        19.105ns  (logic 9.990ns (52.290%)  route 9.115ns (47.710%))
  Logic Levels:           25  (CARRY4=15 DSP48E1=1 LUT1=2 LUT3=3 LUT5=1 LUT6=3)
  Clock Path Skew:        -0.145ns (DCD - SCD + CPR)
    Destination Clock Delay (DCD):    2.079ns = ( 12.079 - 10.000 ) 
    Source Clock Delay      (SCD):    2.402ns
    Clock Pessimism Removal (CPR):    0.178ns
  Clock Uncertainty:      0.035ns  ((TSJ^2 + TIJ^2)^1/2 + DJ) / 2 + PE
    Total System Jitter     (TSJ):    0.071ns
    Total Input Jitter      (TIJ):    0.000ns
    Discrete Jitter          (DJ):    0.000ns
    Phase Error              (PE):    0.000ns

    Location             Delay type                Incr(ns)  Path(ns)    Netlist Resource(s)
  -------------------------------------------------------------------    -------------------
                         (clock clk rise edge)        0.000     0.000 r  
                                                      0.000     0.000 r  clk (IN)
                         net (fo=0)                   0.000     0.000    clk
                         IBUF (Prop_ibuf_I_O)         0.923     0.923 r  clk_IBUF_inst/O
                         net (fo=1, unplaced)         0.800     1.722    clk_IBUF
                         BUFG (Prop_bufg_I_O)         0.096     1.818 r  clk_IBUF_BUFG_inst/O
                         net (fo=878, unplaced)       0.584     2.402    clk_IBUF_BUFG
                         FDRE                                         r  sample_count_reg[3]/C
  -------------------------------------------------------------------    -------------------
                         FDRE (Prop_fdre_C_Q)         0.456     2.858 r  sample_count_reg[3]/Q
                         net (fo=5, unplaced)         0.993     3.851    u_mixer/i_mixed_0[2]
                         LUT6 (Prop_lut6_I0_O)        0.295     4.146 f  u_mixer/g0_b0_i_1/O
                         net (fo=72, unplaced)        0.540     4.686    u_nco/i_mixed
                         LUT6 (Prop_lut6_I0_O)        0.124     4.810 r  u_nco/g2_b14/O
                         net (fo=2, unplaced)         1.122     5.932    u_nco/g2_b14_n_0
                         LUT6 (Prop_lut6_I1_O)        0.124     6.056 r  u_nco/p_0_out_inferred__0/i_mixed_i_2/O
                         net (fo=1, unplaced)         0.800     6.856    u_mixer/B[14]
                         DSP48E1 (Prop_dsp48e1_B[14]_P[4])
                                                      3.656    10.512 r  u_mixer/i_mixed/P[4]
                         net (fo=4, unplaced)         0.800    11.312    u_fir_i/D[4]
                         LUT3 (Prop_lut3_I0_O)        0.124    11.436 r  u_fir_i/i_square__2_i_193/O
                         net (fo=1, unplaced)         0.639    12.075    u_fir_i/i_square__2_i_193_n_0
                         CARRY4 (Prop_carry4_DI[1]_CO[3])
                                                      0.520    12.595 r  u_fir_i/i_square__2_i_115/CO[3]
                         net (fo=1, unplaced)         0.000    12.595    u_fir_i/i_square__2_i_115_n_0
                         CARRY4 (Prop_carry4_CI_CO[3])
                                                      0.117    12.712 r  u_fir_i/i_square__2_i_100/CO[3]
                         net (fo=1, unplaced)         0.000    12.712    u_fir_i/i_square__2_i_100_n_0
                         CARRY4 (Prop_carry4_CI_CO[3])
                                                      0.117    12.829 r  u_fir_i/i_square_i_249/CO[3]
                         net (fo=1, unplaced)         0.000    12.829    u_fir_i/i_square_i_249_n_0
                         CARRY4 (Prop_carry4_CI_CO[3])
                                                      0.117    12.946 r  u_fir_i/i_square_i_234/CO[3]
                         net (fo=1, unplaced)         0.000    12.946    u_fir_i/i_square_i_234_n_0
                         CARRY4 (Prop_carry4_CI_CO[3])
                                                      0.117    13.063 r  u_fir_i/i_square_i_219/CO[3]
                         net (fo=1, unplaced)         0.000    13.063    u_fir_i/i_square_i_219_n_0
                         CARRY4 (Prop_carry4_CI_CO[3])
                                                      0.117    13.180 r  u_fir_i/i_square_i_203/CO[3]
                         net (fo=1, unplaced)         0.000    13.180    u_fir_i/i_square_i_203_n_0
                         CARRY4 (Prop_carry4_CI_O[1])
                                                      0.337    13.517 r  u_fir_i/i_square_i_171/O[1]
                         net (fo=3, unplaced)         0.617    14.134    u_fir_i/i_square_i_171_n_6
                         LUT3 (Prop_lut3_I0_O)        0.306    14.440 r  u_fir_i/i_square_i_201/O
                         net (fo=3, unplaced)         0.467    14.907    u_fir_i/i_square_i_201_n_0
                         LUT5 (Prop_lut5_I4_O)        0.124    15.031 r  u_fir_i/i_square_i_127/O
                         net (fo=1, unplaced)         0.639    15.670    u_fir_i/i_square_i_127_n_0
                         CARRY4 (Prop_carry4_DI[1]_CO[3])
                                                      0.520    16.190 r  u_fir_i/i_square_i_76/CO[3]
                         net (fo=1, unplaced)         0.000    16.190    u_fir_i/i_square_i_76_n_0
                         CARRY4 (Prop_carry4_CI_CO[3])
                                                      0.117    16.307 r  u_fir_i/i_square_i_71/CO[3]
                         net (fo=1, unplaced)         0.000    16.307    u_fir_i/i_square_i_71_n_0
                         CARRY4 (Prop_carry4_CI_CO[3])
                                                      0.117    16.424 r  u_fir_i/i_square_i_66/CO[3]
                         net (fo=1, unplaced)         0.000    16.424    u_fir_i/i_square_i_66_n_0
                         CARRY4 (Prop_carry4_CI_O[3])
                                                      0.331    16.755 f  u_fir_i/i_square_i_61/O[3]
                         net (fo=2, unplaced)         0.629    17.384    u_fir_i/value[44]
                         LUT1 (Prop_lut1_I0_O)        0.307    17.691 r  u_fir_i/i_square_i_178/O
                         net (fo=1, unplaced)         0.000    17.691    u_fir_i/i_square_i_178_n_0
                         CARRY4 (Prop_carry4_S[3]_CO[3])
                                                      0.376    18.067 r  u_fir_i/i_square_i_109/CO[3]
                         net (fo=1, unplaced)         0.000    18.067    u_fir_i/i_square_i_109_n_0
                         CARRY4 (Prop_carry4_CI_O[3])
                                                      0.331    18.398 f  u_fir_i/i_square_i_104/O[3]
                         net (fo=1, unplaced)         0.618    19.016    u_fir_i/round_shift2[48]
                         LUT1 (Prop_lut1_I0_O)        0.307    19.323 r  u_fir_i/i_square_i_57/O
                         net (fo=1, unplaced)         0.000    19.323    u_fir_i/p_0_in[44]
                         CARRY4 (Prop_carry4_S[3]_CO[3])
                                                      0.376    19.699 r  u_fir_i/i_square_i_36/CO[3]
                         net (fo=1, unplaced)         0.000    19.699    u_fir_i/i_square_i_36_n_0
                         CARRY4 (Prop_carry4_CI_O[2])
                                                      0.256    19.955 r  u_fir_i/i_square_i_32/O[2]
                         net (fo=1, unplaced)         0.452    20.407    u_fir_i/round_shift0[47]
                         LUT3 (Prop_lut3_I0_O)        0.301    20.708 r  u_fir_i/i_square_i_1/O
                         net (fo=42, unplaced)        0.800    21.507    u_mag/i_in[47]
                         DSP48E1                                      r  u_mag/i_square__1/A[13]
  -------------------------------------------------------------------    -------------------

                         (clock clk rise edge)       10.000    10.000 r  
                                                      0.000    10.000 r  clk (IN)
                         net (fo=0)                   0.000    10.000    clk
                         IBUF (Prop_ibuf_I_O)         0.789    10.789 r  clk_IBUF_inst/O
                         net (fo=1, unplaced)         0.760    11.549    clk_IBUF
                         BUFG (Prop_bufg_I_O)         0.091    11.640 r  clk_IBUF_BUFG_inst/O
                         net (fo=878, unplaced)       0.439    12.079    u_mag/clk_IBUF_BUFG
                         DSP48E1                                      r  u_mag/i_square__1/CLK
                         clock pessimism              0.178    12.257    
                         clock uncertainty           -0.035    12.222    
                         DSP48E1 (Setup_dsp48e1_CLK_A[13])
                                                     -1.928    10.294    u_mag/i_square__1
  -------------------------------------------------------------------
                         required time                         10.294    
                         arrival time                         -21.507    
  -------------------------------------------------------------------
                         slack                                -11.213    

Slack (VIOLATED) :        -11.213ns  (required time - arrival time)
  Source:                 sample_count_reg[3]/C
                            (rising edge-triggered cell FDRE clocked by clk  {rise@0.000ns fall@5.000ns period=10.000ns})
  Destination:            u_mag/i_square__1/A[14]
                            (rising edge-triggered cell DSP48E1 clocked by clk  {rise@0.000ns fall@5.000ns period=10.000ns})
  Path Group:             clk
  Path Type:              Setup (Max at Slow Process Corner)
  Requirement:            10.000ns  (clk rise@10.000ns - clk rise@0.000ns)
  Data Path Delay:        19.105ns  (logic 9.990ns (52.290%)  route 9.115ns (47.710%))
  Logic Levels:           25  (CARRY4=15 DSP48E1=1 LUT1=2 LUT3=3 LUT5=1 LUT6=3)
  Clock Path Skew:        -0.145ns (DCD - SCD + CPR)
    Destination Clock Delay (DCD):    2.079ns = ( 12.079 - 10.000 ) 
    Source Clock Delay      (SCD):    2.402ns
    Clock Pessimism Removal (CPR):    0.178ns
  Clock Uncertainty:      0.035ns  ((TSJ^2 + TIJ^2)^1/2 + DJ) / 2 + PE
    Total System Jitter     (TSJ):    0.071ns
    Total Input Jitter      (TIJ):    0.000ns
    Discrete Jitter          (DJ):    0.000ns
    Phase Error              (PE):    0.000ns

    Location             Delay type                Incr(ns)  Path(ns)    Netlist Resource(s)
  -------------------------------------------------------------------    -------------------
                         (clock clk rise edge)        0.000     0.000 r  
                                                      0.000     0.000 r  clk (IN)
                         net (fo=0)                   0.000     0.000    clk
                         IBUF (Prop_ibuf_I_O)         0.923     0.923 r  clk_IBUF_inst/O
                         net (fo=1, unplaced)         0.800     1.722    clk_IBUF
                         BUFG (Prop_bufg_I_O)         0.096     1.818 r  clk_IBUF_BUFG_inst/O
                         net (fo=878, unplaced)       0.584     2.402    clk_IBUF_BUFG
                         FDRE                                         r  sample_count_reg[3]/C
  -------------------------------------------------------------------    -------------------
                         FDRE (Prop_fdre_C_Q)         0.456     2.858 r  sample_count_reg[3]/Q
                         net (fo=5, unplaced)         0.993     3.851    u_mixer/i_mixed_0[2]
                         LUT6 (Prop_lut6_I0_O)        0.295     4.146 f  u_mixer/g0_b0_i_1/O
                         net (fo=72, unplaced)        0.540     4.686    u_nco/i_mixed
                         LUT6 (Prop_lut6_I0_O)        0.124     4.810 r  u_nco/g2_b14/O
                         net (fo=2, unplaced)         1.122     5.932    u_nco/g2_b14_n_0
                         LUT6 (Prop_lut6_I1_O)        0.124     6.056 r  u_nco/p_0_out_inferred__0/i_mixed_i_2/O
                         net (fo=1, unplaced)         0.800     6.856    u_mixer/B[14]
                         DSP48E1 (Prop_dsp48e1_B[14]_P[4])
                                                      3.656    10.512 r  u_mixer/i_mixed/P[4]
                         net (fo=4, unplaced)         0.800    11.312    u_fir_i/D[4]
                         LUT3 (Prop_lut3_I0_O)        0.124    11.436 r  u_fir_i/i_square__2_i_193/O
                         net (fo=1, unplaced)         0.639    12.075    u_fir_i/i_square__2_i_193_n_0
                         CARRY4 (Prop_carry4_DI[1]_CO[3])
                                                      0.520    12.595 r  u_fir_i/i_square__2_i_115/CO[3]
                         net (fo=1, unplaced)         0.000    12.595    u_fir_i/i_square__2_i_115_n_0
                         CARRY4 (Prop_carry4_CI_CO[3])
                                                      0.117    12.712 r  u_fir_i/i_square__2_i_100/CO[3]
                         net (fo=1, unplaced)         0.000    12.712    u_fir_i/i_square__2_i_100_n_0
                         CARRY4 (Prop_carry4_CI_CO[3])
                                                      0.117    12.829 r  u_fir_i/i_square_i_249/CO[3]
                         net (fo=1, unplaced)         0.000    12.829    u_fir_i/i_square_i_249_n_0
                         CARRY4 (Prop_carry4_CI_CO[3])
                                                      0.117    12.946 r  u_fir_i/i_square_i_234/CO[3]
                         net (fo=1, unplaced)         0.000    12.946    u_fir_i/i_square_i_234_n_0
                         CARRY4 (Prop_carry4_CI_CO[3])
                                                      0.117    13.063 r  u_fir_i/i_square_i_219/CO[3]
                         net (fo=1, unplaced)         0.000    13.063    u_fir_i/i_square_i_219_n_0
                         CARRY4 (Prop_carry4_CI_CO[3])
                                                      0.117    13.180 r  u_fir_i/i_square_i_203/CO[3]
                         net (fo=1, unplaced)         0.000    13.180    u_fir_i/i_square_i_203_n_0
                         CARRY4 (Prop_carry4_CI_O[1])
                                                      0.337    13.517 r  u_fir_i/i_square_i_171/O[1]
                         net (fo=3, unplaced)         0.617    14.134    u_fir_i/i_square_i_171_n_6
                         LUT3 (Prop_lut3_I0_O)        0.306    14.440 r  u_fir_i/i_square_i_201/O
                         net (fo=3, unplaced)         0.467    14.907    u_fir_i/i_square_i_201_n_0
                         LUT5 (Prop_lut5_I4_O)        0.124    15.031 r  u_fir_i/i_square_i_127/O
                         net (fo=1, unplaced)         0.639    15.670    u_fir_i/i_square_i_127_n_0
                         CARRY4 (Prop_carry4_DI[1]_CO[3])
                                                      0.520    16.190 r  u_fir_i/i_square_i_76/CO[3]
                         net (fo=1, unplaced)         0.000    16.190    u_fir_i/i_square_i_76_n_0
                         CARRY4 (Prop_carry4_CI_CO[3])
                                                      0.117    16.307 r  u_fir_i/i_square_i_71/CO[3]
                         net (fo=1, unplaced)         0.000    16.307    u_fir_i/i_square_i_71_n_0
                         CARRY4 (Prop_carry4_CI_CO[3])
                                                      0.117    16.424 r  u_fir_i/i_square_i_66/CO[3]
                         net (fo=1, unplaced)         0.000    16.424    u_fir_i/i_square_i_66_n_0
                         CARRY4 (Prop_carry4_CI_O[3])
                                                      0.331    16.755 f  u_fir_i/i_square_i_61/O[3]
                         net (fo=2, unplaced)         0.629    17.384    u_fir_i/value[44]
                         LUT1 (Prop_lut1_I0_O)        0.307    17.691 r  u_fir_i/i_square_i_178/O
                         net (fo=1, unplaced)         0.000    17.691    u_fir_i/i_square_i_178_n_0
                         CARRY4 (Prop_carry4_S[3]_CO[3])
                                                      0.376    18.067 r  u_fir_i/i_square_i_109/CO[3]
                         net (fo=1, unplaced)         0.000    18.067    u_fir_i/i_square_i_109_n_0
                         CARRY4 (Prop_carry4_CI_O[3])
                                                      0.331    18.398 f  u_fir_i/i_square_i_104/O[3]
                         net (fo=1, unplaced)         0.618    19.016    u_fir_i/round_shift2[48]
                         LUT1 (Prop_lut1_I0_O)        0.307    19.323 r  u_fir_i/i_square_i_57/O
                         net (fo=1, unplaced)         0.000    19.323    u_fir_i/p_0_in[44]
                         CARRY4 (Prop_carry4_S[3]_CO[3])
                                                      0.376    19.699 r  u_fir_i/i_square_i_36/CO[3]
                         net (fo=1, unplaced)         0.000    19.699    u_fir_i/i_square_i_36_n_0
                         CARRY4 (Prop_carry4_CI_O[2])
                                                      0.256    19.955 r  u_fir_i/i_square_i_32/O[2]
                         net (fo=1, unplaced)         0.452    20.407    u_fir_i/round_shift0[47]
                         LUT3 (Prop_lut3_I0_O)        0.301    20.708 r  u_fir_i/i_square_i_1/O
                         net (fo=42, unplaced)        0.800    21.507    u_mag/i_in[47]
                         DSP48E1                                      r  u_mag/i_square__1/A[14]
  -------------------------------------------------------------------    -------------------

                         (clock clk rise edge)       10.000    10.000 r  
                                                      0.000    10.000 r  clk (IN)
                         net (fo=0)                   0.000    10.000    clk
                         IBUF (Prop_ibuf_I_O)         0.789    10.789 r  clk_IBUF_inst/O
                         net (fo=1, unplaced)         0.760    11.549    clk_IBUF
                         BUFG (Prop_bufg_I_O)         0.091    11.640 r  clk_IBUF_BUFG_inst/O
                         net (fo=878, unplaced)       0.439    12.079    u_mag/clk_IBUF_BUFG
                         DSP48E1                                      r  u_mag/i_square__1/CLK
                         clock pessimism              0.178    12.257    
                         clock uncertainty           -0.035    12.222    
                         DSP48E1 (Setup_dsp48e1_CLK_A[14])
                                                     -1.928    10.294    u_mag/i_square__1
  -------------------------------------------------------------------
                         required time                         10.294    
                         arrival time                         -21.507    
  -------------------------------------------------------------------
                         slack                                -11.213    

Slack (VIOLATED) :        -11.213ns  (required time - arrival time)
  Source:                 sample_count_reg[3]/C
                            (rising edge-triggered cell FDRE clocked by clk  {rise@0.000ns fall@5.000ns period=10.000ns})
  Destination:            u_mag/i_square__1/A[15]
                            (rising edge-triggered cell DSP48E1 clocked by clk  {rise@0.000ns fall@5.000ns period=10.000ns})
  Path Group:             clk
  Path Type:              Setup (Max at Slow Process Corner)
  Requirement:            10.000ns  (clk rise@10.000ns - clk rise@0.000ns)
  Data Path Delay:        19.105ns  (logic 9.990ns (52.290%)  route 9.115ns (47.710%))
  Logic Levels:           25  (CARRY4=15 DSP48E1=1 LUT1=2 LUT3=3 LUT5=1 LUT6=3)
  Clock Path Skew:        -0.145ns (DCD - SCD + CPR)
    Destination Clock Delay (DCD):    2.079ns = ( 12.079 - 10.000 ) 
    Source Clock Delay      (SCD):    2.402ns
    Clock Pessimism Removal (CPR):    0.178ns
  Clock Uncertainty:      0.035ns  ((TSJ^2 + TIJ^2)^1/2 + DJ) / 2 + PE
    Total System Jitter     (TSJ):    0.071ns
    Total Input Jitter      (TIJ):    0.000ns
    Discrete Jitter          (DJ):    0.000ns
    Phase Error              (PE):    0.000ns

    Location             Delay type                Incr(ns)  Path(ns)    Netlist Resource(s)
  -------------------------------------------------------------------    -------------------
                         (clock clk rise edge)        0.000     0.000 r  
                                                      0.000     0.000 r  clk (IN)
                         net (fo=0)                   0.000     0.000    clk
                         IBUF (Prop_ibuf_I_O)         0.923     0.923 r  clk_IBUF_inst/O
                         net (fo=1, unplaced)         0.800     1.722    clk_IBUF
                         BUFG (Prop_bufg_I_O)         0.096     1.818 r  clk_IBUF_BUFG_inst/O
                         net (fo=878, unplaced)       0.584     2.402    clk_IBUF_BUFG
                         FDRE                                         r  sample_count_reg[3]/C
  -------------------------------------------------------------------    -------------------
                         FDRE (Prop_fdre_C_Q)         0.456     2.858 r  sample_count_reg[3]/Q
                         net (fo=5, unplaced)         0.993     3.851    u_mixer/i_mixed_0[2]
                         LUT6 (Prop_lut6_I0_O)        0.295     4.146 f  u_mixer/g0_b0_i_1/O
                         net (fo=72, unplaced)        0.540     4.686    u_nco/i_mixed
                         LUT6 (Prop_lut6_I0_O)        0.124     4.810 r  u_nco/g2_b14/O
                         net (fo=2, unplaced)         1.122     5.932    u_nco/g2_b14_n_0
                         LUT6 (Prop_lut6_I1_O)        0.124     6.056 r  u_nco/p_0_out_inferred__0/i_mixed_i_2/O
                         net (fo=1, unplaced)         0.800     6.856    u_mixer/B[14]
                         DSP48E1 (Prop_dsp48e1_B[14]_P[4])
                                                      3.656    10.512 r  u_mixer/i_mixed/P[4]
                         net (fo=4, unplaced)         0.800    11.312    u_fir_i/D[4]
                         LUT3 (Prop_lut3_I0_O)        0.124    11.436 r  u_fir_i/i_square__2_i_193/O
                         net (fo=1, unplaced)         0.639    12.075    u_fir_i/i_square__2_i_193_n_0
                         CARRY4 (Prop_carry4_DI[1]_CO[3])
                                                      0.520    12.595 r  u_fir_i/i_square__2_i_115/CO[3]
                         net (fo=1, unplaced)         0.000    12.595    u_fir_i/i_square__2_i_115_n_0
                         CARRY4 (Prop_carry4_CI_CO[3])
                                                      0.117    12.712 r  u_fir_i/i_square__2_i_100/CO[3]
                         net (fo=1, unplaced)         0.000    12.712    u_fir_i/i_square__2_i_100_n_0
                         CARRY4 (Prop_carry4_CI_CO[3])
                                                      0.117    12.829 r  u_fir_i/i_square_i_249/CO[3]
                         net (fo=1, unplaced)         0.000    12.829    u_fir_i/i_square_i_249_n_0
                         CARRY4 (Prop_carry4_CI_CO[3])
                                                      0.117    12.946 r  u_fir_i/i_square_i_234/CO[3]
                         net (fo=1, unplaced)         0.000    12.946    u_fir_i/i_square_i_234_n_0
                         CARRY4 (Prop_carry4_CI_CO[3])
                                                      0.117    13.063 r  u_fir_i/i_square_i_219/CO[3]
                         net (fo=1, unplaced)         0.000    13.063    u_fir_i/i_square_i_219_n_0
                         CARRY4 (Prop_carry4_CI_CO[3])
                                                      0.117    13.180 r  u_fir_i/i_square_i_203/CO[3]
                         net (fo=1, unplaced)         0.000    13.180    u_fir_i/i_square_i_203_n_0
                         CARRY4 (Prop_carry4_CI_O[1])
                                                      0.337    13.517 r  u_fir_i/i_square_i_171/O[1]
                         net (fo=3, unplaced)         0.617    14.134    u_fir_i/i_square_i_171_n_6
                         LUT3 (Prop_lut3_I0_O)        0.306    14.440 r  u_fir_i/i_square_i_201/O
                         net (fo=3, unplaced)         0.467    14.907    u_fir_i/i_square_i_201_n_0
                         LUT5 (Prop_lut5_I4_O)        0.124    15.031 r  u_fir_i/i_square_i_127/O
                         net (fo=1, unplaced)         0.639    15.670    u_fir_i/i_square_i_127_n_0
                         CARRY4 (Prop_carry4_DI[1]_CO[3])
                                                      0.520    16.190 r  u_fir_i/i_square_i_76/CO[3]
                         net (fo=1, unplaced)         0.000    16.190    u_fir_i/i_square_i_76_n_0
                         CARRY4 (Prop_carry4_CI_CO[3])
                                                      0.117    16.307 r  u_fir_i/i_square_i_71/CO[3]
                         net (fo=1, unplaced)         0.000    16.307    u_fir_i/i_square_i_71_n_0
                         CARRY4 (Prop_carry4_CI_CO[3])
                                                      0.117    16.424 r  u_fir_i/i_square_i_66/CO[3]
                         net (fo=1, unplaced)         0.000    16.424    u_fir_i/i_square_i_66_n_0
                         CARRY4 (Prop_carry4_CI_O[3])
                                                      0.331    16.755 f  u_fir_i/i_square_i_61/O[3]
                         net (fo=2, unplaced)         0.629    17.384    u_fir_i/value[44]
                         LUT1 (Prop_lut1_I0_O)        0.307    17.691 r  u_fir_i/i_square_i_178/O
                         net (fo=1, unplaced)         0.000    17.691    u_fir_i/i_square_i_178_n_0
                         CARRY4 (Prop_carry4_S[3]_CO[3])
                                                      0.376    18.067 r  u_fir_i/i_square_i_109/CO[3]
                         net (fo=1, unplaced)         0.000    18.067    u_fir_i/i_square_i_109_n_0
                         CARRY4 (Prop_carry4_CI_O[3])
                                                      0.331    18.398 f  u_fir_i/i_square_i_104/O[3]
                         net (fo=1, unplaced)         0.618    19.016    u_fir_i/round_shift2[48]
                         LUT1 (Prop_lut1_I0_O)        0.307    19.323 r  u_fir_i/i_square_i_57/O
                         net (fo=1, unplaced)         0.000    19.323    u_fir_i/p_0_in[44]
                         CARRY4 (Prop_carry4_S[3]_CO[3])
                                                      0.376    19.699 r  u_fir_i/i_square_i_36/CO[3]
                         net (fo=1, unplaced)         0.000    19.699    u_fir_i/i_square_i_36_n_0
                         CARRY4 (Prop_carry4_CI_O[2])
                                                      0.256    19.955 r  u_fir_i/i_square_i_32/O[2]
                         net (fo=1, unplaced)         0.452    20.407    u_fir_i/round_shift0[47]
                         LUT3 (Prop_lut3_I0_O)        0.301    20.708 r  u_fir_i/i_square_i_1/O
                         net (fo=42, unplaced)        0.800    21.507    u_mag/i_in[47]
                         DSP48E1                                      r  u_mag/i_square__1/A[15]
  -------------------------------------------------------------------    -------------------

                         (clock clk rise edge)       10.000    10.000 r  
                                                      0.000    10.000 r  clk (IN)
                         net (fo=0)                   0.000    10.000    clk
                         IBUF (Prop_ibuf_I_O)         0.789    10.789 r  clk_IBUF_inst/O
                         net (fo=1, unplaced)         0.760    11.549    clk_IBUF
                         BUFG (Prop_bufg_I_O)         0.091    11.640 r  clk_IBUF_BUFG_inst/O
                         net (fo=878, unplaced)       0.439    12.079    u_mag/clk_IBUF_BUFG
                         DSP48E1                                      r  u_mag/i_square__1/CLK
                         clock pessimism              0.178    12.257    
                         clock uncertainty           -0.035    12.222    
                         DSP48E1 (Setup_dsp48e1_CLK_A[15])
                                                     -1.928    10.294    u_mag/i_square__1
  -------------------------------------------------------------------
                         required time                         10.294    
                         arrival time                         -21.507    
  -------------------------------------------------------------------
                         slack                                -11.213    

Slack (VIOLATED) :        -11.213ns  (required time - arrival time)
  Source:                 sample_count_reg[3]/C
                            (rising edge-triggered cell FDRE clocked by clk  {rise@0.000ns fall@5.000ns period=10.000ns})
  Destination:            u_mag/i_square__1/A[16]
                            (rising edge-triggered cell DSP48E1 clocked by clk  {rise@0.000ns fall@5.000ns period=10.000ns})
  Path Group:             clk
  Path Type:              Setup (Max at Slow Process Corner)
  Requirement:            10.000ns  (clk rise@10.000ns - clk rise@0.000ns)
  Data Path Delay:        19.105ns  (logic 9.990ns (52.290%)  route 9.115ns (47.710%))
  Logic Levels:           25  (CARRY4=15 DSP48E1=1 LUT1=2 LUT3=3 LUT5=1 LUT6=3)
  Clock Path Skew:        -0.145ns (DCD - SCD + CPR)
    Destination Clock Delay (DCD):    2.079ns = ( 12.079 - 10.000 ) 
    Source Clock Delay      (SCD):    2.402ns
    Clock Pessimism Removal (CPR):    0.178ns
  Clock Uncertainty:      0.035ns  ((TSJ^2 + TIJ^2)^1/2 + DJ) / 2 + PE
    Total System Jitter     (TSJ):    0.071ns
    Total Input Jitter      (TIJ):    0.000ns
    Discrete Jitter          (DJ):    0.000ns
    Phase Error              (PE):    0.000ns

    Location             Delay type                Incr(ns)  Path(ns)    Netlist Resource(s)
  -------------------------------------------------------------------    -------------------
                         (clock clk rise edge)        0.000     0.000 r  
                                                      0.000     0.000 r  clk (IN)
                         net (fo=0)                   0.000     0.000    clk
                         IBUF (Prop_ibuf_I_O)         0.923     0.923 r  clk_IBUF_inst/O
                         net (fo=1, unplaced)         0.800     1.722    clk_IBUF
                         BUFG (Prop_bufg_I_O)         0.096     1.818 r  clk_IBUF_BUFG_inst/O
                         net (fo=878, unplaced)       0.584     2.402    clk_IBUF_BUFG
                         FDRE                                         r  sample_count_reg[3]/C
  -------------------------------------------------------------------    -------------------
                         FDRE (Prop_fdre_C_Q)         0.456     2.858 r  sample_count_reg[3]/Q
                         net (fo=5, unplaced)         0.993     3.851    u_mixer/i_mixed_0[2]
                         LUT6 (Prop_lut6_I0_O)        0.295     4.146 f  u_mixer/g0_b0_i_1/O
                         net (fo=72, unplaced)        0.540     4.686    u_nco/i_mixed
                         LUT6 (Prop_lut6_I0_O)        0.124     4.810 r  u_nco/g2_b14/O
                         net (fo=2, unplaced)         1.122     5.932    u_nco/g2_b14_n_0
                         LUT6 (Prop_lut6_I1_O)        0.124     6.056 r  u_nco/p_0_out_inferred__0/i_mixed_i_2/O
                         net (fo=1, unplaced)         0.800     6.856    u_mixer/B[14]
                         DSP48E1 (Prop_dsp48e1_B[14]_P[4])
                                                      3.656    10.512 r  u_mixer/i_mixed/P[4]
                         net (fo=4, unplaced)         0.800    11.312    u_fir_i/D[4]
                         LUT3 (Prop_lut3_I0_O)        0.124    11.436 r  u_fir_i/i_square__2_i_193/O
                         net (fo=1, unplaced)         0.639    12.075    u_fir_i/i_square__2_i_193_n_0
                         CARRY4 (Prop_carry4_DI[1]_CO[3])
                                                      0.520    12.595 r  u_fir_i/i_square__2_i_115/CO[3]
                         net (fo=1, unplaced)         0.000    12.595    u_fir_i/i_square__2_i_115_n_0
                         CARRY4 (Prop_carry4_CI_CO[3])
                                                      0.117    12.712 r  u_fir_i/i_square__2_i_100/CO[3]
                         net (fo=1, unplaced)         0.000    12.712    u_fir_i/i_square__2_i_100_n_0
                         CARRY4 (Prop_carry4_CI_CO[3])
                                                      0.117    12.829 r  u_fir_i/i_square_i_249/CO[3]
                         net (fo=1, unplaced)         0.000    12.829    u_fir_i/i_square_i_249_n_0
                         CARRY4 (Prop_carry4_CI_CO[3])
                                                      0.117    12.946 r  u_fir_i/i_square_i_234/CO[3]
                         net (fo=1, unplaced)         0.000    12.946    u_fir_i/i_square_i_234_n_0
                         CARRY4 (Prop_carry4_CI_CO[3])
                                                      0.117    13.063 r  u_fir_i/i_square_i_219/CO[3]
                         net (fo=1, unplaced)         0.000    13.063    u_fir_i/i_square_i_219_n_0
                         CARRY4 (Prop_carry4_CI_CO[3])
                                                      0.117    13.180 r  u_fir_i/i_square_i_203/CO[3]
                         net (fo=1, unplaced)         0.000    13.180    u_fir_i/i_square_i_203_n_0
                         CARRY4 (Prop_carry4_CI_O[1])
                                                      0.337    13.517 r  u_fir_i/i_square_i_171/O[1]
                         net (fo=3, unplaced)         0.617    14.134    u_fir_i/i_square_i_171_n_6
                         LUT3 (Prop_lut3_I0_O)        0.306    14.440 r  u_fir_i/i_square_i_201/O
                         net (fo=3, unplaced)         0.467    14.907    u_fir_i/i_square_i_201_n_0
                         LUT5 (Prop_lut5_I4_O)        0.124    15.031 r  u_fir_i/i_square_i_127/O
                         net (fo=1, unplaced)         0.639    15.670    u_fir_i/i_square_i_127_n_0
                         CARRY4 (Prop_carry4_DI[1]_CO[3])
                                                      0.520    16.190 r  u_fir_i/i_square_i_76/CO[3]
                         net (fo=1, unplaced)         0.000    16.190    u_fir_i/i_square_i_76_n_0
                         CARRY4 (Prop_carry4_CI_CO[3])
                                                      0.117    16.307 r  u_fir_i/i_square_i_71/CO[3]
                         net (fo=1, unplaced)         0.000    16.307    u_fir_i/i_square_i_71_n_0
                         CARRY4 (Prop_carry4_CI_CO[3])
                                                      0.117    16.424 r  u_fir_i/i_square_i_66/CO[3]
                         net (fo=1, unplaced)         0.000    16.424    u_fir_i/i_square_i_66_n_0
                         CARRY4 (Prop_carry4_CI_O[3])
                                                      0.331    16.755 f  u_fir_i/i_square_i_61/O[3]
                         net (fo=2, unplaced)         0.629    17.384    u_fir_i/value[44]
                         LUT1 (Prop_lut1_I0_O)        0.307    17.691 r  u_fir_i/i_square_i_178/O
                         net (fo=1, unplaced)         0.000    17.691    u_fir_i/i_square_i_178_n_0
                         CARRY4 (Prop_carry4_S[3]_CO[3])
                                                      0.376    18.067 r  u_fir_i/i_square_i_109/CO[3]
                         net (fo=1, unplaced)         0.000    18.067    u_fir_i/i_square_i_109_n_0
                         CARRY4 (Prop_carry4_CI_O[3])
                                                      0.331    18.398 f  u_fir_i/i_square_i_104/O[3]
                         net (fo=1, unplaced)         0.618    19.016    u_fir_i/round_shift2[48]
                         LUT1 (Prop_lut1_I0_O)        0.307    19.323 r  u_fir_i/i_square_i_57/O
                         net (fo=1, unplaced)         0.000    19.323    u_fir_i/p_0_in[44]
                         CARRY4 (Prop_carry4_S[3]_CO[3])
                                                      0.376    19.699 r  u_fir_i/i_square_i_36/CO[3]
                         net (fo=1, unplaced)         0.000    19.699    u_fir_i/i_square_i_36_n_0
                         CARRY4 (Prop_carry4_CI_O[2])
                                                      0.256    19.955 r  u_fir_i/i_square_i_32/O[2]
                         net (fo=1, unplaced)         0.452    20.407    u_fir_i/round_shift0[47]
                         LUT3 (Prop_lut3_I0_O)        0.301    20.708 r  u_fir_i/i_square_i_1/O
                         net (fo=42, unplaced)        0.800    21.507    u_mag/i_in[47]
                         DSP48E1                                      r  u_mag/i_square__1/A[16]
  -------------------------------------------------------------------    -------------------

                         (clock clk rise edge)       10.000    10.000 r  
                                                      0.000    10.000 r  clk (IN)
                         net (fo=0)                   0.000    10.000    clk
                         IBUF (Prop_ibuf_I_O)         0.789    10.789 r  clk_IBUF_inst/O
                         net (fo=1, unplaced)         0.760    11.549    clk_IBUF
                         BUFG (Prop_bufg_I_O)         0.091    11.640 r  clk_IBUF_BUFG_inst/O
                         net (fo=878, unplaced)       0.439    12.079    u_mag/clk_IBUF_BUFG
                         DSP48E1                                      r  u_mag/i_square__1/CLK
                         clock pessimism              0.178    12.257    
                         clock uncertainty           -0.035    12.222    
                         DSP48E1 (Setup_dsp48e1_CLK_A[16])
                                                     -1.928    10.294    u_mag/i_square__1
  -------------------------------------------------------------------
                         required time                         10.294    
                         arrival time                         -21.507    
  -------------------------------------------------------------------
                         slack                                -11.213    

Slack (VIOLATED) :        -11.213ns  (required time - arrival time)
  Source:                 sample_count_reg[3]/C
                            (rising edge-triggered cell FDRE clocked by clk  {rise@0.000ns fall@5.000ns period=10.000ns})
  Destination:            u_mag/i_square__1/A[17]
                            (rising edge-triggered cell DSP48E1 clocked by clk  {rise@0.000ns fall@5.000ns period=10.000ns})
  Path Group:             clk
  Path Type:              Setup (Max at Slow Process Corner)
  Requirement:            10.000ns  (clk rise@10.000ns - clk rise@0.000ns)
  Data Path Delay:        19.105ns  (logic 9.990ns (52.290%)  route 9.115ns (47.710%))
  Logic Levels:           25  (CARRY4=15 DSP48E1=1 LUT1=2 LUT3=3 LUT5=1 LUT6=3)
  Clock Path Skew:        -0.145ns (DCD - SCD + CPR)
    Destination Clock Delay (DCD):    2.079ns = ( 12.079 - 10.000 ) 
    Source Clock Delay      (SCD):    2.402ns
    Clock Pessimism Removal (CPR):    0.178ns
  Clock Uncertainty:      0.035ns  ((TSJ^2 + TIJ^2)^1/2 + DJ) / 2 + PE
    Total System Jitter     (TSJ):    0.071ns
    Total Input Jitter      (TIJ):    0.000ns
    Discrete Jitter          (DJ):    0.000ns
    Phase Error              (PE):    0.000ns

    Location             Delay type                Incr(ns)  Path(ns)    Netlist Resource(s)
  -------------------------------------------------------------------    -------------------
                         (clock clk rise edge)        0.000     0.000 r  
                                                      0.000     0.000 r  clk (IN)
                         net (fo=0)                   0.000     0.000    clk
                         IBUF (Prop_ibuf_I_O)         0.923     0.923 r  clk_IBUF_inst/O
                         net (fo=1, unplaced)         0.800     1.722    clk_IBUF
                         BUFG (Prop_bufg_I_O)         0.096     1.818 r  clk_IBUF_BUFG_inst/O
                         net (fo=878, unplaced)       0.584     2.402    clk_IBUF_BUFG
                         FDRE                                         r  sample_count_reg[3]/C
  -------------------------------------------------------------------    -------------------
                         FDRE (Prop_fdre_C_Q)         0.456     2.858 r  sample_count_reg[3]/Q
                         net (fo=5, unplaced)         0.993     3.851    u_mixer/i_mixed_0[2]
                         LUT6 (Prop_lut6_I0_O)        0.295     4.146 f  u_mixer/g0_b0_i_1/O
                         net (fo=72, unplaced)        0.540     4.686    u_nco/i_mixed
                         LUT6 (Prop_lut6_I0_O)        0.124     4.810 r  u_nco/g2_b14/O
                         net (fo=2, unplaced)         1.122     5.932    u_nco/g2_b14_n_0
                         LUT6 (Prop_lut6_I1_O)        0.124     6.056 r  u_nco/p_0_out_inferred__0/i_mixed_i_2/O
                         net (fo=1, unplaced)         0.800     6.856    u_mixer/B[14]
                         DSP48E1 (Prop_dsp48e1_B[14]_P[4])
                                                      3.656    10.512 r  u_mixer/i_mixed/P[4]
                         net (fo=4, unplaced)         0.800    11.312    u_fir_i/D[4]
                         LUT3 (Prop_lut3_I0_O)        0.124    11.436 r  u_fir_i/i_square__2_i_193/O
                         net (fo=1, unplaced)         0.639    12.075    u_fir_i/i_square__2_i_193_n_0
                         CARRY4 (Prop_carry4_DI[1]_CO[3])
                                                      0.520    12.595 r  u_fir_i/i_square__2_i_115/CO[3]
                         net (fo=1, unplaced)         0.000    12.595    u_fir_i/i_square__2_i_115_n_0
                         CARRY4 (Prop_carry4_CI_CO[3])
                                                      0.117    12.712 r  u_fir_i/i_square__2_i_100/CO[3]
                         net (fo=1, unplaced)         0.000    12.712    u_fir_i/i_square__2_i_100_n_0
                         CARRY4 (Prop_carry4_CI_CO[3])
                                                      0.117    12.829 r  u_fir_i/i_square_i_249/CO[3]
                         net (fo=1, unplaced)         0.000    12.829    u_fir_i/i_square_i_249_n_0
                         CARRY4 (Prop_carry4_CI_CO[3])
                                                      0.117    12.946 r  u_fir_i/i_square_i_234/CO[3]
                         net (fo=1, unplaced)         0.000    12.946    u_fir_i/i_square_i_234_n_0
                         CARRY4 (Prop_carry4_CI_CO[3])
                                                      0.117    13.063 r  u_fir_i/i_square_i_219/CO[3]
                         net (fo=1, unplaced)         0.000    13.063    u_fir_i/i_square_i_219_n_0
                         CARRY4 (Prop_carry4_CI_CO[3])
                                                      0.117    13.180 r  u_fir_i/i_square_i_203/CO[3]
                         net (fo=1, unplaced)         0.000    13.180    u_fir_i/i_square_i_203_n_0
                         CARRY4 (Prop_carry4_CI_O[1])
                                                      0.337    13.517 r  u_fir_i/i_square_i_171/O[1]
                         net (fo=3, unplaced)         0.617    14.134    u_fir_i/i_square_i_171_n_6
                         LUT3 (Prop_lut3_I0_O)        0.306    14.440 r  u_fir_i/i_square_i_201/O
                         net (fo=3, unplaced)         0.467    14.907    u_fir_i/i_square_i_201_n_0
                         LUT5 (Prop_lut5_I4_O)        0.124    15.031 r  u_fir_i/i_square_i_127/O
                         net (fo=1, unplaced)         0.639    15.670    u_fir_i/i_square_i_127_n_0
                         CARRY4 (Prop_carry4_DI[1]_CO[3])
                                                      0.520    16.190 r  u_fir_i/i_square_i_76/CO[3]
                         net (fo=1, unplaced)         0.000    16.190    u_fir_i/i_square_i_76_n_0
                         CARRY4 (Prop_carry4_CI_CO[3])
                                                      0.117    16.307 r  u_fir_i/i_square_i_71/CO[3]
                         net (fo=1, unplaced)         0.000    16.307    u_fir_i/i_square_i_71_n_0
                         CARRY4 (Prop_carry4_CI_CO[3])
                                                      0.117    16.424 r  u_fir_i/i_square_i_66/CO[3]
                         net (fo=1, unplaced)         0.000    16.424    u_fir_i/i_square_i_66_n_0
                         CARRY4 (Prop_carry4_CI_O[3])
                                                      0.331    16.755 f  u_fir_i/i_square_i_61/O[3]
                         net (fo=2, unplaced)         0.629    17.384    u_fir_i/value[44]
                         LUT1 (Prop_lut1_I0_O)        0.307    17.691 r  u_fir_i/i_square_i_178/O
                         net (fo=1, unplaced)         0.000    17.691    u_fir_i/i_square_i_178_n_0
                         CARRY4 (Prop_carry4_S[3]_CO[3])
                                                      0.376    18.067 r  u_fir_i/i_square_i_109/CO[3]
                         net (fo=1, unplaced)         0.000    18.067    u_fir_i/i_square_i_109_n_0
                         CARRY4 (Prop_carry4_CI_O[3])
                                                      0.331    18.398 f  u_fir_i/i_square_i_104/O[3]
                         net (fo=1, unplaced)         0.618    19.016    u_fir_i/round_shift2[48]
                         LUT1 (Prop_lut1_I0_O)        0.307    19.323 r  u_fir_i/i_square_i_57/O
                         net (fo=1, unplaced)         0.000    19.323    u_fir_i/p_0_in[44]
                         CARRY4 (Prop_carry4_S[3]_CO[3])
                                                      0.376    19.699 r  u_fir_i/i_square_i_36/CO[3]
                         net (fo=1, unplaced)         0.000    19.699    u_fir_i/i_square_i_36_n_0
                         CARRY4 (Prop_carry4_CI_O[2])
                                                      0.256    19.955 r  u_fir_i/i_square_i_32/O[2]
                         net (fo=1, unplaced)         0.452    20.407    u_fir_i/round_shift0[47]
                         LUT3 (Prop_lut3_I0_O)        0.301    20.708 r  u_fir_i/i_square_i_1/O
                         net (fo=42, unplaced)        0.800    21.507    u_mag/i_in[47]
                         DSP48E1                                      r  u_mag/i_square__1/A[17]
  -------------------------------------------------------------------    -------------------

                         (clock clk rise edge)       10.000    10.000 r  
                                                      0.000    10.000 r  clk (IN)
                         net (fo=0)                   0.000    10.000    clk
                         IBUF (Prop_ibuf_I_O)         0.789    10.789 r  clk_IBUF_inst/O
                         net (fo=1, unplaced)         0.760    11.549    clk_IBUF
                         BUFG (Prop_bufg_I_O)         0.091    11.640 r  clk_IBUF_BUFG_inst/O
                         net (fo=878, unplaced)       0.439    12.079    u_mag/clk_IBUF_BUFG
                         DSP48E1                                      r  u_mag/i_square__1/CLK
                         clock pessimism              0.178    12.257    
                         clock uncertainty           -0.035    12.222    
                         DSP48E1 (Setup_dsp48e1_CLK_A[17])
                                                     -1.928    10.294    u_mag/i_square__1
  -------------------------------------------------------------------
                         required time                         10.294    
                         arrival time                         -21.507    
  -------------------------------------------------------------------
                         slack                                -11.213    

Slack (VIOLATED) :        -11.213ns  (required time - arrival time)
  Source:                 sample_count_reg[3]/C
                            (rising edge-triggered cell FDRE clocked by clk  {rise@0.000ns fall@5.000ns period=10.000ns})
  Destination:            u_mag/i_square__1/A[18]
                            (rising edge-triggered cell DSP48E1 clocked by clk  {rise@0.000ns fall@5.000ns period=10.000ns})
  Path Group:             clk
  Path Type:              Setup (Max at Slow Process Corner)
  Requirement:            10.000ns  (clk rise@10.000ns - clk rise@0.000ns)
  Data Path Delay:        19.105ns  (logic 9.990ns (52.290%)  route 9.115ns (47.710%))
  Logic Levels:           25  (CARRY4=15 DSP48E1=1 LUT1=2 LUT3=3 LUT5=1 LUT6=3)
  Clock Path Skew:        -0.145ns (DCD - SCD + CPR)
    Destination Clock Delay (DCD):    2.079ns = ( 12.079 - 10.000 ) 
    Source Clock Delay      (SCD):    2.402ns
    Clock Pessimism Removal (CPR):    0.178ns
  Clock Uncertainty:      0.035ns  ((TSJ^2 + TIJ^2)^1/2 + DJ) / 2 + PE
    Total System Jitter     (TSJ):    0.071ns
    Total Input Jitter      (TIJ):    0.000ns
    Discrete Jitter          (DJ):    0.000ns
    Phase Error              (PE):    0.000ns

    Location             Delay type                Incr(ns)  Path(ns)    Netlist Resource(s)
  -------------------------------------------------------------------    -------------------
                         (clock clk rise edge)        0.000     0.000 r  
                                                      0.000     0.000 r  clk (IN)
                         net (fo=0)                   0.000     0.000    clk
                         IBUF (Prop_ibuf_I_O)         0.923     0.923 r  clk_IBUF_inst/O
                         net (fo=1, unplaced)         0.800     1.722    clk_IBUF
                         BUFG (Prop_bufg_I_O)         0.096     1.818 r  clk_IBUF_BUFG_inst/O
                         net (fo=878, unplaced)       0.584     2.402    clk_IBUF_BUFG
                         FDRE                                         r  sample_count_reg[3]/C
  -------------------------------------------------------------------    -------------------
                         FDRE (Prop_fdre_C_Q)         0.456     2.858 r  sample_count_reg[3]/Q
                         net (fo=5, unplaced)         0.993     3.851    u_mixer/i_mixed_0[2]
                         LUT6 (Prop_lut6_I0_O)        0.295     4.146 f  u_mixer/g0_b0_i_1/O
                         net (fo=72, unplaced)        0.540     4.686    u_nco/i_mixed
                         LUT6 (Prop_lut6_I0_O)        0.124     4.810 r  u_nco/g2_b14/O
                         net (fo=2, unplaced)         1.122     5.932    u_nco/g2_b14_n_0
                         LUT6 (Prop_lut6_I1_O)        0.124     6.056 r  u_nco/p_0_out_inferred__0/i_mixed_i_2/O
                         net (fo=1, unplaced)         0.800     6.856    u_mixer/B[14]
                         DSP48E1 (Prop_dsp48e1_B[14]_P[4])
                                                      3.656    10.512 r  u_mixer/i_mixed/P[4]
                         net (fo=4, unplaced)         0.800    11.312    u_fir_i/D[4]
                         LUT3 (Prop_lut3_I0_O)        0.124    11.436 r  u_fir_i/i_square__2_i_193/O
                         net (fo=1, unplaced)         0.639    12.075    u_fir_i/i_square__2_i_193_n_0
                         CARRY4 (Prop_carry4_DI[1]_CO[3])
                                                      0.520    12.595 r  u_fir_i/i_square__2_i_115/CO[3]
                         net (fo=1, unplaced)         0.000    12.595    u_fir_i/i_square__2_i_115_n_0
                         CARRY4 (Prop_carry4_CI_CO[3])
                                                      0.117    12.712 r  u_fir_i/i_square__2_i_100/CO[3]
                         net (fo=1, unplaced)         0.000    12.712    u_fir_i/i_square__2_i_100_n_0
                         CARRY4 (Prop_carry4_CI_CO[3])
                                                      0.117    12.829 r  u_fir_i/i_square_i_249/CO[3]
                         net (fo=1, unplaced)         0.000    12.829    u_fir_i/i_square_i_249_n_0
                         CARRY4 (Prop_carry4_CI_CO[3])
                                                      0.117    12.946 r  u_fir_i/i_square_i_234/CO[3]
                         net (fo=1, unplaced)         0.000    12.946    u_fir_i/i_square_i_234_n_0
                         CARRY4 (Prop_carry4_CI_CO[3])
                                                      0.117    13.063 r  u_fir_i/i_square_i_219/CO[3]
                         net (fo=1, unplaced)         0.000    13.063    u_fir_i/i_square_i_219_n_0
                         CARRY4 (Prop_carry4_CI_CO[3])
                                                      0.117    13.180 r  u_fir_i/i_square_i_203/CO[3]
                         net (fo=1, unplaced)         0.000    13.180    u_fir_i/i_square_i_203_n_0
                         CARRY4 (Prop_carry4_CI_O[1])
                                                      0.337    13.517 r  u_fir_i/i_square_i_171/O[1]
                         net (fo=3, unplaced)         0.617    14.134    u_fir_i/i_square_i_171_n_6
                         LUT3 (Prop_lut3_I0_O)        0.306    14.440 r  u_fir_i/i_square_i_201/O
                         net (fo=3, unplaced)         0.467    14.907    u_fir_i/i_square_i_201_n_0
                         LUT5 (Prop_lut5_I4_O)        0.124    15.031 r  u_fir_i/i_square_i_127/O
                         net (fo=1, unplaced)         0.639    15.670    u_fir_i/i_square_i_127_n_0
                         CARRY4 (Prop_carry4_DI[1]_CO[3])
                                                      0.520    16.190 r  u_fir_i/i_square_i_76/CO[3]
                         net (fo=1, unplaced)         0.000    16.190    u_fir_i/i_square_i_76_n_0
                         CARRY4 (Prop_carry4_CI_CO[3])
                                                      0.117    16.307 r  u_fir_i/i_square_i_71/CO[3]
                         net (fo=1, unplaced)         0.000    16.307    u_fir_i/i_square_i_71_n_0
                         CARRY4 (Prop_carry4_CI_CO[3])
                                                      0.117    16.424 r  u_fir_i/i_square_i_66/CO[3]
                         net (fo=1, unplaced)         0.000    16.424    u_fir_i/i_square_i_66_n_0
                         CARRY4 (Prop_carry4_CI_O[3])
                                                      0.331    16.755 f  u_fir_i/i_square_i_61/O[3]
                         net (fo=2, unplaced)         0.629    17.384    u_fir_i/value[44]
                         LUT1 (Prop_lut1_I0_O)        0.307    17.691 r  u_fir_i/i_square_i_178/O
                         net (fo=1, unplaced)         0.000    17.691    u_fir_i/i_square_i_178_n_0
                         CARRY4 (Prop_carry4_S[3]_CO[3])
                                                      0.376    18.067 r  u_fir_i/i_square_i_109/CO[3]
                         net (fo=1, unplaced)         0.000    18.067    u_fir_i/i_square_i_109_n_0
                         CARRY4 (Prop_carry4_CI_O[3])
                                                      0.331    18.398 f  u_fir_i/i_square_i_104/O[3]
                         net (fo=1, unplaced)         0.618    19.016    u_fir_i/round_shift2[48]
                         LUT1 (Prop_lut1_I0_O)        0.307    19.323 r  u_fir_i/i_square_i_57/O
                         net (fo=1, unplaced)         0.000    19.323    u_fir_i/p_0_in[44]
                         CARRY4 (Prop_carry4_S[3]_CO[3])
                                                      0.376    19.699 r  u_fir_i/i_square_i_36/CO[3]
                         net (fo=1, unplaced)         0.000    19.699    u_fir_i/i_square_i_36_n_0
                         CARRY4 (Prop_carry4_CI_O[2])
                                                      0.256    19.955 r  u_fir_i/i_square_i_32/O[2]
                         net (fo=1, unplaced)         0.452    20.407    u_fir_i/round_shift0[47]
                         LUT3 (Prop_lut3_I0_O)        0.301    20.708 r  u_fir_i/i_square_i_1/O
                         net (fo=42, unplaced)        0.800    21.507    u_mag/i_in[47]
                         DSP48E1                                      r  u_mag/i_square__1/A[18]
  -------------------------------------------------------------------    -------------------

                         (clock clk rise edge)       10.000    10.000 r  
                                                      0.000    10.000 r  clk (IN)
                         net (fo=0)                   0.000    10.000    clk
                         IBUF (Prop_ibuf_I_O)         0.789    10.789 r  clk_IBUF_inst/O
                         net (fo=1, unplaced)         0.760    11.549    clk_IBUF
                         BUFG (Prop_bufg_I_O)         0.091    11.640 r  clk_IBUF_BUFG_inst/O
                         net (fo=878, unplaced)       0.439    12.079    u_mag/clk_IBUF_BUFG
                         DSP48E1                                      r  u_mag/i_square__1/CLK
                         clock pessimism              0.178    12.257    
                         clock uncertainty           -0.035    12.222    
                         DSP48E1 (Setup_dsp48e1_CLK_A[18])
                                                     -1.928    10.294    u_mag/i_square__1
  -------------------------------------------------------------------
                         required time                         10.294    
                         arrival time                         -21.507    
  -------------------------------------------------------------------
                         slack                                -11.213    




