Copyright 1986-2022 Xilinx, Inc. All Rights Reserved. Copyright 2022-2025 Advanced Micro Devices, Inc. All Rights Reserved.
---------------------------------------------------------------------------------------------------------------------------------------------
| Tool Version : Vivado v.2025.2 (win64) Build 6299465 Fri Nov 14 19:35:11 GMT 2025
| Date         : Sun May  3 15:02:58 2026
| Host         : Navnil_Desktop running 64-bit major release  (build 9200)
| Command      : report_timing_summary -file C:/Users/CHOUDN3/Downloads/VLSI_project/reports/baseline/timing_summary.rpt
| Design       : lockin_baseline_top
| Device       : 7a35t-cpg236
| Speed File   : -1  PRODUCTION 1.23 2018-06-13
| Design State : Synthesized
---------------------------------------------------------------------------------------------------------------------------------------------

Timing Summary Report

------------------------------------------------------------------------------------------------
| Timer Settings
| --------------
------------------------------------------------------------------------------------------------

  Enable Multi Corner Analysis               :  Yes
  Enable Pessimism Removal                   :  Yes
  Pessimism Removal Resolution               :  Nearest Common Node
  Enable Input Delay Default Clock           :  No
  Enable Preset / Clear Arcs                 :  No
  Disable Flight Delays                      :  No
  Ignore I/O Paths                           :  No
  Timing Early Launch at Borrowing Latches   :  No
  Borrow Time for Max Delay Exceptions       :  Yes
  Merge Timing Exceptions                    :  Yes
  Inter-SLR Compensation                     :  Conservative

  Corner  Analyze    Analyze    
  Name    Max Paths  Min Paths  
  ------  ---------  ---------  
  Slow    Yes        Yes        
  Fast    Yes        Yes        


------------------------------------------------------------------------------------------------
| Report Methodology
| ------------------
------------------------------------------------------------------------------------------------

No report available as report_methodology has not been run prior. Run report_methodology on the current design for the summary of methodology violations.



check_timing report

Table of Contents
-----------------
1. checking no_clock (0)
2. checking constant_clock (0)
3. checking pulse_width_clock (0)
4. checking unconstrained_internal_endpoints (0)
5. checking no_input_delay (18)
6. checking no_output_delay (132)
7. checking multiple_clock (0)
8. checking generated_clocks (0)
9. checking loops (0)
10. checking partial_input_delay (0)
11. checking partial_output_delay (0)
12. checking latch_loops (0)

1. checking no_clock (0)
------------------------
 There are 0 register/latch pins with no clock.


2. checking constant_clock (0)
------------------------------
 There are 0 register/latch pins with constant_clock.


3. checking pulse_width_clock (0)
---------------------------------
 There are 0 register/latch pins which need pulse_width check


4. checking unconstrained_internal_endpoints (0)
------------------------------------------------
 There are 0 pins that are not constrained for maximum delay.

 There are 0 pins that are not constrained for maximum delay due to constant clock.


5. checking no_input_delay (18)
-------------------------------
 There are 18 input ports with no input delay specified. (HIGH)

 There are 0 input ports with no input delay but user has a false path constraint.


6. checking no_output_delay (132)
---------------------------------
 There are 132 ports with no output delay specified. (HIGH)

 There are 0 ports with no output delay but user has a false path constraint

 There are 0 ports with no output delay but with a timing clock defined on it or propagating through it


7. checking multiple_clock (0)
------------------------------
 There are 0 register/latch pins with multiple clocks.


8. checking generated_clocks (0)
--------------------------------
 There are 0 generated clocks that are not connected to a clock source.


9. checking loops (0)
---------------------
 There are 0 combinational loops in the design.


10. checking partial_input_delay (0)
------------------------------------
 There are 0 input ports with partial input delay specified.


11. checking partial_output_delay (0)
-------------------------------------
 There are 0 ports with partial output delay specified.


12. checking latch_loops (0)
----------------------------
 There are 0 combinational latch loops in the design through latch input



------------------------------------------------------------------------------------------------
| Design Timing Summary
| ---------------------
------------------------------------------------------------------------------------------------

    WNS(ns)      TNS(ns)  TNS Failing Endpoints  TNS Total Endpoints      WHS(ns)      THS(ns)  THS Failing Endpoints  THS Total Endpoints     WPWS(ns)     TPWS(ns)  TPWS Failing Endpoints  TPWS Total Endpoints  
    -------      -------  ---------------------  -------------------      -------      -------  ---------------------  -------------------     --------     --------  ----------------------  --------------------  
    -11.343    -6961.166                    868                 2032        0.139        0.000                      0                 2032        4.500        0.000                       0                   861  


Timing constraints are not met.


------------------------------------------------------------------------------------------------
| Clock Summary
| -------------
------------------------------------------------------------------------------------------------

Clock  Waveform(ns)       Period(ns)      Frequency(MHz)
-----  ------------       ----------      --------------
clk    {0.000 5.000}      10.000          100.000         


------------------------------------------------------------------------------------------------
| Intra Clock Table
| -----------------
------------------------------------------------------------------------------------------------

Clock             WNS(ns)      TNS(ns)  TNS Failing Endpoints  TNS Total Endpoints      WHS(ns)      THS(ns)  THS Failing Endpoints  THS Total Endpoints     WPWS(ns)     TPWS(ns)  TPWS Failing Endpoints  TPWS Total Endpoints  
-----             -------      -------  ---------------------  -------------------      -------      -------  ---------------------  -------------------     --------     --------  ----------------------  --------------------  
clk               -11.343    -6961.166                    868                 2032        0.139        0.000                      0                 2032        4.500        0.000                       0                   861  


------------------------------------------------------------------------------------------------
| Inter Clock Table
| -----------------
------------------------------------------------------------------------------------------------

From Clock    To Clock          WNS(ns)      TNS(ns)  TNS Failing Endpoints  TNS Total Endpoints      WHS(ns)      THS(ns)  THS Failing Endpoints  THS Total Endpoints  
----------    --------          -------      -------  ---------------------  -------------------      -------      -------  ---------------------  -------------------  


------------------------------------------------------------------------------------------------
| Other Path Groups Table
| -----------------------
------------------------------------------------------------------------------------------------

Path Group    From Clock    To Clock          WNS(ns)      TNS(ns)  TNS Failing Endpoints  TNS Total Endpoints      WHS(ns)      THS(ns)  THS Failing Endpoints  THS Total Endpoints  
----------    ----------    --------          -------      -------  ---------------------  -------------------      -------      -------  ---------------------  -------------------  


------------------------------------------------------------------------------------------------
| Timing Details
| --------------
------------------------------------------------------------------------------------------------


---------------------------------------------------------------------------------------------------
From Clock:  clk
  To Clock:  clk

Setup :          868  Failing Endpoints,  Worst Slack      -11.343ns,  Total Violation    -6961.166ns
Hold  :            0  Failing Endpoints,  Worst Slack        0.139ns,  Total Violation        0.000ns
PW    :            0  Failing Endpoints,  Worst Slack        4.500ns,  Total Violation        0.000ns
---------------------------------------------------------------------------------------------------


Max Delay Paths
--------------------------------------------------------------------------------------
Slack (VIOLATED) :        -11.343ns  (required time - arrival time)
  Source:                 sample_count_reg[3]/C
                            (rising edge-triggered cell FDRE clocked by clk  {rise@0.000ns fall@5.000ns period=10.000ns})
  Destination:            u_mag/i_square__1/A[10]
                            (rising edge-triggered cell DSP48E1 clocked by clk  {rise@0.000ns fall@5.000ns period=10.000ns})
  Path Group:             clk
  Path Type:              Setup (Max at Slow Process Corner)
  Requirement:            10.000ns  (clk rise@10.000ns - clk rise@0.000ns)
  Data Path Delay:        19.235ns  (logic 9.954ns (51.749%)  route 9.281ns (48.251%))
  Logic Levels:           24  (CARRY4=14 DSP48E1=1 LUT1=2 LUT3=3 LUT5=1 LUT6=3)
  Clock Path Skew:        -0.145ns (DCD - SCD + CPR)
    Destination Clock Delay (DCD):    2.079ns = ( 12.079 - 10.000 ) 
    Source Clock Delay      (SCD):    2.402ns
    Clock Pessimism Removal (CPR):    0.178ns
  Clock Uncertainty:      0.035ns  ((TSJ^2 + TIJ^2)^1/2 + DJ) / 2 + PE
    Total System Jitter     (TSJ):    0.071ns
    Total Input Jitter      (TIJ):    0.000ns
    Discrete Jitter          (DJ):    0.000ns
    Phase Error              (PE):    0.000ns

    Location             Delay type                Incr(ns)  Path(ns)    Netlist Resource(s)
  -------------------------------------------------------------------    -------------------
                         (clock clk rise edge)        0.000     0.000 r  
                                                      0.000     0.000 r  clk (IN)
                         net (fo=0)                   0.000     0.000    clk
                         IBUF (Prop_ibuf_I_O)         0.923     0.923 r  clk_IBUF_inst/O
                         net (fo=1, unplaced)         0.800     1.722    clk_IBUF
                         BUFG (Prop_bufg_I_O)         0.096     1.818 r  clk_IBUF_BUFG_inst/O
                         net (fo=878, unplaced)       0.584     2.402    clk_IBUF_BUFG
                         FDRE                                         r  sample_count_reg[3]/C
  -------------------------------------------------------------------    -------------------
                         FDRE (Prop_fdre_C_Q)         0.456     2.858 r  sample_count_reg[3]/Q
                         net (fo=5, unplaced)         0.993     3.851    u_mixer/i_mixed_0[2]
                         LUT6 (Prop_lut6_I0_O)        0.295     4.146 f  u_mixer/g0_b0_i_1/O
                         net (fo=72, unplaced)        0.540     4.686    u_nco/i_mixed
                         LUT6 (Prop_lut6_I0_O)        0.124     4.810 r  u_nco/g2_b14/O
                         net (fo=2, unplaced)         1.122     5.932    u_nco/g2_b14_n_0
                         LUT6 (Prop_lut6_I1_O)        0.124     6.056 r  u_nco/p_0_out_inferred__0/i_mixed_i_2/O
                         net (fo=1, unplaced)         0.800     6.856    u_mixer/B[14]
                         DSP48E1 (Prop_dsp48e1_B[14]_P[4])
                                                      3.656    10.512 r  u_mixer/i_mixed/P[4]
                         net (fo=4, unplaced)         0.800    11.312    u_fir_i/D[4]
                         LUT3 (Prop_lut3_I0_O)        0.124    11.436 r  u_fir_i/i_square__2_i_193/O
                         net (fo=1, unplaced)         0.639    12.075    u_fir_i/i_square__2_i_193_n_0
                         CARRY4 (Prop_carry4_DI[1]_CO[3])
                                                      0.520    12.595 r  u_fir_i/i_square__2_i_115/CO[3]
                         net (fo=1, unplaced)         0.000    12.595    u_fir_i/i_square__2_i_115_n_0
                         CARRY4 (Prop_carry4_CI_CO[3])
                                                      0.117    12.712 r  u_fir_i/i_square__2_i_100/CO[3]
                         net (fo=1, unplaced)         0.000    12.712    u_fir_i/i_square__2_i_100_n_0
                         CARRY4 (Prop_carry4_CI_CO[3])
                                                      0.117    12.829 r  u_fir_i/i_square_i_249/CO[3]
                         net (fo=1, unplaced)         0.000    12.829    u_fir_i/i_square_i_249_n_0
                         CARRY4 (Prop_carry4_CI_CO[3])
                                                      0.117    12.946 r  u_fir_i/i_square_i_234/CO[3]
                         net (fo=1, unplaced)         0.000    12.946    u_fir_i/i_square_i_234_n_0
                         CARRY4 (Prop_carry4_CI_CO[3])
                                                      0.117    13.063 r  u_fir_i/i_square_i_219/CO[3]
                         net (fo=1, unplaced)         0.000    13.063    u_fir_i/i_square_i_219_n_0
                         CARRY4 (Prop_carry4_CI_CO[3])
                                                      0.117    13.180 r  u_fir_i/i_square_i_203/CO[3]
                         net (fo=1, unplaced)         0.000    13.180    u_fir_i/i_square_i_203_n_0
                         CARRY4 (Prop_carry4_CI_O[1])
                                                      0.337    13.517 r  u_fir_i/i_square_i_171/O[1]
                         net (fo=3, unplaced)         0.617    14.134    u_fir_i/i_square_i_171_n_6
                         LUT3 (Prop_lut3_I0_O)        0.306    14.440 r  u_fir_i/i_square_i_201/O
                         net (fo=3, unplaced)         0.467    14.907    u_fir_i/i_square_i_201_n_0
                         LUT5 (Prop_lut5_I4_O)        0.124    15.031 r  u_fir_i/i_square_i_127/O
                         net (fo=1, unplaced)         0.639    15.670    u_fir_i/i_square_i_127_n_0
                         CARRY4 (Prop_carry4_DI[1]_CO[3])
                                                      0.520    16.190 r  u_fir_i/i_square_i_76/CO[3]
                         net (fo=1, unplaced)         0.000    16.190    u_fir_i/i_square_i_76_n_0
                         CARRY4 (Prop_carry4_CI_CO[3])
                                                      0.117    16.307 r  u_fir_i/i_square_i_71/CO[3]
                         net (fo=1, unplaced)         0.000    16.307    u_fir_i/i_square_i_71_n_0
                         CARRY4 (Prop_carry4_CI_O[3])
                                                      0.331    16.638 f  u_fir_i/i_square_i_66/O[3]
                         net (fo=2, unplaced)         0.629    17.267    u_fir_i/value[40]
                         LUT1 (Prop_lut1_I0_O)        0.307    17.574 r  u_fir_i/i_square_i_182/O
                         net (fo=1, unplaced)         0.000    17.574    u_fir_i/i_square_i_182_n_0
                         CARRY4 (Prop_carry4_S[3]_CO[3])
                                                      0.376    17.950 r  u_fir_i/i_square_i_115/CO[3]
                         net (fo=1, unplaced)         0.000    17.950    u_fir_i/i_square_i_115_n_0
                         CARRY4 (Prop_carry4_CI_O[3])
                                                      0.331    18.281 f  u_fir_i/i_square_i_109/O[3]
                         net (fo=1, unplaced)         0.618    18.899    u_fir_i/round_shift2[44]
                         LUT1 (Prop_lut1_I0_O)        0.307    19.206 r  u_fir_i/i_square_i_62/O
                         net (fo=1, unplaced)         0.000    19.206    u_fir_i/p_0_in[40]
                         CARRY4 (Prop_carry4_S[3]_CO[3])
                                                      0.376    19.582 r  u_fir_i/i_square_i_38/CO[3]
                         net (fo=1, unplaced)         0.000    19.582    u_fir_i/i_square_i_38_n_0
                         CARRY4 (Prop_carry4_CI_O[3])
                                                      0.331    19.913 r  u_fir_i/i_square_i_36/O[3]
                         net (fo=1, unplaced)         0.618    20.531    u_fir_i/round_shift0[44]
                         LUT3 (Prop_lut3_I0_O)        0.307    20.838 r  u_fir_i/i_square_i_4/O
                         net (fo=6, unplaced)         0.800    21.637    u_mag/i_in[44]
                         DSP48E1                                      r  u_mag/i_square__1/A[10]
  -------------------------------------------------------------------    -------------------

                         (clock clk rise edge)       10.000    10.000 r  
                                                      0.000    10.000 r  clk (IN)
                         net (fo=0)                   0.000    10.000    clk
                         IBUF (Prop_ibuf_I_O)         0.789    10.789 r  clk_IBUF_inst/O
                         net (fo=1, unplaced)         0.760    11.549    clk_IBUF
                         BUFG (Prop_bufg_I_O)         0.091    11.640 r  clk_IBUF_BUFG_inst/O
                         net (fo=878, unplaced)       0.439    12.079    u_mag/clk_IBUF_BUFG
                         DSP48E1                                      r  u_mag/i_square__1/CLK
                         clock pessimism              0.178    12.257    
                         clock uncertainty           -0.035    12.222    
                         DSP48E1 (Setup_dsp48e1_CLK_A[10])
                                                     -1.928    10.294    u_mag/i_square__1
  -------------------------------------------------------------------
                         required time                         10.294    
                         arrival time                         -21.637    
  -------------------------------------------------------------------
                         slack                                -11.343    





Min Delay Paths
--------------------------------------------------------------------------------------
Slack (MET) :             0.139ns  (arrival time - required time)
  Source:                 end_of_bin_d_reg/C
                            (rising edge-triggered cell FDRE clocked by clk  {rise@0.000ns fall@5.000ns period=10.000ns})
  Destination:            u_accumulator/bin_done_reg/D
                            (rising edge-triggered cell FDRE clocked by clk  {rise@0.000ns fall@5.000ns period=10.000ns})
  Path Group:             clk
  Path Type:              Hold (Min at Fast Process Corner)
  Requirement:            0.000ns  (clk rise@0.000ns - clk rise@0.000ns)
  Data Path Delay:        0.375ns  (logic 0.239ns (63.779%)  route 0.136ns (36.221%))
  Logic Levels:           1  (LUT2=1)
  Clock Path Skew:        0.145ns (DCD - SCD - CPR)
    Destination Clock Delay (DCD):    0.983ns
    Source Clock Delay      (SCD):    0.629ns
    Clock Pessimism Removal (CPR):    0.209ns

    Location             Delay type                Incr(ns)  Path(ns)    Netlist Resource(s)
  -------------------------------------------------------------------    -------------------
                         (clock clk rise edge)        0.000     0.000 r  
                                                      0.000     0.000 r  clk (IN)
                         net (fo=0)                   0.000     0.000    clk
                         IBUF (Prop_ibuf_I_O)         0.152     0.152 r  clk_IBUF_inst/O
                         net (fo=1, unplaced)         0.337     0.489    clk_IBUF
                         BUFG (Prop_bufg_I_O)         0.026     0.515 r  clk_IBUF_BUFG_inst/O
                         net (fo=878, unplaced)       0.114     0.629    clk_IBUF_BUFG
                         FDRE                                         r  end_of_bin_d_reg/C
  -------------------------------------------------------------------    -------------------
                         FDRE (Prop_fdre_C_Q)         0.141     0.770 r  end_of_bin_d_reg/Q
                         net (fo=2, unplaced)         0.136     0.906    u_accumulator/end_of_bin_d
                         LUT2 (Prop_lut2_I1_O)        0.098     1.004 r  u_accumulator/bin_done_i_1/O
                         net (fo=132, unplaced)       0.000     1.004    u_accumulator/running_energy[0]
                         FDRE                                         r  u_accumulator/bin_done_reg/D
  -------------------------------------------------------------------    -------------------

                         (clock clk rise edge)        0.000     0.000 r  
                                                      0.000     0.000 r  clk (IN)
                         net (fo=0)                   0.000     0.000    clk
                         IBUF (Prop_ibuf_I_O)         0.340     0.340 r  clk_IBUF_inst/O
                         net (fo=1, unplaced)         0.355     0.695    clk_IBUF
                         BUFG (Prop_bufg_I_O)         0.029     0.724 r  clk_IBUF_BUFG_inst/O
                         net (fo=878, unplaced)       0.259     0.983    u_accumulator/clk_IBUF_BUFG
                         FDRE                                         r  u_accumulator/bin_done_reg/C
                         clock pessimism             -0.209     0.774    
                         FDRE (Hold_fdre_C_D)         0.091     0.865    u_accumulator/bin_done_reg
  -------------------------------------------------------------------
                         required time                         -0.865    
                         arrival time                           1.004    
  -------------------------------------------------------------------
                         slack                                  0.139    





Pulse Width Checks
--------------------------------------------------------------------------------------
Clock Name:         clk
Waveform(ns):       { 0.000 5.000 }
Period(ns):         10.000
Sources:            { clk }

Check Type        Corner  Lib Pin  Reference Pin  Required(ns)  Actual(ns)  Slack(ns)  Location  Pin
Min Period        n/a     BUFG/I   n/a            2.155         10.000      7.845                clk_IBUF_BUFG_inst/I
Low Pulse Width   Slow    FDRE/C   n/a            0.500         5.000       4.500                bin_id_d_reg[0]/C
High Pulse Width  Slow    FDRE/C   n/a            0.500         5.000       4.500                bin_id_d_reg[0]/C



