Copyright 1986-2022 Xilinx, Inc. All Rights Reserved. Copyright 2022-2025 Advanced Micro Devices, Inc. All Rights Reserved.
------------------------------------------------------------------------------------------------------------------------------------------------------------
| Tool Version : Vivado v.2025.2 (win64) Build 6299465 Fri Nov 14 19:35:11 GMT 2025
| Date         : Sun May  3 22:58:18 2026
| Host         : Navnil_Desktop running 64-bit major release  (build 9200)
| Command      : report_timing -max_paths 10 -file C:/Users/CHOUDN3/Downloads/VLSI_project/reports/e62_fir29_fr_accstart_impl/post_route_critical_paths.rpt
| Design       : lockin_pipelined_plus5_firout_accbuf_energy62_fir29_fastround_accstart_top
| Device       : 7a35t-fgg484
| Speed File   : -1  PRODUCTION 1.23 2018-06-13
| Design State : Routed
------------------------------------------------------------------------------------------------------------------------------------------------------------

Timing Report

Slack (MET) :             1.465ns  (required time - arrival time)
  Source:                 u_impl/gen_fir_outreg_fast_round.u_fir_q/valid_p1_reg/C
                            (rising edge-triggered cell FDRE clocked by clk  {rise@0.000ns fall@5.000ns period=10.000ns})
  Destination:            u_impl/gen_fir_outreg_fast_round.u_fir_i/sum67_reg[1]/CE
                            (rising edge-triggered cell FDRE clocked by clk  {rise@0.000ns fall@5.000ns period=10.000ns})
  Path Group:             clk
  Path Type:              Setup (Max at Slow Process Corner)
  Requirement:            10.000ns  (clk rise@10.000ns - clk rise@0.000ns)
  Data Path Delay:        8.261ns  (logic 0.456ns (5.520%)  route 7.805ns (94.480%))
  Logic Levels:           0  
  Clock Path Skew:        -0.033ns (DCD - SCD + CPR)
    Destination Clock Delay (DCD):    4.244ns = ( 14.244 - 10.000 ) 
    Source Clock Delay      (SCD):    4.598ns
    Clock Pessimism Removal (CPR):    0.321ns
  Clock Uncertainty:      0.035ns  ((TSJ^2 + TIJ^2)^1/2 + DJ) / 2 + PE
    Total System Jitter     (TSJ):    0.071ns
    Total Input Jitter      (TIJ):    0.000ns
    Discrete Jitter          (DJ):    0.000ns
    Phase Error              (PE):    0.000ns

    Location             Delay type                Incr(ns)  Path(ns)    Netlist Resource(s)
  -------------------------------------------------------------------    -------------------
                         (clock clk rise edge)        0.000     0.000 r  
    J20                                               0.000     0.000 r  clk (IN)
                         net (fo=0)                   0.000     0.000    clk
    J20                  IBUF (Prop_ibuf_I_O)         0.970     0.970 r  clk_IBUF_inst/O
                         net (fo=1, routed)           1.972     2.942    clk_IBUF
    BUFGCTRL_X0Y16       BUFG (Prop_bufg_I_O)         0.096     3.038 r  clk_IBUF_BUFG_inst/O
                         net (fo=1974, routed)        1.560     4.598    u_impl/gen_fir_outreg_fast_round.u_fir_q/clk_IBUF_BUFG
    SLICE_X13Y31         FDRE                                         r  u_impl/gen_fir_outreg_fast_round.u_fir_q/valid_p1_reg/C
  -------------------------------------------------------------------    -------------------
    SLICE_X13Y31         FDRE (Prop_fdre_C_Q)         0.456     5.054 r  u_impl/gen_fir_outreg_fast_round.u_fir_q/valid_p1_reg/Q
                         net (fo=405, routed)         7.805    12.860    u_impl/gen_fir_outreg_fast_round.u_fir_i/sum01_reg[0]_0[0]
    SLICE_X29Y39         FDRE                                         r  u_impl/gen_fir_outreg_fast_round.u_fir_i/sum67_reg[1]/CE
  -------------------------------------------------------------------    -------------------

                         (clock clk rise edge)       10.000    10.000 r  
    J20                                               0.000    10.000 r  clk (IN)
                         net (fo=0)                   0.000    10.000    clk
    J20                  IBUF (Prop_ibuf_I_O)         0.837    10.837 r  clk_IBUF_inst/O
                         net (fo=1, routed)           1.868    12.705    clk_IBUF
    BUFGCTRL_X0Y16       BUFG (Prop_bufg_I_O)         0.091    12.796 r  clk_IBUF_BUFG_inst/O
                         net (fo=1974, routed)        1.448    14.244    u_impl/gen_fir_outreg_fast_round.u_fir_i/clk_IBUF_BUFG
    SLICE_X29Y39         FDRE                                         r  u_impl/gen_fir_outreg_fast_round.u_fir_i/sum67_reg[1]/C
                         clock pessimism              0.321    14.565    
                         clock uncertainty           -0.035    14.530    
    SLICE_X29Y39         FDRE (Setup_fdre_C_CE)      -0.205    14.325    u_impl/gen_fir_outreg_fast_round.u_fir_i/sum67_reg[1]
  -------------------------------------------------------------------
                         required time                         14.325    
                         arrival time                         -12.860    
  -------------------------------------------------------------------
                         slack                                  1.465    

Slack (MET) :             1.465ns  (required time - arrival time)
  Source:                 u_impl/gen_fir_outreg_fast_round.u_fir_q/valid_p1_reg/C
                            (rising edge-triggered cell FDRE clocked by clk  {rise@0.000ns fall@5.000ns period=10.000ns})
  Destination:            u_impl/gen_fir_outreg_fast_round.u_fir_i/sum67_reg[2]/CE
                            (rising edge-triggered cell FDRE clocked by clk  {rise@0.000ns fall@5.000ns period=10.000ns})
  Path Group:             clk
  Path Type:              Setup (Max at Slow Process Corner)
  Requirement:            10.000ns  (clk rise@10.000ns - clk rise@0.000ns)
  Data Path Delay:        8.261ns  (logic 0.456ns (5.520%)  route 7.805ns (94.480%))
  Logic Levels:           0  
  Clock Path Skew:        -0.033ns (DCD - SCD + CPR)
    Destination Clock Delay (DCD):    4.244ns = ( 14.244 - 10.000 ) 
    Source Clock Delay      (SCD):    4.598ns
    Clock Pessimism Removal (CPR):    0.321ns
  Clock Uncertainty:      0.035ns  ((TSJ^2 + TIJ^2)^1/2 + DJ) / 2 + PE
    Total System Jitter     (TSJ):    0.071ns
    Total Input Jitter      (TIJ):    0.000ns
    Discrete Jitter          (DJ):    0.000ns
    Phase Error              (PE):    0.000ns

    Location             Delay type                Incr(ns)  Path(ns)    Netlist Resource(s)
  -------------------------------------------------------------------    -------------------
                         (clock clk rise edge)        0.000     0.000 r  
    J20                                               0.000     0.000 r  clk (IN)
                         net (fo=0)                   0.000     0.000    clk
    J20                  IBUF (Prop_ibuf_I_O)         0.970     0.970 r  clk_IBUF_inst/O
                         net (fo=1, routed)           1.972     2.942    clk_IBUF
    BUFGCTRL_X0Y16       BUFG (Prop_bufg_I_O)         0.096     3.038 r  clk_IBUF_BUFG_inst/O
                         net (fo=1974, routed)        1.560     4.598    u_impl/gen_fir_outreg_fast_round.u_fir_q/clk_IBUF_BUFG
    SLICE_X13Y31         FDRE                                         r  u_impl/gen_fir_outreg_fast_round.u_fir_q/valid_p1_reg/C
  -------------------------------------------------------------------    -------------------
    SLICE_X13Y31         FDRE (Prop_fdre_C_Q)         0.456     5.054 r  u_impl/gen_fir_outreg_fast_round.u_fir_q/valid_p1_reg/Q
                         net (fo=405, routed)         7.805    12.860    u_impl/gen_fir_outreg_fast_round.u_fir_i/sum01_reg[0]_0[0]
    SLICE_X29Y39         FDRE                                         r  u_impl/gen_fir_outreg_fast_round.u_fir_i/sum67_reg[2]/CE
  -------------------------------------------------------------------    -------------------

                         (clock clk rise edge)       10.000    10.000 r  
    J20                                               0.000    10.000 r  clk (IN)
                         net (fo=0)                   0.000    10.000    clk
    J20                  IBUF (Prop_ibuf_I_O)         0.837    10.837 r  clk_IBUF_inst/O
                         net (fo=1, routed)           1.868    12.705    clk_IBUF
    BUFGCTRL_X0Y16       BUFG (Prop_bufg_I_O)         0.091    12.796 r  clk_IBUF_BUFG_inst/O
                         net (fo=1974, routed)        1.448    14.244    u_impl/gen_fir_outreg_fast_round.u_fir_i/clk_IBUF_BUFG
    SLICE_X29Y39         FDRE                                         r  u_impl/gen_fir_outreg_fast_round.u_fir_i/sum67_reg[2]/C
                         clock pessimism              0.321    14.565    
                         clock uncertainty           -0.035    14.530    
    SLICE_X29Y39         FDRE (Setup_fdre_C_CE)      -0.205    14.325    u_impl/gen_fir_outreg_fast_round.u_fir_i/sum67_reg[2]
  -------------------------------------------------------------------
                         required time                         14.325    
                         arrival time                         -12.860    
  -------------------------------------------------------------------
                         slack                                  1.465    

Slack (MET) :             1.465ns  (required time - arrival time)
  Source:                 u_impl/gen_fir_outreg_fast_round.u_fir_q/valid_p1_reg/C
                            (rising edge-triggered cell FDRE clocked by clk  {rise@0.000ns fall@5.000ns period=10.000ns})
  Destination:            u_impl/gen_fir_outreg_fast_round.u_fir_i/sum67_reg[3]/CE
                            (rising edge-triggered cell FDRE clocked by clk  {rise@0.000ns fall@5.000ns period=10.000ns})
  Path Group:             clk
  Path Type:              Setup (Max at Slow Process Corner)
  Requirement:            10.000ns  (clk rise@10.000ns - clk rise@0.000ns)
  Data Path Delay:        8.261ns  (logic 0.456ns (5.520%)  route 7.805ns (94.480%))
  Logic Levels:           0  
  Clock Path Skew:        -0.033ns (DCD - SCD + CPR)
    Destination Clock Delay (DCD):    4.244ns = ( 14.244 - 10.000 ) 
    Source Clock Delay      (SCD):    4.598ns
    Clock Pessimism Removal (CPR):    0.321ns
  Clock Uncertainty:      0.035ns  ((TSJ^2 + TIJ^2)^1/2 + DJ) / 2 + PE
    Total System Jitter     (TSJ):    0.071ns
    Total Input Jitter      (TIJ):    0.000ns
    Discrete Jitter          (DJ):    0.000ns
    Phase Error              (PE):    0.000ns

    Location             Delay type                Incr(ns)  Path(ns)    Netlist Resource(s)
  -------------------------------------------------------------------    -------------------
                         (clock clk rise edge)        0.000     0.000 r  
    J20                                               0.000     0.000 r  clk (IN)
                         net (fo=0)                   0.000     0.000    clk
    J20                  IBUF (Prop_ibuf_I_O)         0.970     0.970 r  clk_IBUF_inst/O
                         net (fo=1, routed)           1.972     2.942    clk_IBUF
    BUFGCTRL_X0Y16       BUFG (Prop_bufg_I_O)         0.096     3.038 r  clk_IBUF_BUFG_inst/O
                         net (fo=1974, routed)        1.560     4.598    u_impl/gen_fir_outreg_fast_round.u_fir_q/clk_IBUF_BUFG
    SLICE_X13Y31         FDRE                                         r  u_impl/gen_fir_outreg_fast_round.u_fir_q/valid_p1_reg/C
  -------------------------------------------------------------------    -------------------
    SLICE_X13Y31         FDRE (Prop_fdre_C_Q)         0.456     5.054 r  u_impl/gen_fir_outreg_fast_round.u_fir_q/valid_p1_reg/Q
                         net (fo=405, routed)         7.805    12.860    u_impl/gen_fir_outreg_fast_round.u_fir_i/sum01_reg[0]_0[0]
    SLICE_X29Y39         FDRE                                         r  u_impl/gen_fir_outreg_fast_round.u_fir_i/sum67_reg[3]/CE
  -------------------------------------------------------------------    -------------------

                         (clock clk rise edge)       10.000    10.000 r  
    J20                                               0.000    10.000 r  clk (IN)
                         net (fo=0)                   0.000    10.000    clk
    J20                  IBUF (Prop_ibuf_I_O)         0.837    10.837 r  clk_IBUF_inst/O
                         net (fo=1, routed)           1.868    12.705    clk_IBUF
    BUFGCTRL_X0Y16       BUFG (Prop_bufg_I_O)         0.091    12.796 r  clk_IBUF_BUFG_inst/O
                         net (fo=1974, routed)        1.448    14.244    u_impl/gen_fir_outreg_fast_round.u_fir_i/clk_IBUF_BUFG
    SLICE_X29Y39         FDRE                                         r  u_impl/gen_fir_outreg_fast_round.u_fir_i/sum67_reg[3]/C
                         clock pessimism              0.321    14.565    
                         clock uncertainty           -0.035    14.530    
    SLICE_X29Y39         FDRE (Setup_fdre_C_CE)      -0.205    14.325    u_impl/gen_fir_outreg_fast_round.u_fir_i/sum67_reg[3]
  -------------------------------------------------------------------
                         required time                         14.325    
                         arrival time                         -12.860    
  -------------------------------------------------------------------
                         slack                                  1.465    

Slack (MET) :             1.465ns  (required time - arrival time)
  Source:                 u_impl/gen_fir_outreg_fast_round.u_fir_q/valid_p1_reg/C
                            (rising edge-triggered cell FDRE clocked by clk  {rise@0.000ns fall@5.000ns period=10.000ns})
  Destination:            u_impl/gen_fir_outreg_fast_round.u_fir_i/sum67_reg[4]/CE
                            (rising edge-triggered cell FDRE clocked by clk  {rise@0.000ns fall@5.000ns period=10.000ns})
  Path Group:             clk
  Path Type:              Setup (Max at Slow Process Corner)
  Requirement:            10.000ns  (clk rise@10.000ns - clk rise@0.000ns)
  Data Path Delay:        8.261ns  (logic 0.456ns (5.520%)  route 7.805ns (94.480%))
  Logic Levels:           0  
  Clock Path Skew:        -0.033ns (DCD - SCD + CPR)
    Destination Clock Delay (DCD):    4.244ns = ( 14.244 - 10.000 ) 
    Source Clock Delay      (SCD):    4.598ns
    Clock Pessimism Removal (CPR):    0.321ns
  Clock Uncertainty:      0.035ns  ((TSJ^2 + TIJ^2)^1/2 + DJ) / 2 + PE
    Total System Jitter     (TSJ):    0.071ns
    Total Input Jitter      (TIJ):    0.000ns
    Discrete Jitter          (DJ):    0.000ns
    Phase Error              (PE):    0.000ns

    Location             Delay type                Incr(ns)  Path(ns)    Netlist Resource(s)
  -------------------------------------------------------------------    -------------------
                         (clock clk rise edge)        0.000     0.000 r  
    J20                                               0.000     0.000 r  clk (IN)
                         net (fo=0)                   0.000     0.000    clk
    J20                  IBUF (Prop_ibuf_I_O)         0.970     0.970 r  clk_IBUF_inst/O
                         net (fo=1, routed)           1.972     2.942    clk_IBUF
    BUFGCTRL_X0Y16       BUFG (Prop_bufg_I_O)         0.096     3.038 r  clk_IBUF_BUFG_inst/O
                         net (fo=1974, routed)        1.560     4.598    u_impl/gen_fir_outreg_fast_round.u_fir_q/clk_IBUF_BUFG
    SLICE_X13Y31         FDRE                                         r  u_impl/gen_fir_outreg_fast_round.u_fir_q/valid_p1_reg/C
  -------------------------------------------------------------------    -------------------
    SLICE_X13Y31         FDRE (Prop_fdre_C_Q)         0.456     5.054 r  u_impl/gen_fir_outreg_fast_round.u_fir_q/valid_p1_reg/Q
                         net (fo=405, routed)         7.805    12.860    u_impl/gen_fir_outreg_fast_round.u_fir_i/sum01_reg[0]_0[0]
    SLICE_X29Y39         FDRE                                         r  u_impl/gen_fir_outreg_fast_round.u_fir_i/sum67_reg[4]/CE
  -------------------------------------------------------------------    -------------------

                         (clock clk rise edge)       10.000    10.000 r  
    J20                                               0.000    10.000 r  clk (IN)
                         net (fo=0)                   0.000    10.000    clk
    J20                  IBUF (Prop_ibuf_I_O)         0.837    10.837 r  clk_IBUF_inst/O
                         net (fo=1, routed)           1.868    12.705    clk_IBUF
    BUFGCTRL_X0Y16       BUFG (Prop_bufg_I_O)         0.091    12.796 r  clk_IBUF_BUFG_inst/O
                         net (fo=1974, routed)        1.448    14.244    u_impl/gen_fir_outreg_fast_round.u_fir_i/clk_IBUF_BUFG
    SLICE_X29Y39         FDRE                                         r  u_impl/gen_fir_outreg_fast_round.u_fir_i/sum67_reg[4]/C
                         clock pessimism              0.321    14.565    
                         clock uncertainty           -0.035    14.530    
    SLICE_X29Y39         FDRE (Setup_fdre_C_CE)      -0.205    14.325    u_impl/gen_fir_outreg_fast_round.u_fir_i/sum67_reg[4]
  -------------------------------------------------------------------
                         required time                         14.325    
                         arrival time                         -12.860    
  -------------------------------------------------------------------
                         slack                                  1.465    

Slack (MET) :             1.605ns  (required time - arrival time)
  Source:                 u_impl/gen_fir_outreg_fast_round.u_fir_q/valid_p1_reg/C
                            (rising edge-triggered cell FDRE clocked by clk  {rise@0.000ns fall@5.000ns period=10.000ns})
  Destination:            u_impl/gen_fir_outreg_fast_round.u_fir_i/sum67_reg[5]/CE
                            (rising edge-triggered cell FDRE clocked by clk  {rise@0.000ns fall@5.000ns period=10.000ns})
  Path Group:             clk
  Path Type:              Setup (Max at Slow Process Corner)
  Requirement:            10.000ns  (clk rise@10.000ns - clk rise@0.000ns)
  Data Path Delay:        8.122ns  (logic 0.456ns (5.615%)  route 7.666ns (94.385%))
  Logic Levels:           0  
  Clock Path Skew:        -0.033ns (DCD - SCD + CPR)
    Destination Clock Delay (DCD):    4.244ns = ( 14.244 - 10.000 ) 
    Source Clock Delay      (SCD):    4.598ns
    Clock Pessimism Removal (CPR):    0.321ns
  Clock Uncertainty:      0.035ns  ((TSJ^2 + TIJ^2)^1/2 + DJ) / 2 + PE
    Total System Jitter     (TSJ):    0.071ns
    Total Input Jitter      (TIJ):    0.000ns
    Discrete Jitter          (DJ):    0.000ns
    Phase Error              (PE):    0.000ns

    Location             Delay type                Incr(ns)  Path(ns)    Netlist Resource(s)
  -------------------------------------------------------------------    -------------------
                         (clock clk rise edge)        0.000     0.000 r  
    J20                                               0.000     0.000 r  clk (IN)
                         net (fo=0)                   0.000     0.000    clk
    J20                  IBUF (Prop_ibuf_I_O)         0.970     0.970 r  clk_IBUF_inst/O
                         net (fo=1, routed)           1.972     2.942    clk_IBUF
    BUFGCTRL_X0Y16       BUFG (Prop_bufg_I_O)         0.096     3.038 r  clk_IBUF_BUFG_inst/O
                         net (fo=1974, routed)        1.560     4.598    u_impl/gen_fir_outreg_fast_round.u_fir_q/clk_IBUF_BUFG
    SLICE_X13Y31         FDRE                                         r  u_impl/gen_fir_outreg_fast_round.u_fir_q/valid_p1_reg/C
  -------------------------------------------------------------------    -------------------
    SLICE_X13Y31         FDRE (Prop_fdre_C_Q)         0.456     5.054 r  u_impl/gen_fir_outreg_fast_round.u_fir_q/valid_p1_reg/Q
                         net (fo=405, routed)         7.666    12.720    u_impl/gen_fir_outreg_fast_round.u_fir_i/sum01_reg[0]_0[0]
    SLICE_X29Y40         FDRE                                         r  u_impl/gen_fir_outreg_fast_round.u_fir_i/sum67_reg[5]/CE
  -------------------------------------------------------------------    -------------------

                         (clock clk rise edge)       10.000    10.000 r  
    J20                                               0.000    10.000 r  clk (IN)
                         net (fo=0)                   0.000    10.000    clk
    J20                  IBUF (Prop_ibuf_I_O)         0.837    10.837 r  clk_IBUF_inst/O
                         net (fo=1, routed)           1.868    12.705    clk_IBUF
    BUFGCTRL_X0Y16       BUFG (Prop_bufg_I_O)         0.091    12.796 r  clk_IBUF_BUFG_inst/O
                         net (fo=1974, routed)        1.448    14.244    u_impl/gen_fir_outreg_fast_round.u_fir_i/clk_IBUF_BUFG
    SLICE_X29Y40         FDRE                                         r  u_impl/gen_fir_outreg_fast_round.u_fir_i/sum67_reg[5]/C
                         clock pessimism              0.321    14.565    
                         clock uncertainty           -0.035    14.530    
    SLICE_X29Y40         FDRE (Setup_fdre_C_CE)      -0.205    14.325    u_impl/gen_fir_outreg_fast_round.u_fir_i/sum67_reg[5]
  -------------------------------------------------------------------
                         required time                         14.325    
                         arrival time                         -12.720    
  -------------------------------------------------------------------
                         slack                                  1.605    

Slack (MET) :             1.605ns  (required time - arrival time)
  Source:                 u_impl/gen_fir_outreg_fast_round.u_fir_q/valid_p1_reg/C
                            (rising edge-triggered cell FDRE clocked by clk  {rise@0.000ns fall@5.000ns period=10.000ns})
  Destination:            u_impl/gen_fir_outreg_fast_round.u_fir_i/sum67_reg[6]/CE
                            (rising edge-triggered cell FDRE clocked by clk  {rise@0.000ns fall@5.000ns period=10.000ns})
  Path Group:             clk
  Path Type:              Setup (Max at Slow Process Corner)
  Requirement:            10.000ns  (clk rise@10.000ns - clk rise@0.000ns)
  Data Path Delay:        8.122ns  (logic 0.456ns (5.615%)  route 7.666ns (94.385%))
  Logic Levels:           0  
  Clock Path Skew:        -0.033ns (DCD - SCD + CPR)
    Destination Clock Delay (DCD):    4.244ns = ( 14.244 - 10.000 ) 
    Source Clock Delay      (SCD):    4.598ns
    Clock Pessimism Removal (CPR):    0.321ns
  Clock Uncertainty:      0.035ns  ((TSJ^2 + TIJ^2)^1/2 + DJ) / 2 + PE
    Total System Jitter     (TSJ):    0.071ns
    Total Input Jitter      (TIJ):    0.000ns
    Discrete Jitter          (DJ):    0.000ns
    Phase Error              (PE):    0.000ns

    Location             Delay type                Incr(ns)  Path(ns)    Netlist Resource(s)
  -------------------------------------------------------------------    -------------------
                         (clock clk rise edge)        0.000     0.000 r  
    J20                                               0.000     0.000 r  clk (IN)
                         net (fo=0)                   0.000     0.000    clk
    J20                  IBUF (Prop_ibuf_I_O)         0.970     0.970 r  clk_IBUF_inst/O
                         net (fo=1, routed)           1.972     2.942    clk_IBUF
    BUFGCTRL_X0Y16       BUFG (Prop_bufg_I_O)         0.096     3.038 r  clk_IBUF_BUFG_inst/O
                         net (fo=1974, routed)        1.560     4.598    u_impl/gen_fir_outreg_fast_round.u_fir_q/clk_IBUF_BUFG
    SLICE_X13Y31         FDRE                                         r  u_impl/gen_fir_outreg_fast_round.u_fir_q/valid_p1_reg/C
  -------------------------------------------------------------------    -------------------
    SLICE_X13Y31         FDRE (Prop_fdre_C_Q)         0.456     5.054 r  u_impl/gen_fir_outreg_fast_round.u_fir_q/valid_p1_reg/Q
                         net (fo=405, routed)         7.666    12.720    u_impl/gen_fir_outreg_fast_round.u_fir_i/sum01_reg[0]_0[0]
    SLICE_X29Y40         FDRE                                         r  u_impl/gen_fir_outreg_fast_round.u_fir_i/sum67_reg[6]/CE
  -------------------------------------------------------------------    -------------------

                         (clock clk rise edge)       10.000    10.000 r  
    J20                                               0.000    10.000 r  clk (IN)
                         net (fo=0)                   0.000    10.000    clk
    J20                  IBUF (Prop_ibuf_I_O)         0.837    10.837 r  clk_IBUF_inst/O
                         net (fo=1, routed)           1.868    12.705    clk_IBUF
    BUFGCTRL_X0Y16       BUFG (Prop_bufg_I_O)         0.091    12.796 r  clk_IBUF_BUFG_inst/O
                         net (fo=1974, routed)        1.448    14.244    u_impl/gen_fir_outreg_fast_round.u_fir_i/clk_IBUF_BUFG
    SLICE_X29Y40         FDRE                                         r  u_impl/gen_fir_outreg_fast_round.u_fir_i/sum67_reg[6]/C
                         clock pessimism              0.321    14.565    
                         clock uncertainty           -0.035    14.530    
    SLICE_X29Y40         FDRE (Setup_fdre_C_CE)      -0.205    14.325    u_impl/gen_fir_outreg_fast_round.u_fir_i/sum67_reg[6]
  -------------------------------------------------------------------
                         required time                         14.325    
                         arrival time                         -12.720    
  -------------------------------------------------------------------
                         slack                                  1.605    

Slack (MET) :             1.605ns  (required time - arrival time)
  Source:                 u_impl/gen_fir_outreg_fast_round.u_fir_q/valid_p1_reg/C
                            (rising edge-triggered cell FDRE clocked by clk  {rise@0.000ns fall@5.000ns period=10.000ns})
  Destination:            u_impl/gen_fir_outreg_fast_round.u_fir_i/sum67_reg[7]/CE
                            (rising edge-triggered cell FDRE clocked by clk  {rise@0.000ns fall@5.000ns period=10.000ns})
  Path Group:             clk
  Path Type:              Setup (Max at Slow Process Corner)
  Requirement:            10.000ns  (clk rise@10.000ns - clk rise@0.000ns)
  Data Path Delay:        8.122ns  (logic 0.456ns (5.615%)  route 7.666ns (94.385%))
  Logic Levels:           0  
  Clock Path Skew:        -0.033ns (DCD - SCD + CPR)
    Destination Clock Delay (DCD):    4.244ns = ( 14.244 - 10.000 ) 
    Source Clock Delay      (SCD):    4.598ns
    Clock Pessimism Removal (CPR):    0.321ns
  Clock Uncertainty:      0.035ns  ((TSJ^2 + TIJ^2)^1/2 + DJ) / 2 + PE
    Total System Jitter     (TSJ):    0.071ns
    Total Input Jitter      (TIJ):    0.000ns
    Discrete Jitter          (DJ):    0.000ns
    Phase Error              (PE):    0.000ns

    Location             Delay type                Incr(ns)  Path(ns)    Netlist Resource(s)
  -------------------------------------------------------------------    -------------------
                         (clock clk rise edge)        0.000     0.000 r  
    J20                                               0.000     0.000 r  clk (IN)
                         net (fo=0)                   0.000     0.000    clk
    J20                  IBUF (Prop_ibuf_I_O)         0.970     0.970 r  clk_IBUF_inst/O
                         net (fo=1, routed)           1.972     2.942    clk_IBUF
    BUFGCTRL_X0Y16       BUFG (Prop_bufg_I_O)         0.096     3.038 r  clk_IBUF_BUFG_inst/O
                         net (fo=1974, routed)        1.560     4.598    u_impl/gen_fir_outreg_fast_round.u_fir_q/clk_IBUF_BUFG
    SLICE_X13Y31         FDRE                                         r  u_impl/gen_fir_outreg_fast_round.u_fir_q/valid_p1_reg/C
  -------------------------------------------------------------------    -------------------
    SLICE_X13Y31         FDRE (Prop_fdre_C_Q)         0.456     5.054 r  u_impl/gen_fir_outreg_fast_round.u_fir_q/valid_p1_reg/Q
                         net (fo=405, routed)         7.666    12.720    u_impl/gen_fir_outreg_fast_round.u_fir_i/sum01_reg[0]_0[0]
    SLICE_X29Y40         FDRE                                         r  u_impl/gen_fir_outreg_fast_round.u_fir_i/sum67_reg[7]/CE
  -------------------------------------------------------------------    -------------------

                         (clock clk rise edge)       10.000    10.000 r  
    J20                                               0.000    10.000 r  clk (IN)
                         net (fo=0)                   0.000    10.000    clk
    J20                  IBUF (Prop_ibuf_I_O)         0.837    10.837 r  clk_IBUF_inst/O
                         net (fo=1, routed)           1.868    12.705    clk_IBUF
    BUFGCTRL_X0Y16       BUFG (Prop_bufg_I_O)         0.091    12.796 r  clk_IBUF_BUFG_inst/O
                         net (fo=1974, routed)        1.448    14.244    u_impl/gen_fir_outreg_fast_round.u_fir_i/clk_IBUF_BUFG
    SLICE_X29Y40         FDRE                                         r  u_impl/gen_fir_outreg_fast_round.u_fir_i/sum67_reg[7]/C
                         clock pessimism              0.321    14.565    
                         clock uncertainty           -0.035    14.530    
    SLICE_X29Y40         FDRE (Setup_fdre_C_CE)      -0.205    14.325    u_impl/gen_fir_outreg_fast_round.u_fir_i/sum67_reg[7]
  -------------------------------------------------------------------
                         required time                         14.325    
                         arrival time                         -12.720    
  -------------------------------------------------------------------
                         slack                                  1.605    

Slack (MET) :             1.605ns  (required time - arrival time)
  Source:                 u_impl/gen_fir_outreg_fast_round.u_fir_q/valid_p1_reg/C
                            (rising edge-triggered cell FDRE clocked by clk  {rise@0.000ns fall@5.000ns period=10.000ns})
  Destination:            u_impl/gen_fir_outreg_fast_round.u_fir_i/sum67_reg[8]/CE
                            (rising edge-triggered cell FDRE clocked by clk  {rise@0.000ns fall@5.000ns period=10.000ns})
  Path Group:             clk
  Path Type:              Setup (Max at Slow Process Corner)
  Requirement:            10.000ns  (clk rise@10.000ns - clk rise@0.000ns)
  Data Path Delay:        8.122ns  (logic 0.456ns (5.615%)  route 7.666ns (94.385%))
  Logic Levels:           0  
  Clock Path Skew:        -0.033ns (DCD - SCD + CPR)
    Destination Clock Delay (DCD):    4.244ns = ( 14.244 - 10.000 ) 
    Source Clock Delay      (SCD):    4.598ns
    Clock Pessimism Removal (CPR):    0.321ns
  Clock Uncertainty:      0.035ns  ((TSJ^2 + TIJ^2)^1/2 + DJ) / 2 + PE
    Total System Jitter     (TSJ):    0.071ns
    Total Input Jitter      (TIJ):    0.000ns
    Discrete Jitter          (DJ):    0.000ns
    Phase Error              (PE):    0.000ns

    Location             Delay type                Incr(ns)  Path(ns)    Netlist Resource(s)
  -------------------------------------------------------------------    -------------------
                         (clock clk rise edge)        0.000     0.000 r  
    J20                                               0.000     0.000 r  clk (IN)
                         net (fo=0)                   0.000     0.000    clk
    J20                  IBUF (Prop_ibuf_I_O)         0.970     0.970 r  clk_IBUF_inst/O
                         net (fo=1, routed)           1.972     2.942    clk_IBUF
    BUFGCTRL_X0Y16       BUFG (Prop_bufg_I_O)         0.096     3.038 r  clk_IBUF_BUFG_inst/O
                         net (fo=1974, routed)        1.560     4.598    u_impl/gen_fir_outreg_fast_round.u_fir_q/clk_IBUF_BUFG
    SLICE_X13Y31         FDRE                                         r  u_impl/gen_fir_outreg_fast_round.u_fir_q/valid_p1_reg/C
  -------------------------------------------------------------------    -------------------
    SLICE_X13Y31         FDRE (Prop_fdre_C_Q)         0.456     5.054 r  u_impl/gen_fir_outreg_fast_round.u_fir_q/valid_p1_reg/Q
                         net (fo=405, routed)         7.666    12.720    u_impl/gen_fir_outreg_fast_round.u_fir_i/sum01_reg[0]_0[0]
    SLICE_X29Y40         FDRE                                         r  u_impl/gen_fir_outreg_fast_round.u_fir_i/sum67_reg[8]/CE
  -------------------------------------------------------------------    -------------------

                         (clock clk rise edge)       10.000    10.000 r  
    J20                                               0.000    10.000 r  clk (IN)
                         net (fo=0)                   0.000    10.000    clk
    J20                  IBUF (Prop_ibuf_I_O)         0.837    10.837 r  clk_IBUF_inst/O
                         net (fo=1, routed)           1.868    12.705    clk_IBUF
    BUFGCTRL_X0Y16       BUFG (Prop_bufg_I_O)         0.091    12.796 r  clk_IBUF_BUFG_inst/O
                         net (fo=1974, routed)        1.448    14.244    u_impl/gen_fir_outreg_fast_round.u_fir_i/clk_IBUF_BUFG
    SLICE_X29Y40         FDRE                                         r  u_impl/gen_fir_outreg_fast_round.u_fir_i/sum67_reg[8]/C
                         clock pessimism              0.321    14.565    
                         clock uncertainty           -0.035    14.530    
    SLICE_X29Y40         FDRE (Setup_fdre_C_CE)      -0.205    14.325    u_impl/gen_fir_outreg_fast_round.u_fir_i/sum67_reg[8]
  -------------------------------------------------------------------
                         required time                         14.325    
                         arrival time                         -12.720    
  -------------------------------------------------------------------
                         slack                                  1.605    

Slack (MET) :             1.689ns  (required time - arrival time)
  Source:                 u_impl/gen_fir_outreg_fast_round.u_fir_q/valid_p1_reg/C
                            (rising edge-triggered cell FDRE clocked by clk  {rise@0.000ns fall@5.000ns period=10.000ns})
  Destination:            u_impl/gen_fir_outreg_fast_round.u_fir_i/sum01_reg[1]/CE
                            (rising edge-triggered cell FDRE clocked by clk  {rise@0.000ns fall@5.000ns period=10.000ns})
  Path Group:             clk
  Path Type:              Setup (Max at Slow Process Corner)
  Requirement:            10.000ns  (clk rise@10.000ns - clk rise@0.000ns)
  Data Path Delay:        8.056ns  (logic 0.456ns (5.660%)  route 7.600ns (94.340%))
  Logic Levels:           0  
  Clock Path Skew:        -0.014ns (DCD - SCD + CPR)
    Destination Clock Delay (DCD):    4.249ns = ( 14.249 - 10.000 ) 
    Source Clock Delay      (SCD):    4.598ns
    Clock Pessimism Removal (CPR):    0.335ns
  Clock Uncertainty:      0.035ns  ((TSJ^2 + TIJ^2)^1/2 + DJ) / 2 + PE
    Total System Jitter     (TSJ):    0.071ns
    Total Input Jitter      (TIJ):    0.000ns
    Discrete Jitter          (DJ):    0.000ns
    Phase Error              (PE):    0.000ns

    Location             Delay type                Incr(ns)  Path(ns)    Netlist Resource(s)
  -------------------------------------------------------------------    -------------------
                         (clock clk rise edge)        0.000     0.000 r  
    J20                                               0.000     0.000 r  clk (IN)
                         net (fo=0)                   0.000     0.000    clk
    J20                  IBUF (Prop_ibuf_I_O)         0.970     0.970 r  clk_IBUF_inst/O
                         net (fo=1, routed)           1.972     2.942    clk_IBUF
    BUFGCTRL_X0Y16       BUFG (Prop_bufg_I_O)         0.096     3.038 r  clk_IBUF_BUFG_inst/O
                         net (fo=1974, routed)        1.560     4.598    u_impl/gen_fir_outreg_fast_round.u_fir_q/clk_IBUF_BUFG
    SLICE_X13Y31         FDRE                                         r  u_impl/gen_fir_outreg_fast_round.u_fir_q/valid_p1_reg/C
  -------------------------------------------------------------------    -------------------
    SLICE_X13Y31         FDRE (Prop_fdre_C_Q)         0.456     5.054 r  u_impl/gen_fir_outreg_fast_round.u_fir_q/valid_p1_reg/Q
                         net (fo=405, routed)         7.600    12.655    u_impl/gen_fir_outreg_fast_round.u_fir_i/sum01_reg[0]_0[0]
    SLICE_X15Y43         FDRE                                         r  u_impl/gen_fir_outreg_fast_round.u_fir_i/sum01_reg[1]/CE
  -------------------------------------------------------------------    -------------------

                         (clock clk rise edge)       10.000    10.000 r  
    J20                                               0.000    10.000 r  clk (IN)
                         net (fo=0)                   0.000    10.000    clk
    J20                  IBUF (Prop_ibuf_I_O)         0.837    10.837 r  clk_IBUF_inst/O
                         net (fo=1, routed)           1.868    12.705    clk_IBUF
    BUFGCTRL_X0Y16       BUFG (Prop_bufg_I_O)         0.091    12.796 r  clk_IBUF_BUFG_inst/O
                         net (fo=1974, routed)        1.453    14.249    u_impl/gen_fir_outreg_fast_round.u_fir_i/clk_IBUF_BUFG
    SLICE_X15Y43         FDRE                                         r  u_impl/gen_fir_outreg_fast_round.u_fir_i/sum01_reg[1]/C
                         clock pessimism              0.335    14.584    
                         clock uncertainty           -0.035    14.549    
    SLICE_X15Y43         FDRE (Setup_fdre_C_CE)      -0.205    14.344    u_impl/gen_fir_outreg_fast_round.u_fir_i/sum01_reg[1]
  -------------------------------------------------------------------
                         required time                         14.344    
                         arrival time                         -12.655    
  -------------------------------------------------------------------
                         slack                                  1.689    

Slack (MET) :             1.689ns  (required time - arrival time)
  Source:                 u_impl/gen_fir_outreg_fast_round.u_fir_q/valid_p1_reg/C
                            (rising edge-triggered cell FDRE clocked by clk  {rise@0.000ns fall@5.000ns period=10.000ns})
  Destination:            u_impl/gen_fir_outreg_fast_round.u_fir_i/sum01_reg[2]/CE
                            (rising edge-triggered cell FDRE clocked by clk  {rise@0.000ns fall@5.000ns period=10.000ns})
  Path Group:             clk
  Path Type:              Setup (Max at Slow Process Corner)
  Requirement:            10.000ns  (clk rise@10.000ns - clk rise@0.000ns)
  Data Path Delay:        8.056ns  (logic 0.456ns (5.660%)  route 7.600ns (94.340%))
  Logic Levels:           0  
  Clock Path Skew:        -0.014ns (DCD - SCD + CPR)
    Destination Clock Delay (DCD):    4.249ns = ( 14.249 - 10.000 ) 
    Source Clock Delay      (SCD):    4.598ns
    Clock Pessimism Removal (CPR):    0.335ns
  Clock Uncertainty:      0.035ns  ((TSJ^2 + TIJ^2)^1/2 + DJ) / 2 + PE
    Total System Jitter     (TSJ):    0.071ns
    Total Input Jitter      (TIJ):    0.000ns
    Discrete Jitter          (DJ):    0.000ns
    Phase Error              (PE):    0.000ns

    Location             Delay type                Incr(ns)  Path(ns)    Netlist Resource(s)
  -------------------------------------------------------------------    -------------------
                         (clock clk rise edge)        0.000     0.000 r  
    J20                                               0.000     0.000 r  clk (IN)
                         net (fo=0)                   0.000     0.000    clk
    J20                  IBUF (Prop_ibuf_I_O)         0.970     0.970 r  clk_IBUF_inst/O
                         net (fo=1, routed)           1.972     2.942    clk_IBUF
    BUFGCTRL_X0Y16       BUFG (Prop_bufg_I_O)         0.096     3.038 r  clk_IBUF_BUFG_inst/O
                         net (fo=1974, routed)        1.560     4.598    u_impl/gen_fir_outreg_fast_round.u_fir_q/clk_IBUF_BUFG
    SLICE_X13Y31         FDRE                                         r  u_impl/gen_fir_outreg_fast_round.u_fir_q/valid_p1_reg/C
  -------------------------------------------------------------------    -------------------
    SLICE_X13Y31         FDRE (Prop_fdre_C_Q)         0.456     5.054 r  u_impl/gen_fir_outreg_fast_round.u_fir_q/valid_p1_reg/Q
                         net (fo=405, routed)         7.600    12.655    u_impl/gen_fir_outreg_fast_round.u_fir_i/sum01_reg[0]_0[0]
    SLICE_X15Y43         FDRE                                         r  u_impl/gen_fir_outreg_fast_round.u_fir_i/sum01_reg[2]/CE
  -------------------------------------------------------------------    -------------------

                         (clock clk rise edge)       10.000    10.000 r  
    J20                                               0.000    10.000 r  clk (IN)
                         net (fo=0)                   0.000    10.000    clk
    J20                  IBUF (Prop_ibuf_I_O)         0.837    10.837 r  clk_IBUF_inst/O
                         net (fo=1, routed)           1.868    12.705    clk_IBUF
    BUFGCTRL_X0Y16       BUFG (Prop_bufg_I_O)         0.091    12.796 r  clk_IBUF_BUFG_inst/O
                         net (fo=1974, routed)        1.453    14.249    u_impl/gen_fir_outreg_fast_round.u_fir_i/clk_IBUF_BUFG
    SLICE_X15Y43         FDRE                                         r  u_impl/gen_fir_outreg_fast_round.u_fir_i/sum01_reg[2]/C
                         clock pessimism              0.335    14.584    
                         clock uncertainty           -0.035    14.549    
    SLICE_X15Y43         FDRE (Setup_fdre_C_CE)      -0.205    14.344    u_impl/gen_fir_outreg_fast_round.u_fir_i/sum01_reg[2]
  -------------------------------------------------------------------
                         required time                         14.344    
                         arrival time                         -12.655    
  -------------------------------------------------------------------
                         slack                                  1.689    




