Copyright 1986-2022 Xilinx, Inc. All Rights Reserved. Copyright 2022-2025 Advanced Micro Devices, Inc. All Rights Reserved.
----------------------------------------------------------------------------------------------------------------------------------------------------------------------
| Tool Version : Vivado v.2025.2 (win64) Build 6299465 Fri Nov 14 19:35:11 GMT 2025
| Date         : Sun May  3 19:48:41 2026
| Host         : Navnil_Desktop running 64-bit major release  (build 9200)
| Command      : report_timing_summary -file C:/Users/CHOUDN3/Downloads/VLSI_project/reports/pipelined_plus5_firout_accbuf_magpipe_impl/post_route_timing_summary.rpt
| Design       : lockin_pipelined_plus5_firout_accbuf_magpipe_top
| Device       : 7a35t-fgg484
| Speed File   : -1  PRODUCTION 1.23 2018-06-13
| Design State : Routed
----------------------------------------------------------------------------------------------------------------------------------------------------------------------

Timing Summary Report

------------------------------------------------------------------------------------------------
| Timer Settings
| --------------
------------------------------------------------------------------------------------------------

  Enable Multi Corner Analysis               :  Yes
  Enable Pessimism Removal                   :  Yes
  Pessimism Removal Resolution               :  Nearest Common Node
  Enable Input Delay Default Clock           :  No
  Enable Preset / Clear Arcs                 :  No
  Disable Flight Delays                      :  No
  Ignore I/O Paths                           :  No
  Timing Early Launch at Borrowing Latches   :  No
  Borrow Time for Max Delay Exceptions       :  Yes
  Merge Timing Exceptions                    :  Yes
  Inter-SLR Compensation                     :  Conservative

  Corner  Analyze    Analyze    
  Name    Max Paths  Min Paths  
  ------  ---------  ---------  
  Slow    Yes        Yes        
  Fast    Yes        Yes        


------------------------------------------------------------------------------------------------
| Report Methodology
| ------------------
------------------------------------------------------------------------------------------------

No report available as report_methodology has not been run prior. Run report_methodology on the current design for the summary of methodology violations.



check_timing report

Table of Contents
-----------------
1. checking no_clock (0)
2. checking constant_clock (0)
3. checking pulse_width_clock (0)
4. checking unconstrained_internal_endpoints (0)
5. checking no_input_delay (18)
6. checking no_output_delay (132)
7. checking multiple_clock (0)
8. checking generated_clocks (0)
9. checking loops (0)
10. checking partial_input_delay (0)
11. checking partial_output_delay (0)
12. checking latch_loops (0)

1. checking no_clock (0)
------------------------
 There are 0 register/latch pins with no clock.


2. checking constant_clock (0)
------------------------------
 There are 0 register/latch pins with constant_clock.


3. checking pulse_width_clock (0)
---------------------------------
 There are 0 register/latch pins which need pulse_width check


4. checking unconstrained_internal_endpoints (0)
------------------------------------------------
 There are 0 pins that are not constrained for maximum delay.

 There are 0 pins that are not constrained for maximum delay due to constant clock.


5. checking no_input_delay (18)
-------------------------------
 There are 18 input ports with no input delay specified. (HIGH)

 There are 0 input ports with no input delay but user has a false path constraint.


6. checking no_output_delay (132)
---------------------------------
 There are 132 ports with no output delay specified. (HIGH)

 There are 0 ports with no output delay but user has a false path constraint

 There are 0 ports with no output delay but with a timing clock defined on it or propagating through it


7. checking multiple_clock (0)
------------------------------
 There are 0 register/latch pins with multiple clocks.


8. checking generated_clocks (0)
--------------------------------
 There are 0 generated clocks that are not connected to a clock source.


9. checking loops (0)
---------------------
 There are 0 combinational loops in the design.


10. checking partial_input_delay (0)
------------------------------------
 There are 0 input ports with partial input delay specified.


11. checking partial_output_delay (0)
-------------------------------------
 There are 0 ports with partial output delay specified.


12. checking latch_loops (0)
----------------------------
 There are 0 combinational latch loops in the design through latch input



------------------------------------------------------------------------------------------------
| Design Timing Summary
| ---------------------
------------------------------------------------------------------------------------------------

    WNS(ns)      TNS(ns)  TNS Failing Endpoints  TNS Total Endpoints      WHS(ns)      THS(ns)  THS Failing Endpoints  THS Total Endpoints     WPWS(ns)     TPWS(ns)  TPWS Failing Endpoints  TPWS Total Endpoints  
    -------      -------  ---------------------  -------------------      -------      -------  ---------------------  -------------------     --------     --------  ----------------------  --------------------  
      2.156        0.000                      0                 5470        0.027        0.000                      0                 5470        4.020        0.000                       0                  2613  


All user specified timing constraints are met.


------------------------------------------------------------------------------------------------
| Clock Summary
| -------------
------------------------------------------------------------------------------------------------

Clock  Waveform(ns)       Period(ns)      Frequency(MHz)
-----  ------------       ----------      --------------
clk    {0.000 5.000}      10.000          100.000         


------------------------------------------------------------------------------------------------
| Intra Clock Table
| -----------------
------------------------------------------------------------------------------------------------

Clock             WNS(ns)      TNS(ns)  TNS Failing Endpoints  TNS Total Endpoints      WHS(ns)      THS(ns)  THS Failing Endpoints  THS Total Endpoints     WPWS(ns)     TPWS(ns)  TPWS Failing Endpoints  TPWS Total Endpoints  
-----             -------      -------  ---------------------  -------------------      -------      -------  ---------------------  -------------------     --------     --------  ----------------------  --------------------  
clk                 2.156        0.000                      0                 5470        0.027        0.000                      0                 5470        4.020        0.000                       0                  2613  


------------------------------------------------------------------------------------------------
| Inter Clock Table
| -----------------
------------------------------------------------------------------------------------------------

From Clock    To Clock          WNS(ns)      TNS(ns)  TNS Failing Endpoints  TNS Total Endpoints      WHS(ns)      THS(ns)  THS Failing Endpoints  THS Total Endpoints  
----------    --------          -------      -------  ---------------------  -------------------      -------      -------  ---------------------  -------------------  


------------------------------------------------------------------------------------------------
| Other Path Groups Table
| -----------------------
------------------------------------------------------------------------------------------------

Path Group    From Clock    To Clock          WNS(ns)      TNS(ns)  TNS Failing Endpoints  TNS Total Endpoints      WHS(ns)      THS(ns)  THS Failing Endpoints  THS Total Endpoints  
----------    ----------    --------          -------      -------  ---------------------  -------------------      -------      -------  ---------------------  -------------------  


------------------------------------------------------------------------------------------------
| Timing Details
| --------------
------------------------------------------------------------------------------------------------


---------------------------------------------------------------------------------------------------
From Clock:  clk
  To Clock:  clk

Setup :            0  Failing Endpoints,  Worst Slack        2.156ns,  Total Violation        0.000ns
Hold  :            0  Failing Endpoints,  Worst Slack        0.027ns,  Total Violation        0.000ns
PW    :            0  Failing Endpoints,  Worst Slack        4.020ns,  Total Violation        0.000ns
---------------------------------------------------------------------------------------------------


Max Delay Paths
--------------------------------------------------------------------------------------
Slack (MET) :             2.156ns  (required time - arrival time)
  Source:                 u_impl/bin_energy_buf_reg[0]/C
                            (rising edge-triggered cell FDRE clocked by clk  {rise@0.000ns fall@5.000ns period=10.000ns})
  Destination:            u_impl/gen_regular_tracker.u_tracker/best_energy_reg[0]_lopt_replica/CE
                            (rising edge-triggered cell FDRE clocked by clk  {rise@0.000ns fall@5.000ns period=10.000ns})
  Path Group:             clk
  Path Type:              Setup (Max at Slow Process Corner)
  Requirement:            10.000ns  (clk rise@10.000ns - clk rise@0.000ns)
  Data Path Delay:        7.568ns  (logic 2.946ns (38.927%)  route 4.622ns (61.073%))
  Logic Levels:           18  (CARRY4=16 LUT4=1 LUT5=1)
  Clock Path Skew:        -0.036ns (DCD - SCD + CPR)
    Destination Clock Delay (DCD):    4.315ns = ( 14.315 - 10.000 ) 
    Source Clock Delay      (SCD):    4.673ns
    Clock Pessimism Removal (CPR):    0.322ns
  Clock Uncertainty:      0.035ns  ((TSJ^2 + TIJ^2)^1/2 + DJ) / 2 + PE
    Total System Jitter     (TSJ):    0.071ns
    Total Input Jitter      (TIJ):    0.000ns
    Discrete Jitter          (DJ):    0.000ns
    Phase Error              (PE):    0.000ns

    Location             Delay type                Incr(ns)  Path(ns)    Netlist Resource(s)
  -------------------------------------------------------------------    -------------------
                         (clock clk rise edge)        0.000     0.000 r  
    Y4                                                0.000     0.000 r  clk (IN)
                         net (fo=0)                   0.000     0.000    clk
    Y4                   IBUF (Prop_ibuf_I_O)         0.993     0.993 r  clk_IBUF_inst/O
                         net (fo=1, routed)           1.967     2.959    clk_IBUF
    BUFGCTRL_X0Y0        BUFG (Prop_bufg_I_O)         0.096     3.055 r  clk_IBUF_BUFG_inst/O
                         net (fo=2612, routed)        1.618     4.673    u_impl/clk_IBUF_BUFG
    SLICE_X4Y86          FDRE                                         r  u_impl/bin_energy_buf_reg[0]/C
  -------------------------------------------------------------------    -------------------
    SLICE_X4Y86          FDRE (Prop_fdre_C_Q)         0.456     5.129 r  u_impl/bin_energy_buf_reg[0]/Q
                         net (fo=4, routed)           1.310     6.440    u_impl/gen_regular_tracker.u_tracker/best_energy_reg[127]_0[0]
    SLICE_X3Y96          LUT4 (Prop_lut4_I0_O)        0.124     6.564 r  u_impl/gen_regular_tracker.u_tracker/is_better0_carry_i_8/O
                         net (fo=1, routed)           0.000     6.564    u_impl/gen_regular_tracker.u_tracker/is_better0_carry_i_8_n_0
    SLICE_X3Y96          CARRY4 (Prop_carry4_S[0]_CO[3])
                                                      0.532     7.096 r  u_impl/gen_regular_tracker.u_tracker/is_better0_carry/CO[3]
                         net (fo=1, routed)           0.000     7.096    u_impl/gen_regular_tracker.u_tracker/is_better0_carry_n_0
    SLICE_X3Y97          CARRY4 (Prop_carry4_CI_CO[3])
                                                      0.114     7.210 r  u_impl/gen_regular_tracker.u_tracker/is_better0_carry__0/CO[3]
                         net (fo=1, routed)           0.000     7.210    u_impl/gen_regular_tracker.u_tracker/is_better0_carry__0_n_0
    SLICE_X3Y98          CARRY4 (Prop_carry4_CI_CO[3])
                                                      0.114     7.324 r  u_impl/gen_regular_tracker.u_tracker/is_better0_carry__1/CO[3]
                         net (fo=1, routed)           0.000     7.324    u_impl/gen_regular_tracker.u_tracker/is_better0_carry__1_n_0
    SLICE_X3Y99          CARRY4 (Prop_carry4_CI_CO[3])
                                                      0.114     7.438 r  u_impl/gen_regular_tracker.u_tracker/is_better0_carry__2/CO[3]
                         net (fo=1, routed)           0.001     7.438    u_impl/gen_regular_tracker.u_tracker/is_better0_carry__2_n_0
    SLICE_X3Y100         CARRY4 (Prop_carry4_CI_CO[3])
                                                      0.114     7.552 r  u_impl/gen_regular_tracker.u_tracker/is_better0_carry__3/CO[3]
                         net (fo=1, routed)           0.000     7.552    u_impl/gen_regular_tracker.u_tracker/is_better0_carry__3_n_0
    SLICE_X3Y101         CARRY4 (Prop_carry4_CI_CO[3])
                                                      0.114     7.666 r  u_impl/gen_regular_tracker.u_tracker/is_better0_carry__4/CO[3]
                         net (fo=1, routed)           0.000     7.666    u_impl/gen_regular_tracker.u_tracker/is_better0_carry__4_n_0
    SLICE_X3Y102         CARRY4 (Prop_carry4_CI_CO[3])
                                                      0.114     7.780 r  u_impl/gen_regular_tracker.u_tracker/is_better0_carry__5/CO[3]
                         net (fo=1, routed)           0.000     7.780    u_impl/gen_regular_tracker.u_tracker/is_better0_carry__5_n_0
    SLICE_X3Y103         CARRY4 (Prop_carry4_CI_CO[3])
                                                      0.114     7.894 r  u_impl/gen_regular_tracker.u_tracker/is_better0_carry__6/CO[3]
                         net (fo=1, routed)           0.000     7.894    u_impl/gen_regular_tracker.u_tracker/is_better0_carry__6_n_0
    SLICE_X3Y104         CARRY4 (Prop_carry4_CI_CO[3])
                                                      0.114     8.008 r  u_impl/gen_regular_tracker.u_tracker/is_better0_carry__7/CO[3]
                         net (fo=1, routed)           0.000     8.008    u_impl/gen_regular_tracker.u_tracker/is_better0_carry__7_n_0
    SLICE_X3Y105         CARRY4 (Prop_carry4_CI_CO[3])
                                                      0.114     8.122 r  u_impl/gen_regular_tracker.u_tracker/is_better0_carry__8/CO[3]
                         net (fo=1, routed)           0.000     8.122    u_impl/gen_regular_tracker.u_tracker/is_better0_carry__8_n_0
    SLICE_X3Y106         CARRY4 (Prop_carry4_CI_CO[3])
                                                      0.114     8.236 r  u_impl/gen_regular_tracker.u_tracker/is_better0_carry__9/CO[3]
                         net (fo=1, routed)           0.000     8.236    u_impl/gen_regular_tracker.u_tracker/is_better0_carry__9_n_0
    SLICE_X3Y107         CARRY4 (Prop_carry4_CI_CO[3])
                                                      0.114     8.350 r  u_impl/gen_regular_tracker.u_tracker/is_better0_carry__10/CO[3]
                         net (fo=1, routed)           0.000     8.350    u_impl/gen_regular_tracker.u_tracker/is_better0_carry__10_n_0
    SLICE_X3Y108         CARRY4 (Prop_carry4_CI_CO[3])
                                                      0.114     8.464 r  u_impl/gen_regular_tracker.u_tracker/is_better0_carry__11/CO[3]
                         net (fo=1, routed)           0.000     8.464    u_impl/gen_regular_tracker.u_tracker/is_better0_carry__11_n_0
    SLICE_X3Y109         CARRY4 (Prop_carry4_CI_CO[3])
                                                      0.114     8.578 r  u_impl/gen_regular_tracker.u_tracker/is_better0_carry__12/CO[3]
                         net (fo=1, routed)           0.000     8.578    u_impl/gen_regular_tracker.u_tracker/is_better0_carry__12_n_0
    SLICE_X3Y110         CARRY4 (Prop_carry4_CI_CO[3])
                                                      0.114     8.692 r  u_impl/gen_regular_tracker.u_tracker/is_better0_carry__13/CO[3]
                         net (fo=1, routed)           0.000     8.692    u_impl/gen_regular_tracker.u_tracker/is_better0_carry__13_n_0
    SLICE_X3Y111         CARRY4 (Prop_carry4_CI_CO[3])
                                                      0.114     8.806 r  u_impl/gen_regular_tracker.u_tracker/is_better0_carry__14/CO[3]
                         net (fo=1, routed)           1.277    10.083    u_impl/gen_regular_tracker.u_tracker/is_better0_carry__14_n_0
    SLICE_X15Y112        LUT5 (Prop_lut5_I4_O)        0.124    10.207 r  u_impl/gen_regular_tracker.u_tracker/best_energy[127]_i_1/O
                         net (fo=251, routed)         2.034    12.241    u_impl/gen_regular_tracker.u_tracker/best_energy[127]_i_1_n_0
    SLICE_X3Y86          FDRE                                         r  u_impl/gen_regular_tracker.u_tracker/best_energy_reg[0]_lopt_replica/CE
  -------------------------------------------------------------------    -------------------

                         (clock clk rise edge)       10.000    10.000 r  
    Y4                                                0.000    10.000 r  clk (IN)
                         net (fo=0)                   0.000    10.000    clk
    Y4                   IBUF (Prop_ibuf_I_O)         0.859    10.859 r  clk_IBUF_inst/O
                         net (fo=1, routed)           1.862    12.721    clk_IBUF
    BUFGCTRL_X0Y0        BUFG (Prop_bufg_I_O)         0.091    12.812 r  clk_IBUF_BUFG_inst/O
                         net (fo=2612, routed)        1.504    14.315    u_impl/gen_regular_tracker.u_tracker/clk_IBUF_BUFG
    SLICE_X3Y86          FDRE                                         r  u_impl/gen_regular_tracker.u_tracker/best_energy_reg[0]_lopt_replica/C
                         clock pessimism              0.322    14.637    
                         clock uncertainty           -0.035    14.602    
    SLICE_X3Y86          FDRE (Setup_fdre_C_CE)      -0.205    14.397    u_impl/gen_regular_tracker.u_tracker/best_energy_reg[0]_lopt_replica
  -------------------------------------------------------------------
                         required time                         14.397    
                         arrival time                         -12.241    
  -------------------------------------------------------------------
                         slack                                  2.156    





Min Delay Paths
--------------------------------------------------------------------------------------
Slack (MET) :             0.027ns  (arrival time - required time)
  Source:                 u_impl/u_accumulator/running_energy_reg[58]/C
                            (rising edge-triggered cell FDRE clocked by clk  {rise@0.000ns fall@5.000ns period=10.000ns})
  Destination:            u_impl/u_accumulator/bin_energy_reg[60]/D
                            (rising edge-triggered cell FDRE clocked by clk  {rise@0.000ns fall@5.000ns period=10.000ns})
  Path Group:             clk
  Path Type:              Hold (Min at Fast Process Corner)
  Requirement:            0.000ns  (clk rise@0.000ns - clk rise@0.000ns)
  Data Path Delay:        0.513ns  (logic 0.350ns (68.168%)  route 0.163ns (31.832%))
  Logic Levels:           3  (CARRY4=2 LUT2=1)
  Clock Path Skew:        0.352ns (DCD - SCD - CPR)
    Destination Clock Delay (DCD):    2.046ns
    Source Clock Delay      (SCD):    1.443ns
    Clock Pessimism Removal (CPR):    0.251ns

    Location             Delay type                Incr(ns)  Path(ns)    Netlist Resource(s)
  -------------------------------------------------------------------    -------------------
                         (clock clk rise edge)        0.000     0.000 r  
    Y4                                                0.000     0.000 r  clk (IN)
                         net (fo=0)                   0.000     0.000    clk
    Y4                   IBUF (Prop_ibuf_I_O)         0.221     0.221 r  clk_IBUF_inst/O
                         net (fo=1, routed)           0.631     0.852    clk_IBUF
    BUFGCTRL_X0Y0        BUFG (Prop_bufg_I_O)         0.026     0.878 r  clk_IBUF_BUFG_inst/O
                         net (fo=2612, routed)        0.565     1.443    u_impl/u_accumulator/clk_IBUF_BUFG
    SLICE_X9Y99          FDRE                                         r  u_impl/u_accumulator/running_energy_reg[58]/C
  -------------------------------------------------------------------    -------------------
    SLICE_X9Y99          FDRE (Prop_fdre_C_Q)         0.141     1.584 r  u_impl/u_accumulator/running_energy_reg[58]/Q
                         net (fo=3, routed)           0.163     1.747    u_impl/u_accumulator/running_energy_reg[99]_0[58]
    SLICE_X8Y99          LUT2 (Prop_lut2_I0_O)        0.045     1.792 r  u_impl/u_accumulator/bin_energy[59]_i_3/O
                         net (fo=1, routed)           0.000     1.792    u_impl/u_accumulator/bin_energy[59]_i_3_n_0
    SLICE_X8Y99          CARRY4 (Prop_carry4_S[2]_CO[3])
                                                      0.111     1.903 r  u_impl/u_accumulator/bin_energy_reg[59]_i_1/CO[3]
                         net (fo=1, routed)           0.001     1.903    u_impl/u_accumulator/bin_energy_reg[59]_i_1_n_0
    SLICE_X8Y100         CARRY4 (Prop_carry4_CI_O[0])
                                                      0.053     1.956 r  u_impl/u_accumulator/bin_energy_reg[63]_i_1/O[0]
                         net (fo=1, routed)           0.000     1.956    u_impl/u_accumulator/next_energy[60]
    SLICE_X8Y100         FDRE                                         r  u_impl/u_accumulator/bin_energy_reg[60]/D
  -------------------------------------------------------------------    -------------------

                         (clock clk rise edge)        0.000     0.000 r  
    Y4                                                0.000     0.000 r  clk (IN)
                         net (fo=0)                   0.000     0.000    clk
    Y4                   IBUF (Prop_ibuf_I_O)         0.410     0.410 r  clk_IBUF_inst/O
                         net (fo=1, routed)           0.685     1.095    clk_IBUF
    BUFGCTRL_X0Y0        BUFG (Prop_bufg_I_O)         0.029     1.124 r  clk_IBUF_BUFG_inst/O
                         net (fo=2612, routed)        0.922     2.046    u_impl/u_accumulator/clk_IBUF_BUFG
    SLICE_X8Y100         FDRE                                         r  u_impl/u_accumulator/bin_energy_reg[60]/C
                         clock pessimism             -0.251     1.795    
    SLICE_X8Y100         FDRE (Hold_fdre_C_D)         0.134     1.929    u_impl/u_accumulator/bin_energy_reg[60]
  -------------------------------------------------------------------
                         required time                         -1.929    
                         arrival time                           1.956    
  -------------------------------------------------------------------
                         slack                                  0.027    





Pulse Width Checks
--------------------------------------------------------------------------------------
Clock Name:         clk
Waveform(ns):       { 0.000 5.000 }
Period(ns):         10.000
Sources:            { clk }

Check Type        Corner  Lib Pin      Reference Pin  Required(ns)  Actual(ns)  Slack(ns)  Location       Pin
Min Period        n/a     DSP48E1/CLK  n/a            3.884         10.000      6.116      DSP48_X0Y42    u_impl/gen_chunked_mag.u_mag/i_hihi_reg/CLK
Low Pulse Width   Slow    SRL16E/CLK   n/a            0.980         5.000       4.020      SLICE_X30Y107  u_impl/bin_mag_p2_reg[0]_srl14___u_impl_bin_mag_p2_reg_r/CLK
High Pulse Width  Slow    SRL16E/CLK   n/a            0.980         5.000       4.020      SLICE_X30Y107  u_impl/bin_mag_p2_reg[0]_srl14___u_impl_bin_mag_p2_reg_r/CLK



