Copyright 1986-2022 Xilinx, Inc. All Rights Reserved. Copyright 2022-2025 Advanced Micro Devices, Inc. All Rights Reserved.
---------------------------------------------------------------------------------------------------------------------------------------------
| Tool Version : Vivado v.2025.2 (win64) Build 6299465 Fri Nov 14 19:35:11 GMT 2025
| Date         : Sun May  3 15:58:43 2026
| Host         : Navnil_Desktop running 64-bit major release  (build 9200)
| Command      : report_timing_summary -file C:/Users/CHOUDN3/Downloads/VLSI_project/reports/baseline_impl/post_route_timing_summary.rpt
| Design       : lockin_baseline_top
| Device       : 7a35t-fgg484
| Speed File   : -1  PRODUCTION 1.23 2018-06-13
| Design State : Routed
---------------------------------------------------------------------------------------------------------------------------------------------

Timing Summary Report

------------------------------------------------------------------------------------------------
| Timer Settings
| --------------
------------------------------------------------------------------------------------------------

  Enable Multi Corner Analysis               :  Yes
  Enable Pessimism Removal                   :  Yes
  Pessimism Removal Resolution               :  Nearest Common Node
  Enable Input Delay Default Clock           :  No
  Enable Preset / Clear Arcs                 :  No
  Disable Flight Delays                      :  No
  Ignore I/O Paths                           :  No
  Timing Early Launch at Borrowing Latches   :  No
  Borrow Time for Max Delay Exceptions       :  Yes
  Merge Timing Exceptions                    :  Yes
  Inter-SLR Compensation                     :  Conservative

  Corner  Analyze    Analyze    
  Name    Max Paths  Min Paths  
  ------  ---------  ---------  
  Slow    Yes        Yes        
  Fast    Yes        Yes        


------------------------------------------------------------------------------------------------
| Report Methodology
| ------------------
------------------------------------------------------------------------------------------------

No report available as report_methodology has not been run prior. Run report_methodology on the current design for the summary of methodology violations.



check_timing report

Table of Contents
-----------------
1. checking no_clock (0)
2. checking constant_clock (0)
3. checking pulse_width_clock (0)
4. checking unconstrained_internal_endpoints (0)
5. checking no_input_delay (18)
6. checking no_output_delay (132)
7. checking multiple_clock (0)
8. checking generated_clocks (0)
9. checking loops (0)
10. checking partial_input_delay (0)
11. checking partial_output_delay (0)
12. checking latch_loops (0)

1. checking no_clock (0)
------------------------
 There are 0 register/latch pins with no clock.


2. checking constant_clock (0)
------------------------------
 There are 0 register/latch pins with constant_clock.


3. checking pulse_width_clock (0)
---------------------------------
 There are 0 register/latch pins which need pulse_width check


4. checking unconstrained_internal_endpoints (0)
------------------------------------------------
 There are 0 pins that are not constrained for maximum delay.

 There are 0 pins that are not constrained for maximum delay due to constant clock.


5. checking no_input_delay (18)
-------------------------------
 There are 18 input ports with no input delay specified. (HIGH)

 There are 0 input ports with no input delay but user has a false path constraint.


6. checking no_output_delay (132)
---------------------------------
 There are 132 ports with no output delay specified. (HIGH)

 There are 0 ports with no output delay but user has a false path constraint

 There are 0 ports with no output delay but with a timing clock defined on it or propagating through it


7. checking multiple_clock (0)
------------------------------
 There are 0 register/latch pins with multiple clocks.


8. checking generated_clocks (0)
--------------------------------
 There are 0 generated clocks that are not connected to a clock source.


9. checking loops (0)
---------------------
 There are 0 combinational loops in the design.


10. checking partial_input_delay (0)
------------------------------------
 There are 0 input ports with partial input delay specified.


11. checking partial_output_delay (0)
-------------------------------------
 There are 0 ports with partial output delay specified.


12. checking latch_loops (0)
----------------------------
 There are 0 combinational latch loops in the design through latch input



------------------------------------------------------------------------------------------------
| Design Timing Summary
| ---------------------
------------------------------------------------------------------------------------------------

    WNS(ns)      TNS(ns)  TNS Failing Endpoints  TNS Total Endpoints      WHS(ns)      THS(ns)  THS Failing Endpoints  THS Total Endpoints     WPWS(ns)     TPWS(ns)  TPWS Failing Endpoints  TPWS Total Endpoints  
    -------      -------  ---------------------  -------------------      -------      -------  ---------------------  -------------------     --------     --------  ----------------------  --------------------  
    -11.142    -7515.269                    888                 2258        0.042        0.000                      0                 2258        4.500        0.000                       0                  1310  


Timing constraints are not met.


------------------------------------------------------------------------------------------------
| Clock Summary
| -------------
------------------------------------------------------------------------------------------------

Clock  Waveform(ns)       Period(ns)      Frequency(MHz)
-----  ------------       ----------      --------------
clk    {0.000 5.000}      10.000          100.000         


------------------------------------------------------------------------------------------------
| Intra Clock Table
| -----------------
------------------------------------------------------------------------------------------------

Clock             WNS(ns)      TNS(ns)  TNS Failing Endpoints  TNS Total Endpoints      WHS(ns)      THS(ns)  THS Failing Endpoints  THS Total Endpoints     WPWS(ns)     TPWS(ns)  TPWS Failing Endpoints  TPWS Total Endpoints  
-----             -------      -------  ---------------------  -------------------      -------      -------  ---------------------  -------------------     --------     --------  ----------------------  --------------------  
clk               -11.142    -7515.269                    888                 2258        0.042        0.000                      0                 2258        4.500        0.000                       0                  1310  


------------------------------------------------------------------------------------------------
| Inter Clock Table
| -----------------
------------------------------------------------------------------------------------------------

From Clock    To Clock          WNS(ns)      TNS(ns)  TNS Failing Endpoints  TNS Total Endpoints      WHS(ns)      THS(ns)  THS Failing Endpoints  THS Total Endpoints  
----------    --------          -------      -------  ---------------------  -------------------      -------      -------  ---------------------  -------------------  


------------------------------------------------------------------------------------------------
| Other Path Groups Table
| -----------------------
------------------------------------------------------------------------------------------------

Path Group    From Clock    To Clock          WNS(ns)      TNS(ns)  TNS Failing Endpoints  TNS Total Endpoints      WHS(ns)      THS(ns)  THS Failing Endpoints  THS Total Endpoints  
----------    ----------    --------          -------      -------  ---------------------  -------------------      -------      -------  ---------------------  -------------------  


------------------------------------------------------------------------------------------------
| Timing Details
| --------------
------------------------------------------------------------------------------------------------


---------------------------------------------------------------------------------------------------
From Clock:  clk
  To Clock:  clk

Setup :          888  Failing Endpoints,  Worst Slack      -11.142ns,  Total Violation    -7515.268ns
Hold  :            0  Failing Endpoints,  Worst Slack        0.042ns,  Total Violation        0.000ns
PW    :            0  Failing Endpoints,  Worst Slack        4.500ns,  Total Violation        0.000ns
---------------------------------------------------------------------------------------------------


Max Delay Paths
--------------------------------------------------------------------------------------
Slack (VIOLATED) :        -11.142ns  (required time - arrival time)
  Source:                 sample_count_reg[3]_replica/C
                            (rising edge-triggered cell FDRE clocked by clk  {rise@0.000ns fall@5.000ns period=10.000ns})
  Destination:            u_mag/q_square__1/A[24]
                            (rising edge-triggered cell DSP48E1 clocked by clk  {rise@0.000ns fall@5.000ns period=10.000ns})
  Path Group:             clk
  Path Type:              Setup (Max at Slow Process Corner)
  Requirement:            10.000ns  (clk rise@10.000ns - clk rise@0.000ns)
  Data Path Delay:        19.320ns  (logic 9.959ns (51.547%)  route 9.361ns (48.453%))
  Logic Levels:           25  (CARRY4=15 DSP48E1=1 LUT1=2 LUT3=4 LUT5=1 LUT6=2)
  Clock Path Skew:        0.142ns (DCD - SCD + CPR)
    Destination Clock Delay (DCD):    4.501ns = ( 14.501 - 10.000 ) 
    Source Clock Delay      (SCD):    4.610ns
    Clock Pessimism Removal (CPR):    0.250ns
  Clock Uncertainty:      0.035ns  ((TSJ^2 + TIJ^2)^1/2 + DJ) / 2 + PE
    Total System Jitter     (TSJ):    0.071ns
    Total Input Jitter      (TIJ):    0.000ns
    Discrete Jitter          (DJ):    0.000ns
    Phase Error              (PE):    0.000ns

    Location             Delay type                Incr(ns)  Path(ns)    Netlist Resource(s)
  -------------------------------------------------------------------    -------------------
                         (clock clk rise edge)        0.000     0.000 r  
    Y4                                                0.000     0.000 r  clk (IN)
                         net (fo=0)                   0.000     0.000    clk
    Y4                   IBUF (Prop_ibuf_I_O)         0.993     0.993 r  clk_IBUF_inst/O
                         net (fo=1, routed)           1.967     2.959    clk_IBUF
    BUFGCTRL_X0Y0        BUFG (Prop_bufg_I_O)         0.096     3.055 r  clk_IBUF_BUFG_inst/O
                         net (fo=1327, routed)        1.555     4.610    clk_IBUF_BUFG
    SLICE_X9Y89          FDRE                                         r  sample_count_reg[3]_replica/C
  -------------------------------------------------------------------    -------------------
    SLICE_X9Y89          FDRE (Prop_fdre_C_Q)         0.456     5.066 r  sample_count_reg[3]_replica/Q
                         net (fo=1, routed)           0.829     5.896    u_mixer/sample_count_reg[3]_repN_alias
    SLICE_X10Y90         LUT6 (Prop_lut6_I0_O)        0.124     6.020 f  u_mixer/g0_b0_i_1/O
                         net (fo=72, routed)          0.746     6.766    u_nco/i_mixed
    SLICE_X6Y91          LUT3 (Prop_lut3_I0_O)        0.124     6.890 r  u_nco/i_mixed_i_18/O
                         net (fo=28, routed)          1.334     8.224    u_nco/rom_addr[6]
    SLICE_X11Y97         LUT6 (Prop_lut6_I4_O)        0.124     8.348 r  u_nco/q_mixed_i_10/O
                         net (fo=1, routed)           0.581     8.929    u_mixer/q_mixed_2[6]
    DSP48_X0Y39          DSP48E1 (Prop_dsp48e1_B[6]_P[4])
                                                      3.656    12.585 r  u_mixer/q_mixed/P[4]
                         net (fo=4, routed)           0.535    13.120    u_fir_q/D[4]
    SLICE_X12Y96         LUT3 (Prop_lut3_I0_O)        0.124    13.244 r  u_fir_q/q_square__2_i_193/O
                         net (fo=1, routed)           0.716    13.960    u_fir_q/q_square__2_i_193_n_0
    SLICE_X28Y96         CARRY4 (Prop_carry4_DI[1]_CO[3])
                                                      0.507    14.467 r  u_fir_q/q_square__2_i_115/CO[3]
                         net (fo=1, routed)           0.000    14.467    u_fir_q/q_square__2_i_115_n_0
    SLICE_X28Y97         CARRY4 (Prop_carry4_CI_O[3])
                                                      0.313    14.780 r  u_fir_q/q_square__2_i_100/O[3]
                         net (fo=3, routed)           0.611    15.391    u_fir_q/q_square__2_i_100_n_4
    SLICE_X30Y98         LUT3 (Prop_lut3_I0_O)        0.306    15.697 r  u_fir_q/q_square__2_i_110/O
                         net (fo=3, routed)           0.434    16.131    u_fir_q/q_square__2_i_110_n_0
    SLICE_X30Y98         LUT5 (Prop_lut5_I4_O)        0.124    16.255 r  u_fir_q/q_square__2_i_64/O
                         net (fo=1, routed)           0.810    17.065    u_fir_q/q_square__2_i_64_n_0
    SLICE_X29Y99         CARRY4 (Prop_carry4_DI[3]_CO[3])
                                                      0.385    17.450 r  u_fir_q/q_square__2_i_36/CO[3]
                         net (fo=1, routed)           0.001    17.451    u_fir_q/q_square__2_i_36_n_0
    SLICE_X29Y100        CARRY4 (Prop_carry4_CI_O[1])
                                                      0.334    17.785 f  u_fir_q/q_square__2_i_31/O[1]
                         net (fo=2, routed)           0.710    18.495    u_fir_q/value[14]
    SLICE_X31Y103        LUT1 (Prop_lut1_I0_O)        0.303    18.798 r  u_fir_q/q_square__2_i_108/O
                         net (fo=1, routed)           0.000    18.798    u_fir_q/q_square__2_i_108_n_0
    SLICE_X31Y103        CARRY4 (Prop_carry4_S[1]_CO[3])
                                                      0.550    19.348 r  u_fir_q/q_square__2_i_63/CO[3]
                         net (fo=1, routed)           0.000    19.348    u_fir_q/q_square__2_i_63_n_0
    SLICE_X31Y104        CARRY4 (Prop_carry4_CI_O[1])
                                                      0.334    19.682 f  u_fir_q/q_square__2_i_54/O[1]
                         net (fo=1, routed)           0.355    20.037    u_fir_q/round_shift2[18]
    SLICE_X30Y104        LUT1 (Prop_lut1_I0_O)        0.303    20.340 r  u_fir_q/q_square__2_i_29/O
                         net (fo=1, routed)           0.000    20.340    u_fir_q/p_0_in[14]
    SLICE_X30Y104        CARRY4 (Prop_carry4_S[1]_CO[3])
                                                      0.533    20.873 r  u_fir_q/q_square__2_i_18/CO[3]
                         net (fo=1, routed)           0.000    20.873    u_fir_q/q_square__2_i_18_n_0
    SLICE_X30Y105        CARRY4 (Prop_carry4_CI_CO[3])
                                                      0.117    20.990 r  u_fir_q/q_square_i_48/CO[3]
                         net (fo=1, routed)           0.000    20.990    u_fir_q/q_square_i_48_n_0
    SLICE_X30Y106        CARRY4 (Prop_carry4_CI_CO[3])
                                                      0.117    21.107 r  u_fir_q/q_square_i_46/CO[3]
                         net (fo=1, routed)           0.000    21.107    u_fir_q/q_square_i_46_n_0
    SLICE_X30Y107        CARRY4 (Prop_carry4_CI_CO[3])
                                                      0.117    21.224 r  u_fir_q/q_square_i_44/CO[3]
                         net (fo=1, routed)           0.000    21.224    u_fir_q/q_square_i_44_n_0
    SLICE_X30Y108        CARRY4 (Prop_carry4_CI_CO[3])
                                                      0.117    21.341 r  u_fir_q/q_square_i_42/CO[3]
                         net (fo=1, routed)           0.000    21.341    u_fir_q/q_square_i_42_n_0
    SLICE_X30Y109        CARRY4 (Prop_carry4_CI_CO[3])
                                                      0.117    21.458 r  u_fir_q/q_square_i_40/CO[3]
                         net (fo=1, routed)           0.000    21.458    u_fir_q/q_square_i_40_n_0
    SLICE_X30Y110        CARRY4 (Prop_carry4_CI_CO[3])
                                                      0.117    21.575 r  u_fir_q/q_square_i_38/CO[3]
                         net (fo=1, routed)           0.000    21.575    u_fir_q/q_square_i_38_n_0
    SLICE_X30Y111        CARRY4 (Prop_carry4_CI_CO[3])
                                                      0.117    21.692 r  u_fir_q/q_square_i_36/CO[3]
                         net (fo=1, routed)           0.000    21.692    u_fir_q/q_square_i_36_n_0
    SLICE_X30Y112        CARRY4 (Prop_carry4_CI_O[2])
                                                      0.239    21.931 r  u_fir_q/q_square_i_32/O[2]
                         net (fo=1, routed)           0.492    22.423    u_fir_q/round_shift0[47]
    SLICE_X31Y118        LUT3 (Prop_lut3_I0_O)        0.301    22.724 r  u_fir_q/q_square_i_1/O
                         net (fo=34, routed)          1.206    23.930    u_mag/q_in[47]
    DSP48_X0Y49          DSP48E1                                      r  u_mag/q_square__1/A[24]
  -------------------------------------------------------------------    -------------------

                         (clock clk rise edge)       10.000    10.000 r  
    Y4                                                0.000    10.000 r  clk (IN)
                         net (fo=0)                   0.000    10.000    clk
    Y4                   IBUF (Prop_ibuf_I_O)         0.859    10.859 r  clk_IBUF_inst/O
                         net (fo=1, routed)           1.862    12.721    clk_IBUF
    BUFGCTRL_X0Y0        BUFG (Prop_bufg_I_O)         0.091    12.812 r  clk_IBUF_BUFG_inst/O
                         net (fo=1327, routed)        1.690    14.501    u_mag/clk_IBUF_BUFG
    DSP48_X0Y49          DSP48E1                                      r  u_mag/q_square__1/CLK
                         clock pessimism              0.250    14.752    
                         clock uncertainty           -0.035    14.716    
    DSP48_X0Y49          DSP48E1 (Setup_dsp48e1_CLK_A[24])
                                                     -1.928    12.788    u_mag/q_square__1
  -------------------------------------------------------------------
                         required time                         12.788    
                         arrival time                         -23.930    
  -------------------------------------------------------------------
                         slack                                -11.142    





Min Delay Paths
--------------------------------------------------------------------------------------
Slack (MET) :             0.042ns  (arrival time - required time)
  Source:                 bin_id_d_reg[1]/C
                            (rising edge-triggered cell FDRE clocked by clk  {rise@0.000ns fall@5.000ns period=10.000ns})
  Destination:            u_accumulator/done_bin_reg[1]/D
                            (rising edge-triggered cell FDRE clocked by clk  {rise@0.000ns fall@5.000ns period=10.000ns})
  Path Group:             clk
  Path Type:              Hold (Min at Fast Process Corner)
  Requirement:            0.000ns  (clk rise@0.000ns - clk rise@0.000ns)
  Data Path Delay:        0.464ns  (logic 0.141ns (30.378%)  route 0.323ns (69.622%))
  Logic Levels:           0  
  Clock Path Skew:        0.352ns (DCD - SCD - CPR)
    Destination Clock Delay (DCD):    2.072ns
    Source Clock Delay      (SCD):    1.469ns
    Clock Pessimism Removal (CPR):    0.251ns

    Location             Delay type                Incr(ns)  Path(ns)    Netlist Resource(s)
  -------------------------------------------------------------------    -------------------
                         (clock clk rise edge)        0.000     0.000 r  
    Y4                                                0.000     0.000 r  clk (IN)
                         net (fo=0)                   0.000     0.000    clk
    Y4                   IBUF (Prop_ibuf_I_O)         0.221     0.221 r  clk_IBUF_inst/O
                         net (fo=1, routed)           0.631     0.852    clk_IBUF
    BUFGCTRL_X0Y0        BUFG (Prop_bufg_I_O)         0.026     0.878 r  clk_IBUF_BUFG_inst/O
                         net (fo=1327, routed)        0.591     1.469    clk_IBUF_BUFG
    SLICE_X7Y94          FDRE                                         r  bin_id_d_reg[1]/C
  -------------------------------------------------------------------    -------------------
    SLICE_X7Y94          FDRE (Prop_fdre_C_Q)         0.141     1.610 r  bin_id_d_reg[1]/Q
                         net (fo=1, routed)           0.323     1.933    u_accumulator/done_bin_reg[2]_0[1]
    SLICE_X5Y105         FDRE                                         r  u_accumulator/done_bin_reg[1]/D
  -------------------------------------------------------------------    -------------------

                         (clock clk rise edge)        0.000     0.000 r  
    Y4                                                0.000     0.000 r  clk (IN)
                         net (fo=0)                   0.000     0.000    clk
    Y4                   IBUF (Prop_ibuf_I_O)         0.410     0.410 r  clk_IBUF_inst/O
                         net (fo=1, routed)           0.685     1.095    clk_IBUF
    BUFGCTRL_X0Y0        BUFG (Prop_bufg_I_O)         0.029     1.124 r  clk_IBUF_BUFG_inst/O
                         net (fo=1327, routed)        0.948     2.072    u_accumulator/clk_IBUF_BUFG
    SLICE_X5Y105         FDRE                                         r  u_accumulator/done_bin_reg[1]/C
                         clock pessimism             -0.251     1.821    
    SLICE_X5Y105         FDRE (Hold_fdre_C_D)         0.070     1.891    u_accumulator/done_bin_reg[1]
  -------------------------------------------------------------------
                         required time                         -1.891    
                         arrival time                           1.933    
  -------------------------------------------------------------------
                         slack                                  0.042    





Pulse Width Checks
--------------------------------------------------------------------------------------
Clock Name:         clk
Waveform(ns):       { 0.000 5.000 }
Period(ns):         10.000
Sources:            { clk }

Check Type        Corner  Lib Pin  Reference Pin  Required(ns)  Actual(ns)  Slack(ns)  Location       Pin
Min Period        n/a     BUFG/I   n/a            2.155         10.000      7.845      BUFGCTRL_X0Y0  clk_IBUF_BUFG_inst/I
Low Pulse Width   Slow    FDRE/C   n/a            0.500         5.000       4.500      SLICE_X7Y94    bin_id_d_reg[0]/C
High Pulse Width  Slow    FDRE/C   n/a            0.500         5.000       4.500      SLICE_X7Y94    bin_id_d_reg[0]/C



