Copyright 1986-2022 Xilinx, Inc. All Rights Reserved. Copyright 2022-2025 Advanced Micro Devices, Inc. All Rights Reserved.
---------------------------------------------------------------------------------------------------------------------------------------------------------
| Tool Version : Vivado v.2025.2 (win64) Build 6299465 Fri Nov 14 19:35:11 GMT 2025
| Date         : Sun May  3 23:16:46 2026
| Host         : Navnil_Desktop running 64-bit major release  (build 9200)
| Command      : report_timing_summary -file C:/Users/CHOUDN3/Downloads/VLSI_project/reports/e62_fir29_fr_ao_accstart_impl/post_route_timing_summary.rpt
| Design       : lockin_pipelined_plus5_firout_accbuf_energy62_fir29_fastround_alwayson_accstart_top
| Device       : 7a35t-fgg484
| Speed File   : -1  PRODUCTION 1.23 2018-06-13
| Design State : Routed
---------------------------------------------------------------------------------------------------------------------------------------------------------

Timing Summary Report

------------------------------------------------------------------------------------------------
| Timer Settings
| --------------
------------------------------------------------------------------------------------------------

  Enable Multi Corner Analysis               :  Yes
  Enable Pessimism Removal                   :  Yes
  Pessimism Removal Resolution               :  Nearest Common Node
  Enable Input Delay Default Clock           :  No
  Enable Preset / Clear Arcs                 :  No
  Disable Flight Delays                      :  No
  Ignore I/O Paths                           :  No
  Timing Early Launch at Borrowing Latches   :  No
  Borrow Time for Max Delay Exceptions       :  Yes
  Merge Timing Exceptions                    :  Yes
  Inter-SLR Compensation                     :  Conservative

  Corner  Analyze    Analyze    
  Name    Max Paths  Min Paths  
  ------  ---------  ---------  
  Slow    Yes        Yes        
  Fast    Yes        Yes        


------------------------------------------------------------------------------------------------
| Report Methodology
| ------------------
------------------------------------------------------------------------------------------------

No report available as report_methodology has not been run prior. Run report_methodology on the current design for the summary of methodology violations.



check_timing report

Table of Contents
-----------------
1. checking no_clock (0)
2. checking constant_clock (0)
3. checking pulse_width_clock (0)
4. checking unconstrained_internal_endpoints (0)
5. checking no_input_delay (18)
6. checking no_output_delay (66)
7. checking multiple_clock (0)
8. checking generated_clocks (0)
9. checking loops (0)
10. checking partial_input_delay (0)
11. checking partial_output_delay (0)
12. checking latch_loops (0)

1. checking no_clock (0)
------------------------
 There are 0 register/latch pins with no clock.


2. checking constant_clock (0)
------------------------------
 There are 0 register/latch pins with constant_clock.


3. checking pulse_width_clock (0)
---------------------------------
 There are 0 register/latch pins which need pulse_width check


4. checking unconstrained_internal_endpoints (0)
------------------------------------------------
 There are 0 pins that are not constrained for maximum delay.

 There are 0 pins that are not constrained for maximum delay due to constant clock.


5. checking no_input_delay (18)
-------------------------------
 There are 18 input ports with no input delay specified. (HIGH)

 There are 0 input ports with no input delay but user has a false path constraint.


6. checking no_output_delay (66)
--------------------------------
 There are 66 ports with no output delay specified. (HIGH)

 There are 0 ports with no output delay but user has a false path constraint

 There are 0 ports with no output delay but with a timing clock defined on it or propagating through it


7. checking multiple_clock (0)
------------------------------
 There are 0 register/latch pins with multiple clocks.


8. checking generated_clocks (0)
--------------------------------
 There are 0 generated clocks that are not connected to a clock source.


9. checking loops (0)
---------------------
 There are 0 combinational loops in the design.


10. checking partial_input_delay (0)
------------------------------------
 There are 0 input ports with partial input delay specified.


11. checking partial_output_delay (0)
-------------------------------------
 There are 0 ports with partial output delay specified.


12. checking latch_loops (0)
----------------------------
 There are 0 combinational latch loops in the design through latch input



------------------------------------------------------------------------------------------------
| Design Timing Summary
| ---------------------
------------------------------------------------------------------------------------------------

    WNS(ns)      TNS(ns)  TNS Failing Endpoints  TNS Total Endpoints      WHS(ns)      THS(ns)  THS Failing Endpoints  THS Total Endpoints     WPWS(ns)     TPWS(ns)  TPWS Failing Endpoints  TPWS Total Endpoints  
    -------      -------  ---------------------  -------------------      -------      -------  ---------------------  -------------------     --------     --------  ----------------------  --------------------  
      4.091        0.000                      0                 2828        0.026        0.000                      0                 2828        4.020        0.000                       0                  1907  


All user specified timing constraints are met.


------------------------------------------------------------------------------------------------
| Clock Summary
| -------------
------------------------------------------------------------------------------------------------

Clock  Waveform(ns)       Period(ns)      Frequency(MHz)
-----  ------------       ----------      --------------
clk    {0.000 5.000}      10.000          100.000         


------------------------------------------------------------------------------------------------
| Intra Clock Table
| -----------------
------------------------------------------------------------------------------------------------

Clock             WNS(ns)      TNS(ns)  TNS Failing Endpoints  TNS Total Endpoints      WHS(ns)      THS(ns)  THS Failing Endpoints  THS Total Endpoints     WPWS(ns)     TPWS(ns)  TPWS Failing Endpoints  TPWS Total Endpoints  
-----             -------      -------  ---------------------  -------------------      -------      -------  ---------------------  -------------------     --------     --------  ----------------------  --------------------  
clk                 4.091        0.000                      0                 2828        0.026        0.000                      0                 2828        4.020        0.000                       0                  1907  


------------------------------------------------------------------------------------------------
| Inter Clock Table
| -----------------
------------------------------------------------------------------------------------------------

From Clock    To Clock          WNS(ns)      TNS(ns)  TNS Failing Endpoints  TNS Total Endpoints      WHS(ns)      THS(ns)  THS Failing Endpoints  THS Total Endpoints  
----------    --------          -------      -------  ---------------------  -------------------      -------      -------  ---------------------  -------------------  


------------------------------------------------------------------------------------------------
| Other Path Groups Table
| -----------------------
------------------------------------------------------------------------------------------------

Path Group    From Clock    To Clock          WNS(ns)      TNS(ns)  TNS Failing Endpoints  TNS Total Endpoints      WHS(ns)      THS(ns)  THS Failing Endpoints  THS Total Endpoints  
----------    ----------    --------          -------      -------  ---------------------  -------------------      -------      -------  ---------------------  -------------------  


------------------------------------------------------------------------------------------------
| Timing Details
| --------------
------------------------------------------------------------------------------------------------


---------------------------------------------------------------------------------------------------
From Clock:  clk
  To Clock:  clk

Setup :            0  Failing Endpoints,  Worst Slack        4.091ns,  Total Violation        0.000ns
Hold  :            0  Failing Endpoints,  Worst Slack        0.026ns,  Total Violation        0.000ns
PW    :            0  Failing Endpoints,  Worst Slack        4.020ns,  Total Violation        0.000ns
---------------------------------------------------------------------------------------------------


Max Delay Paths
--------------------------------------------------------------------------------------
Slack (MET) :             4.091ns  (required time - arrival time)
  Source:                 u_impl/gen_narrow_mag.u_mag/i_square_reg__0/CLK
                            (rising edge-triggered cell DSP48E1 clocked by clk  {rise@0.000ns fall@5.000ns period=10.000ns})
  Destination:            u_impl/gen_narrow_mag.u_mag/mag_sq_reg[57]/D
                            (rising edge-triggered cell FDRE clocked by clk  {rise@0.000ns fall@5.000ns period=10.000ns})
  Path Group:             clk
  Path Type:              Setup (Max at Slow Process Corner)
  Requirement:            10.000ns  (clk rise@10.000ns - clk rise@0.000ns)
  Data Path Delay:        5.821ns  (logic 3.387ns (58.187%)  route 2.434ns (41.813%))
  Logic Levels:           14  (CARRY4=12 LUT2=2)
  Clock Path Skew:        -0.115ns (DCD - SCD + CPR)
    Destination Clock Delay (DCD):    4.233ns = ( 14.233 - 10.000 ) 
    Source Clock Delay      (SCD):    4.682ns
    Clock Pessimism Removal (CPR):    0.334ns
  Clock Uncertainty:      0.035ns  ((TSJ^2 + TIJ^2)^1/2 + DJ) / 2 + PE
    Total System Jitter     (TSJ):    0.071ns
    Total Input Jitter      (TIJ):    0.000ns
    Discrete Jitter          (DJ):    0.000ns
    Phase Error              (PE):    0.000ns

    Location             Delay type                Incr(ns)  Path(ns)    Netlist Resource(s)
  -------------------------------------------------------------------    -------------------
                         (clock clk rise edge)        0.000     0.000 r  
    J20                                               0.000     0.000 r  clk (IN)
                         net (fo=0)                   0.000     0.000    clk
    J20                  IBUF (Prop_ibuf_I_O)         0.970     0.970 r  clk_IBUF_inst/O
                         net (fo=1, routed)           1.972     2.942    clk_IBUF
    BUFGCTRL_X0Y16       BUFG (Prop_bufg_I_O)         0.096     3.038 r  clk_IBUF_BUFG_inst/O
                         net (fo=1906, routed)        1.645     4.682    u_impl/gen_narrow_mag.u_mag/clk_IBUF_BUFG
    DSP48_X0Y21          DSP48E1                                      r  u_impl/gen_narrow_mag.u_mag/i_square_reg__0/CLK
  -------------------------------------------------------------------    -------------------
    DSP48_X0Y21          DSP48E1 (Prop_dsp48e1_CLK_P[1])
                                                      0.434     5.116 r  u_impl/gen_narrow_mag.u_mag/i_square_reg__0/P[1]
                         net (fo=2, routed)           1.679     6.795    u_impl/gen_narrow_mag.u_mag/p_1_in[18]
    SLICE_X12Y45         LUT2 (Prop_lut2_I0_O)        0.124     6.919 r  u_impl/gen_narrow_mag.u_mag/i_square0_carry_i_2/O
                         net (fo=1, routed)           0.000     6.919    u_impl/gen_narrow_mag.u_mag/i_square0_carry_i_2_n_0
    SLICE_X12Y45         CARRY4 (Prop_carry4_S[2]_CO[3])
                                                      0.380     7.299 r  u_impl/gen_narrow_mag.u_mag/i_square0_carry/CO[3]
                         net (fo=1, routed)           0.000     7.299    u_impl/gen_narrow_mag.u_mag/i_square0_carry_n_0
    SLICE_X12Y46         CARRY4 (Prop_carry4_CI_CO[3])
                                                      0.117     7.416 r  u_impl/gen_narrow_mag.u_mag/i_square0_carry__0/CO[3]
                         net (fo=1, routed)           0.000     7.416    u_impl/gen_narrow_mag.u_mag/i_square0_carry__0_n_0
    SLICE_X12Y47         CARRY4 (Prop_carry4_CI_CO[3])
                                                      0.117     7.533 r  u_impl/gen_narrow_mag.u_mag/i_square0_carry__1/CO[3]
                         net (fo=1, routed)           0.000     7.533    u_impl/gen_narrow_mag.u_mag/i_square0_carry__1_n_0
    SLICE_X12Y48         CARRY4 (Prop_carry4_CI_CO[3])
                                                      0.117     7.650 r  u_impl/gen_narrow_mag.u_mag/i_square0_carry__2/CO[3]
                         net (fo=1, routed)           0.000     7.650    u_impl/gen_narrow_mag.u_mag/i_square0_carry__2_n_0
    SLICE_X12Y49         CARRY4 (Prop_carry4_CI_CO[3])
                                                      0.117     7.767 r  u_impl/gen_narrow_mag.u_mag/i_square0_carry__3/CO[3]
                         net (fo=1, routed)           0.001     7.768    u_impl/gen_narrow_mag.u_mag/i_square0_carry__3_n_0
    SLICE_X12Y50         CARRY4 (Prop_carry4_CI_CO[3])
                                                      0.117     7.885 r  u_impl/gen_narrow_mag.u_mag/i_square0_carry__4/CO[3]
                         net (fo=1, routed)           0.000     7.885    u_impl/gen_narrow_mag.u_mag/i_square0_carry__4_n_0
    SLICE_X12Y51         CARRY4 (Prop_carry4_CI_CO[3])
                                                      0.117     8.002 r  u_impl/gen_narrow_mag.u_mag/i_square0_carry__5/CO[3]
                         net (fo=1, routed)           0.000     8.002    u_impl/gen_narrow_mag.u_mag/i_square0_carry__5_n_0
    SLICE_X12Y52         CARRY4 (Prop_carry4_CI_CO[3])
                                                      0.117     8.119 r  u_impl/gen_narrow_mag.u_mag/i_square0_carry__6/CO[3]
                         net (fo=1, routed)           0.000     8.119    u_impl/gen_narrow_mag.u_mag/i_square0_carry__6_n_0
    SLICE_X12Y53         CARRY4 (Prop_carry4_CI_CO[3])
                                                      0.117     8.236 r  u_impl/gen_narrow_mag.u_mag/i_square0_carry__7/CO[3]
                         net (fo=1, routed)           0.000     8.236    u_impl/gen_narrow_mag.u_mag/i_square0_carry__7_n_0
    SLICE_X12Y54         CARRY4 (Prop_carry4_CI_O[1])
                                                      0.323     8.559 r  u_impl/gen_narrow_mag.u_mag/i_square0_carry__8/O[1]
                         net (fo=2, routed)           0.754     9.313    u_impl/gen_narrow_mag.u_mag/i_square_reg__1[53]
    SLICE_X11Y54         LUT2 (Prop_lut2_I0_O)        0.306     9.619 r  u_impl/gen_narrow_mag.u_mag/mag_sq[55]_i_4/O
                         net (fo=1, routed)           0.000     9.619    u_impl/gen_narrow_mag.u_mag/mag_sq[55]_i_4_n_0
    SLICE_X11Y54         CARRY4 (Prop_carry4_S[1]_CO[3])
                                                      0.550    10.169 r  u_impl/gen_narrow_mag.u_mag/mag_sq_reg[55]_i_1/CO[3]
                         net (fo=1, routed)           0.000    10.169    u_impl/gen_narrow_mag.u_mag/mag_sq_reg[55]_i_1_n_0
    SLICE_X11Y55         CARRY4 (Prop_carry4_CI_O[1])
                                                      0.334    10.503 r  u_impl/gen_narrow_mag.u_mag/mag_sq_reg[58]_i_1/O[1]
                         net (fo=1, routed)           0.000    10.503    u_impl/gen_narrow_mag.u_mag/mag_resized[57]
    SLICE_X11Y55         FDRE                                         r  u_impl/gen_narrow_mag.u_mag/mag_sq_reg[57]/D
  -------------------------------------------------------------------    -------------------

                         (clock clk rise edge)       10.000    10.000 r  
    J20                                               0.000    10.000 r  clk (IN)
                         net (fo=0)                   0.000    10.000    clk
    J20                  IBUF (Prop_ibuf_I_O)         0.837    10.837 r  clk_IBUF_inst/O
                         net (fo=1, routed)           1.868    12.705    clk_IBUF
    BUFGCTRL_X0Y16       BUFG (Prop_bufg_I_O)         0.091    12.796 r  clk_IBUF_BUFG_inst/O
                         net (fo=1906, routed)        1.438    14.233    u_impl/gen_narrow_mag.u_mag/clk_IBUF_BUFG
    SLICE_X11Y55         FDRE                                         r  u_impl/gen_narrow_mag.u_mag/mag_sq_reg[57]/C
                         clock pessimism              0.334    14.568    
                         clock uncertainty           -0.035    14.533    
    SLICE_X11Y55         FDRE (Setup_fdre_C_D)        0.062    14.595    u_impl/gen_narrow_mag.u_mag/mag_sq_reg[57]
  -------------------------------------------------------------------
                         required time                         14.595    
                         arrival time                         -10.503    
  -------------------------------------------------------------------
                         slack                                  4.091    





Min Delay Paths
--------------------------------------------------------------------------------------
Slack (MET) :             0.026ns  (arrival time - required time)
  Source:                 u_impl/gen_accumulator_start_load.u_accumulator/bin_energy_reg[45]/C
                            (rising edge-triggered cell FDRE clocked by clk  {rise@0.000ns fall@5.000ns period=10.000ns})
  Destination:            u_impl/bin_energy_buf_reg[45]/D
                            (rising edge-triggered cell FDRE clocked by clk  {rise@0.000ns fall@5.000ns period=10.000ns})
  Path Group:             clk
  Path Type:              Hold (Min at Fast Process Corner)
  Requirement:            0.000ns  (clk rise@0.000ns - clk rise@0.000ns)
  Data Path Delay:        0.360ns  (logic 0.141ns (39.135%)  route 0.219ns (60.865%))
  Logic Levels:           0  
  Clock Path Skew:        0.275ns (DCD - SCD - CPR)
    Destination Clock Delay (DCD):    1.972ns
    Source Clock Delay      (SCD):    1.451ns
    Clock Pessimism Removal (CPR):    0.247ns

    Location             Delay type                Incr(ns)  Path(ns)    Netlist Resource(s)
  -------------------------------------------------------------------    -------------------
                         (clock clk rise edge)        0.000     0.000 r  
    J20                                               0.000     0.000 r  clk (IN)
                         net (fo=0)                   0.000     0.000    clk
    J20                  IBUF (Prop_ibuf_I_O)         0.199     0.199 r  clk_IBUF_inst/O
                         net (fo=1, routed)           0.634     0.833    clk_IBUF
    BUFGCTRL_X0Y16       BUFG (Prop_bufg_I_O)         0.026     0.859 r  clk_IBUF_BUFG_inst/O
                         net (fo=1906, routed)        0.592     1.451    u_impl/gen_accumulator_start_load.u_accumulator/clk_IBUF_BUFG
    SLICE_X3Y52          FDRE                                         r  u_impl/gen_accumulator_start_load.u_accumulator/bin_energy_reg[45]/C
  -------------------------------------------------------------------    -------------------
    SLICE_X3Y52          FDRE (Prop_fdre_C_Q)         0.141     1.592 r  u_impl/gen_accumulator_start_load.u_accumulator/bin_energy_reg[45]/Q
                         net (fo=1, routed)           0.219     1.811    u_impl/bin_energy[45]
    SLICE_X6Y49          FDRE                                         r  u_impl/bin_energy_buf_reg[45]/D
  -------------------------------------------------------------------    -------------------

                         (clock clk rise edge)        0.000     0.000 r  
    J20                                               0.000     0.000 r  clk (IN)
                         net (fo=0)                   0.000     0.000    clk
    J20                  IBUF (Prop_ibuf_I_O)         0.388     0.388 r  clk_IBUF_inst/O
                         net (fo=1, routed)           0.689     1.077    clk_IBUF
    BUFGCTRL_X0Y16       BUFG (Prop_bufg_I_O)         0.029     1.106 r  clk_IBUF_BUFG_inst/O
                         net (fo=1906, routed)        0.867     1.972    u_impl/clk_IBUF_BUFG
    SLICE_X6Y49          FDRE                                         r  u_impl/bin_energy_buf_reg[45]/C
                         clock pessimism             -0.247     1.726    
    SLICE_X6Y49          FDRE (Hold_fdre_C_D)         0.059     1.785    u_impl/bin_energy_buf_reg[45]
  -------------------------------------------------------------------
                         required time                         -1.785    
                         arrival time                           1.811    
  -------------------------------------------------------------------
                         slack                                  0.026    





Pulse Width Checks
--------------------------------------------------------------------------------------
Clock Name:         clk
Waveform(ns):       { 0.000 5.000 }
Period(ns):         10.000
Sources:            { clk }

Check Type        Corner  Lib Pin      Reference Pin  Required(ns)  Actual(ns)  Slack(ns)  Location     Pin
Min Period        n/a     DSP48E1/CLK  n/a            3.884         10.000      6.116      DSP48_X0Y23  u_impl/gen_narrow_mag.u_mag/i_square_reg/CLK
Low Pulse Width   Slow    SRL16E/CLK   n/a            0.980         5.000       4.020      SLICE_X8Y25  u_impl/bin_mag_p1_reg[0]_srl13___u_impl_bin_mag_p1_reg_r/CLK
High Pulse Width  Slow    SRL16E/CLK   n/a            0.980         5.000       4.020      SLICE_X8Y25  u_impl/bin_mag_p1_reg[0]_srl13___u_impl_bin_mag_p1_reg_r/CLK



