Copyright 1986-2022 Xilinx, Inc. All Rights Reserved. Copyright 2022-2025 Advanced Micro Devices, Inc. All Rights Reserved.
--------------------------------------------------------------------------------------------------------------------------------------------------------------
| Tool Version : Vivado v.2025.2 (win64) Build 6299465 Fri Nov 14 19:35:11 GMT 2025
| Date         : Sun May  3 17:07:32 2026
| Host         : Navnil_Desktop running 64-bit major release  (build 9200)
| Command      : report_timing -max_paths 10 -file C:/Users/CHOUDN3/Downloads/VLSI_project/reports/pipelined_plus5_tracker_impl/post_route_critical_paths.rpt
| Design       : lockin_pipelined_plus5_tracker_top
| Device       : 7a35t-fgg484
| Speed File   : -1  PRODUCTION 1.23 2018-06-13
| Design State : Routed
--------------------------------------------------------------------------------------------------------------------------------------------------------------

Timing Report

Slack (MET) :             1.676ns  (required time - arrival time)
  Source:                 u_impl/u_fir_i/sum0123_reg[0]/C
                            (rising edge-triggered cell FDRE clocked by clk  {rise@0.000ns fall@5.000ns period=10.000ns})
  Destination:            u_impl/u_fir_i/sample_out_reg[47]/D
                            (rising edge-triggered cell FDRE clocked by clk  {rise@0.000ns fall@5.000ns period=10.000ns})
  Path Group:             clk
  Path Type:              Setup (Max at Slow Process Corner)
  Requirement:            10.000ns  (clk rise@10.000ns - clk rise@0.000ns)
  Data Path Delay:        8.333ns  (logic 5.128ns (61.540%)  route 3.205ns (38.460%))
  Logic Levels:           19  (CARRY4=15 LUT1=2 LUT2=1 LUT3=1)
  Clock Path Skew:        -0.031ns (DCD - SCD + CPR)
    Destination Clock Delay (DCD):    4.262ns = ( 14.262 - 10.000 ) 
    Source Clock Delay      (SCD):    4.617ns
    Clock Pessimism Removal (CPR):    0.323ns
  Clock Uncertainty:      0.035ns  ((TSJ^2 + TIJ^2)^1/2 + DJ) / 2 + PE
    Total System Jitter     (TSJ):    0.071ns
    Total Input Jitter      (TIJ):    0.000ns
    Discrete Jitter          (DJ):    0.000ns
    Phase Error              (PE):    0.000ns

    Location             Delay type                Incr(ns)  Path(ns)    Netlist Resource(s)
  -------------------------------------------------------------------    -------------------
                         (clock clk rise edge)        0.000     0.000 r  
    Y4                                                0.000     0.000 r  clk (IN)
                         net (fo=0)                   0.000     0.000    clk
    Y4                   IBUF (Prop_ibuf_I_O)         0.993     0.993 r  clk_IBUF_inst/O
                         net (fo=1, routed)           1.967     2.959    clk_IBUF
    BUFGCTRL_X0Y0        BUFG (Prop_bufg_I_O)         0.096     3.055 r  clk_IBUF_BUFG_inst/O
                         net (fo=2394, routed)        1.561     4.617    u_impl/u_fir_i/clk_IBUF_BUFG
    SLICE_X8Y33          FDRE                                         r  u_impl/u_fir_i/sum0123_reg[0]/C
  -------------------------------------------------------------------    -------------------
    SLICE_X8Y33          FDRE (Prop_fdre_C_Q)         0.518     5.135 r  u_impl/u_fir_i/sum0123_reg[0]/Q
                         net (fo=2, routed)           0.680     5.814    u_impl/u_fir_i/sum0123[0]
    SLICE_X7Y33          LUT2 (Prop_lut2_I0_O)        0.124     5.938 r  u_impl/u_fir_i/final_sum_carry_i_4/O
                         net (fo=1, routed)           0.000     5.938    u_impl/u_fir_i/final_sum_carry_i_4_n_0
    SLICE_X7Y33          CARRY4 (Prop_carry4_S[0]_CO[3])
                                                      0.532     6.470 r  u_impl/u_fir_i/final_sum_carry/CO[3]
                         net (fo=1, routed)           0.000     6.470    u_impl/u_fir_i/final_sum_carry_n_0
    SLICE_X7Y34          CARRY4 (Prop_carry4_CI_CO[3])
                                                      0.114     6.584 r  u_impl/u_fir_i/final_sum_carry__0/CO[3]
                         net (fo=1, routed)           0.000     6.584    u_impl/u_fir_i/final_sum_carry__0_n_0
    SLICE_X7Y35          CARRY4 (Prop_carry4_CI_O[1])
                                                      0.334     6.918 f  u_impl/u_fir_i/final_sum_carry__1/O[1]
                         net (fo=2, routed)           0.700     7.619    u_impl/u_fir_i/value[9]
    SLICE_X5Y34          LUT1 (Prop_lut1_I0_O)        0.303     7.922 r  u_impl/u_fir_i/sample_out[8]_i_11/O
                         net (fo=1, routed)           0.000     7.922    u_impl/u_fir_i/sample_out[8]_i_11_n_0
    SLICE_X5Y34          CARRY4 (Prop_carry4_S[0]_CO[3])
                                                      0.532     8.454 r  u_impl/u_fir_i/sample_out_reg[8]_i_7/CO[3]
                         net (fo=1, routed)           0.000     8.454    u_impl/u_fir_i/sample_out_reg[8]_i_7_n_0
    SLICE_X5Y35          CARRY4 (Prop_carry4_CI_O[1])
                                                      0.334     8.788 f  u_impl/u_fir_i/sample_out_reg[12]_i_7/O[1]
                         net (fo=1, routed)           0.586     9.374    u_impl/u_fir_i/round_shift2[14]
    SLICE_X6Y35          LUT1 (Prop_lut1_I0_O)        0.303     9.677 r  u_impl/u_fir_i/sample_out[12]_i_5/O
                         net (fo=1, routed)           0.000     9.677    u_impl/u_fir_i/sample_out[12]_i_5_n_0
    SLICE_X6Y35          CARRY4 (Prop_carry4_S[1]_CO[3])
                                                      0.533    10.210 r  u_impl/u_fir_i/sample_out_reg[12]_i_2/CO[3]
                         net (fo=1, routed)           0.000    10.210    u_impl/u_fir_i/sample_out_reg[12]_i_2_n_0
    SLICE_X6Y36          CARRY4 (Prop_carry4_CI_CO[3])
                                                      0.117    10.327 r  u_impl/u_fir_i/sample_out_reg[16]_i_2/CO[3]
                         net (fo=1, routed)           0.000    10.327    u_impl/u_fir_i/sample_out_reg[16]_i_2_n_0
    SLICE_X6Y37          CARRY4 (Prop_carry4_CI_CO[3])
                                                      0.117    10.444 r  u_impl/u_fir_i/sample_out_reg[20]_i_2/CO[3]
                         net (fo=1, routed)           0.000    10.444    u_impl/u_fir_i/sample_out_reg[20]_i_2_n_0
    SLICE_X6Y38          CARRY4 (Prop_carry4_CI_CO[3])
                                                      0.117    10.561 r  u_impl/u_fir_i/sample_out_reg[24]_i_2/CO[3]
                         net (fo=1, routed)           0.000    10.561    u_impl/u_fir_i/sample_out_reg[24]_i_2_n_0
    SLICE_X6Y39          CARRY4 (Prop_carry4_CI_CO[3])
                                                      0.117    10.678 r  u_impl/u_fir_i/sample_out_reg[28]_i_2/CO[3]
                         net (fo=1, routed)           0.000    10.678    u_impl/u_fir_i/sample_out_reg[28]_i_2_n_0
    SLICE_X6Y40          CARRY4 (Prop_carry4_CI_CO[3])
                                                      0.117    10.795 r  u_impl/u_fir_i/sample_out_reg[32]_i_2/CO[3]
                         net (fo=1, routed)           0.000    10.795    u_impl/u_fir_i/sample_out_reg[32]_i_2_n_0
    SLICE_X6Y41          CARRY4 (Prop_carry4_CI_CO[3])
                                                      0.117    10.912 r  u_impl/u_fir_i/sample_out_reg[36]_i_2/CO[3]
                         net (fo=1, routed)           0.000    10.912    u_impl/u_fir_i/sample_out_reg[36]_i_2_n_0
    SLICE_X6Y42          CARRY4 (Prop_carry4_CI_CO[3])
                                                      0.117    11.029 r  u_impl/u_fir_i/sample_out_reg[40]_i_2/CO[3]
                         net (fo=1, routed)           0.000    11.029    u_impl/u_fir_i/sample_out_reg[40]_i_2_n_0
    SLICE_X6Y43          CARRY4 (Prop_carry4_CI_CO[3])
                                                      0.117    11.146 r  u_impl/u_fir_i/sample_out_reg[44]_i_2/CO[3]
                         net (fo=1, routed)           0.000    11.146    u_impl/u_fir_i/sample_out_reg[44]_i_2_n_0
    SLICE_X6Y44          CARRY4 (Prop_carry4_CI_O[2])
                                                      0.239    11.385 r  u_impl/u_fir_i/sample_out_reg[47]_i_2/O[2]
                         net (fo=1, routed)           1.239    12.623    u_impl/u_fir_i/round_shift0[47]
    SLICE_X15Y45         LUT3 (Prop_lut3_I0_O)        0.326    12.949 r  u_impl/u_fir_i/sample_out[47]_i_1/O
                         net (fo=1, routed)           0.000    12.949    u_impl/u_fir_i/round_shift_return[47]
    SLICE_X15Y45         FDRE                                         r  u_impl/u_fir_i/sample_out_reg[47]/D
  -------------------------------------------------------------------    -------------------

                         (clock clk rise edge)       10.000    10.000 r  
    Y4                                                0.000    10.000 r  clk (IN)
                         net (fo=0)                   0.000    10.000    clk
    Y4                   IBUF (Prop_ibuf_I_O)         0.859    10.859 r  clk_IBUF_inst/O
                         net (fo=1, routed)           1.862    12.721    clk_IBUF
    BUFGCTRL_X0Y0        BUFG (Prop_bufg_I_O)         0.091    12.812 r  clk_IBUF_BUFG_inst/O
                         net (fo=2394, routed)        1.450    14.262    u_impl/u_fir_i/clk_IBUF_BUFG
    SLICE_X15Y45         FDRE                                         r  u_impl/u_fir_i/sample_out_reg[47]/C
                         clock pessimism              0.323    14.586    
                         clock uncertainty           -0.035    14.550    
    SLICE_X15Y45         FDRE (Setup_fdre_C_D)        0.075    14.625    u_impl/u_fir_i/sample_out_reg[47]
  -------------------------------------------------------------------
                         required time                         14.625    
                         arrival time                         -12.949    
  -------------------------------------------------------------------
                         slack                                  1.676    

Slack (MET) :             1.706ns  (required time - arrival time)
  Source:                 u_impl/u_fir_i/sum0123_reg[0]/C
                            (rising edge-triggered cell FDRE clocked by clk  {rise@0.000ns fall@5.000ns period=10.000ns})
  Destination:            u_impl/u_fir_i/sample_out_reg[44]/D
                            (rising edge-triggered cell FDRE clocked by clk  {rise@0.000ns fall@5.000ns period=10.000ns})
  Path Group:             clk
  Path Type:              Setup (Max at Slow Process Corner)
  Requirement:            10.000ns  (clk rise@10.000ns - clk rise@0.000ns)
  Data Path Delay:        8.303ns  (logic 5.098ns (61.399%)  route 3.205ns (38.601%))
  Logic Levels:           18  (CARRY4=14 LUT1=2 LUT2=1 LUT3=1)
  Clock Path Skew:        -0.031ns (DCD - SCD + CPR)
    Destination Clock Delay (DCD):    4.262ns = ( 14.262 - 10.000 ) 
    Source Clock Delay      (SCD):    4.617ns
    Clock Pessimism Removal (CPR):    0.323ns
  Clock Uncertainty:      0.035ns  ((TSJ^2 + TIJ^2)^1/2 + DJ) / 2 + PE
    Total System Jitter     (TSJ):    0.071ns
    Total Input Jitter      (TIJ):    0.000ns
    Discrete Jitter          (DJ):    0.000ns
    Phase Error              (PE):    0.000ns

    Location             Delay type                Incr(ns)  Path(ns)    Netlist Resource(s)
  -------------------------------------------------------------------    -------------------
                         (clock clk rise edge)        0.000     0.000 r  
    Y4                                                0.000     0.000 r  clk (IN)
                         net (fo=0)                   0.000     0.000    clk
    Y4                   IBUF (Prop_ibuf_I_O)         0.993     0.993 r  clk_IBUF_inst/O
                         net (fo=1, routed)           1.967     2.959    clk_IBUF
    BUFGCTRL_X0Y0        BUFG (Prop_bufg_I_O)         0.096     3.055 r  clk_IBUF_BUFG_inst/O
                         net (fo=2394, routed)        1.561     4.617    u_impl/u_fir_i/clk_IBUF_BUFG
    SLICE_X8Y33          FDRE                                         r  u_impl/u_fir_i/sum0123_reg[0]/C
  -------------------------------------------------------------------    -------------------
    SLICE_X8Y33          FDRE (Prop_fdre_C_Q)         0.518     5.135 r  u_impl/u_fir_i/sum0123_reg[0]/Q
                         net (fo=2, routed)           0.680     5.814    u_impl/u_fir_i/sum0123[0]
    SLICE_X7Y33          LUT2 (Prop_lut2_I0_O)        0.124     5.938 r  u_impl/u_fir_i/final_sum_carry_i_4/O
                         net (fo=1, routed)           0.000     5.938    u_impl/u_fir_i/final_sum_carry_i_4_n_0
    SLICE_X7Y33          CARRY4 (Prop_carry4_S[0]_CO[3])
                                                      0.532     6.470 r  u_impl/u_fir_i/final_sum_carry/CO[3]
                         net (fo=1, routed)           0.000     6.470    u_impl/u_fir_i/final_sum_carry_n_0
    SLICE_X7Y34          CARRY4 (Prop_carry4_CI_CO[3])
                                                      0.114     6.584 r  u_impl/u_fir_i/final_sum_carry__0/CO[3]
                         net (fo=1, routed)           0.000     6.584    u_impl/u_fir_i/final_sum_carry__0_n_0
    SLICE_X7Y35          CARRY4 (Prop_carry4_CI_O[1])
                                                      0.334     6.918 f  u_impl/u_fir_i/final_sum_carry__1/O[1]
                         net (fo=2, routed)           0.700     7.619    u_impl/u_fir_i/value[9]
    SLICE_X5Y34          LUT1 (Prop_lut1_I0_O)        0.303     7.922 r  u_impl/u_fir_i/sample_out[8]_i_11/O
                         net (fo=1, routed)           0.000     7.922    u_impl/u_fir_i/sample_out[8]_i_11_n_0
    SLICE_X5Y34          CARRY4 (Prop_carry4_S[0]_CO[3])
                                                      0.532     8.454 r  u_impl/u_fir_i/sample_out_reg[8]_i_7/CO[3]
                         net (fo=1, routed)           0.000     8.454    u_impl/u_fir_i/sample_out_reg[8]_i_7_n_0
    SLICE_X5Y35          CARRY4 (Prop_carry4_CI_O[1])
                                                      0.334     8.788 f  u_impl/u_fir_i/sample_out_reg[12]_i_7/O[1]
                         net (fo=1, routed)           0.586     9.374    u_impl/u_fir_i/round_shift2[14]
    SLICE_X6Y35          LUT1 (Prop_lut1_I0_O)        0.303     9.677 r  u_impl/u_fir_i/sample_out[12]_i_5/O
                         net (fo=1, routed)           0.000     9.677    u_impl/u_fir_i/sample_out[12]_i_5_n_0
    SLICE_X6Y35          CARRY4 (Prop_carry4_S[1]_CO[3])
                                                      0.533    10.210 r  u_impl/u_fir_i/sample_out_reg[12]_i_2/CO[3]
                         net (fo=1, routed)           0.000    10.210    u_impl/u_fir_i/sample_out_reg[12]_i_2_n_0
    SLICE_X6Y36          CARRY4 (Prop_carry4_CI_CO[3])
                                                      0.117    10.327 r  u_impl/u_fir_i/sample_out_reg[16]_i_2/CO[3]
                         net (fo=1, routed)           0.000    10.327    u_impl/u_fir_i/sample_out_reg[16]_i_2_n_0
    SLICE_X6Y37          CARRY4 (Prop_carry4_CI_CO[3])
                                                      0.117    10.444 r  u_impl/u_fir_i/sample_out_reg[20]_i_2/CO[3]
                         net (fo=1, routed)           0.000    10.444    u_impl/u_fir_i/sample_out_reg[20]_i_2_n_0
    SLICE_X6Y38          CARRY4 (Prop_carry4_CI_CO[3])
                                                      0.117    10.561 r  u_impl/u_fir_i/sample_out_reg[24]_i_2/CO[3]
                         net (fo=1, routed)           0.000    10.561    u_impl/u_fir_i/sample_out_reg[24]_i_2_n_0
    SLICE_X6Y39          CARRY4 (Prop_carry4_CI_CO[3])
                                                      0.117    10.678 r  u_impl/u_fir_i/sample_out_reg[28]_i_2/CO[3]
                         net (fo=1, routed)           0.000    10.678    u_impl/u_fir_i/sample_out_reg[28]_i_2_n_0
    SLICE_X6Y40          CARRY4 (Prop_carry4_CI_CO[3])
                                                      0.117    10.795 r  u_impl/u_fir_i/sample_out_reg[32]_i_2/CO[3]
                         net (fo=1, routed)           0.000    10.795    u_impl/u_fir_i/sample_out_reg[32]_i_2_n_0
    SLICE_X6Y41          CARRY4 (Prop_carry4_CI_CO[3])
                                                      0.117    10.912 r  u_impl/u_fir_i/sample_out_reg[36]_i_2/CO[3]
                         net (fo=1, routed)           0.000    10.912    u_impl/u_fir_i/sample_out_reg[36]_i_2_n_0
    SLICE_X6Y42          CARRY4 (Prop_carry4_CI_CO[3])
                                                      0.117    11.029 r  u_impl/u_fir_i/sample_out_reg[40]_i_2/CO[3]
                         net (fo=1, routed)           0.000    11.029    u_impl/u_fir_i/sample_out_reg[40]_i_2_n_0
    SLICE_X6Y43          CARRY4 (Prop_carry4_CI_O[3])
                                                      0.315    11.344 r  u_impl/u_fir_i/sample_out_reg[44]_i_2/O[3]
                         net (fo=1, routed)           1.239    12.583    u_impl/u_fir_i/round_shift0[44]
    SLICE_X15Y45         LUT3 (Prop_lut3_I0_O)        0.337    12.920 r  u_impl/u_fir_i/sample_out[44]_i_1/O
                         net (fo=1, routed)           0.000    12.920    u_impl/u_fir_i/round_shift_return[44]
    SLICE_X15Y45         FDRE                                         r  u_impl/u_fir_i/sample_out_reg[44]/D
  -------------------------------------------------------------------    -------------------

                         (clock clk rise edge)       10.000    10.000 r  
    Y4                                                0.000    10.000 r  clk (IN)
                         net (fo=0)                   0.000    10.000    clk
    Y4                   IBUF (Prop_ibuf_I_O)         0.859    10.859 r  clk_IBUF_inst/O
                         net (fo=1, routed)           1.862    12.721    clk_IBUF
    BUFGCTRL_X0Y0        BUFG (Prop_bufg_I_O)         0.091    12.812 r  clk_IBUF_BUFG_inst/O
                         net (fo=2394, routed)        1.450    14.262    u_impl/u_fir_i/clk_IBUF_BUFG
    SLICE_X15Y45         FDRE                                         r  u_impl/u_fir_i/sample_out_reg[44]/C
                         clock pessimism              0.323    14.586    
                         clock uncertainty           -0.035    14.550    
    SLICE_X15Y45         FDRE (Setup_fdre_C_D)        0.075    14.625    u_impl/u_fir_i/sample_out_reg[44]
  -------------------------------------------------------------------
                         required time                         14.625    
                         arrival time                         -12.920    
  -------------------------------------------------------------------
                         slack                                  1.706    

Slack (MET) :             1.756ns  (required time - arrival time)
  Source:                 u_impl/u_fir_i/sum0123_reg[0]/C
                            (rising edge-triggered cell FDRE clocked by clk  {rise@0.000ns fall@5.000ns period=10.000ns})
  Destination:            u_impl/u_fir_i/sample_out_reg[41]/D
                            (rising edge-triggered cell FDRE clocked by clk  {rise@0.000ns fall@5.000ns period=10.000ns})
  Path Group:             clk
  Path Type:              Setup (Max at Slow Process Corner)
  Requirement:            10.000ns  (clk rise@10.000ns - clk rise@0.000ns)
  Data Path Delay:        8.253ns  (logic 4.988ns (60.439%)  route 3.265ns (39.561%))
  Logic Levels:           18  (CARRY4=14 LUT1=2 LUT2=1 LUT3=1)
  Clock Path Skew:        -0.031ns (DCD - SCD + CPR)
    Destination Clock Delay (DCD):    4.262ns = ( 14.262 - 10.000 ) 
    Source Clock Delay      (SCD):    4.617ns
    Clock Pessimism Removal (CPR):    0.323ns
  Clock Uncertainty:      0.035ns  ((TSJ^2 + TIJ^2)^1/2 + DJ) / 2 + PE
    Total System Jitter     (TSJ):    0.071ns
    Total Input Jitter      (TIJ):    0.000ns
    Discrete Jitter          (DJ):    0.000ns
    Phase Error              (PE):    0.000ns

    Location             Delay type                Incr(ns)  Path(ns)    Netlist Resource(s)
  -------------------------------------------------------------------    -------------------
                         (clock clk rise edge)        0.000     0.000 r  
    Y4                                                0.000     0.000 r  clk (IN)
                         net (fo=0)                   0.000     0.000    clk
    Y4                   IBUF (Prop_ibuf_I_O)         0.993     0.993 r  clk_IBUF_inst/O
                         net (fo=1, routed)           1.967     2.959    clk_IBUF
    BUFGCTRL_X0Y0        BUFG (Prop_bufg_I_O)         0.096     3.055 r  clk_IBUF_BUFG_inst/O
                         net (fo=2394, routed)        1.561     4.617    u_impl/u_fir_i/clk_IBUF_BUFG
    SLICE_X8Y33          FDRE                                         r  u_impl/u_fir_i/sum0123_reg[0]/C
  -------------------------------------------------------------------    -------------------
    SLICE_X8Y33          FDRE (Prop_fdre_C_Q)         0.518     5.135 r  u_impl/u_fir_i/sum0123_reg[0]/Q
                         net (fo=2, routed)           0.680     5.814    u_impl/u_fir_i/sum0123[0]
    SLICE_X7Y33          LUT2 (Prop_lut2_I0_O)        0.124     5.938 r  u_impl/u_fir_i/final_sum_carry_i_4/O
                         net (fo=1, routed)           0.000     5.938    u_impl/u_fir_i/final_sum_carry_i_4_n_0
    SLICE_X7Y33          CARRY4 (Prop_carry4_S[0]_CO[3])
                                                      0.532     6.470 r  u_impl/u_fir_i/final_sum_carry/CO[3]
                         net (fo=1, routed)           0.000     6.470    u_impl/u_fir_i/final_sum_carry_n_0
    SLICE_X7Y34          CARRY4 (Prop_carry4_CI_CO[3])
                                                      0.114     6.584 r  u_impl/u_fir_i/final_sum_carry__0/CO[3]
                         net (fo=1, routed)           0.000     6.584    u_impl/u_fir_i/final_sum_carry__0_n_0
    SLICE_X7Y35          CARRY4 (Prop_carry4_CI_O[1])
                                                      0.334     6.918 f  u_impl/u_fir_i/final_sum_carry__1/O[1]
                         net (fo=2, routed)           0.700     7.619    u_impl/u_fir_i/value[9]
    SLICE_X5Y34          LUT1 (Prop_lut1_I0_O)        0.303     7.922 r  u_impl/u_fir_i/sample_out[8]_i_11/O
                         net (fo=1, routed)           0.000     7.922    u_impl/u_fir_i/sample_out[8]_i_11_n_0
    SLICE_X5Y34          CARRY4 (Prop_carry4_S[0]_CO[3])
                                                      0.532     8.454 r  u_impl/u_fir_i/sample_out_reg[8]_i_7/CO[3]
                         net (fo=1, routed)           0.000     8.454    u_impl/u_fir_i/sample_out_reg[8]_i_7_n_0
    SLICE_X5Y35          CARRY4 (Prop_carry4_CI_O[1])
                                                      0.334     8.788 f  u_impl/u_fir_i/sample_out_reg[12]_i_7/O[1]
                         net (fo=1, routed)           0.586     9.374    u_impl/u_fir_i/round_shift2[14]
    SLICE_X6Y35          LUT1 (Prop_lut1_I0_O)        0.303     9.677 r  u_impl/u_fir_i/sample_out[12]_i_5/O
                         net (fo=1, routed)           0.000     9.677    u_impl/u_fir_i/sample_out[12]_i_5_n_0
    SLICE_X6Y35          CARRY4 (Prop_carry4_S[1]_CO[3])
                                                      0.533    10.210 r  u_impl/u_fir_i/sample_out_reg[12]_i_2/CO[3]
                         net (fo=1, routed)           0.000    10.210    u_impl/u_fir_i/sample_out_reg[12]_i_2_n_0
    SLICE_X6Y36          CARRY4 (Prop_carry4_CI_CO[3])
                                                      0.117    10.327 r  u_impl/u_fir_i/sample_out_reg[16]_i_2/CO[3]
                         net (fo=1, routed)           0.000    10.327    u_impl/u_fir_i/sample_out_reg[16]_i_2_n_0
    SLICE_X6Y37          CARRY4 (Prop_carry4_CI_CO[3])
                                                      0.117    10.444 r  u_impl/u_fir_i/sample_out_reg[20]_i_2/CO[3]
                         net (fo=1, routed)           0.000    10.444    u_impl/u_fir_i/sample_out_reg[20]_i_2_n_0
    SLICE_X6Y38          CARRY4 (Prop_carry4_CI_CO[3])
                                                      0.117    10.561 r  u_impl/u_fir_i/sample_out_reg[24]_i_2/CO[3]
                         net (fo=1, routed)           0.000    10.561    u_impl/u_fir_i/sample_out_reg[24]_i_2_n_0
    SLICE_X6Y39          CARRY4 (Prop_carry4_CI_CO[3])
                                                      0.117    10.678 r  u_impl/u_fir_i/sample_out_reg[28]_i_2/CO[3]
                         net (fo=1, routed)           0.000    10.678    u_impl/u_fir_i/sample_out_reg[28]_i_2_n_0
    SLICE_X6Y40          CARRY4 (Prop_carry4_CI_CO[3])
                                                      0.117    10.795 r  u_impl/u_fir_i/sample_out_reg[32]_i_2/CO[3]
                         net (fo=1, routed)           0.000    10.795    u_impl/u_fir_i/sample_out_reg[32]_i_2_n_0
    SLICE_X6Y41          CARRY4 (Prop_carry4_CI_CO[3])
                                                      0.117    10.912 r  u_impl/u_fir_i/sample_out_reg[36]_i_2/CO[3]
                         net (fo=1, routed)           0.000    10.912    u_impl/u_fir_i/sample_out_reg[36]_i_2_n_0
    SLICE_X6Y42          CARRY4 (Prop_carry4_CI_CO[3])
                                                      0.117    11.029 r  u_impl/u_fir_i/sample_out_reg[40]_i_2/CO[3]
                         net (fo=1, routed)           0.000    11.029    u_impl/u_fir_i/sample_out_reg[40]_i_2_n_0
    SLICE_X6Y43          CARRY4 (Prop_carry4_CI_O[0])
                                                      0.219    11.248 r  u_impl/u_fir_i/sample_out_reg[44]_i_2/O[0]
                         net (fo=1, routed)           1.299    12.546    u_impl/u_fir_i/round_shift0[41]
    SLICE_X15Y45         LUT3 (Prop_lut3_I0_O)        0.323    12.869 r  u_impl/u_fir_i/sample_out[41]_i_1/O
                         net (fo=1, routed)           0.000    12.869    u_impl/u_fir_i/round_shift_return[41]
    SLICE_X15Y45         FDRE                                         r  u_impl/u_fir_i/sample_out_reg[41]/D
  -------------------------------------------------------------------    -------------------

                         (clock clk rise edge)       10.000    10.000 r  
    Y4                                                0.000    10.000 r  clk (IN)
                         net (fo=0)                   0.000    10.000    clk
    Y4                   IBUF (Prop_ibuf_I_O)         0.859    10.859 r  clk_IBUF_inst/O
                         net (fo=1, routed)           1.862    12.721    clk_IBUF
    BUFGCTRL_X0Y0        BUFG (Prop_bufg_I_O)         0.091    12.812 r  clk_IBUF_BUFG_inst/O
                         net (fo=2394, routed)        1.450    14.262    u_impl/u_fir_i/clk_IBUF_BUFG
    SLICE_X15Y45         FDRE                                         r  u_impl/u_fir_i/sample_out_reg[41]/C
                         clock pessimism              0.323    14.586    
                         clock uncertainty           -0.035    14.550    
    SLICE_X15Y45         FDRE (Setup_fdre_C_D)        0.075    14.625    u_impl/u_fir_i/sample_out_reg[41]
  -------------------------------------------------------------------
                         required time                         14.625    
                         arrival time                         -12.869    
  -------------------------------------------------------------------
                         slack                                  1.756    

Slack (MET) :             1.911ns  (required time - arrival time)
  Source:                 u_impl/u_fir_i/sum0123_reg[0]/C
                            (rising edge-triggered cell FDRE clocked by clk  {rise@0.000ns fall@5.000ns period=10.000ns})
  Destination:            u_impl/u_fir_i/sample_out_reg[38]/D
                            (rising edge-triggered cell FDRE clocked by clk  {rise@0.000ns fall@5.000ns period=10.000ns})
  Path Group:             clk
  Path Type:              Setup (Max at Slow Process Corner)
  Requirement:            10.000ns  (clk rise@10.000ns - clk rise@0.000ns)
  Data Path Delay:        8.052ns  (logic 4.958ns (61.578%)  route 3.094ns (38.422%))
  Logic Levels:           17  (CARRY4=13 LUT1=2 LUT2=1 LUT3=1)
  Clock Path Skew:        -0.031ns (DCD - SCD + CPR)
    Destination Clock Delay (DCD):    4.262ns = ( 14.262 - 10.000 ) 
    Source Clock Delay      (SCD):    4.617ns
    Clock Pessimism Removal (CPR):    0.323ns
  Clock Uncertainty:      0.035ns  ((TSJ^2 + TIJ^2)^1/2 + DJ) / 2 + PE
    Total System Jitter     (TSJ):    0.071ns
    Total Input Jitter      (TIJ):    0.000ns
    Discrete Jitter          (DJ):    0.000ns
    Phase Error              (PE):    0.000ns

    Location             Delay type                Incr(ns)  Path(ns)    Netlist Resource(s)
  -------------------------------------------------------------------    -------------------
                         (clock clk rise edge)        0.000     0.000 r  
    Y4                                                0.000     0.000 r  clk (IN)
                         net (fo=0)                   0.000     0.000    clk
    Y4                   IBUF (Prop_ibuf_I_O)         0.993     0.993 r  clk_IBUF_inst/O
                         net (fo=1, routed)           1.967     2.959    clk_IBUF
    BUFGCTRL_X0Y0        BUFG (Prop_bufg_I_O)         0.096     3.055 r  clk_IBUF_BUFG_inst/O
                         net (fo=2394, routed)        1.561     4.617    u_impl/u_fir_i/clk_IBUF_BUFG
    SLICE_X8Y33          FDRE                                         r  u_impl/u_fir_i/sum0123_reg[0]/C
  -------------------------------------------------------------------    -------------------
    SLICE_X8Y33          FDRE (Prop_fdre_C_Q)         0.518     5.135 r  u_impl/u_fir_i/sum0123_reg[0]/Q
                         net (fo=2, routed)           0.680     5.814    u_impl/u_fir_i/sum0123[0]
    SLICE_X7Y33          LUT2 (Prop_lut2_I0_O)        0.124     5.938 r  u_impl/u_fir_i/final_sum_carry_i_4/O
                         net (fo=1, routed)           0.000     5.938    u_impl/u_fir_i/final_sum_carry_i_4_n_0
    SLICE_X7Y33          CARRY4 (Prop_carry4_S[0]_CO[3])
                                                      0.532     6.470 r  u_impl/u_fir_i/final_sum_carry/CO[3]
                         net (fo=1, routed)           0.000     6.470    u_impl/u_fir_i/final_sum_carry_n_0
    SLICE_X7Y34          CARRY4 (Prop_carry4_CI_CO[3])
                                                      0.114     6.584 r  u_impl/u_fir_i/final_sum_carry__0/CO[3]
                         net (fo=1, routed)           0.000     6.584    u_impl/u_fir_i/final_sum_carry__0_n_0
    SLICE_X7Y35          CARRY4 (Prop_carry4_CI_O[1])
                                                      0.334     6.918 f  u_impl/u_fir_i/final_sum_carry__1/O[1]
                         net (fo=2, routed)           0.700     7.619    u_impl/u_fir_i/value[9]
    SLICE_X5Y34          LUT1 (Prop_lut1_I0_O)        0.303     7.922 r  u_impl/u_fir_i/sample_out[8]_i_11/O
                         net (fo=1, routed)           0.000     7.922    u_impl/u_fir_i/sample_out[8]_i_11_n_0
    SLICE_X5Y34          CARRY4 (Prop_carry4_S[0]_CO[3])
                                                      0.532     8.454 r  u_impl/u_fir_i/sample_out_reg[8]_i_7/CO[3]
                         net (fo=1, routed)           0.000     8.454    u_impl/u_fir_i/sample_out_reg[8]_i_7_n_0
    SLICE_X5Y35          CARRY4 (Prop_carry4_CI_O[1])
                                                      0.334     8.788 f  u_impl/u_fir_i/sample_out_reg[12]_i_7/O[1]
                         net (fo=1, routed)           0.586     9.374    u_impl/u_fir_i/round_shift2[14]
    SLICE_X6Y35          LUT1 (Prop_lut1_I0_O)        0.303     9.677 r  u_impl/u_fir_i/sample_out[12]_i_5/O
                         net (fo=1, routed)           0.000     9.677    u_impl/u_fir_i/sample_out[12]_i_5_n_0
    SLICE_X6Y35          CARRY4 (Prop_carry4_S[1]_CO[3])
                                                      0.533    10.210 r  u_impl/u_fir_i/sample_out_reg[12]_i_2/CO[3]
                         net (fo=1, routed)           0.000    10.210    u_impl/u_fir_i/sample_out_reg[12]_i_2_n_0
    SLICE_X6Y36          CARRY4 (Prop_carry4_CI_CO[3])
                                                      0.117    10.327 r  u_impl/u_fir_i/sample_out_reg[16]_i_2/CO[3]
                         net (fo=1, routed)           0.000    10.327    u_impl/u_fir_i/sample_out_reg[16]_i_2_n_0
    SLICE_X6Y37          CARRY4 (Prop_carry4_CI_CO[3])
                                                      0.117    10.444 r  u_impl/u_fir_i/sample_out_reg[20]_i_2/CO[3]
                         net (fo=1, routed)           0.000    10.444    u_impl/u_fir_i/sample_out_reg[20]_i_2_n_0
    SLICE_X6Y38          CARRY4 (Prop_carry4_CI_CO[3])
                                                      0.117    10.561 r  u_impl/u_fir_i/sample_out_reg[24]_i_2/CO[3]
                         net (fo=1, routed)           0.000    10.561    u_impl/u_fir_i/sample_out_reg[24]_i_2_n_0
    SLICE_X6Y39          CARRY4 (Prop_carry4_CI_CO[3])
                                                      0.117    10.678 r  u_impl/u_fir_i/sample_out_reg[28]_i_2/CO[3]
                         net (fo=1, routed)           0.000    10.678    u_impl/u_fir_i/sample_out_reg[28]_i_2_n_0
    SLICE_X6Y40          CARRY4 (Prop_carry4_CI_CO[3])
                                                      0.117    10.795 r  u_impl/u_fir_i/sample_out_reg[32]_i_2/CO[3]
                         net (fo=1, routed)           0.000    10.795    u_impl/u_fir_i/sample_out_reg[32]_i_2_n_0
    SLICE_X6Y41          CARRY4 (Prop_carry4_CI_CO[3])
                                                      0.117    10.912 r  u_impl/u_fir_i/sample_out_reg[36]_i_2/CO[3]
                         net (fo=1, routed)           0.000    10.912    u_impl/u_fir_i/sample_out_reg[36]_i_2_n_0
    SLICE_X6Y42          CARRY4 (Prop_carry4_CI_O[1])
                                                      0.323    11.235 r  u_impl/u_fir_i/sample_out_reg[40]_i_2/O[1]
                         net (fo=1, routed)           1.127    12.362    u_impl/u_fir_i/round_shift0[38]
    SLICE_X15Y45         LUT3 (Prop_lut3_I0_O)        0.306    12.668 r  u_impl/u_fir_i/sample_out[38]_i_1/O
                         net (fo=1, routed)           0.000    12.668    u_impl/u_fir_i/round_shift_return[38]
    SLICE_X15Y45         FDRE                                         r  u_impl/u_fir_i/sample_out_reg[38]/D
  -------------------------------------------------------------------    -------------------

                         (clock clk rise edge)       10.000    10.000 r  
    Y4                                                0.000    10.000 r  clk (IN)
                         net (fo=0)                   0.000    10.000    clk
    Y4                   IBUF (Prop_ibuf_I_O)         0.859    10.859 r  clk_IBUF_inst/O
                         net (fo=1, routed)           1.862    12.721    clk_IBUF
    BUFGCTRL_X0Y0        BUFG (Prop_bufg_I_O)         0.091    12.812 r  clk_IBUF_BUFG_inst/O
                         net (fo=2394, routed)        1.450    14.262    u_impl/u_fir_i/clk_IBUF_BUFG
    SLICE_X15Y45         FDRE                                         r  u_impl/u_fir_i/sample_out_reg[38]/C
                         clock pessimism              0.323    14.586    
                         clock uncertainty           -0.035    14.550    
    SLICE_X15Y45         FDRE (Setup_fdre_C_D)        0.029    14.579    u_impl/u_fir_i/sample_out_reg[38]
  -------------------------------------------------------------------
                         required time                         14.579    
                         arrival time                         -12.668    
  -------------------------------------------------------------------
                         slack                                  1.911    

Slack (MET) :             1.939ns  (required time - arrival time)
  Source:                 u_impl/u_fir_i/sum0123_reg[0]/C
                            (rising edge-triggered cell FDRE clocked by clk  {rise@0.000ns fall@5.000ns period=10.000ns})
  Destination:            u_impl/u_fir_i/sample_out_reg[45]/D
                            (rising edge-triggered cell FDRE clocked by clk  {rise@0.000ns fall@5.000ns period=10.000ns})
  Path Group:             clk
  Path Type:              Setup (Max at Slow Process Corner)
  Requirement:            10.000ns  (clk rise@10.000ns - clk rise@0.000ns)
  Data Path Delay:        8.070ns  (logic 5.103ns (63.238%)  route 2.967ns (36.762%))
  Logic Levels:           19  (CARRY4=15 LUT1=2 LUT2=1 LUT3=1)
  Clock Path Skew:        -0.031ns (DCD - SCD + CPR)
    Destination Clock Delay (DCD):    4.262ns = ( 14.262 - 10.000 ) 
    Source Clock Delay      (SCD):    4.617ns
    Clock Pessimism Removal (CPR):    0.323ns
  Clock Uncertainty:      0.035ns  ((TSJ^2 + TIJ^2)^1/2 + DJ) / 2 + PE
    Total System Jitter     (TSJ):    0.071ns
    Total Input Jitter      (TIJ):    0.000ns
    Discrete Jitter          (DJ):    0.000ns
    Phase Error              (PE):    0.000ns

    Location             Delay type                Incr(ns)  Path(ns)    Netlist Resource(s)
  -------------------------------------------------------------------    -------------------
                         (clock clk rise edge)        0.000     0.000 r  
    Y4                                                0.000     0.000 r  clk (IN)
                         net (fo=0)                   0.000     0.000    clk
    Y4                   IBUF (Prop_ibuf_I_O)         0.993     0.993 r  clk_IBUF_inst/O
                         net (fo=1, routed)           1.967     2.959    clk_IBUF
    BUFGCTRL_X0Y0        BUFG (Prop_bufg_I_O)         0.096     3.055 r  clk_IBUF_BUFG_inst/O
                         net (fo=2394, routed)        1.561     4.617    u_impl/u_fir_i/clk_IBUF_BUFG
    SLICE_X8Y33          FDRE                                         r  u_impl/u_fir_i/sum0123_reg[0]/C
  -------------------------------------------------------------------    -------------------
    SLICE_X8Y33          FDRE (Prop_fdre_C_Q)         0.518     5.135 r  u_impl/u_fir_i/sum0123_reg[0]/Q
                         net (fo=2, routed)           0.680     5.814    u_impl/u_fir_i/sum0123[0]
    SLICE_X7Y33          LUT2 (Prop_lut2_I0_O)        0.124     5.938 r  u_impl/u_fir_i/final_sum_carry_i_4/O
                         net (fo=1, routed)           0.000     5.938    u_impl/u_fir_i/final_sum_carry_i_4_n_0
    SLICE_X7Y33          CARRY4 (Prop_carry4_S[0]_CO[3])
                                                      0.532     6.470 r  u_impl/u_fir_i/final_sum_carry/CO[3]
                         net (fo=1, routed)           0.000     6.470    u_impl/u_fir_i/final_sum_carry_n_0
    SLICE_X7Y34          CARRY4 (Prop_carry4_CI_CO[3])
                                                      0.114     6.584 r  u_impl/u_fir_i/final_sum_carry__0/CO[3]
                         net (fo=1, routed)           0.000     6.584    u_impl/u_fir_i/final_sum_carry__0_n_0
    SLICE_X7Y35          CARRY4 (Prop_carry4_CI_O[1])
                                                      0.334     6.918 f  u_impl/u_fir_i/final_sum_carry__1/O[1]
                         net (fo=2, routed)           0.700     7.619    u_impl/u_fir_i/value[9]
    SLICE_X5Y34          LUT1 (Prop_lut1_I0_O)        0.303     7.922 r  u_impl/u_fir_i/sample_out[8]_i_11/O
                         net (fo=1, routed)           0.000     7.922    u_impl/u_fir_i/sample_out[8]_i_11_n_0
    SLICE_X5Y34          CARRY4 (Prop_carry4_S[0]_CO[3])
                                                      0.532     8.454 r  u_impl/u_fir_i/sample_out_reg[8]_i_7/CO[3]
                         net (fo=1, routed)           0.000     8.454    u_impl/u_fir_i/sample_out_reg[8]_i_7_n_0
    SLICE_X5Y35          CARRY4 (Prop_carry4_CI_O[1])
                                                      0.334     8.788 f  u_impl/u_fir_i/sample_out_reg[12]_i_7/O[1]
                         net (fo=1, routed)           0.586     9.374    u_impl/u_fir_i/round_shift2[14]
    SLICE_X6Y35          LUT1 (Prop_lut1_I0_O)        0.303     9.677 r  u_impl/u_fir_i/sample_out[12]_i_5/O
                         net (fo=1, routed)           0.000     9.677    u_impl/u_fir_i/sample_out[12]_i_5_n_0
    SLICE_X6Y35          CARRY4 (Prop_carry4_S[1]_CO[3])
                                                      0.533    10.210 r  u_impl/u_fir_i/sample_out_reg[12]_i_2/CO[3]
                         net (fo=1, routed)           0.000    10.210    u_impl/u_fir_i/sample_out_reg[12]_i_2_n_0
    SLICE_X6Y36          CARRY4 (Prop_carry4_CI_CO[3])
                                                      0.117    10.327 r  u_impl/u_fir_i/sample_out_reg[16]_i_2/CO[3]
                         net (fo=1, routed)           0.000    10.327    u_impl/u_fir_i/sample_out_reg[16]_i_2_n_0
    SLICE_X6Y37          CARRY4 (Prop_carry4_CI_CO[3])
                                                      0.117    10.444 r  u_impl/u_fir_i/sample_out_reg[20]_i_2/CO[3]
                         net (fo=1, routed)           0.000    10.444    u_impl/u_fir_i/sample_out_reg[20]_i_2_n_0
    SLICE_X6Y38          CARRY4 (Prop_carry4_CI_CO[3])
                                                      0.117    10.561 r  u_impl/u_fir_i/sample_out_reg[24]_i_2/CO[3]
                         net (fo=1, routed)           0.000    10.561    u_impl/u_fir_i/sample_out_reg[24]_i_2_n_0
    SLICE_X6Y39          CARRY4 (Prop_carry4_CI_CO[3])
                                                      0.117    10.678 r  u_impl/u_fir_i/sample_out_reg[28]_i_2/CO[3]
                         net (fo=1, routed)           0.000    10.678    u_impl/u_fir_i/sample_out_reg[28]_i_2_n_0
    SLICE_X6Y40          CARRY4 (Prop_carry4_CI_CO[3])
                                                      0.117    10.795 r  u_impl/u_fir_i/sample_out_reg[32]_i_2/CO[3]
                         net (fo=1, routed)           0.000    10.795    u_impl/u_fir_i/sample_out_reg[32]_i_2_n_0
    SLICE_X6Y41          CARRY4 (Prop_carry4_CI_CO[3])
                                                      0.117    10.912 r  u_impl/u_fir_i/sample_out_reg[36]_i_2/CO[3]
                         net (fo=1, routed)           0.000    10.912    u_impl/u_fir_i/sample_out_reg[36]_i_2_n_0
    SLICE_X6Y42          CARRY4 (Prop_carry4_CI_CO[3])
                                                      0.117    11.029 r  u_impl/u_fir_i/sample_out_reg[40]_i_2/CO[3]
                         net (fo=1, routed)           0.000    11.029    u_impl/u_fir_i/sample_out_reg[40]_i_2_n_0
    SLICE_X6Y43          CARRY4 (Prop_carry4_CI_CO[3])
                                                      0.117    11.146 r  u_impl/u_fir_i/sample_out_reg[44]_i_2/CO[3]
                         net (fo=1, routed)           0.000    11.146    u_impl/u_fir_i/sample_out_reg[44]_i_2_n_0
    SLICE_X6Y44          CARRY4 (Prop_carry4_CI_O[0])
                                                      0.219    11.365 r  u_impl/u_fir_i/sample_out_reg[47]_i_2/O[0]
                         net (fo=1, routed)           1.000    12.365    u_impl/u_fir_i/round_shift0[45]
    SLICE_X15Y45         LUT3 (Prop_lut3_I0_O)        0.321    12.686 r  u_impl/u_fir_i/sample_out[45]_i_1/O
                         net (fo=1, routed)           0.000    12.686    u_impl/u_fir_i/round_shift_return[45]
    SLICE_X15Y45         FDRE                                         r  u_impl/u_fir_i/sample_out_reg[45]/D
  -------------------------------------------------------------------    -------------------

                         (clock clk rise edge)       10.000    10.000 r  
    Y4                                                0.000    10.000 r  clk (IN)
                         net (fo=0)                   0.000    10.000    clk
    Y4                   IBUF (Prop_ibuf_I_O)         0.859    10.859 r  clk_IBUF_inst/O
                         net (fo=1, routed)           1.862    12.721    clk_IBUF
    BUFGCTRL_X0Y0        BUFG (Prop_bufg_I_O)         0.091    12.812 r  clk_IBUF_BUFG_inst/O
                         net (fo=2394, routed)        1.450    14.262    u_impl/u_fir_i/clk_IBUF_BUFG
    SLICE_X15Y45         FDRE                                         r  u_impl/u_fir_i/sample_out_reg[45]/C
                         clock pessimism              0.323    14.586    
                         clock uncertainty           -0.035    14.550    
    SLICE_X15Y45         FDRE (Setup_fdre_C_D)        0.075    14.625    u_impl/u_fir_i/sample_out_reg[45]
  -------------------------------------------------------------------
                         required time                         14.625    
                         arrival time                         -12.686    
  -------------------------------------------------------------------
                         slack                                  1.939    

Slack (MET) :             1.981ns  (required time - arrival time)
  Source:                 u_impl/u_fir_i/sum0123_reg[0]/C
                            (rising edge-triggered cell FDRE clocked by clk  {rise@0.000ns fall@5.000ns period=10.000ns})
  Destination:            u_impl/u_fir_i/sample_out_reg[46]/D
                            (rising edge-triggered cell FDRE clocked by clk  {rise@0.000ns fall@5.000ns period=10.000ns})
  Path Group:             clk
  Path Type:              Setup (Max at Slow Process Corner)
  Requirement:            10.000ns  (clk rise@10.000ns - clk rise@0.000ns)
  Data Path Delay:        7.984ns  (logic 5.192ns (65.027%)  route 2.792ns (34.973%))
  Logic Levels:           19  (CARRY4=15 LUT1=2 LUT2=1 LUT3=1)
  Clock Path Skew:        -0.031ns (DCD - SCD + CPR)
    Destination Clock Delay (DCD):    4.262ns = ( 14.262 - 10.000 ) 
    Source Clock Delay      (SCD):    4.617ns
    Clock Pessimism Removal (CPR):    0.323ns
  Clock Uncertainty:      0.035ns  ((TSJ^2 + TIJ^2)^1/2 + DJ) / 2 + PE
    Total System Jitter     (TSJ):    0.071ns
    Total Input Jitter      (TIJ):    0.000ns
    Discrete Jitter          (DJ):    0.000ns
    Phase Error              (PE):    0.000ns

    Location             Delay type                Incr(ns)  Path(ns)    Netlist Resource(s)
  -------------------------------------------------------------------    -------------------
                         (clock clk rise edge)        0.000     0.000 r  
    Y4                                                0.000     0.000 r  clk (IN)
                         net (fo=0)                   0.000     0.000    clk
    Y4                   IBUF (Prop_ibuf_I_O)         0.993     0.993 r  clk_IBUF_inst/O
                         net (fo=1, routed)           1.967     2.959    clk_IBUF
    BUFGCTRL_X0Y0        BUFG (Prop_bufg_I_O)         0.096     3.055 r  clk_IBUF_BUFG_inst/O
                         net (fo=2394, routed)        1.561     4.617    u_impl/u_fir_i/clk_IBUF_BUFG
    SLICE_X8Y33          FDRE                                         r  u_impl/u_fir_i/sum0123_reg[0]/C
  -------------------------------------------------------------------    -------------------
    SLICE_X8Y33          FDRE (Prop_fdre_C_Q)         0.518     5.135 r  u_impl/u_fir_i/sum0123_reg[0]/Q
                         net (fo=2, routed)           0.680     5.814    u_impl/u_fir_i/sum0123[0]
    SLICE_X7Y33          LUT2 (Prop_lut2_I0_O)        0.124     5.938 r  u_impl/u_fir_i/final_sum_carry_i_4/O
                         net (fo=1, routed)           0.000     5.938    u_impl/u_fir_i/final_sum_carry_i_4_n_0
    SLICE_X7Y33          CARRY4 (Prop_carry4_S[0]_CO[3])
                                                      0.532     6.470 r  u_impl/u_fir_i/final_sum_carry/CO[3]
                         net (fo=1, routed)           0.000     6.470    u_impl/u_fir_i/final_sum_carry_n_0
    SLICE_X7Y34          CARRY4 (Prop_carry4_CI_CO[3])
                                                      0.114     6.584 r  u_impl/u_fir_i/final_sum_carry__0/CO[3]
                         net (fo=1, routed)           0.000     6.584    u_impl/u_fir_i/final_sum_carry__0_n_0
    SLICE_X7Y35          CARRY4 (Prop_carry4_CI_O[1])
                                                      0.334     6.918 f  u_impl/u_fir_i/final_sum_carry__1/O[1]
                         net (fo=2, routed)           0.700     7.619    u_impl/u_fir_i/value[9]
    SLICE_X5Y34          LUT1 (Prop_lut1_I0_O)        0.303     7.922 r  u_impl/u_fir_i/sample_out[8]_i_11/O
                         net (fo=1, routed)           0.000     7.922    u_impl/u_fir_i/sample_out[8]_i_11_n_0
    SLICE_X5Y34          CARRY4 (Prop_carry4_S[0]_CO[3])
                                                      0.532     8.454 r  u_impl/u_fir_i/sample_out_reg[8]_i_7/CO[3]
                         net (fo=1, routed)           0.000     8.454    u_impl/u_fir_i/sample_out_reg[8]_i_7_n_0
    SLICE_X5Y35          CARRY4 (Prop_carry4_CI_O[1])
                                                      0.334     8.788 f  u_impl/u_fir_i/sample_out_reg[12]_i_7/O[1]
                         net (fo=1, routed)           0.586     9.374    u_impl/u_fir_i/round_shift2[14]
    SLICE_X6Y35          LUT1 (Prop_lut1_I0_O)        0.303     9.677 r  u_impl/u_fir_i/sample_out[12]_i_5/O
                         net (fo=1, routed)           0.000     9.677    u_impl/u_fir_i/sample_out[12]_i_5_n_0
    SLICE_X6Y35          CARRY4 (Prop_carry4_S[1]_CO[3])
                                                      0.533    10.210 r  u_impl/u_fir_i/sample_out_reg[12]_i_2/CO[3]
                         net (fo=1, routed)           0.000    10.210    u_impl/u_fir_i/sample_out_reg[12]_i_2_n_0
    SLICE_X6Y36          CARRY4 (Prop_carry4_CI_CO[3])
                                                      0.117    10.327 r  u_impl/u_fir_i/sample_out_reg[16]_i_2/CO[3]
                         net (fo=1, routed)           0.000    10.327    u_impl/u_fir_i/sample_out_reg[16]_i_2_n_0
    SLICE_X6Y37          CARRY4 (Prop_carry4_CI_CO[3])
                                                      0.117    10.444 r  u_impl/u_fir_i/sample_out_reg[20]_i_2/CO[3]
                         net (fo=1, routed)           0.000    10.444    u_impl/u_fir_i/sample_out_reg[20]_i_2_n_0
    SLICE_X6Y38          CARRY4 (Prop_carry4_CI_CO[3])
                                                      0.117    10.561 r  u_impl/u_fir_i/sample_out_reg[24]_i_2/CO[3]
                         net (fo=1, routed)           0.000    10.561    u_impl/u_fir_i/sample_out_reg[24]_i_2_n_0
    SLICE_X6Y39          CARRY4 (Prop_carry4_CI_CO[3])
                                                      0.117    10.678 r  u_impl/u_fir_i/sample_out_reg[28]_i_2/CO[3]
                         net (fo=1, routed)           0.000    10.678    u_impl/u_fir_i/sample_out_reg[28]_i_2_n_0
    SLICE_X6Y40          CARRY4 (Prop_carry4_CI_CO[3])
                                                      0.117    10.795 r  u_impl/u_fir_i/sample_out_reg[32]_i_2/CO[3]
                         net (fo=1, routed)           0.000    10.795    u_impl/u_fir_i/sample_out_reg[32]_i_2_n_0
    SLICE_X6Y41          CARRY4 (Prop_carry4_CI_CO[3])
                                                      0.117    10.912 r  u_impl/u_fir_i/sample_out_reg[36]_i_2/CO[3]
                         net (fo=1, routed)           0.000    10.912    u_impl/u_fir_i/sample_out_reg[36]_i_2_n_0
    SLICE_X6Y42          CARRY4 (Prop_carry4_CI_CO[3])
                                                      0.117    11.029 r  u_impl/u_fir_i/sample_out_reg[40]_i_2/CO[3]
                         net (fo=1, routed)           0.000    11.029    u_impl/u_fir_i/sample_out_reg[40]_i_2_n_0
    SLICE_X6Y43          CARRY4 (Prop_carry4_CI_CO[3])
                                                      0.117    11.146 r  u_impl/u_fir_i/sample_out_reg[44]_i_2/CO[3]
                         net (fo=1, routed)           0.000    11.146    u_impl/u_fir_i/sample_out_reg[44]_i_2_n_0
    SLICE_X6Y44          CARRY4 (Prop_carry4_CI_O[1])
                                                      0.323    11.469 r  u_impl/u_fir_i/sample_out_reg[47]_i_2/O[1]
                         net (fo=1, routed)           0.826    12.295    u_impl/u_fir_i/round_shift0[46]
    SLICE_X15Y45         LUT3 (Prop_lut3_I0_O)        0.306    12.601 r  u_impl/u_fir_i/sample_out[46]_i_1/O
                         net (fo=1, routed)           0.000    12.601    u_impl/u_fir_i/round_shift_return[46]
    SLICE_X15Y45         FDRE                                         r  u_impl/u_fir_i/sample_out_reg[46]/D
  -------------------------------------------------------------------    -------------------

                         (clock clk rise edge)       10.000    10.000 r  
    Y4                                                0.000    10.000 r  clk (IN)
                         net (fo=0)                   0.000    10.000    clk
    Y4                   IBUF (Prop_ibuf_I_O)         0.859    10.859 r  clk_IBUF_inst/O
                         net (fo=1, routed)           1.862    12.721    clk_IBUF
    BUFGCTRL_X0Y0        BUFG (Prop_bufg_I_O)         0.091    12.812 r  clk_IBUF_BUFG_inst/O
                         net (fo=2394, routed)        1.450    14.262    u_impl/u_fir_i/clk_IBUF_BUFG
    SLICE_X15Y45         FDRE                                         r  u_impl/u_fir_i/sample_out_reg[46]/C
                         clock pessimism              0.323    14.586    
                         clock uncertainty           -0.035    14.550    
    SLICE_X15Y45         FDRE (Setup_fdre_C_D)        0.032    14.582    u_impl/u_fir_i/sample_out_reg[46]
  -------------------------------------------------------------------
                         required time                         14.582    
                         arrival time                         -12.601    
  -------------------------------------------------------------------
                         slack                                  1.981    

Slack (MET) :             2.036ns  (required time - arrival time)
  Source:                 u_impl/u_fir_i/sum0123_reg[0]/C
                            (rising edge-triggered cell FDRE clocked by clk  {rise@0.000ns fall@5.000ns period=10.000ns})
  Destination:            u_impl/u_fir_i/sample_out_reg[43]/D
                            (rising edge-triggered cell FDRE clocked by clk  {rise@0.000ns fall@5.000ns period=10.000ns})
  Path Group:             clk
  Path Type:              Setup (Max at Slow Process Corner)
  Requirement:            10.000ns  (clk rise@10.000ns - clk rise@0.000ns)
  Data Path Delay:        7.929ns  (logic 4.986ns (62.886%)  route 2.943ns (37.114%))
  Logic Levels:           18  (CARRY4=14 LUT1=2 LUT2=1 LUT3=1)
  Clock Path Skew:        -0.031ns (DCD - SCD + CPR)
    Destination Clock Delay (DCD):    4.262ns = ( 14.262 - 10.000 ) 
    Source Clock Delay      (SCD):    4.617ns
    Clock Pessimism Removal (CPR):    0.323ns
  Clock Uncertainty:      0.035ns  ((TSJ^2 + TIJ^2)^1/2 + DJ) / 2 + PE
    Total System Jitter     (TSJ):    0.071ns
    Total Input Jitter      (TIJ):    0.000ns
    Discrete Jitter          (DJ):    0.000ns
    Phase Error              (PE):    0.000ns

    Location             Delay type                Incr(ns)  Path(ns)    Netlist Resource(s)
  -------------------------------------------------------------------    -------------------
                         (clock clk rise edge)        0.000     0.000 r  
    Y4                                                0.000     0.000 r  clk (IN)
                         net (fo=0)                   0.000     0.000    clk
    Y4                   IBUF (Prop_ibuf_I_O)         0.993     0.993 r  clk_IBUF_inst/O
                         net (fo=1, routed)           1.967     2.959    clk_IBUF
    BUFGCTRL_X0Y0        BUFG (Prop_bufg_I_O)         0.096     3.055 r  clk_IBUF_BUFG_inst/O
                         net (fo=2394, routed)        1.561     4.617    u_impl/u_fir_i/clk_IBUF_BUFG
    SLICE_X8Y33          FDRE                                         r  u_impl/u_fir_i/sum0123_reg[0]/C
  -------------------------------------------------------------------    -------------------
    SLICE_X8Y33          FDRE (Prop_fdre_C_Q)         0.518     5.135 r  u_impl/u_fir_i/sum0123_reg[0]/Q
                         net (fo=2, routed)           0.680     5.814    u_impl/u_fir_i/sum0123[0]
    SLICE_X7Y33          LUT2 (Prop_lut2_I0_O)        0.124     5.938 r  u_impl/u_fir_i/final_sum_carry_i_4/O
                         net (fo=1, routed)           0.000     5.938    u_impl/u_fir_i/final_sum_carry_i_4_n_0
    SLICE_X7Y33          CARRY4 (Prop_carry4_S[0]_CO[3])
                                                      0.532     6.470 r  u_impl/u_fir_i/final_sum_carry/CO[3]
                         net (fo=1, routed)           0.000     6.470    u_impl/u_fir_i/final_sum_carry_n_0
    SLICE_X7Y34          CARRY4 (Prop_carry4_CI_CO[3])
                                                      0.114     6.584 r  u_impl/u_fir_i/final_sum_carry__0/CO[3]
                         net (fo=1, routed)           0.000     6.584    u_impl/u_fir_i/final_sum_carry__0_n_0
    SLICE_X7Y35          CARRY4 (Prop_carry4_CI_O[1])
                                                      0.334     6.918 f  u_impl/u_fir_i/final_sum_carry__1/O[1]
                         net (fo=2, routed)           0.700     7.619    u_impl/u_fir_i/value[9]
    SLICE_X5Y34          LUT1 (Prop_lut1_I0_O)        0.303     7.922 r  u_impl/u_fir_i/sample_out[8]_i_11/O
                         net (fo=1, routed)           0.000     7.922    u_impl/u_fir_i/sample_out[8]_i_11_n_0
    SLICE_X5Y34          CARRY4 (Prop_carry4_S[0]_CO[3])
                                                      0.532     8.454 r  u_impl/u_fir_i/sample_out_reg[8]_i_7/CO[3]
                         net (fo=1, routed)           0.000     8.454    u_impl/u_fir_i/sample_out_reg[8]_i_7_n_0
    SLICE_X5Y35          CARRY4 (Prop_carry4_CI_O[1])
                                                      0.334     8.788 f  u_impl/u_fir_i/sample_out_reg[12]_i_7/O[1]
                         net (fo=1, routed)           0.586     9.374    u_impl/u_fir_i/round_shift2[14]
    SLICE_X6Y35          LUT1 (Prop_lut1_I0_O)        0.303     9.677 r  u_impl/u_fir_i/sample_out[12]_i_5/O
                         net (fo=1, routed)           0.000     9.677    u_impl/u_fir_i/sample_out[12]_i_5_n_0
    SLICE_X6Y35          CARRY4 (Prop_carry4_S[1]_CO[3])
                                                      0.533    10.210 r  u_impl/u_fir_i/sample_out_reg[12]_i_2/CO[3]
                         net (fo=1, routed)           0.000    10.210    u_impl/u_fir_i/sample_out_reg[12]_i_2_n_0
    SLICE_X6Y36          CARRY4 (Prop_carry4_CI_CO[3])
                                                      0.117    10.327 r  u_impl/u_fir_i/sample_out_reg[16]_i_2/CO[3]
                         net (fo=1, routed)           0.000    10.327    u_impl/u_fir_i/sample_out_reg[16]_i_2_n_0
    SLICE_X6Y37          CARRY4 (Prop_carry4_CI_CO[3])
                                                      0.117    10.444 r  u_impl/u_fir_i/sample_out_reg[20]_i_2/CO[3]
                         net (fo=1, routed)           0.000    10.444    u_impl/u_fir_i/sample_out_reg[20]_i_2_n_0
    SLICE_X6Y38          CARRY4 (Prop_carry4_CI_CO[3])
                                                      0.117    10.561 r  u_impl/u_fir_i/sample_out_reg[24]_i_2/CO[3]
                         net (fo=1, routed)           0.000    10.561    u_impl/u_fir_i/sample_out_reg[24]_i_2_n_0
    SLICE_X6Y39          CARRY4 (Prop_carry4_CI_CO[3])
                                                      0.117    10.678 r  u_impl/u_fir_i/sample_out_reg[28]_i_2/CO[3]
                         net (fo=1, routed)           0.000    10.678    u_impl/u_fir_i/sample_out_reg[28]_i_2_n_0
    SLICE_X6Y40          CARRY4 (Prop_carry4_CI_CO[3])
                                                      0.117    10.795 r  u_impl/u_fir_i/sample_out_reg[32]_i_2/CO[3]
                         net (fo=1, routed)           0.000    10.795    u_impl/u_fir_i/sample_out_reg[32]_i_2_n_0
    SLICE_X6Y41          CARRY4 (Prop_carry4_CI_CO[3])
                                                      0.117    10.912 r  u_impl/u_fir_i/sample_out_reg[36]_i_2/CO[3]
                         net (fo=1, routed)           0.000    10.912    u_impl/u_fir_i/sample_out_reg[36]_i_2_n_0
    SLICE_X6Y42          CARRY4 (Prop_carry4_CI_CO[3])
                                                      0.117    11.029 r  u_impl/u_fir_i/sample_out_reg[40]_i_2/CO[3]
                         net (fo=1, routed)           0.000    11.029    u_impl/u_fir_i/sample_out_reg[40]_i_2_n_0
    SLICE_X6Y43          CARRY4 (Prop_carry4_CI_O[2])
                                                      0.239    11.268 r  u_impl/u_fir_i/sample_out_reg[44]_i_2/O[2]
                         net (fo=1, routed)           0.977    12.244    u_impl/u_fir_i/round_shift0[43]
    SLICE_X15Y45         LUT3 (Prop_lut3_I0_O)        0.301    12.545 r  u_impl/u_fir_i/sample_out[43]_i_1/O
                         net (fo=1, routed)           0.000    12.545    u_impl/u_fir_i/round_shift_return[43]
    SLICE_X15Y45         FDRE                                         r  u_impl/u_fir_i/sample_out_reg[43]/D
  -------------------------------------------------------------------    -------------------

                         (clock clk rise edge)       10.000    10.000 r  
    Y4                                                0.000    10.000 r  clk (IN)
                         net (fo=0)                   0.000    10.000    clk
    Y4                   IBUF (Prop_ibuf_I_O)         0.859    10.859 r  clk_IBUF_inst/O
                         net (fo=1, routed)           1.862    12.721    clk_IBUF
    BUFGCTRL_X0Y0        BUFG (Prop_bufg_I_O)         0.091    12.812 r  clk_IBUF_BUFG_inst/O
                         net (fo=2394, routed)        1.450    14.262    u_impl/u_fir_i/clk_IBUF_BUFG
    SLICE_X15Y45         FDRE                                         r  u_impl/u_fir_i/sample_out_reg[43]/C
                         clock pessimism              0.323    14.586    
                         clock uncertainty           -0.035    14.550    
    SLICE_X15Y45         FDRE (Setup_fdre_C_D)        0.031    14.581    u_impl/u_fir_i/sample_out_reg[43]
  -------------------------------------------------------------------
                         required time                         14.581    
                         arrival time                         -12.545    
  -------------------------------------------------------------------
                         slack                                  2.036    

Slack (MET) :             2.048ns  (required time - arrival time)
  Source:                 u_impl/u_fir_q/sum0123_reg[0]/C
                            (rising edge-triggered cell FDRE clocked by clk  {rise@0.000ns fall@5.000ns period=10.000ns})
  Destination:            u_impl/u_fir_q/sample_out_reg[44]/D
                            (rising edge-triggered cell FDRE clocked by clk  {rise@0.000ns fall@5.000ns period=10.000ns})
  Path Group:             clk
  Path Type:              Setup (Max at Slow Process Corner)
  Requirement:            10.000ns  (clk rise@10.000ns - clk rise@0.000ns)
  Data Path Delay:        8.017ns  (logic 4.631ns (57.762%)  route 3.386ns (42.238%))
  Logic Levels:           18  (CARRY4=14 LUT1=2 LUT2=1 LUT3=1)
  Clock Path Skew:        0.026ns (DCD - SCD + CPR)
    Destination Clock Delay (DCD):    4.320ns = ( 14.320 - 10.000 ) 
    Source Clock Delay      (SCD):    4.618ns
    Clock Pessimism Removal (CPR):    0.323ns
  Clock Uncertainty:      0.035ns  ((TSJ^2 + TIJ^2)^1/2 + DJ) / 2 + PE
    Total System Jitter     (TSJ):    0.071ns
    Total Input Jitter      (TIJ):    0.000ns
    Discrete Jitter          (DJ):    0.000ns
    Phase Error              (PE):    0.000ns

    Location             Delay type                Incr(ns)  Path(ns)    Netlist Resource(s)
  -------------------------------------------------------------------    -------------------
                         (clock clk rise edge)        0.000     0.000 r  
    Y4                                                0.000     0.000 r  clk (IN)
                         net (fo=0)                   0.000     0.000    clk
    Y4                   IBUF (Prop_ibuf_I_O)         0.993     0.993 r  clk_IBUF_inst/O
                         net (fo=1, routed)           1.967     2.959    clk_IBUF
    BUFGCTRL_X0Y0        BUFG (Prop_bufg_I_O)         0.096     3.055 r  clk_IBUF_BUFG_inst/O
                         net (fo=2394, routed)        1.562     4.618    u_impl/u_fir_q/clk_IBUF_BUFG
    SLICE_X8Y15          FDRE                                         r  u_impl/u_fir_q/sum0123_reg[0]/C
  -------------------------------------------------------------------    -------------------
    SLICE_X8Y15          FDRE (Prop_fdre_C_Q)         0.518     5.136 r  u_impl/u_fir_q/sum0123_reg[0]/Q
                         net (fo=2, routed)           0.768     5.903    u_impl/u_fir_q/sum0123[0]
    SLICE_X6Y15          LUT2 (Prop_lut2_I0_O)        0.124     6.027 r  u_impl/u_fir_q/final_sum_carry_i_4__0/O
                         net (fo=1, routed)           0.000     6.027    u_impl/u_fir_q/final_sum_carry_i_4__0_n_0
    SLICE_X6Y15          CARRY4 (Prop_carry4_S[0]_O[0])
                                                      0.252     6.279 f  u_impl/u_fir_q/final_sum_carry/O[0]
                         net (fo=1, routed)           0.722     7.001    u_impl/u_fir_q/value[0]
    SLICE_X4Y13          LUT1 (Prop_lut1_I0_O)        0.295     7.296 r  u_impl/u_fir_q/sample_out[0]_i_3/O
                         net (fo=1, routed)           0.528     7.824    u_impl/u_fir_q/sample_out[0]_i_3_n_0
    SLICE_X0Y16          CARRY4 (Prop_carry4_CYINIT_CO[3])
                                                      0.580     8.404 r  u_impl/u_fir_q/sample_out_reg[0]_i_2__0/CO[3]
                         net (fo=1, routed)           0.000     8.404    u_impl/u_fir_q/sample_out_reg[0]_i_2__0_n_0
    SLICE_X0Y17          CARRY4 (Prop_carry4_CI_O[1])
                                                      0.334     8.738 f  u_impl/u_fir_q/sample_out_reg[4]_i_8__0/O[1]
                         net (fo=1, routed)           0.548     9.286    u_impl/u_fir_q/round_shift2[6]
    SLICE_X3Y17          LUT1 (Prop_lut1_I0_O)        0.303     9.589 r  u_impl/u_fir_q/sample_out[4]_i_6/O
                         net (fo=1, routed)           0.000     9.589    u_impl/u_fir_q/sample_out[4]_i_6_n_0
    SLICE_X3Y17          CARRY4 (Prop_carry4_S[1]_CO[3])
                                                      0.550    10.139 r  u_impl/u_fir_q/sample_out_reg[4]_i_2__0/CO[3]
                         net (fo=1, routed)           0.000    10.139    u_impl/u_fir_q/sample_out_reg[4]_i_2__0_n_0
    SLICE_X3Y18          CARRY4 (Prop_carry4_CI_CO[3])
                                                      0.114    10.253 r  u_impl/u_fir_q/sample_out_reg[8]_i_2__0/CO[3]
                         net (fo=1, routed)           0.000    10.253    u_impl/u_fir_q/sample_out_reg[8]_i_2__0_n_0
    SLICE_X3Y19          CARRY4 (Prop_carry4_CI_CO[3])
                                                      0.114    10.367 r  u_impl/u_fir_q/sample_out_reg[12]_i_2__0/CO[3]
                         net (fo=1, routed)           0.000    10.367    u_impl/u_fir_q/sample_out_reg[12]_i_2__0_n_0
    SLICE_X3Y20          CARRY4 (Prop_carry4_CI_CO[3])
                                                      0.114    10.481 r  u_impl/u_fir_q/sample_out_reg[16]_i_2__0/CO[3]
                         net (fo=1, routed)           0.000    10.481    u_impl/u_fir_q/sample_out_reg[16]_i_2__0_n_0
    SLICE_X3Y21          CARRY4 (Prop_carry4_CI_CO[3])
                                                      0.114    10.595 r  u_impl/u_fir_q/sample_out_reg[20]_i_2__0/CO[3]
                         net (fo=1, routed)           0.000    10.595    u_impl/u_fir_q/sample_out_reg[20]_i_2__0_n_0
    SLICE_X3Y22          CARRY4 (Prop_carry4_CI_CO[3])
                                                      0.114    10.709 r  u_impl/u_fir_q/sample_out_reg[24]_i_2__0/CO[3]
                         net (fo=1, routed)           0.000    10.709    u_impl/u_fir_q/sample_out_reg[24]_i_2__0_n_0
    SLICE_X3Y23          CARRY4 (Prop_carry4_CI_CO[3])
                                                      0.114    10.823 r  u_impl/u_fir_q/sample_out_reg[28]_i_2__0/CO[3]
                         net (fo=1, routed)           0.000    10.823    u_impl/u_fir_q/sample_out_reg[28]_i_2__0_n_0
    SLICE_X3Y24          CARRY4 (Prop_carry4_CI_CO[3])
                                                      0.114    10.937 r  u_impl/u_fir_q/sample_out_reg[32]_i_2__0/CO[3]
                         net (fo=1, routed)           0.009    10.946    u_impl/u_fir_q/sample_out_reg[32]_i_2__0_n_0
    SLICE_X3Y25          CARRY4 (Prop_carry4_CI_CO[3])
                                                      0.114    11.060 r  u_impl/u_fir_q/sample_out_reg[36]_i_2__0/CO[3]
                         net (fo=1, routed)           0.000    11.060    u_impl/u_fir_q/sample_out_reg[36]_i_2__0_n_0
    SLICE_X3Y26          CARRY4 (Prop_carry4_CI_CO[3])
                                                      0.114    11.174 r  u_impl/u_fir_q/sample_out_reg[40]_i_2__0/CO[3]
                         net (fo=1, routed)           0.000    11.174    u_impl/u_fir_q/sample_out_reg[40]_i_2__0_n_0
    SLICE_X3Y27          CARRY4 (Prop_carry4_CI_O[3])
                                                      0.313    11.487 r  u_impl/u_fir_q/sample_out_reg[44]_i_2__0/O[3]
                         net (fo=1, routed)           0.812    12.299    u_impl/u_fir_q/round_shift0[44]
    SLICE_X3Y29          LUT3 (Prop_lut3_I0_O)        0.336    12.635 r  u_impl/u_fir_q/sample_out[44]_i_1/O
                         net (fo=1, routed)           0.000    12.635    u_impl/u_fir_q/round_shift_return[44]
    SLICE_X3Y29          FDRE                                         r  u_impl/u_fir_q/sample_out_reg[44]/D
  -------------------------------------------------------------------    -------------------

                         (clock clk rise edge)       10.000    10.000 r  
    Y4                                                0.000    10.000 r  clk (IN)
                         net (fo=0)                   0.000    10.000    clk
    Y4                   IBUF (Prop_ibuf_I_O)         0.859    10.859 r  clk_IBUF_inst/O
                         net (fo=1, routed)           1.862    12.721    clk_IBUF
    BUFGCTRL_X0Y0        BUFG (Prop_bufg_I_O)         0.091    12.812 r  clk_IBUF_BUFG_inst/O
                         net (fo=2394, routed)        1.508    14.320    u_impl/u_fir_q/clk_IBUF_BUFG
    SLICE_X3Y29          FDRE                                         r  u_impl/u_fir_q/sample_out_reg[44]/C
                         clock pessimism              0.323    14.644    
                         clock uncertainty           -0.035    14.608    
    SLICE_X3Y29          FDRE (Setup_fdre_C_D)        0.075    14.683    u_impl/u_fir_q/sample_out_reg[44]
  -------------------------------------------------------------------
                         required time                         14.683    
                         arrival time                         -12.635    
  -------------------------------------------------------------------
                         slack                                  2.048    

Slack (MET) :             2.070ns  (required time - arrival time)
  Source:                 u_impl/u_fir_i/sum0123_reg[0]/C
                            (rising edge-triggered cell FDRE clocked by clk  {rise@0.000ns fall@5.000ns period=10.000ns})
  Destination:            u_impl/u_fir_i/sample_out_reg[30]/D
                            (rising edge-triggered cell FDRE clocked by clk  {rise@0.000ns fall@5.000ns period=10.000ns})
  Path Group:             clk
  Path Type:              Setup (Max at Slow Process Corner)
  Requirement:            10.000ns  (clk rise@10.000ns - clk rise@0.000ns)
  Data Path Delay:        7.940ns  (logic 4.724ns (59.496%)  route 3.216ns (40.504%))
  Logic Levels:           15  (CARRY4=11 LUT1=2 LUT2=1 LUT3=1)
  Clock Path Skew:        -0.032ns (DCD - SCD + CPR)
    Destination Clock Delay (DCD):    4.261ns = ( 14.261 - 10.000 ) 
    Source Clock Delay      (SCD):    4.617ns
    Clock Pessimism Removal (CPR):    0.323ns
  Clock Uncertainty:      0.035ns  ((TSJ^2 + TIJ^2)^1/2 + DJ) / 2 + PE
    Total System Jitter     (TSJ):    0.071ns
    Total Input Jitter      (TIJ):    0.000ns
    Discrete Jitter          (DJ):    0.000ns
    Phase Error              (PE):    0.000ns

    Location             Delay type                Incr(ns)  Path(ns)    Netlist Resource(s)
  -------------------------------------------------------------------    -------------------
                         (clock clk rise edge)        0.000     0.000 r  
    Y4                                                0.000     0.000 r  clk (IN)
                         net (fo=0)                   0.000     0.000    clk
    Y4                   IBUF (Prop_ibuf_I_O)         0.993     0.993 r  clk_IBUF_inst/O
                         net (fo=1, routed)           1.967     2.959    clk_IBUF
    BUFGCTRL_X0Y0        BUFG (Prop_bufg_I_O)         0.096     3.055 r  clk_IBUF_BUFG_inst/O
                         net (fo=2394, routed)        1.561     4.617    u_impl/u_fir_i/clk_IBUF_BUFG
    SLICE_X8Y33          FDRE                                         r  u_impl/u_fir_i/sum0123_reg[0]/C
  -------------------------------------------------------------------    -------------------
    SLICE_X8Y33          FDRE (Prop_fdre_C_Q)         0.518     5.135 r  u_impl/u_fir_i/sum0123_reg[0]/Q
                         net (fo=2, routed)           0.680     5.814    u_impl/u_fir_i/sum0123[0]
    SLICE_X7Y33          LUT2 (Prop_lut2_I0_O)        0.124     5.938 r  u_impl/u_fir_i/final_sum_carry_i_4/O
                         net (fo=1, routed)           0.000     5.938    u_impl/u_fir_i/final_sum_carry_i_4_n_0
    SLICE_X7Y33          CARRY4 (Prop_carry4_S[0]_CO[3])
                                                      0.532     6.470 r  u_impl/u_fir_i/final_sum_carry/CO[3]
                         net (fo=1, routed)           0.000     6.470    u_impl/u_fir_i/final_sum_carry_n_0
    SLICE_X7Y34          CARRY4 (Prop_carry4_CI_CO[3])
                                                      0.114     6.584 r  u_impl/u_fir_i/final_sum_carry__0/CO[3]
                         net (fo=1, routed)           0.000     6.584    u_impl/u_fir_i/final_sum_carry__0_n_0
    SLICE_X7Y35          CARRY4 (Prop_carry4_CI_O[1])
                                                      0.334     6.918 f  u_impl/u_fir_i/final_sum_carry__1/O[1]
                         net (fo=2, routed)           0.700     7.619    u_impl/u_fir_i/value[9]
    SLICE_X5Y34          LUT1 (Prop_lut1_I0_O)        0.303     7.922 r  u_impl/u_fir_i/sample_out[8]_i_11/O
                         net (fo=1, routed)           0.000     7.922    u_impl/u_fir_i/sample_out[8]_i_11_n_0
    SLICE_X5Y34          CARRY4 (Prop_carry4_S[0]_CO[3])
                                                      0.532     8.454 r  u_impl/u_fir_i/sample_out_reg[8]_i_7/CO[3]
                         net (fo=1, routed)           0.000     8.454    u_impl/u_fir_i/sample_out_reg[8]_i_7_n_0
    SLICE_X5Y35          CARRY4 (Prop_carry4_CI_O[1])
                                                      0.334     8.788 f  u_impl/u_fir_i/sample_out_reg[12]_i_7/O[1]
                         net (fo=1, routed)           0.586     9.374    u_impl/u_fir_i/round_shift2[14]
    SLICE_X6Y35          LUT1 (Prop_lut1_I0_O)        0.303     9.677 r  u_impl/u_fir_i/sample_out[12]_i_5/O
                         net (fo=1, routed)           0.000     9.677    u_impl/u_fir_i/sample_out[12]_i_5_n_0
    SLICE_X6Y35          CARRY4 (Prop_carry4_S[1]_CO[3])
                                                      0.533    10.210 r  u_impl/u_fir_i/sample_out_reg[12]_i_2/CO[3]
                         net (fo=1, routed)           0.000    10.210    u_impl/u_fir_i/sample_out_reg[12]_i_2_n_0
    SLICE_X6Y36          CARRY4 (Prop_carry4_CI_CO[3])
                                                      0.117    10.327 r  u_impl/u_fir_i/sample_out_reg[16]_i_2/CO[3]
                         net (fo=1, routed)           0.000    10.327    u_impl/u_fir_i/sample_out_reg[16]_i_2_n_0
    SLICE_X6Y37          CARRY4 (Prop_carry4_CI_CO[3])
                                                      0.117    10.444 r  u_impl/u_fir_i/sample_out_reg[20]_i_2/CO[3]
                         net (fo=1, routed)           0.000    10.444    u_impl/u_fir_i/sample_out_reg[20]_i_2_n_0
    SLICE_X6Y38          CARRY4 (Prop_carry4_CI_CO[3])
                                                      0.117    10.561 r  u_impl/u_fir_i/sample_out_reg[24]_i_2/CO[3]
                         net (fo=1, routed)           0.000    10.561    u_impl/u_fir_i/sample_out_reg[24]_i_2_n_0
    SLICE_X6Y39          CARRY4 (Prop_carry4_CI_CO[3])
                                                      0.117    10.678 r  u_impl/u_fir_i/sample_out_reg[28]_i_2/CO[3]
                         net (fo=1, routed)           0.000    10.678    u_impl/u_fir_i/sample_out_reg[28]_i_2_n_0
    SLICE_X6Y40          CARRY4 (Prop_carry4_CI_O[1])
                                                      0.323    11.001 r  u_impl/u_fir_i/sample_out_reg[32]_i_2/O[1]
                         net (fo=1, routed)           1.250    12.251    u_impl/u_fir_i/round_shift0[30]
    SLICE_X14Y42         LUT3 (Prop_lut3_I0_O)        0.306    12.557 r  u_impl/u_fir_i/sample_out[30]_i_1/O
                         net (fo=1, routed)           0.000    12.557    u_impl/u_fir_i/round_shift_return[30]
    SLICE_X14Y42         FDRE                                         r  u_impl/u_fir_i/sample_out_reg[30]/D
  -------------------------------------------------------------------    -------------------

                         (clock clk rise edge)       10.000    10.000 r  
    Y4                                                0.000    10.000 r  clk (IN)
                         net (fo=0)                   0.000    10.000    clk
    Y4                   IBUF (Prop_ibuf_I_O)         0.859    10.859 r  clk_IBUF_inst/O
                         net (fo=1, routed)           1.862    12.721    clk_IBUF
    BUFGCTRL_X0Y0        BUFG (Prop_bufg_I_O)         0.091    12.812 r  clk_IBUF_BUFG_inst/O
                         net (fo=2394, routed)        1.449    14.261    u_impl/u_fir_i/clk_IBUF_BUFG
    SLICE_X14Y42         FDRE                                         r  u_impl/u_fir_i/sample_out_reg[30]/C
                         clock pessimism              0.323    14.585    
                         clock uncertainty           -0.035    14.549    
    SLICE_X14Y42         FDRE (Setup_fdre_C_D)        0.077    14.626    u_impl/u_fir_i/sample_out_reg[30]
  -------------------------------------------------------------------
                         required time                         14.626    
                         arrival time                         -12.557    
  -------------------------------------------------------------------
                         slack                                  2.070    

Slack (MET) :             2.081ns  (required time - arrival time)
  Source:                 u_impl/u_fir_i/sum0123_reg[0]/C
                            (rising edge-triggered cell FDRE clocked by clk  {rise@0.000ns fall@5.000ns period=10.000ns})
  Destination:            u_impl/u_fir_i/sample_out_reg[42]/D
                            (rising edge-triggered cell FDRE clocked by clk  {rise@0.000ns fall@5.000ns period=10.000ns})
  Path Group:             clk
  Path Type:              Setup (Max at Slow Process Corner)
  Requirement:            10.000ns  (clk rise@10.000ns - clk rise@0.000ns)
  Data Path Delay:        7.884ns  (logic 5.075ns (64.373%)  route 2.809ns (35.627%))
  Logic Levels:           18  (CARRY4=14 LUT1=2 LUT2=1 LUT3=1)
  Clock Path Skew:        -0.031ns (DCD - SCD + CPR)
    Destination Clock Delay (DCD):    4.262ns = ( 14.262 - 10.000 ) 
    Source Clock Delay      (SCD):    4.617ns
    Clock Pessimism Removal (CPR):    0.323ns
  Clock Uncertainty:      0.035ns  ((TSJ^2 + TIJ^2)^1/2 + DJ) / 2 + PE
    Total System Jitter     (TSJ):    0.071ns
    Total Input Jitter      (TIJ):    0.000ns
    Discrete Jitter          (DJ):    0.000ns
    Phase Error              (PE):    0.000ns

    Location             Delay type                Incr(ns)  Path(ns)    Netlist Resource(s)
  -------------------------------------------------------------------    -------------------
                         (clock clk rise edge)        0.000     0.000 r  
    Y4                                                0.000     0.000 r  clk (IN)
                         net (fo=0)                   0.000     0.000    clk
    Y4                   IBUF (Prop_ibuf_I_O)         0.993     0.993 r  clk_IBUF_inst/O
                         net (fo=1, routed)           1.967     2.959    clk_IBUF
    BUFGCTRL_X0Y0        BUFG (Prop_bufg_I_O)         0.096     3.055 r  clk_IBUF_BUFG_inst/O
                         net (fo=2394, routed)        1.561     4.617    u_impl/u_fir_i/clk_IBUF_BUFG
    SLICE_X8Y33          FDRE                                         r  u_impl/u_fir_i/sum0123_reg[0]/C
  -------------------------------------------------------------------    -------------------
    SLICE_X8Y33          FDRE (Prop_fdre_C_Q)         0.518     5.135 r  u_impl/u_fir_i/sum0123_reg[0]/Q
                         net (fo=2, routed)           0.680     5.814    u_impl/u_fir_i/sum0123[0]
    SLICE_X7Y33          LUT2 (Prop_lut2_I0_O)        0.124     5.938 r  u_impl/u_fir_i/final_sum_carry_i_4/O
                         net (fo=1, routed)           0.000     5.938    u_impl/u_fir_i/final_sum_carry_i_4_n_0
    SLICE_X7Y33          CARRY4 (Prop_carry4_S[0]_CO[3])
                                                      0.532     6.470 r  u_impl/u_fir_i/final_sum_carry/CO[3]
                         net (fo=1, routed)           0.000     6.470    u_impl/u_fir_i/final_sum_carry_n_0
    SLICE_X7Y34          CARRY4 (Prop_carry4_CI_CO[3])
                                                      0.114     6.584 r  u_impl/u_fir_i/final_sum_carry__0/CO[3]
                         net (fo=1, routed)           0.000     6.584    u_impl/u_fir_i/final_sum_carry__0_n_0
    SLICE_X7Y35          CARRY4 (Prop_carry4_CI_O[1])
                                                      0.334     6.918 f  u_impl/u_fir_i/final_sum_carry__1/O[1]
                         net (fo=2, routed)           0.700     7.619    u_impl/u_fir_i/value[9]
    SLICE_X5Y34          LUT1 (Prop_lut1_I0_O)        0.303     7.922 r  u_impl/u_fir_i/sample_out[8]_i_11/O
                         net (fo=1, routed)           0.000     7.922    u_impl/u_fir_i/sample_out[8]_i_11_n_0
    SLICE_X5Y34          CARRY4 (Prop_carry4_S[0]_CO[3])
                                                      0.532     8.454 r  u_impl/u_fir_i/sample_out_reg[8]_i_7/CO[3]
                         net (fo=1, routed)           0.000     8.454    u_impl/u_fir_i/sample_out_reg[8]_i_7_n_0
    SLICE_X5Y35          CARRY4 (Prop_carry4_CI_O[1])
                                                      0.334     8.788 f  u_impl/u_fir_i/sample_out_reg[12]_i_7/O[1]
                         net (fo=1, routed)           0.586     9.374    u_impl/u_fir_i/round_shift2[14]
    SLICE_X6Y35          LUT1 (Prop_lut1_I0_O)        0.303     9.677 r  u_impl/u_fir_i/sample_out[12]_i_5/O
                         net (fo=1, routed)           0.000     9.677    u_impl/u_fir_i/sample_out[12]_i_5_n_0
    SLICE_X6Y35          CARRY4 (Prop_carry4_S[1]_CO[3])
                                                      0.533    10.210 r  u_impl/u_fir_i/sample_out_reg[12]_i_2/CO[3]
                         net (fo=1, routed)           0.000    10.210    u_impl/u_fir_i/sample_out_reg[12]_i_2_n_0
    SLICE_X6Y36          CARRY4 (Prop_carry4_CI_CO[3])
                                                      0.117    10.327 r  u_impl/u_fir_i/sample_out_reg[16]_i_2/CO[3]
                         net (fo=1, routed)           0.000    10.327    u_impl/u_fir_i/sample_out_reg[16]_i_2_n_0
    SLICE_X6Y37          CARRY4 (Prop_carry4_CI_CO[3])
                                                      0.117    10.444 r  u_impl/u_fir_i/sample_out_reg[20]_i_2/CO[3]
                         net (fo=1, routed)           0.000    10.444    u_impl/u_fir_i/sample_out_reg[20]_i_2_n_0
    SLICE_X6Y38          CARRY4 (Prop_carry4_CI_CO[3])
                                                      0.117    10.561 r  u_impl/u_fir_i/sample_out_reg[24]_i_2/CO[3]
                         net (fo=1, routed)           0.000    10.561    u_impl/u_fir_i/sample_out_reg[24]_i_2_n_0
    SLICE_X6Y39          CARRY4 (Prop_carry4_CI_CO[3])
                                                      0.117    10.678 r  u_impl/u_fir_i/sample_out_reg[28]_i_2/CO[3]
                         net (fo=1, routed)           0.000    10.678    u_impl/u_fir_i/sample_out_reg[28]_i_2_n_0
    SLICE_X6Y40          CARRY4 (Prop_carry4_CI_CO[3])
                                                      0.117    10.795 r  u_impl/u_fir_i/sample_out_reg[32]_i_2/CO[3]
                         net (fo=1, routed)           0.000    10.795    u_impl/u_fir_i/sample_out_reg[32]_i_2_n_0
    SLICE_X6Y41          CARRY4 (Prop_carry4_CI_CO[3])
                                                      0.117    10.912 r  u_impl/u_fir_i/sample_out_reg[36]_i_2/CO[3]
                         net (fo=1, routed)           0.000    10.912    u_impl/u_fir_i/sample_out_reg[36]_i_2_n_0
    SLICE_X6Y42          CARRY4 (Prop_carry4_CI_CO[3])
                                                      0.117    11.029 r  u_impl/u_fir_i/sample_out_reg[40]_i_2/CO[3]
                         net (fo=1, routed)           0.000    11.029    u_impl/u_fir_i/sample_out_reg[40]_i_2_n_0
    SLICE_X6Y43          CARRY4 (Prop_carry4_CI_O[1])
                                                      0.323    11.352 r  u_impl/u_fir_i/sample_out_reg[44]_i_2/O[1]
                         net (fo=1, routed)           0.843    12.194    u_impl/u_fir_i/round_shift0[42]
    SLICE_X15Y45         LUT3 (Prop_lut3_I0_O)        0.306    12.500 r  u_impl/u_fir_i/sample_out[42]_i_1/O
                         net (fo=1, routed)           0.000    12.500    u_impl/u_fir_i/round_shift_return[42]
    SLICE_X15Y45         FDRE                                         r  u_impl/u_fir_i/sample_out_reg[42]/D
  -------------------------------------------------------------------    -------------------

                         (clock clk rise edge)       10.000    10.000 r  
    Y4                                                0.000    10.000 r  clk (IN)
                         net (fo=0)                   0.000    10.000    clk
    Y4                   IBUF (Prop_ibuf_I_O)         0.859    10.859 r  clk_IBUF_inst/O
                         net (fo=1, routed)           1.862    12.721    clk_IBUF
    BUFGCTRL_X0Y0        BUFG (Prop_bufg_I_O)         0.091    12.812 r  clk_IBUF_BUFG_inst/O
                         net (fo=2394, routed)        1.450    14.262    u_impl/u_fir_i/clk_IBUF_BUFG
    SLICE_X15Y45         FDRE                                         r  u_impl/u_fir_i/sample_out_reg[42]/C
                         clock pessimism              0.323    14.586    
                         clock uncertainty           -0.035    14.550    
    SLICE_X15Y45         FDRE (Setup_fdre_C_D)        0.031    14.581    u_impl/u_fir_i/sample_out_reg[42]
  -------------------------------------------------------------------
                         required time                         14.581    
                         arrival time                         -12.500    
  -------------------------------------------------------------------
                         slack                                  2.081    




