Copyright 1986-2022 Xilinx, Inc. All Rights Reserved. Copyright 2022-2025 Advanced Micro Devices, Inc. All Rights Reserved.
--------------------------------------------------------------------------------------------------------------------------------------------------------
| Tool Version : Vivado v.2025.2 (win64) Build 6299465 Fri Nov 14 19:35:11 GMT 2025
| Date         : Sun May  3 17:07:32 2026
| Host         : Navnil_Desktop running 64-bit major release  (build 9200)
| Command      : report_timing_summary -file C:/Users/CHOUDN3/Downloads/VLSI_project/reports/pipelined_plus5_tracker_impl/post_route_timing_summary.rpt
| Design       : lockin_pipelined_plus5_tracker_top
| Device       : 7a35t-fgg484
| Speed File   : -1  PRODUCTION 1.23 2018-06-13
| Design State : Routed
--------------------------------------------------------------------------------------------------------------------------------------------------------

Timing Summary Report

------------------------------------------------------------------------------------------------
| Timer Settings
| --------------
------------------------------------------------------------------------------------------------

  Enable Multi Corner Analysis               :  Yes
  Enable Pessimism Removal                   :  Yes
  Pessimism Removal Resolution               :  Nearest Common Node
  Enable Input Delay Default Clock           :  No
  Enable Preset / Clear Arcs                 :  No
  Disable Flight Delays                      :  No
  Ignore I/O Paths                           :  No
  Timing Early Launch at Borrowing Latches   :  No
  Borrow Time for Max Delay Exceptions       :  Yes
  Merge Timing Exceptions                    :  Yes
  Inter-SLR Compensation                     :  Conservative

  Corner  Analyze    Analyze    
  Name    Max Paths  Min Paths  
  ------  ---------  ---------  
  Slow    Yes        Yes        
  Fast    Yes        Yes        


------------------------------------------------------------------------------------------------
| Report Methodology
| ------------------
------------------------------------------------------------------------------------------------

No report available as report_methodology has not been run prior. Run report_methodology on the current design for the summary of methodology violations.



check_timing report

Table of Contents
-----------------
1. checking no_clock (0)
2. checking constant_clock (0)
3. checking pulse_width_clock (0)
4. checking unconstrained_internal_endpoints (0)
5. checking no_input_delay (18)
6. checking no_output_delay (132)
7. checking multiple_clock (0)
8. checking generated_clocks (0)
9. checking loops (0)
10. checking partial_input_delay (0)
11. checking partial_output_delay (0)
12. checking latch_loops (0)

1. checking no_clock (0)
------------------------
 There are 0 register/latch pins with no clock.


2. checking constant_clock (0)
------------------------------
 There are 0 register/latch pins with constant_clock.


3. checking pulse_width_clock (0)
---------------------------------
 There are 0 register/latch pins which need pulse_width check


4. checking unconstrained_internal_endpoints (0)
------------------------------------------------
 There are 0 pins that are not constrained for maximum delay.

 There are 0 pins that are not constrained for maximum delay due to constant clock.


5. checking no_input_delay (18)
-------------------------------
 There are 18 input ports with no input delay specified. (HIGH)

 There are 0 input ports with no input delay but user has a false path constraint.


6. checking no_output_delay (132)
---------------------------------
 There are 132 ports with no output delay specified. (HIGH)

 There are 0 ports with no output delay but user has a false path constraint

 There are 0 ports with no output delay but with a timing clock defined on it or propagating through it


7. checking multiple_clock (0)
------------------------------
 There are 0 register/latch pins with multiple clocks.


8. checking generated_clocks (0)
--------------------------------
 There are 0 generated clocks that are not connected to a clock source.


9. checking loops (0)
---------------------
 There are 0 combinational loops in the design.


10. checking partial_input_delay (0)
------------------------------------
 There are 0 input ports with partial input delay specified.


11. checking partial_output_delay (0)
-------------------------------------
 There are 0 ports with partial output delay specified.


12. checking latch_loops (0)
----------------------------
 There are 0 combinational latch loops in the design through latch input



------------------------------------------------------------------------------------------------
| Design Timing Summary
| ---------------------
------------------------------------------------------------------------------------------------

    WNS(ns)      TNS(ns)  TNS Failing Endpoints  TNS Total Endpoints      WHS(ns)      THS(ns)  THS Failing Endpoints  THS Total Endpoints     WPWS(ns)     TPWS(ns)  TPWS Failing Endpoints  TPWS Total Endpoints  
    -------      -------  ---------------------  -------------------      -------      -------  ---------------------  -------------------     --------     --------  ----------------------  --------------------  
      1.676        0.000                      0                 5517        0.031        0.000                      0                 5517        4.020        0.000                       0                  2395  


All user specified timing constraints are met.


------------------------------------------------------------------------------------------------
| Clock Summary
| -------------
------------------------------------------------------------------------------------------------

Clock  Waveform(ns)       Period(ns)      Frequency(MHz)
-----  ------------       ----------      --------------
clk    {0.000 5.000}      10.000          100.000         


------------------------------------------------------------------------------------------------
| Intra Clock Table
| -----------------
------------------------------------------------------------------------------------------------

Clock             WNS(ns)      TNS(ns)  TNS Failing Endpoints  TNS Total Endpoints      WHS(ns)      THS(ns)  THS Failing Endpoints  THS Total Endpoints     WPWS(ns)     TPWS(ns)  TPWS Failing Endpoints  TPWS Total Endpoints  
-----             -------      -------  ---------------------  -------------------      -------      -------  ---------------------  -------------------     --------     --------  ----------------------  --------------------  
clk                 1.676        0.000                      0                 5517        0.031        0.000                      0                 5517        4.020        0.000                       0                  2395  


------------------------------------------------------------------------------------------------
| Inter Clock Table
| -----------------
------------------------------------------------------------------------------------------------

From Clock    To Clock          WNS(ns)      TNS(ns)  TNS Failing Endpoints  TNS Total Endpoints      WHS(ns)      THS(ns)  THS Failing Endpoints  THS Total Endpoints  
----------    --------          -------      -------  ---------------------  -------------------      -------      -------  ---------------------  -------------------  


------------------------------------------------------------------------------------------------
| Other Path Groups Table
| -----------------------
------------------------------------------------------------------------------------------------

Path Group    From Clock    To Clock          WNS(ns)      TNS(ns)  TNS Failing Endpoints  TNS Total Endpoints      WHS(ns)      THS(ns)  THS Failing Endpoints  THS Total Endpoints  
----------    ----------    --------          -------      -------  ---------------------  -------------------      -------      -------  ---------------------  -------------------  


------------------------------------------------------------------------------------------------
| Timing Details
| --------------
------------------------------------------------------------------------------------------------


---------------------------------------------------------------------------------------------------
From Clock:  clk
  To Clock:  clk

Setup :            0  Failing Endpoints,  Worst Slack        1.676ns,  Total Violation        0.000ns
Hold  :            0  Failing Endpoints,  Worst Slack        0.031ns,  Total Violation        0.000ns
PW    :            0  Failing Endpoints,  Worst Slack        4.020ns,  Total Violation        0.000ns
---------------------------------------------------------------------------------------------------


Max Delay Paths
--------------------------------------------------------------------------------------
Slack (MET) :             1.676ns  (required time - arrival time)
  Source:                 u_impl/u_fir_i/sum0123_reg[0]/C
                            (rising edge-triggered cell FDRE clocked by clk  {rise@0.000ns fall@5.000ns period=10.000ns})
  Destination:            u_impl/u_fir_i/sample_out_reg[47]/D
                            (rising edge-triggered cell FDRE clocked by clk  {rise@0.000ns fall@5.000ns period=10.000ns})
  Path Group:             clk
  Path Type:              Setup (Max at Slow Process Corner)
  Requirement:            10.000ns  (clk rise@10.000ns - clk rise@0.000ns)
  Data Path Delay:        8.333ns  (logic 5.128ns (61.540%)  route 3.205ns (38.460%))
  Logic Levels:           19  (CARRY4=15 LUT1=2 LUT2=1 LUT3=1)
  Clock Path Skew:        -0.031ns (DCD - SCD + CPR)
    Destination Clock Delay (DCD):    4.262ns = ( 14.262 - 10.000 ) 
    Source Clock Delay      (SCD):    4.617ns
    Clock Pessimism Removal (CPR):    0.323ns
  Clock Uncertainty:      0.035ns  ((TSJ^2 + TIJ^2)^1/2 + DJ) / 2 + PE
    Total System Jitter     (TSJ):    0.071ns
    Total Input Jitter      (TIJ):    0.000ns
    Discrete Jitter          (DJ):    0.000ns
    Phase Error              (PE):    0.000ns

    Location             Delay type                Incr(ns)  Path(ns)    Netlist Resource(s)
  -------------------------------------------------------------------    -------------------
                         (clock clk rise edge)        0.000     0.000 r  
    Y4                                                0.000     0.000 r  clk (IN)
                         net (fo=0)                   0.000     0.000    clk
    Y4                   IBUF (Prop_ibuf_I_O)         0.993     0.993 r  clk_IBUF_inst/O
                         net (fo=1, routed)           1.967     2.959    clk_IBUF
    BUFGCTRL_X0Y0        BUFG (Prop_bufg_I_O)         0.096     3.055 r  clk_IBUF_BUFG_inst/O
                         net (fo=2394, routed)        1.561     4.617    u_impl/u_fir_i/clk_IBUF_BUFG
    SLICE_X8Y33          FDRE                                         r  u_impl/u_fir_i/sum0123_reg[0]/C
  -------------------------------------------------------------------    -------------------
    SLICE_X8Y33          FDRE (Prop_fdre_C_Q)         0.518     5.135 r  u_impl/u_fir_i/sum0123_reg[0]/Q
                         net (fo=2, routed)           0.680     5.814    u_impl/u_fir_i/sum0123[0]
    SLICE_X7Y33          LUT2 (Prop_lut2_I0_O)        0.124     5.938 r  u_impl/u_fir_i/final_sum_carry_i_4/O
                         net (fo=1, routed)           0.000     5.938    u_impl/u_fir_i/final_sum_carry_i_4_n_0
    SLICE_X7Y33          CARRY4 (Prop_carry4_S[0]_CO[3])
                                                      0.532     6.470 r  u_impl/u_fir_i/final_sum_carry/CO[3]
                         net (fo=1, routed)           0.000     6.470    u_impl/u_fir_i/final_sum_carry_n_0
    SLICE_X7Y34          CARRY4 (Prop_carry4_CI_CO[3])
                                                      0.114     6.584 r  u_impl/u_fir_i/final_sum_carry__0/CO[3]
                         net (fo=1, routed)           0.000     6.584    u_impl/u_fir_i/final_sum_carry__0_n_0
    SLICE_X7Y35          CARRY4 (Prop_carry4_CI_O[1])
                                                      0.334     6.918 f  u_impl/u_fir_i/final_sum_carry__1/O[1]
                         net (fo=2, routed)           0.700     7.619    u_impl/u_fir_i/value[9]
    SLICE_X5Y34          LUT1 (Prop_lut1_I0_O)        0.303     7.922 r  u_impl/u_fir_i/sample_out[8]_i_11/O
                         net (fo=1, routed)           0.000     7.922    u_impl/u_fir_i/sample_out[8]_i_11_n_0
    SLICE_X5Y34          CARRY4 (Prop_carry4_S[0]_CO[3])
                                                      0.532     8.454 r  u_impl/u_fir_i/sample_out_reg[8]_i_7/CO[3]
                         net (fo=1, routed)           0.000     8.454    u_impl/u_fir_i/sample_out_reg[8]_i_7_n_0
    SLICE_X5Y35          CARRY4 (Prop_carry4_CI_O[1])
                                                      0.334     8.788 f  u_impl/u_fir_i/sample_out_reg[12]_i_7/O[1]
                         net (fo=1, routed)           0.586     9.374    u_impl/u_fir_i/round_shift2[14]
    SLICE_X6Y35          LUT1 (Prop_lut1_I0_O)        0.303     9.677 r  u_impl/u_fir_i/sample_out[12]_i_5/O
                         net (fo=1, routed)           0.000     9.677    u_impl/u_fir_i/sample_out[12]_i_5_n_0
    SLICE_X6Y35          CARRY4 (Prop_carry4_S[1]_CO[3])
                                                      0.533    10.210 r  u_impl/u_fir_i/sample_out_reg[12]_i_2/CO[3]
                         net (fo=1, routed)           0.000    10.210    u_impl/u_fir_i/sample_out_reg[12]_i_2_n_0
    SLICE_X6Y36          CARRY4 (Prop_carry4_CI_CO[3])
                                                      0.117    10.327 r  u_impl/u_fir_i/sample_out_reg[16]_i_2/CO[3]
                         net (fo=1, routed)           0.000    10.327    u_impl/u_fir_i/sample_out_reg[16]_i_2_n_0
    SLICE_X6Y37          CARRY4 (Prop_carry4_CI_CO[3])
                                                      0.117    10.444 r  u_impl/u_fir_i/sample_out_reg[20]_i_2/CO[3]
                         net (fo=1, routed)           0.000    10.444    u_impl/u_fir_i/sample_out_reg[20]_i_2_n_0
    SLICE_X6Y38          CARRY4 (Prop_carry4_CI_CO[3])
                                                      0.117    10.561 r  u_impl/u_fir_i/sample_out_reg[24]_i_2/CO[3]
                         net (fo=1, routed)           0.000    10.561    u_impl/u_fir_i/sample_out_reg[24]_i_2_n_0
    SLICE_X6Y39          CARRY4 (Prop_carry4_CI_CO[3])
                                                      0.117    10.678 r  u_impl/u_fir_i/sample_out_reg[28]_i_2/CO[3]
                         net (fo=1, routed)           0.000    10.678    u_impl/u_fir_i/sample_out_reg[28]_i_2_n_0
    SLICE_X6Y40          CARRY4 (Prop_carry4_CI_CO[3])
                                                      0.117    10.795 r  u_impl/u_fir_i/sample_out_reg[32]_i_2/CO[3]
                         net (fo=1, routed)           0.000    10.795    u_impl/u_fir_i/sample_out_reg[32]_i_2_n_0
    SLICE_X6Y41          CARRY4 (Prop_carry4_CI_CO[3])
                                                      0.117    10.912 r  u_impl/u_fir_i/sample_out_reg[36]_i_2/CO[3]
                         net (fo=1, routed)           0.000    10.912    u_impl/u_fir_i/sample_out_reg[36]_i_2_n_0
    SLICE_X6Y42          CARRY4 (Prop_carry4_CI_CO[3])
                                                      0.117    11.029 r  u_impl/u_fir_i/sample_out_reg[40]_i_2/CO[3]
                         net (fo=1, routed)           0.000    11.029    u_impl/u_fir_i/sample_out_reg[40]_i_2_n_0
    SLICE_X6Y43          CARRY4 (Prop_carry4_CI_CO[3])
                                                      0.117    11.146 r  u_impl/u_fir_i/sample_out_reg[44]_i_2/CO[3]
                         net (fo=1, routed)           0.000    11.146    u_impl/u_fir_i/sample_out_reg[44]_i_2_n_0
    SLICE_X6Y44          CARRY4 (Prop_carry4_CI_O[2])
                                                      0.239    11.385 r  u_impl/u_fir_i/sample_out_reg[47]_i_2/O[2]
                         net (fo=1, routed)           1.239    12.623    u_impl/u_fir_i/round_shift0[47]
    SLICE_X15Y45         LUT3 (Prop_lut3_I0_O)        0.326    12.949 r  u_impl/u_fir_i/sample_out[47]_i_1/O
                         net (fo=1, routed)           0.000    12.949    u_impl/u_fir_i/round_shift_return[47]
    SLICE_X15Y45         FDRE                                         r  u_impl/u_fir_i/sample_out_reg[47]/D
  -------------------------------------------------------------------    -------------------

                         (clock clk rise edge)       10.000    10.000 r  
    Y4                                                0.000    10.000 r  clk (IN)
                         net (fo=0)                   0.000    10.000    clk
    Y4                   IBUF (Prop_ibuf_I_O)         0.859    10.859 r  clk_IBUF_inst/O
                         net (fo=1, routed)           1.862    12.721    clk_IBUF
    BUFGCTRL_X0Y0        BUFG (Prop_bufg_I_O)         0.091    12.812 r  clk_IBUF_BUFG_inst/O
                         net (fo=2394, routed)        1.450    14.262    u_impl/u_fir_i/clk_IBUF_BUFG
    SLICE_X15Y45         FDRE                                         r  u_impl/u_fir_i/sample_out_reg[47]/C
                         clock pessimism              0.323    14.586    
                         clock uncertainty           -0.035    14.550    
    SLICE_X15Y45         FDRE (Setup_fdre_C_D)        0.075    14.625    u_impl/u_fir_i/sample_out_reg[47]
  -------------------------------------------------------------------
                         required time                         14.625    
                         arrival time                         -12.949    
  -------------------------------------------------------------------
                         slack                                  1.676    





Min Delay Paths
--------------------------------------------------------------------------------------
Slack (MET) :             0.031ns  (arrival time - required time)
  Source:                 u_impl/gen_pipelined_tracker.u_tracker/candidate_energy_s1_reg[101]/C
                            (rising edge-triggered cell FDRE clocked by clk  {rise@0.000ns fall@5.000ns period=10.000ns})
  Destination:            u_impl/gen_pipelined_tracker.u_tracker/best_energy_reg[101]/D
                            (rising edge-triggered cell FDRE clocked by clk  {rise@0.000ns fall@5.000ns period=10.000ns})
  Path Group:             clk
  Path Type:              Hold (Min at Fast Process Corner)
  Requirement:            0.000ns  (clk rise@0.000ns - clk rise@0.000ns)
  Data Path Delay:        0.375ns  (logic 0.164ns (43.787%)  route 0.211ns (56.213%))
  Logic Levels:           0  
  Clock Path Skew:        0.269ns (DCD - SCD - CPR)
    Destination Clock Delay (DCD):    1.989ns
    Source Clock Delay      (SCD):    1.474ns
    Clock Pessimism Removal (CPR):    0.246ns

    Location             Delay type                Incr(ns)  Path(ns)    Netlist Resource(s)
  -------------------------------------------------------------------    -------------------
                         (clock clk rise edge)        0.000     0.000 r  
    Y4                                                0.000     0.000 r  clk (IN)
                         net (fo=0)                   0.000     0.000    clk
    Y4                   IBUF (Prop_ibuf_I_O)         0.221     0.221 r  clk_IBUF_inst/O
                         net (fo=1, routed)           0.631     0.852    clk_IBUF
    BUFGCTRL_X0Y0        BUFG (Prop_bufg_I_O)         0.026     0.878 r  clk_IBUF_BUFG_inst/O
                         net (fo=2394, routed)        0.596     1.474    u_impl/gen_pipelined_tracker.u_tracker/clk_IBUF_BUFG
    SLICE_X2Y49          FDRE                                         r  u_impl/gen_pipelined_tracker.u_tracker/candidate_energy_s1_reg[101]/C
  -------------------------------------------------------------------    -------------------
    SLICE_X2Y49          FDRE (Prop_fdre_C_Q)         0.164     1.638 r  u_impl/gen_pipelined_tracker.u_tracker/candidate_energy_s1_reg[101]/Q
                         net (fo=2, routed)           0.211     1.848    u_impl/gen_pipelined_tracker.u_tracker/candidate_energy_s1[101]
    SLICE_X2Y50          FDRE                                         r  u_impl/gen_pipelined_tracker.u_tracker/best_energy_reg[101]/D
  -------------------------------------------------------------------    -------------------

                         (clock clk rise edge)        0.000     0.000 r  
    Y4                                                0.000     0.000 r  clk (IN)
                         net (fo=0)                   0.000     0.000    clk
    Y4                   IBUF (Prop_ibuf_I_O)         0.410     0.410 r  clk_IBUF_inst/O
                         net (fo=1, routed)           0.685     1.095    clk_IBUF
    BUFGCTRL_X0Y0        BUFG (Prop_bufg_I_O)         0.029     1.124 r  clk_IBUF_BUFG_inst/O
                         net (fo=2394, routed)        0.864     1.989    u_impl/gen_pipelined_tracker.u_tracker/clk_IBUF_BUFG
    SLICE_X2Y50          FDRE                                         r  u_impl/gen_pipelined_tracker.u_tracker/best_energy_reg[101]/C
                         clock pessimism             -0.246     1.743    
    SLICE_X2Y50          FDRE (Hold_fdre_C_D)         0.075     1.818    u_impl/gen_pipelined_tracker.u_tracker/best_energy_reg[101]
  -------------------------------------------------------------------
                         required time                         -1.818    
                         arrival time                           1.848    
  -------------------------------------------------------------------
                         slack                                  0.031    





Pulse Width Checks
--------------------------------------------------------------------------------------
Clock Name:         clk
Waveform(ns):       { 0.000 5.000 }
Period(ns):         10.000
Sources:            { clk }

Check Type        Corner  Lib Pin      Reference Pin  Required(ns)  Actual(ns)  Slack(ns)  Location     Pin
Min Period        n/a     DSP48E1/CLK  n/a            3.884         10.000      6.116      DSP48_X0Y19  u_impl/u_mag/i_square_reg/CLK
Low Pulse Width   Slow    SRL16E/CLK   n/a            0.980         5.000       4.020      SLICE_X2Y30  u_impl/bin_mag_p1_reg[0]_srl12___u_impl_bin_mag_p1_reg_r/CLK
High Pulse Width  Slow    SRL16E/CLK   n/a            0.980         5.000       4.020      SLICE_X2Y30  u_impl/bin_mag_p1_reg[0]_srl12___u_impl_bin_mag_p1_reg_r/CLK



