Copyright 1986-2022 Xilinx, Inc. All Rights Reserved. Copyright 2022-2025 Advanced Micro Devices, Inc. All Rights Reserved.
---------------------------------------------------------------------------------------------------------------------------------------------
| Tool Version : Vivado v.2025.2 (win64) Build 6299465 Fri Nov 14 19:35:11 GMT 2025
| Date         : Sun May  3 22:18:23 2026
| Host         : Navnil_Desktop running 64-bit major release  (build 9200)
| Command      : report_timing_summary -file C:/Users/CHOUDN3/Downloads/VLSI_project/reports/e62_fir29_impl/post_route_timing_summary.rpt
| Design       : lockin_pipelined_plus5_firout_accbuf_energy62_fir29_top
| Device       : 7a35t-fgg484
| Speed File   : -1  PRODUCTION 1.23 2018-06-13
| Design State : Routed
---------------------------------------------------------------------------------------------------------------------------------------------

Timing Summary Report

------------------------------------------------------------------------------------------------
| Timer Settings
| --------------
------------------------------------------------------------------------------------------------

  Enable Multi Corner Analysis               :  Yes
  Enable Pessimism Removal                   :  Yes
  Pessimism Removal Resolution               :  Nearest Common Node
  Enable Input Delay Default Clock           :  No
  Enable Preset / Clear Arcs                 :  No
  Disable Flight Delays                      :  No
  Ignore I/O Paths                           :  No
  Timing Early Launch at Borrowing Latches   :  No
  Borrow Time for Max Delay Exceptions       :  Yes
  Merge Timing Exceptions                    :  Yes
  Inter-SLR Compensation                     :  Conservative

  Corner  Analyze    Analyze    
  Name    Max Paths  Min Paths  
  ------  ---------  ---------  
  Slow    Yes        Yes        
  Fast    Yes        Yes        


------------------------------------------------------------------------------------------------
| Report Methodology
| ------------------
------------------------------------------------------------------------------------------------

No report available as report_methodology has not been run prior. Run report_methodology on the current design for the summary of methodology violations.



check_timing report

Table of Contents
-----------------
1. checking no_clock (0)
2. checking constant_clock (0)
3. checking pulse_width_clock (0)
4. checking unconstrained_internal_endpoints (0)
5. checking no_input_delay (18)
6. checking no_output_delay (66)
7. checking multiple_clock (0)
8. checking generated_clocks (0)
9. checking loops (0)
10. checking partial_input_delay (0)
11. checking partial_output_delay (0)
12. checking latch_loops (0)

1. checking no_clock (0)
------------------------
 There are 0 register/latch pins with no clock.


2. checking constant_clock (0)
------------------------------
 There are 0 register/latch pins with constant_clock.


3. checking pulse_width_clock (0)
---------------------------------
 There are 0 register/latch pins which need pulse_width check


4. checking unconstrained_internal_endpoints (0)
------------------------------------------------
 There are 0 pins that are not constrained for maximum delay.

 There are 0 pins that are not constrained for maximum delay due to constant clock.


5. checking no_input_delay (18)
-------------------------------
 There are 18 input ports with no input delay specified. (HIGH)

 There are 0 input ports with no input delay but user has a false path constraint.


6. checking no_output_delay (66)
--------------------------------
 There are 66 ports with no output delay specified. (HIGH)

 There are 0 ports with no output delay but user has a false path constraint

 There are 0 ports with no output delay but with a timing clock defined on it or propagating through it


7. checking multiple_clock (0)
------------------------------
 There are 0 register/latch pins with multiple clocks.


8. checking generated_clocks (0)
--------------------------------
 There are 0 generated clocks that are not connected to a clock source.


9. checking loops (0)
---------------------
 There are 0 combinational loops in the design.


10. checking partial_input_delay (0)
------------------------------------
 There are 0 input ports with partial input delay specified.


11. checking partial_output_delay (0)
-------------------------------------
 There are 0 ports with partial output delay specified.


12. checking latch_loops (0)
----------------------------
 There are 0 combinational latch loops in the design through latch input



------------------------------------------------------------------------------------------------
| Design Timing Summary
| ---------------------
------------------------------------------------------------------------------------------------

    WNS(ns)      TNS(ns)  TNS Failing Endpoints  TNS Total Endpoints      WHS(ns)      THS(ns)  THS Failing Endpoints  THS Total Endpoints     WPWS(ns)     TPWS(ns)  TPWS Failing Endpoints  TPWS Total Endpoints  
    -------      -------  ---------------------  -------------------      -------      -------  ---------------------  -------------------     --------     --------  ----------------------  --------------------  
      2.994        0.000                      0                 4269        0.122        0.000                      0                 4269        4.020        0.000                       0                  1986  


All user specified timing constraints are met.


------------------------------------------------------------------------------------------------
| Clock Summary
| -------------
------------------------------------------------------------------------------------------------

Clock  Waveform(ns)       Period(ns)      Frequency(MHz)
-----  ------------       ----------      --------------
clk    {0.000 5.000}      10.000          100.000         


------------------------------------------------------------------------------------------------
| Intra Clock Table
| -----------------
------------------------------------------------------------------------------------------------

Clock             WNS(ns)      TNS(ns)  TNS Failing Endpoints  TNS Total Endpoints      WHS(ns)      THS(ns)  THS Failing Endpoints  THS Total Endpoints     WPWS(ns)     TPWS(ns)  TPWS Failing Endpoints  TPWS Total Endpoints  
-----             -------      -------  ---------------------  -------------------      -------      -------  ---------------------  -------------------     --------     --------  ----------------------  --------------------  
clk                 2.994        0.000                      0                 4269        0.122        0.000                      0                 4269        4.020        0.000                       0                  1986  


------------------------------------------------------------------------------------------------
| Inter Clock Table
| -----------------
------------------------------------------------------------------------------------------------

From Clock    To Clock          WNS(ns)      TNS(ns)  TNS Failing Endpoints  TNS Total Endpoints      WHS(ns)      THS(ns)  THS Failing Endpoints  THS Total Endpoints  
----------    --------          -------      -------  ---------------------  -------------------      -------      -------  ---------------------  -------------------  


------------------------------------------------------------------------------------------------
| Other Path Groups Table
| -----------------------
------------------------------------------------------------------------------------------------

Path Group    From Clock    To Clock          WNS(ns)      TNS(ns)  TNS Failing Endpoints  TNS Total Endpoints      WHS(ns)      THS(ns)  THS Failing Endpoints  THS Total Endpoints  
----------    ----------    --------          -------      -------  ---------------------  -------------------      -------      -------  ---------------------  -------------------  


------------------------------------------------------------------------------------------------
| Timing Details
| --------------
------------------------------------------------------------------------------------------------


---------------------------------------------------------------------------------------------------
From Clock:  clk
  To Clock:  clk

Setup :            0  Failing Endpoints,  Worst Slack        2.994ns,  Total Violation        0.000ns
Hold  :            0  Failing Endpoints,  Worst Slack        0.122ns,  Total Violation        0.000ns
PW    :            0  Failing Endpoints,  Worst Slack        4.020ns,  Total Violation        0.000ns
---------------------------------------------------------------------------------------------------


Max Delay Paths
--------------------------------------------------------------------------------------
Slack (MET) :             2.994ns  (required time - arrival time)
  Source:                 u_impl/gen_fir_outreg.u_fir_q/final_sum_reg_reg[0]/C
                            (rising edge-triggered cell FDRE clocked by clk  {rise@0.000ns fall@5.000ns period=10.000ns})
  Destination:            u_impl/gen_fir_outreg.u_fir_q/sample_out_reg[28]/D
                            (rising edge-triggered cell FDRE clocked by clk  {rise@0.000ns fall@5.000ns period=10.000ns})
  Path Group:             clk
  Path Type:              Setup (Max at Slow Process Corner)
  Requirement:            10.000ns  (clk rise@10.000ns - clk rise@0.000ns)
  Data Path Delay:        7.012ns  (logic 3.322ns (47.378%)  route 3.690ns (52.622%))
  Logic Levels:           11  (CARRY4=8 LUT1=2 LUT3=1)
  Clock Path Skew:        -0.034ns (DCD - SCD + CPR)
    Destination Clock Delay (DCD):    4.308ns = ( 14.308 - 10.000 ) 
    Source Clock Delay      (SCD):    4.663ns
    Clock Pessimism Removal (CPR):    0.321ns
  Clock Uncertainty:      0.035ns  ((TSJ^2 + TIJ^2)^1/2 + DJ) / 2 + PE
    Total System Jitter     (TSJ):    0.071ns
    Total Input Jitter      (TIJ):    0.000ns
    Discrete Jitter          (DJ):    0.000ns
    Phase Error              (PE):    0.000ns

    Location             Delay type                Incr(ns)  Path(ns)    Netlist Resource(s)
  -------------------------------------------------------------------    -------------------
                         (clock clk rise edge)        0.000     0.000 r  
    J20                                               0.000     0.000 r  clk (IN)
                         net (fo=0)                   0.000     0.000    clk
    J20                  IBUF (Prop_ibuf_I_O)         0.970     0.970 r  clk_IBUF_inst/O
                         net (fo=1, routed)           1.972     2.942    clk_IBUF
    BUFGCTRL_X0Y16       BUFG (Prop_bufg_I_O)         0.096     3.038 r  clk_IBUF_BUFG_inst/O
                         net (fo=1985, routed)        1.625     4.663    u_impl/gen_fir_outreg.u_fir_q/clk_IBUF_BUFG
    SLICE_X5Y19          FDRE                                         r  u_impl/gen_fir_outreg.u_fir_q/final_sum_reg_reg[0]/C
  -------------------------------------------------------------------    -------------------
    SLICE_X5Y19          FDRE (Prop_fdre_C_Q)         0.456     5.119 f  u_impl/gen_fir_outreg.u_fir_q/final_sum_reg_reg[0]/Q
                         net (fo=1, routed)           0.561     5.680    u_impl/gen_fir_outreg.u_fir_q/final_sum_reg_reg_n_0_[0]
    SLICE_X4Y16          LUT1 (Prop_lut1_I0_O)        0.124     5.804 r  u_impl/gen_fir_outreg.u_fir_q/sample_out[0]_i_3/O
                         net (fo=1, routed)           0.617     6.422    u_impl/gen_fir_outreg.u_fir_q/sample_out[0]_i_3_n_0
    SLICE_X7Y20          CARRY4 (Prop_carry4_CYINIT_O[3])
                                                      0.642     7.064 f  u_impl/gen_fir_outreg.u_fir_q/sample_out_reg[0]_i_2/O[3]
                         net (fo=2, routed)           0.634     7.698    u_impl/gen_fir_outreg.u_fir_q/sample_out_reg[0]_i_2_n_4
    SLICE_X2Y16          LUT1 (Prop_lut1_I0_O)        0.306     8.004 r  u_impl/gen_fir_outreg.u_fir_q/sample_out[4]_i_3/O
                         net (fo=1, routed)           1.086     9.090    u_impl/gen_fir_outreg.u_fir_q/sample_out[4]_i_3_n_0
    SLICE_X7Y28          CARRY4 (Prop_carry4_CYINIT_CO[3])
                                                      0.580     9.670 r  u_impl/gen_fir_outreg.u_fir_q/sample_out_reg[4]_i_2/CO[3]
                         net (fo=1, routed)           0.000     9.670    u_impl/gen_fir_outreg.u_fir_q/sample_out_reg[4]_i_2_n_0
    SLICE_X7Y29          CARRY4 (Prop_carry4_CI_CO[3])
                                                      0.114     9.784 r  u_impl/gen_fir_outreg.u_fir_q/sample_out_reg[8]_i_2/CO[3]
                         net (fo=1, routed)           0.000     9.784    u_impl/gen_fir_outreg.u_fir_q/sample_out_reg[8]_i_2_n_0
    SLICE_X7Y30          CARRY4 (Prop_carry4_CI_CO[3])
                                                      0.114     9.898 r  u_impl/gen_fir_outreg.u_fir_q/sample_out_reg[12]_i_2/CO[3]
                         net (fo=1, routed)           0.000     9.898    u_impl/gen_fir_outreg.u_fir_q/sample_out_reg[12]_i_2_n_0
    SLICE_X7Y31          CARRY4 (Prop_carry4_CI_CO[3])
                                                      0.114    10.012 r  u_impl/gen_fir_outreg.u_fir_q/sample_out_reg[16]_i_2/CO[3]
                         net (fo=1, routed)           0.000    10.012    u_impl/gen_fir_outreg.u_fir_q/sample_out_reg[16]_i_2_n_0
    SLICE_X7Y32          CARRY4 (Prop_carry4_CI_CO[3])
                                                      0.114    10.126 r  u_impl/gen_fir_outreg.u_fir_q/sample_out_reg[20]_i_2/CO[3]
                         net (fo=1, routed)           0.000    10.126    u_impl/gen_fir_outreg.u_fir_q/sample_out_reg[20]_i_2_n_0
    SLICE_X7Y33          CARRY4 (Prop_carry4_CI_CO[3])
                                                      0.114    10.240 r  u_impl/gen_fir_outreg.u_fir_q/sample_out_reg[24]_i_2/CO[3]
                         net (fo=1, routed)           0.000    10.240    u_impl/gen_fir_outreg.u_fir_q/sample_out_reg[24]_i_2_n_0
    SLICE_X7Y34          CARRY4 (Prop_carry4_CI_O[3])
                                                      0.313    10.553 r  u_impl/gen_fir_outreg.u_fir_q/sample_out_reg[28]_i_2/O[3]
                         net (fo=1, routed)           0.791    11.344    u_impl/gen_fir_outreg.u_fir_q/sample_out_reg[28]_i_2_n_4
    SLICE_X4Y32          LUT3 (Prop_lut3_I0_O)        0.331    11.675 r  u_impl/gen_fir_outreg.u_fir_q/sample_out[28]_i_1/O
                         net (fo=1, routed)           0.000    11.675    u_impl/gen_fir_outreg.u_fir_q/sample_out[28]_i_1_n_0
    SLICE_X4Y32          FDRE                                         r  u_impl/gen_fir_outreg.u_fir_q/sample_out_reg[28]/D
  -------------------------------------------------------------------    -------------------

                         (clock clk rise edge)       10.000    10.000 r  
    J20                                               0.000    10.000 r  clk (IN)
                         net (fo=0)                   0.000    10.000    clk
    J20                  IBUF (Prop_ibuf_I_O)         0.837    10.837 r  clk_IBUF_inst/O
                         net (fo=1, routed)           1.868    12.705    clk_IBUF
    BUFGCTRL_X0Y16       BUFG (Prop_bufg_I_O)         0.091    12.796 r  clk_IBUF_BUFG_inst/O
                         net (fo=1985, routed)        1.512    14.308    u_impl/gen_fir_outreg.u_fir_q/clk_IBUF_BUFG
    SLICE_X4Y32          FDRE                                         r  u_impl/gen_fir_outreg.u_fir_q/sample_out_reg[28]/C
                         clock pessimism              0.321    14.629    
                         clock uncertainty           -0.035    14.594    
    SLICE_X4Y32          FDRE (Setup_fdre_C_D)        0.075    14.669    u_impl/gen_fir_outreg.u_fir_q/sample_out_reg[28]
  -------------------------------------------------------------------
                         required time                         14.669    
                         arrival time                         -11.675    
  -------------------------------------------------------------------
                         slack                                  2.994    





Min Delay Paths
--------------------------------------------------------------------------------------
Slack (MET) :             0.122ns  (arrival time - required time)
  Source:                 u_impl/gen_fir_outreg.u_fir_q/sample_out_reg[25]/C
                            (rising edge-triggered cell FDRE clocked by clk  {rise@0.000ns fall@5.000ns period=10.000ns})
  Destination:            u_impl/q_boundary_reg[1][25]_srl2___u_impl_bin_s2_reg_r/D
                            (rising edge-triggered cell SRL16E clocked by clk  {rise@0.000ns fall@5.000ns period=10.000ns})
  Path Group:             clk
  Path Type:              Hold (Min at Fast Process Corner)
  Requirement:            0.000ns  (clk rise@0.000ns - clk rise@0.000ns)
  Data Path Delay:        0.245ns  (logic 0.141ns (57.585%)  route 0.104ns (42.415%))
  Logic Levels:           0  
  Clock Path Skew:        0.014ns (DCD - SCD - CPR)
    Destination Clock Delay (DCD):    1.963ns
    Source Clock Delay      (SCD):    1.448ns
    Clock Pessimism Removal (CPR):    0.502ns

    Location             Delay type                Incr(ns)  Path(ns)    Netlist Resource(s)
  -------------------------------------------------------------------    -------------------
                         (clock clk rise edge)        0.000     0.000 r  
    J20                                               0.000     0.000 r  clk (IN)
                         net (fo=0)                   0.000     0.000    clk
    J20                  IBUF (Prop_ibuf_I_O)         0.199     0.199 r  clk_IBUF_inst/O
                         net (fo=1, routed)           0.634     0.833    clk_IBUF
    BUFGCTRL_X0Y16       BUFG (Prop_bufg_I_O)         0.026     0.859 r  clk_IBUF_BUFG_inst/O
                         net (fo=1985, routed)        0.589     1.448    u_impl/gen_fir_outreg.u_fir_q/clk_IBUF_BUFG
    SLICE_X4Y32          FDRE                                         r  u_impl/gen_fir_outreg.u_fir_q/sample_out_reg[25]/C
  -------------------------------------------------------------------    -------------------
    SLICE_X4Y32          FDRE (Prop_fdre_C_Q)         0.141     1.589 r  u_impl/gen_fir_outreg.u_fir_q/sample_out_reg[25]/Q
                         net (fo=1, routed)           0.104     1.693    u_impl/gen_fir_outreg.u_fir_q_n_3
    SLICE_X6Y32          SRL16E                                       r  u_impl/q_boundary_reg[1][25]_srl2___u_impl_bin_s2_reg_r/D
  -------------------------------------------------------------------    -------------------

                         (clock clk rise edge)        0.000     0.000 r  
    J20                                               0.000     0.000 r  clk (IN)
                         net (fo=0)                   0.000     0.000    clk
    J20                  IBUF (Prop_ibuf_I_O)         0.388     0.388 r  clk_IBUF_inst/O
                         net (fo=1, routed)           0.689     1.077    clk_IBUF
    BUFGCTRL_X0Y16       BUFG (Prop_bufg_I_O)         0.029     1.106 r  clk_IBUF_BUFG_inst/O
                         net (fo=1985, routed)        0.858     1.963    u_impl/clk_IBUF_BUFG
    SLICE_X6Y32          SRL16E                                       r  u_impl/q_boundary_reg[1][25]_srl2___u_impl_bin_s2_reg_r/CLK
                         clock pessimism             -0.502     1.462    
    SLICE_X6Y32          SRL16E (Hold_srl16e_CLK_D)
                                                      0.109     1.571    u_impl/q_boundary_reg[1][25]_srl2___u_impl_bin_s2_reg_r
  -------------------------------------------------------------------
                         required time                         -1.571    
                         arrival time                           1.693    
  -------------------------------------------------------------------
                         slack                                  0.122    





Pulse Width Checks
--------------------------------------------------------------------------------------
Clock Name:         clk
Waveform(ns):       { 0.000 5.000 }
Period(ns):         10.000
Sources:            { clk }

Check Type        Corner  Lib Pin      Reference Pin  Required(ns)  Actual(ns)  Slack(ns)  Location     Pin
Min Period        n/a     DSP48E1/CLK  n/a            3.884         10.000      6.116      DSP48_X0Y13  u_impl/gen_narrow_mag.u_mag/i_square_reg/CLK
Low Pulse Width   Slow    SRL16E/CLK   n/a            0.980         5.000       4.020      SLICE_X2Y16  u_impl/bin_mag_p1_reg[0]_srl13___u_impl_bin_mag_p1_reg_r/CLK
High Pulse Width  Slow    SRL16E/CLK   n/a            0.980         5.000       4.020      SLICE_X2Y16  u_impl/bin_mag_p1_reg[0]_srl13___u_impl_bin_mag_p1_reg_r/CLK



